2025-08-13 15:52:08 | INFO     | __main__             | _load_config         | Configuration loaded from config.yaml
2025-08-13 15:52:08 | INFO     | __main__             | _init_connection_pool | Connection pool initialized successfully
2025-08-13 15:52:08 | INFO     | __main__             | __init__             | CSV source directory: D:\NOPPALIT\History\Saturn_Acc_Logs
2025-08-13 15:52:08 | INFO     | __main__             | __init__             | Export directory: D:\NOPPALIT\History\Saturn_Acc_Logs
2025-08-13 15:52:08 | INFO     | __main__             | init_db              | Database initialized successfully
2025-08-13 15:52:08 | INFO     | __main__             | start                | Starting CSV processing service every 1 minutes...
2025-08-13 15:52:08 | INFO     | __main__             | start                | CSV source directory: D:\NOPPALIT\History\Saturn_Acc_Logs
2025-08-13 15:52:08 | INFO     | __main__             | start                | Delete after export: True
2025-08-13 15:55:09 | WARNING  | __main__             | _parse_csv_row       | Failed to parse CSV row: could not convert string to float: 'IPC1'
2025-08-13 15:55:09 | WARNING  | __main__             | _parse_csv_row       | Failed to parse CSV row: could not convert string to float: 'IPC1'
2025-08-13 15:55:09 | WARNING  | __main__             | _parse_csv_row       | Failed to parse CSV row: could not convert string to float: 'IPC1'
2025-08-13 15:55:09 | WARNING  | __main__             | _parse_csv_row       | Failed to parse CSV row: could not convert string to float: 'IPC1'
2025-08-13 15:55:09 | WARNING  | __main__             | _parse_csv_row       | Failed to parse CSV row: could not convert string to float: 'IPC1'
2025-08-13 15:55:09 | WARNING  | __main__             | _parse_csv_row       | Failed to parse CSV row: could not convert string to float: 'IPC1'
2025-08-13 15:55:09 | WARNING  | __main__             | _parse_csv_row       | Failed to parse CSV row: could not convert string to float: 'IPC1'
2025-08-13 15:55:09 | WARNING  | __main__             | _parse_csv_row       | Failed to parse CSV row: could not convert string to float: 'IPC1'
2025-08-13 15:55:09 | WARNING  | __main__             | _parse_csv_row       | Failed to parse CSV row: could not convert string to float: 'IPC1'
2025-08-13 15:55:09 | WARNING  | __main__             | _parse_csv_row       | Failed to parse CSV row: could not convert string to float: 'IPC1'
2025-08-13 15:55:09 | INFO     | __main__             | _delete_file         | Successfully deleted file: D:\NOPPALIT\History\Saturn_Acc_Logs\IPC1_20250813_154821.csv
2025-08-13 15:55:09 | WARNING  | __main__             | _parse_csv_row       | Failed to parse CSV row: could not convert string to float: 'IPC1'
2025-08-13 15:55:09 | WARNING  | __main__             | _parse_csv_row       | Failed to parse CSV row: could not convert string to float: 'IPC1'
2025-08-13 15:55:09 | WARNING  | __main__             | _parse_csv_row       | Failed to parse CSV row: could not convert string to float: 'IPC1'
2025-08-13 15:55:09 | WARNING  | __main__             | _parse_csv_row       | Failed to parse CSV row: could not convert string to float: 'IPC1'
2025-08-13 15:55:09 | WARNING  | __main__             | _parse_csv_row       | Failed to parse CSV row: could not convert string to float: 'IPC1'
2025-08-13 15:55:09 | WARNING  | __main__             | _parse_csv_row       | Failed to parse CSV row: could not convert string to float: 'IPC1'
2025-08-13 15:55:09 | WARNING  | __main__             | _parse_csv_row       | Failed to parse CSV row: could not convert string to float: 'IPC1'
2025-08-13 15:55:09 | WARNING  | __main__             | _parse_csv_row       | Failed to parse CSV row: could not convert string to float: 'IPC1'
2025-08-13 15:55:09 | WARNING  | __main__             | _parse_csv_row       | Failed to parse CSV row: could not convert string to float: 'IPC1'
2025-08-13 15:55:09 | WARNING  | __main__             | _parse_csv_row       | Failed to parse CSV row: could not convert string to float: 'IPC1'
2025-08-13 15:55:09 | INFO     | __main__             | _delete_file         | Successfully deleted file: D:\NOPPALIT\History\Saturn_Acc_Logs\IPC1_20250813_154832.csv
2025-08-13 15:55:09 | WARNING  | __main__             | _parse_csv_row       | Failed to parse CSV row: could not convert string to float: 'IPC1'
2025-08-13 15:55:09 | WARNING  | __main__             | _parse_csv_row       | Failed to parse CSV row: could not convert string to float: 'IPC1'
2025-08-13 15:55:09 | WARNING  | __main__             | _parse_csv_row       | Failed to parse CSV row: could not convert string to float: 'IPC1'
2025-08-13 15:55:09 | WARNING  | __main__             | _parse_csv_row       | Failed to parse CSV row: could not convert string to float: 'IPC1'
2025-08-13 15:55:09 | WARNING  | __main__             | _parse_csv_row       | Failed to parse CSV row: could not convert string to float: 'IPC1'
2025-08-13 15:55:09 | WARNING  | __main__             | _parse_csv_row       | Failed to parse CSV row: could not convert string to float: 'IPC1'
2025-08-13 15:55:09 | WARNING  | __main__             | _parse_csv_row       | Failed to parse CSV row: could not convert string to float: 'IPC1'
2025-08-13 15:55:09 | WARNING  | __main__             | _parse_csv_row       | Failed to parse CSV row: could not convert string to float: 'IPC1'
2025-08-13 15:55:09 | WARNING  | __main__             | _parse_csv_row       | Failed to parse CSV row: could not convert string to float: 'IPC1'
2025-08-13 15:55:09 | WARNING  | __main__             | _parse_csv_row       | Failed to parse CSV row: could not convert string to float: 'IPC1'
2025-08-13 15:55:09 | INFO     | __main__             | _delete_file         | Successfully deleted file: D:\NOPPALIT\History\Saturn_Acc_Logs\IPC1_20250813_154843.csv
2025-08-13 15:55:09 | WARNING  | __main__             | _parse_csv_row       | Failed to parse CSV row: could not convert string to float: 'IPC1'
2025-08-13 15:55:09 | WARNING  | __main__             | _parse_csv_row       | Failed to parse CSV row: could not convert string to float: 'IPC1'
2025-08-13 15:55:09 | WARNING  | __main__             | _parse_csv_row       | Failed to parse CSV row: could not convert string to float: 'IPC1'
2025-08-13 15:55:09 | WARNING  | __main__             | _parse_csv_row       | Failed to parse CSV row: could not convert string to float: 'IPC1'
2025-08-13 15:55:09 | WARNING  | __main__             | _parse_csv_row       | Failed to parse CSV row: could not convert string to float: 'IPC1'
2025-08-13 15:55:09 | WARNING  | __main__             | _parse_csv_row       | Failed to parse CSV row: could not convert string to float: 'IPC1'
2025-08-13 15:55:09 | WARNING  | __main__             | _parse_csv_row       | Failed to parse CSV row: could not convert string to float: 'IPC1'
2025-08-13 15:55:09 | WARNING  | __main__             | _parse_csv_row       | Failed to parse CSV row: could not convert string to float: 'IPC1'
2025-08-13 15:55:09 | WARNING  | __main__             | _parse_csv_row       | Failed to parse CSV row: could not convert string to float: 'IPC1'
2025-08-13 15:55:09 | WARNING  | __main__             | _parse_csv_row       | Failed to parse CSV row: could not convert string to float: 'IPC1'
2025-08-13 15:55:09 | INFO     | __main__             | _delete_file         | Successfully deleted file: D:\NOPPALIT\History\Saturn_Acc_Logs\IPC1_20250813_154854.csv
2025-08-13 15:55:09 | WARNING  | __main__             | _parse_csv_row       | Failed to parse CSV row: could not convert string to float: 'IPC1'
2025-08-13 15:55:09 | WARNING  | __main__             | _parse_csv_row       | Failed to parse CSV row: could not convert string to float: 'IPC1'
2025-08-13 15:55:09 | WARNING  | __main__             | _parse_csv_row       | Failed to parse CSV row: could not convert string to float: 'IPC1'
2025-08-13 15:55:09 | WARNING  | __main__             | _parse_csv_row       | Failed to parse CSV row: could not convert string to float: 'IPC1'
2025-08-13 15:55:09 | WARNING  | __main__             | _parse_csv_row       | Failed to parse CSV row: could not convert string to float: 'IPC1'
2025-08-13 15:55:09 | WARNING  | __main__             | _parse_csv_row       | Failed to parse CSV row: could not convert string to float: 'IPC1'
2025-08-13 15:55:09 | WARNING  | __main__             | _parse_csv_row       | Failed to parse CSV row: could not convert string to float: 'IPC1'
2025-08-13 15:55:09 | WARNING  | __main__             | _parse_csv_row       | Failed to parse CSV row: could not convert string to float: 'IPC1'
2025-08-13 15:55:09 | WARNING  | __main__             | _parse_csv_row       | Failed to parse CSV row: could not convert string to float: 'IPC1'
2025-08-13 15:55:09 | WARNING  | __main__             | _parse_csv_row       | Failed to parse CSV row: could not convert string to float: 'IPC1'
2025-08-13 15:55:09 | INFO     | __main__             | _delete_file         | Successfully deleted file: D:\NOPPALIT\History\Saturn_Acc_Logs\IPC1_20250813_154906.csv
2025-08-13 15:55:09 | WARNING  | __main__             | _parse_csv_row       | Failed to parse CSV row: could not convert string to float: 'IPC1'
2025-08-13 15:55:09 | WARNING  | __main__             | _parse_csv_row       | Failed to parse CSV row: could not convert string to float: 'IPC1'
2025-08-13 15:55:09 | WARNING  | __main__             | _parse_csv_row       | Failed to parse CSV row: could not convert string to float: 'IPC1'
2025-08-13 15:55:09 | WARNING  | __main__             | _parse_csv_row       | Failed to parse CSV row: could not convert string to float: 'IPC1'
2025-08-13 15:55:09 | WARNING  | __main__             | _parse_csv_row       | Failed to parse CSV row: could not convert string to float: 'IPC1'
2025-08-13 15:55:09 | WARNING  | __main__             | _parse_csv_row       | Failed to parse CSV row: could not convert string to float: 'IPC1'
2025-08-13 15:55:09 | WARNING  | __main__             | _parse_csv_row       | Failed to parse CSV row: could not convert string to float: 'IPC1'
2025-08-13 15:55:09 | WARNING  | __main__             | _parse_csv_row       | Failed to parse CSV row: could not convert string to float: 'IPC1'
2025-08-13 15:55:09 | WARNING  | __main__             | _parse_csv_row       | Failed to parse CSV row: could not convert string to float: 'IPC1'
2025-08-13 15:55:09 | WARNING  | __main__             | _parse_csv_row       | Failed to parse CSV row: could not convert string to float: 'IPC1'
2025-08-13 15:55:09 | INFO     | __main__             | _delete_file         | Successfully deleted file: D:\NOPPALIT\History\Saturn_Acc_Logs\IPC1_20250813_154917.csv
2025-08-13 15:55:09 | WARNING  | __main__             | _parse_csv_row       | Failed to parse CSV row: could not convert string to float: 'IPC1'
2025-08-13 15:55:09 | WARNING  | __main__             | _parse_csv_row       | Failed to parse CSV row: could not convert string to float: 'IPC1'
2025-08-13 15:55:09 | WARNING  | __main__             | _parse_csv_row       | Failed to parse CSV row: could not convert string to float: 'IPC1'
2025-08-13 15:55:09 | WARNING  | __main__             | _parse_csv_row       | Failed to parse CSV row: could not convert string to float: 'IPC1'
2025-08-13 15:55:09 | WARNING  | __main__             | _parse_csv_row       | Failed to parse CSV row: could not convert string to float: 'IPC1'
2025-08-13 15:55:09 | WARNING  | __main__             | _parse_csv_row       | Failed to parse CSV row: could not convert string to float: 'IPC1'
2025-08-13 15:55:09 | WARNING  | __main__             | _parse_csv_row       | Failed to parse CSV row: could not convert string to float: 'IPC1'
2025-08-13 15:55:09 | WARNING  | __main__             | _parse_csv_row       | Failed to parse CSV row: could not convert string to float: 'IPC1'
2025-08-13 15:55:09 | WARNING  | __main__             | _parse_csv_row       | Failed to parse CSV row: could not convert string to float: 'IPC1'
2025-08-13 15:55:09 | WARNING  | __main__             | _parse_csv_row       | Failed to parse CSV row: could not convert string to float: 'IPC1'
2025-08-13 15:55:09 | INFO     | __main__             | _delete_file         | Successfully deleted file: D:\NOPPALIT\History\Saturn_Acc_Logs\IPC1_20250813_154928.csv
2025-08-13 15:55:09 | WARNING  | __main__             | _parse_csv_row       | Failed to parse CSV row: could not convert string to float: 'IPC1'
2025-08-13 15:55:09 | WARNING  | __main__             | _parse_csv_row       | Failed to parse CSV row: could not convert string to float: 'IPC1'
2025-08-13 15:55:09 | WARNING  | __main__             | _parse_csv_row       | Failed to parse CSV row: could not convert string to float: 'IPC1'
2025-08-13 15:55:09 | WARNING  | __main__             | _parse_csv_row       | Failed to parse CSV row: could not convert string to float: 'IPC1'
2025-08-13 15:55:09 | WARNING  | __main__             | _parse_csv_row       | Failed to parse CSV row: could not convert string to float: 'IPC1'
2025-08-13 15:55:09 | WARNING  | __main__             | _parse_csv_row       | Failed to parse CSV row: could not convert string to float: 'IPC1'
2025-08-13 15:55:09 | WARNING  | __main__             | _parse_csv_row       | Failed to parse CSV row: could not convert string to float: 'IPC1'
2025-08-13 15:55:09 | WARNING  | __main__             | _parse_csv_row       | Failed to parse CSV row: could not convert string to float: 'IPC1'
2025-08-13 15:55:09 | WARNING  | __main__             | _parse_csv_row       | Failed to parse CSV row: could not convert string to float: 'IPC1'
2025-08-13 15:55:09 | WARNING  | __main__             | _parse_csv_row       | Failed to parse CSV row: could not convert string to float: 'IPC1'
2025-08-13 15:55:09 | INFO     | __main__             | _delete_file         | Successfully deleted file: D:\NOPPALIT\History\Saturn_Acc_Logs\IPC1_20250813_154939.csv
2025-08-13 15:55:09 | WARNING  | __main__             | _parse_csv_row       | Failed to parse CSV row: could not convert string to float: 'IPC1'
2025-08-13 15:55:09 | WARNING  | __main__             | _parse_csv_row       | Failed to parse CSV row: could not convert string to float: 'IPC1'
2025-08-13 15:55:09 | WARNING  | __main__             | _parse_csv_row       | Failed to parse CSV row: could not convert string to float: 'IPC1'
2025-08-13 15:55:09 | WARNING  | __main__             | _parse_csv_row       | Failed to parse CSV row: could not convert string to float: 'IPC1'
2025-08-13 15:55:09 | WARNING  | __main__             | _parse_csv_row       | Failed to parse CSV row: could not convert string to float: 'IPC1'
2025-08-13 15:55:09 | WARNING  | __main__             | _parse_csv_row       | Failed to parse CSV row: could not convert string to float: 'IPC1'
2025-08-13 15:55:09 | WARNING  | __main__             | _parse_csv_row       | Failed to parse CSV row: could not convert string to float: 'IPC1'
2025-08-13 15:55:09 | WARNING  | __main__             | _parse_csv_row       | Failed to parse CSV row: could not convert string to float: 'IPC1'
2025-08-13 15:55:09 | WARNING  | __main__             | _parse_csv_row       | Failed to parse CSV row: could not convert string to float: 'IPC1'
2025-08-13 15:55:09 | WARNING  | __main__             | _parse_csv_row       | Failed to parse CSV row: could not convert string to float: 'IPC1'
2025-08-13 15:55:09 | INFO     | __main__             | _delete_file         | Successfully deleted file: D:\NOPPALIT\History\Saturn_Acc_Logs\IPC1_20250813_155045.csv
2025-08-13 15:55:09 | WARNING  | __main__             | _parse_csv_row       | Failed to parse CSV row: could not convert string to float: 'IPC1'
2025-08-13 15:55:09 | WARNING  | __main__             | _parse_csv_row       | Failed to parse CSV row: could not convert string to float: 'IPC1'
2025-08-13 15:55:09 | WARNING  | __main__             | _parse_csv_row       | Failed to parse CSV row: could not convert string to float: 'IPC1'
2025-08-13 15:55:09 | WARNING  | __main__             | _parse_csv_row       | Failed to parse CSV row: could not convert string to float: 'IPC1'
2025-08-13 15:55:09 | WARNING  | __main__             | _parse_csv_row       | Failed to parse CSV row: could not convert string to float: 'IPC1'
2025-08-13 15:55:09 | WARNING  | __main__             | _parse_csv_row       | Failed to parse CSV row: could not convert string to float: 'IPC1'
2025-08-13 15:55:09 | WARNING  | __main__             | _parse_csv_row       | Failed to parse CSV row: could not convert string to float: 'IPC1'
2025-08-13 15:55:09 | WARNING  | __main__             | _parse_csv_row       | Failed to parse CSV row: could not convert string to float: 'IPC1'
2025-08-13 15:55:09 | WARNING  | __main__             | _parse_csv_row       | Failed to parse CSV row: could not convert string to float: 'IPC1'
2025-08-13 15:55:09 | WARNING  | __main__             | _parse_csv_row       | Failed to parse CSV row: could not convert string to float: 'IPC1'
2025-08-13 15:55:09 | INFO     | __main__             | _delete_file         | Successfully deleted file: D:\NOPPALIT\History\Saturn_Acc_Logs\IPC1_20250813_155057.csv
2025-08-13 15:55:09 | WARNING  | __main__             | _parse_csv_row       | Failed to parse CSV row: could not convert string to float: 'IPC1'
2025-08-13 15:55:09 | WARNING  | __main__             | _parse_csv_row       | Failed to parse CSV row: could not convert string to float: 'IPC1'
2025-08-13 15:55:09 | WARNING  | __main__             | _parse_csv_row       | Failed to parse CSV row: could not convert string to float: 'IPC1'
2025-08-13 15:55:09 | WARNING  | __main__             | _parse_csv_row       | Failed to parse CSV row: could not convert string to float: 'IPC1'
2025-08-13 15:55:09 | WARNING  | __main__             | _parse_csv_row       | Failed to parse CSV row: could not convert string to float: 'IPC1'
2025-08-13 15:55:09 | WARNING  | __main__             | _parse_csv_row       | Failed to parse CSV row: could not convert string to float: 'IPC1'
2025-08-13 15:55:09 | WARNING  | __main__             | _parse_csv_row       | Failed to parse CSV row: could not convert string to float: 'IPC1'
2025-08-13 15:55:09 | WARNING  | __main__             | _parse_csv_row       | Failed to parse CSV row: could not convert string to float: 'IPC1'
2025-08-13 15:55:09 | WARNING  | __main__             | _parse_csv_row       | Failed to parse CSV row: could not convert string to float: 'IPC1'
2025-08-13 15:55:09 | WARNING  | __main__             | _parse_csv_row       | Failed to parse CSV row: could not convert string to float: 'IPC1'
2025-08-13 15:55:09 | INFO     | __main__             | _delete_file         | Successfully deleted file: D:\NOPPALIT\History\Saturn_Acc_Logs\IPC1_20250813_155108.csv
2025-08-13 15:55:09 | WARNING  | __main__             | _parse_csv_row       | Failed to parse CSV row: could not convert string to float: 'IPC1'
2025-08-13 15:55:09 | WARNING  | __main__             | _parse_csv_row       | Failed to parse CSV row: could not convert string to float: 'IPC1'
2025-08-13 15:55:09 | WARNING  | __main__             | _parse_csv_row       | Failed to parse CSV row: could not convert string to float: 'IPC1'
2025-08-13 15:55:09 | WARNING  | __main__             | _parse_csv_row       | Failed to parse CSV row: could not convert string to float: 'IPC1'
2025-08-13 15:55:09 | WARNING  | __main__             | _parse_csv_row       | Failed to parse CSV row: could not convert string to float: 'IPC1'
2025-08-13 15:55:09 | WARNING  | __main__             | _parse_csv_row       | Failed to parse CSV row: could not convert string to float: 'IPC1'
2025-08-13 15:55:09 | WARNING  | __main__             | _parse_csv_row       | Failed to parse CSV row: could not convert string to float: 'IPC1'
2025-08-13 15:55:09 | WARNING  | __main__             | _parse_csv_row       | Failed to parse CSV row: could not convert string to float: 'IPC1'
2025-08-13 15:55:09 | WARNING  | __main__             | _parse_csv_row       | Failed to parse CSV row: could not convert string to float: 'IPC1'
2025-08-13 15:55:09 | WARNING  | __main__             | _parse_csv_row       | Failed to parse CSV row: could not convert string to float: 'IPC1'
2025-08-13 15:55:09 | INFO     | __main__             | _delete_file         | Successfully deleted file: D:\NOPPALIT\History\Saturn_Acc_Logs\IPC1_20250813_155119.csv
2025-08-13 15:55:09 | WARNING  | __main__             | _parse_csv_row       | Failed to parse CSV row: could not convert string to float: 'IPC1'
2025-08-13 15:55:09 | WARNING  | __main__             | _parse_csv_row       | Failed to parse CSV row: could not convert string to float: 'IPC1'
2025-08-13 15:55:09 | WARNING  | __main__             | _parse_csv_row       | Failed to parse CSV row: could not convert string to float: 'IPC1'
2025-08-13 15:55:09 | WARNING  | __main__             | _parse_csv_row       | Failed to parse CSV row: could not convert string to float: 'IPC1'
2025-08-13 15:55:09 | WARNING  | __main__             | _parse_csv_row       | Failed to parse CSV row: could not convert string to float: 'IPC1'
2025-08-13 15:55:09 | WARNING  | __main__             | _parse_csv_row       | Failed to parse CSV row: could not convert string to float: 'IPC1'
2025-08-13 15:55:09 | WARNING  | __main__             | _parse_csv_row       | Failed to parse CSV row: could not convert string to float: 'IPC1'
2025-08-13 15:55:09 | WARNING  | __main__             | _parse_csv_row       | Failed to parse CSV row: could not convert string to float: 'IPC1'
2025-08-13 15:55:09 | WARNING  | __main__             | _parse_csv_row       | Failed to parse CSV row: could not convert string to float: 'IPC1'
2025-08-13 15:55:09 | WARNING  | __main__             | _parse_csv_row       | Failed to parse CSV row: could not convert string to float: 'IPC1'
2025-08-13 15:55:09 | INFO     | __main__             | _delete_file         | Successfully deleted file: D:\NOPPALIT\History\Saturn_Acc_Logs\IPC1_20250813_155131.csv
2025-08-13 15:55:09 | WARNING  | __main__             | _parse_csv_row       | Failed to parse CSV row: could not convert string to float: 'IPC1'
2025-08-13 15:55:09 | WARNING  | __main__             | _parse_csv_row       | Failed to parse CSV row: could not convert string to float: 'IPC1'
2025-08-13 15:55:09 | WARNING  | __main__             | _parse_csv_row       | Failed to parse CSV row: could not convert string to float: 'IPC1'
2025-08-13 15:55:09 | WARNING  | __main__             | _parse_csv_row       | Failed to parse CSV row: could not convert string to float: 'IPC1'
2025-08-13 15:55:09 | WARNING  | __main__             | _parse_csv_row       | Failed to parse CSV row: could not convert string to float: 'IPC1'
2025-08-13 15:55:09 | WARNING  | __main__             | _parse_csv_row       | Failed to parse CSV row: could not convert string to float: 'IPC1'
2025-08-13 15:55:09 | WARNING  | __main__             | _parse_csv_row       | Failed to parse CSV row: could not convert string to float: 'IPC1'
2025-08-13 15:55:09 | WARNING  | __main__             | _parse_csv_row       | Failed to parse CSV row: could not convert string to float: 'IPC1'
2025-08-13 15:55:09 | WARNING  | __main__             | _parse_csv_row       | Failed to parse CSV row: could not convert string to float: 'IPC1'
2025-08-13 15:55:09 | WARNING  | __main__             | _parse_csv_row       | Failed to parse CSV row: could not convert string to float: 'IPC1'
2025-08-13 15:55:09 | INFO     | __main__             | _delete_file         | Successfully deleted file: D:\NOPPALIT\History\Saturn_Acc_Logs\IPC1_20250813_155142.csv
2025-08-13 15:55:09 | WARNING  | __main__             | _parse_csv_row       | Failed to parse CSV row: could not convert string to float: 'IPC1'
2025-08-13 15:55:09 | WARNING  | __main__             | _parse_csv_row       | Failed to parse CSV row: could not convert string to float: 'IPC1'
2025-08-13 15:55:09 | WARNING  | __main__             | _parse_csv_row       | Failed to parse CSV row: could not convert string to float: 'IPC1'
2025-08-13 15:55:09 | WARNING  | __main__             | _parse_csv_row       | Failed to parse CSV row: could not convert string to float: 'IPC1'
2025-08-13 15:55:09 | WARNING  | __main__             | _parse_csv_row       | Failed to parse CSV row: could not convert string to float: 'IPC1'
2025-08-13 15:55:09 | WARNING  | __main__             | _parse_csv_row       | Failed to parse CSV row: could not convert string to float: 'IPC1'
2025-08-13 15:55:09 | WARNING  | __main__             | _parse_csv_row       | Failed to parse CSV row: could not convert string to float: 'IPC1'
2025-08-13 15:55:09 | WARNING  | __main__             | _parse_csv_row       | Failed to parse CSV row: could not convert string to float: 'IPC1'
2025-08-13 15:55:09 | WARNING  | __main__             | _parse_csv_row       | Failed to parse CSV row: could not convert string to float: 'IPC1'
2025-08-13 15:55:09 | WARNING  | __main__             | _parse_csv_row       | Failed to parse CSV row: could not convert string to float: 'IPC1'
2025-08-13 15:55:09 | INFO     | __main__             | _delete_file         | Successfully deleted file: D:\NOPPALIT\History\Saturn_Acc_Logs\IPC1_20250813_155153.csv
2025-08-13 15:55:09 | WARNING  | __main__             | _parse_csv_row       | Failed to parse CSV row: could not convert string to float: 'IPC1'
2025-08-13 15:55:09 | WARNING  | __main__             | _parse_csv_row       | Failed to parse CSV row: could not convert string to float: 'IPC1'
2025-08-13 15:55:09 | WARNING  | __main__             | _parse_csv_row       | Failed to parse CSV row: could not convert string to float: 'IPC1'
2025-08-13 15:55:09 | WARNING  | __main__             | _parse_csv_row       | Failed to parse CSV row: could not convert string to float: 'IPC1'
2025-08-13 15:55:09 | WARNING  | __main__             | _parse_csv_row       | Failed to parse CSV row: could not convert string to float: 'IPC1'
2025-08-13 15:55:09 | WARNING  | __main__             | _parse_csv_row       | Failed to parse CSV row: could not convert string to float: 'IPC1'
2025-08-13 15:55:09 | WARNING  | __main__             | _parse_csv_row       | Failed to parse CSV row: could not convert string to float: 'IPC1'
2025-08-13 15:55:09 | WARNING  | __main__             | _parse_csv_row       | Failed to parse CSV row: could not convert string to float: 'IPC1'
2025-08-13 15:55:09 | WARNING  | __main__             | _parse_csv_row       | Failed to parse CSV row: could not convert string to float: 'IPC1'
2025-08-13 15:55:09 | WARNING  | __main__             | _parse_csv_row       | Failed to parse CSV row: could not convert string to float: 'IPC1'
2025-08-13 15:55:09 | INFO     | __main__             | _delete_file         | Successfully deleted file: D:\NOPPALIT\History\Saturn_Acc_Logs\IPC1_20250813_155204.csv
2025-08-13 15:55:09 | WARNING  | __main__             | _parse_csv_row       | Failed to parse CSV row: could not convert string to float: 'IPC1'
2025-08-13 15:55:09 | WARNING  | __main__             | _parse_csv_row       | Failed to parse CSV row: could not convert string to float: 'IPC1'
2025-08-13 15:55:09 | WARNING  | __main__             | _parse_csv_row       | Failed to parse CSV row: could not convert string to float: 'IPC1'
2025-08-13 15:55:09 | WARNING  | __main__             | _parse_csv_row       | Failed to parse CSV row: could not convert string to float: 'IPC1'
2025-08-13 15:55:09 | WARNING  | __main__             | _parse_csv_row       | Failed to parse CSV row: could not convert string to float: 'IPC1'
2025-08-13 15:55:09 | WARNING  | __main__             | _parse_csv_row       | Failed to parse CSV row: could not convert string to float: 'IPC1'
2025-08-13 15:55:09 | WARNING  | __main__             | _parse_csv_row       | Failed to parse CSV row: could not convert string to float: 'IPC1'
2025-08-13 15:55:09 | WARNING  | __main__             | _parse_csv_row       | Failed to parse CSV row: could not convert string to float: 'IPC1'
2025-08-13 15:55:09 | WARNING  | __main__             | _parse_csv_row       | Failed to parse CSV row: could not convert string to float: 'IPC1'
2025-08-13 15:55:09 | WARNING  | __main__             | _parse_csv_row       | Failed to parse CSV row: could not convert string to float: 'IPC1'
2025-08-13 15:55:09 | INFO     | __main__             | _delete_file         | Successfully deleted file: D:\NOPPALIT\History\Saturn_Acc_Logs\IPC1_20250813_155215.csv
2025-08-13 15:55:09 | WARNING  | __main__             | _parse_csv_row       | Failed to parse CSV row: could not convert string to float: 'IPC1'
2025-08-13 15:55:09 | WARNING  | __main__             | _parse_csv_row       | Failed to parse CSV row: could not convert string to float: 'IPC1'
2025-08-13 15:55:09 | WARNING  | __main__             | _parse_csv_row       | Failed to parse CSV row: could not convert string to float: 'IPC1'
2025-08-13 15:55:09 | WARNING  | __main__             | _parse_csv_row       | Failed to parse CSV row: could not convert string to float: 'IPC1'
2025-08-13 15:55:09 | WARNING  | __main__             | _parse_csv_row       | Failed to parse CSV row: could not convert string to float: 'IPC1'
2025-08-13 15:55:09 | WARNING  | __main__             | _parse_csv_row       | Failed to parse CSV row: could not convert string to float: 'IPC1'
2025-08-13 15:55:09 | WARNING  | __main__             | _parse_csv_row       | Failed to parse CSV row: could not convert string to float: 'IPC1'
2025-08-13 15:55:09 | WARNING  | __main__             | _parse_csv_row       | Failed to parse CSV row: could not convert string to float: 'IPC1'
2025-08-13 15:55:09 | WARNING  | __main__             | _parse_csv_row       | Failed to parse CSV row: could not convert string to float: 'IPC1'
2025-08-13 15:55:09 | WARNING  | __main__             | _parse_csv_row       | Failed to parse CSV row: could not convert string to float: 'IPC1'
2025-08-13 15:55:09 | INFO     | __main__             | _delete_file         | Successfully deleted file: D:\NOPPALIT\History\Saturn_Acc_Logs\IPC1_20250813_155226.csv
2025-08-13 15:55:09 | WARNING  | __main__             | _parse_csv_row       | Failed to parse CSV row: could not convert string to float: 'IPC1'
2025-08-13 15:55:09 | WARNING  | __main__             | _parse_csv_row       | Failed to parse CSV row: could not convert string to float: 'IPC1'
2025-08-13 15:55:09 | WARNING  | __main__             | _parse_csv_row       | Failed to parse CSV row: could not convert string to float: 'IPC1'
2025-08-13 15:55:09 | WARNING  | __main__             | _parse_csv_row       | Failed to parse CSV row: could not convert string to float: 'IPC1'
2025-08-13 15:55:09 | WARNING  | __main__             | _parse_csv_row       | Failed to parse CSV row: could not convert string to float: 'IPC1'
2025-08-13 15:55:09 | WARNING  | __main__             | _parse_csv_row       | Failed to parse CSV row: could not convert string to float: 'IPC1'
2025-08-13 15:55:09 | WARNING  | __main__             | _parse_csv_row       | Failed to parse CSV row: could not convert string to float: 'IPC1'
2025-08-13 15:55:09 | WARNING  | __main__             | _parse_csv_row       | Failed to parse CSV row: could not convert string to float: 'IPC1'
2025-08-13 15:55:09 | WARNING  | __main__             | _parse_csv_row       | Failed to parse CSV row: could not convert string to float: 'IPC1'
2025-08-13 15:55:09 | WARNING  | __main__             | _parse_csv_row       | Failed to parse CSV row: could not convert string to float: 'IPC1'
2025-08-13 15:55:09 | INFO     | __main__             | _delete_file         | Successfully deleted file: D:\NOPPALIT\History\Saturn_Acc_Logs\IPC1_20250813_155237.csv
2025-08-13 15:55:09 | WARNING  | __main__             | _parse_csv_row       | Failed to parse CSV row: could not convert string to float: 'IPC1'
2025-08-13 15:55:09 | WARNING  | __main__             | _parse_csv_row       | Failed to parse CSV row: could not convert string to float: 'IPC1'
2025-08-13 15:55:09 | WARNING  | __main__             | _parse_csv_row       | Failed to parse CSV row: could not convert string to float: 'IPC1'
2025-08-13 15:55:09 | WARNING  | __main__             | _parse_csv_row       | Failed to parse CSV row: could not convert string to float: 'IPC1'
2025-08-13 15:55:09 | WARNING  | __main__             | _parse_csv_row       | Failed to parse CSV row: could not convert string to float: 'IPC1'
2025-08-13 15:55:09 | WARNING  | __main__             | _parse_csv_row       | Failed to parse CSV row: could not convert string to float: 'IPC1'
2025-08-13 15:55:09 | WARNING  | __main__             | _parse_csv_row       | Failed to parse CSV row: could not convert string to float: 'IPC1'
2025-08-13 15:55:09 | WARNING  | __main__             | _parse_csv_row       | Failed to parse CSV row: could not convert string to float: 'IPC1'
2025-08-13 15:55:09 | WARNING  | __main__             | _parse_csv_row       | Failed to parse CSV row: could not convert string to float: 'IPC1'
2025-08-13 15:55:09 | WARNING  | __main__             | _parse_csv_row       | Failed to parse CSV row: could not convert string to float: 'IPC1'
2025-08-13 15:55:09 | INFO     | __main__             | _delete_file         | Successfully deleted file: D:\NOPPALIT\History\Saturn_Acc_Logs\IPC1_20250813_155248.csv
2025-08-13 15:55:09 | WARNING  | __main__             | _parse_csv_row       | Failed to parse CSV row: could not convert string to float: 'IPC1'
2025-08-13 15:55:09 | WARNING  | __main__             | _parse_csv_row       | Failed to parse CSV row: could not convert string to float: 'IPC1'
2025-08-13 15:55:09 | WARNING  | __main__             | _parse_csv_row       | Failed to parse CSV row: could not convert string to float: 'IPC1'
2025-08-13 15:55:09 | WARNING  | __main__             | _parse_csv_row       | Failed to parse CSV row: could not convert string to float: 'IPC1'
2025-08-13 15:55:09 | WARNING  | __main__             | _parse_csv_row       | Failed to parse CSV row: could not convert string to float: 'IPC1'
2025-08-13 15:55:09 | WARNING  | __main__             | _parse_csv_row       | Failed to parse CSV row: could not convert string to float: 'IPC1'
2025-08-13 15:55:09 | WARNING  | __main__             | _parse_csv_row       | Failed to parse CSV row: could not convert string to float: 'IPC1'
2025-08-13 15:55:09 | WARNING  | __main__             | _parse_csv_row       | Failed to parse CSV row: could not convert string to float: 'IPC1'
2025-08-13 15:55:09 | WARNING  | __main__             | _parse_csv_row       | Failed to parse CSV row: could not convert string to float: 'IPC1'
2025-08-13 15:55:09 | WARNING  | __main__             | _parse_csv_row       | Failed to parse CSV row: could not convert string to float: 'IPC1'
2025-08-13 15:55:09 | INFO     | __main__             | _delete_file         | Successfully deleted file: D:\NOPPALIT\History\Saturn_Acc_Logs\IPC1_20250813_155259.csv
2025-08-13 15:55:09 | WARNING  | __main__             | _parse_csv_row       | Failed to parse CSV row: could not convert string to float: 'IPC1'
2025-08-13 15:55:09 | WARNING  | __main__             | _parse_csv_row       | Failed to parse CSV row: could not convert string to float: 'IPC1'
2025-08-13 15:55:09 | WARNING  | __main__             | _parse_csv_row       | Failed to parse CSV row: could not convert string to float: 'IPC1'
2025-08-13 15:55:09 | WARNING  | __main__             | _parse_csv_row       | Failed to parse CSV row: could not convert string to float: 'IPC1'
2025-08-13 15:55:09 | WARNING  | __main__             | _parse_csv_row       | Failed to parse CSV row: could not convert string to float: 'IPC1'
2025-08-13 15:55:09 | WARNING  | __main__             | _parse_csv_row       | Failed to parse CSV row: could not convert string to float: 'IPC1'
2025-08-13 15:55:09 | WARNING  | __main__             | _parse_csv_row       | Failed to parse CSV row: could not convert string to float: 'IPC1'
2025-08-13 15:55:09 | WARNING  | __main__             | _parse_csv_row       | Failed to parse CSV row: could not convert string to float: 'IPC1'
2025-08-13 15:55:09 | WARNING  | __main__             | _parse_csv_row       | Failed to parse CSV row: could not convert string to float: 'IPC1'
2025-08-13 15:55:09 | WARNING  | __main__             | _parse_csv_row       | Failed to parse CSV row: could not convert string to float: 'IPC1'
2025-08-13 15:55:09 | INFO     | __main__             | _delete_file         | Successfully deleted file: D:\NOPPALIT\History\Saturn_Acc_Logs\IPC1_20250813_155310.csv
2025-08-13 15:55:09 | WARNING  | __main__             | _parse_csv_row       | Failed to parse CSV row: could not convert string to float: 'IPC1'
2025-08-13 15:55:09 | WARNING  | __main__             | _parse_csv_row       | Failed to parse CSV row: could not convert string to float: 'IPC1'
2025-08-13 15:55:09 | WARNING  | __main__             | _parse_csv_row       | Failed to parse CSV row: could not convert string to float: 'IPC1'
2025-08-13 15:55:09 | WARNING  | __main__             | _parse_csv_row       | Failed to parse CSV row: could not convert string to float: 'IPC1'
2025-08-13 15:55:09 | WARNING  | __main__             | _parse_csv_row       | Failed to parse CSV row: could not convert string to float: 'IPC1'
2025-08-13 15:55:09 | WARNING  | __main__             | _parse_csv_row       | Failed to parse CSV row: could not convert string to float: 'IPC1'
2025-08-13 15:55:09 | WARNING  | __main__             | _parse_csv_row       | Failed to parse CSV row: could not convert string to float: 'IPC1'
2025-08-13 15:55:09 | WARNING  | __main__             | _parse_csv_row       | Failed to parse CSV row: could not convert string to float: 'IPC1'
2025-08-13 15:55:09 | WARNING  | __main__             | _parse_csv_row       | Failed to parse CSV row: could not convert string to float: 'IPC1'
2025-08-13 15:55:09 | WARNING  | __main__             | _parse_csv_row       | Failed to parse CSV row: could not convert string to float: 'IPC1'
2025-08-13 15:55:09 | INFO     | __main__             | _delete_file         | Successfully deleted file: D:\NOPPALIT\History\Saturn_Acc_Logs\IPC1_20250813_155321.csv
2025-08-13 15:55:09 | WARNING  | __main__             | _parse_csv_row       | Failed to parse CSV row: could not convert string to float: 'RPB1'
2025-08-13 15:55:09 | WARNING  | __main__             | _parse_csv_row       | Failed to parse CSV row: could not convert string to float: 'RPB1'
2025-08-13 15:55:09 | WARNING  | __main__             | _parse_csv_row       | Failed to parse CSV row: could not convert string to float: 'RPB1'
2025-08-13 15:55:09 | WARNING  | __main__             | _parse_csv_row       | Failed to parse CSV row: could not convert string to float: 'RPB1'
2025-08-13 15:55:09 | WARNING  | __main__             | _parse_csv_row       | Failed to parse CSV row: could not convert string to float: 'RPB1'
2025-08-13 15:55:09 | WARNING  | __main__             | _parse_csv_row       | Failed to parse CSV row: could not convert string to float: 'RPB1'
2025-08-13 15:55:09 | WARNING  | __main__             | _parse_csv_row       | Failed to parse CSV row: could not convert string to float: 'RPB1'
2025-08-13 15:55:09 | WARNING  | __main__             | _parse_csv_row       | Failed to parse CSV row: could not convert string to float: 'RPB1'
2025-08-13 15:55:09 | WARNING  | __main__             | _parse_csv_row       | Failed to parse CSV row: could not convert string to float: 'RPB1'
2025-08-13 15:55:09 | WARNING  | __main__             | _parse_csv_row       | Failed to parse CSV row: could not convert string to float: 'RPB1'
2025-08-13 15:55:09 | INFO     | __main__             | _delete_file         | Successfully deleted file: D:\NOPPALIT\History\Saturn_Acc_Logs\RPB1_20250813_154735.csv
2025-08-13 15:55:09 | WARNING  | __main__             | _parse_csv_row       | Failed to parse CSV row: could not convert string to float: 'RPB1'
2025-08-13 15:55:09 | WARNING  | __main__             | _parse_csv_row       | Failed to parse CSV row: could not convert string to float: 'RPB1'
2025-08-13 15:55:09 | WARNING  | __main__             | _parse_csv_row       | Failed to parse CSV row: could not convert string to float: 'RPB1'
2025-08-13 15:55:09 | WARNING  | __main__             | _parse_csv_row       | Failed to parse CSV row: could not convert string to float: 'RPB1'
2025-08-13 15:55:09 | WARNING  | __main__             | _parse_csv_row       | Failed to parse CSV row: could not convert string to float: 'RPB1'
2025-08-13 15:55:09 | WARNING  | __main__             | _parse_csv_row       | Failed to parse CSV row: could not convert string to float: 'RPB1'
2025-08-13 15:55:09 | WARNING  | __main__             | _parse_csv_row       | Failed to parse CSV row: could not convert string to float: 'RPB1'
2025-08-13 15:55:09 | WARNING  | __main__             | _parse_csv_row       | Failed to parse CSV row: could not convert string to float: 'RPB1'
2025-08-13 15:55:09 | WARNING  | __main__             | _parse_csv_row       | Failed to parse CSV row: could not convert string to float: 'RPB1'
2025-08-13 15:55:09 | WARNING  | __main__             | _parse_csv_row       | Failed to parse CSV row: could not convert string to float: 'RPB1'
2025-08-13 15:55:09 | INFO     | __main__             | _delete_file         | Successfully deleted file: D:\NOPPALIT\History\Saturn_Acc_Logs\RPB1_20250813_154746.csv
2025-08-13 15:55:09 | WARNING  | __main__             | _parse_csv_row       | Failed to parse CSV row: could not convert string to float: 'RPB1'
2025-08-13 15:55:09 | WARNING  | __main__             | _parse_csv_row       | Failed to parse CSV row: could not convert string to float: 'RPB1'
2025-08-13 15:55:09 | WARNING  | __main__             | _parse_csv_row       | Failed to parse CSV row: could not convert string to float: 'RPB1'
2025-08-13 15:55:09 | WARNING  | __main__             | _parse_csv_row       | Failed to parse CSV row: could not convert string to float: 'RPB1'
2025-08-13 15:55:09 | WARNING  | __main__             | _parse_csv_row       | Failed to parse CSV row: could not convert string to float: 'RPB1'
2025-08-13 15:55:09 | WARNING  | __main__             | _parse_csv_row       | Failed to parse CSV row: could not convert string to float: 'RPB1'
2025-08-13 15:55:09 | WARNING  | __main__             | _parse_csv_row       | Failed to parse CSV row: could not convert string to float: 'RPB1'
2025-08-13 15:55:09 | WARNING  | __main__             | _parse_csv_row       | Failed to parse CSV row: could not convert string to float: 'RPB1'
2025-08-13 15:55:09 | WARNING  | __main__             | _parse_csv_row       | Failed to parse CSV row: could not convert string to float: 'RPB1'
2025-08-13 15:55:09 | WARNING  | __main__             | _parse_csv_row       | Failed to parse CSV row: could not convert string to float: 'RPB1'
2025-08-13 15:55:09 | INFO     | __main__             | _delete_file         | Successfully deleted file: D:\NOPPALIT\History\Saturn_Acc_Logs\RPB1_20250813_154757.csv
2025-08-13 15:55:09 | WARNING  | __main__             | _parse_csv_row       | Failed to parse CSV row: could not convert string to float: 'RPB1'
2025-08-13 15:55:09 | WARNING  | __main__             | _parse_csv_row       | Failed to parse CSV row: could not convert string to float: 'RPB1'
2025-08-13 15:55:09 | WARNING  | __main__             | _parse_csv_row       | Failed to parse CSV row: could not convert string to float: 'RPB1'
2025-08-13 15:55:09 | WARNING  | __main__             | _parse_csv_row       | Failed to parse CSV row: could not convert string to float: 'RPB1'
2025-08-13 15:55:09 | WARNING  | __main__             | _parse_csv_row       | Failed to parse CSV row: could not convert string to float: 'RPB1'
2025-08-13 15:55:09 | WARNING  | __main__             | _parse_csv_row       | Failed to parse CSV row: could not convert string to float: 'RPB1'
2025-08-13 15:55:09 | WARNING  | __main__             | _parse_csv_row       | Failed to parse CSV row: could not convert string to float: 'RPB1'
2025-08-13 15:55:09 | WARNING  | __main__             | _parse_csv_row       | Failed to parse CSV row: could not convert string to float: 'RPB1'
2025-08-13 15:55:09 | WARNING  | __main__             | _parse_csv_row       | Failed to parse CSV row: could not convert string to float: 'RPB1'
2025-08-13 15:55:09 | WARNING  | __main__             | _parse_csv_row       | Failed to parse CSV row: could not convert string to float: 'RPB1'
2025-08-13 15:55:09 | INFO     | __main__             | _delete_file         | Successfully deleted file: D:\NOPPALIT\History\Saturn_Acc_Logs\RPB1_20250813_154808.csv
2025-08-13 15:55:09 | WARNING  | __main__             | _parse_csv_row       | Failed to parse CSV row: could not convert string to float: 'RPB1'
2025-08-13 15:55:09 | WARNING  | __main__             | _parse_csv_row       | Failed to parse CSV row: could not convert string to float: 'RPB1'
2025-08-13 15:55:09 | WARNING  | __main__             | _parse_csv_row       | Failed to parse CSV row: could not convert string to float: 'RPB1'
2025-08-13 15:55:09 | WARNING  | __main__             | _parse_csv_row       | Failed to parse CSV row: could not convert string to float: 'RPB1'
2025-08-13 15:55:09 | WARNING  | __main__             | _parse_csv_row       | Failed to parse CSV row: could not convert string to float: 'RPB1'
2025-08-13 15:55:09 | WARNING  | __main__             | _parse_csv_row       | Failed to parse CSV row: could not convert string to float: 'RPB1'
2025-08-13 15:55:09 | WARNING  | __main__             | _parse_csv_row       | Failed to parse CSV row: could not convert string to float: 'RPB1'
2025-08-13 15:55:09 | WARNING  | __main__             | _parse_csv_row       | Failed to parse CSV row: could not convert string to float: 'RPB1'
2025-08-13 15:55:09 | WARNING  | __main__             | _parse_csv_row       | Failed to parse CSV row: could not convert string to float: 'RPB1'
2025-08-13 15:55:09 | WARNING  | __main__             | _parse_csv_row       | Failed to parse CSV row: could not convert string to float: 'RPB1'
2025-08-13 15:55:09 | INFO     | __main__             | _delete_file         | Successfully deleted file: D:\NOPPALIT\History\Saturn_Acc_Logs\RPB1_20250813_154819.csv
2025-08-13 15:55:09 | WARNING  | __main__             | _parse_csv_row       | Failed to parse CSV row: could not convert string to float: 'RPB1'
2025-08-13 15:55:09 | WARNING  | __main__             | _parse_csv_row       | Failed to parse CSV row: could not convert string to float: 'RPB1'
2025-08-13 15:55:09 | WARNING  | __main__             | _parse_csv_row       | Failed to parse CSV row: could not convert string to float: 'RPB1'
2025-08-13 15:55:09 | WARNING  | __main__             | _parse_csv_row       | Failed to parse CSV row: could not convert string to float: 'RPB1'
2025-08-13 15:55:09 | WARNING  | __main__             | _parse_csv_row       | Failed to parse CSV row: could not convert string to float: 'RPB1'
2025-08-13 15:55:09 | WARNING  | __main__             | _parse_csv_row       | Failed to parse CSV row: could not convert string to float: 'RPB1'
2025-08-13 15:55:09 | WARNING  | __main__             | _parse_csv_row       | Failed to parse CSV row: could not convert string to float: 'RPB1'
2025-08-13 15:55:09 | WARNING  | __main__             | _parse_csv_row       | Failed to parse CSV row: could not convert string to float: 'RPB1'
2025-08-13 15:55:09 | WARNING  | __main__             | _parse_csv_row       | Failed to parse CSV row: could not convert string to float: 'RPB1'
2025-08-13 15:55:09 | WARNING  | __main__             | _parse_csv_row       | Failed to parse CSV row: could not convert string to float: 'RPB1'
2025-08-13 15:55:09 | INFO     | __main__             | _delete_file         | Successfully deleted file: D:\NOPPALIT\History\Saturn_Acc_Logs\RPB1_20250813_154830.csv
2025-08-13 15:55:09 | WARNING  | __main__             | _parse_csv_row       | Failed to parse CSV row: could not convert string to float: 'RPB1'
2025-08-13 15:55:09 | WARNING  | __main__             | _parse_csv_row       | Failed to parse CSV row: could not convert string to float: 'RPB1'
2025-08-13 15:55:09 | WARNING  | __main__             | _parse_csv_row       | Failed to parse CSV row: could not convert string to float: 'RPB1'
2025-08-13 15:55:09 | WARNING  | __main__             | _parse_csv_row       | Failed to parse CSV row: could not convert string to float: 'RPB1'
2025-08-13 15:55:09 | WARNING  | __main__             | _parse_csv_row       | Failed to parse CSV row: could not convert string to float: 'RPB1'
2025-08-13 15:55:09 | WARNING  | __main__             | _parse_csv_row       | Failed to parse CSV row: could not convert string to float: 'RPB1'
2025-08-13 15:55:09 | WARNING  | __main__             | _parse_csv_row       | Failed to parse CSV row: could not convert string to float: 'RPB1'
2025-08-13 15:55:09 | WARNING  | __main__             | _parse_csv_row       | Failed to parse CSV row: could not convert string to float: 'RPB1'
2025-08-13 15:55:09 | WARNING  | __main__             | _parse_csv_row       | Failed to parse CSV row: could not convert string to float: 'RPB1'
2025-08-13 15:55:09 | WARNING  | __main__             | _parse_csv_row       | Failed to parse CSV row: could not convert string to float: 'RPB1'
2025-08-13 15:55:09 | INFO     | __main__             | _delete_file         | Successfully deleted file: D:\NOPPALIT\History\Saturn_Acc_Logs\RPB1_20250813_154842.csv
2025-08-13 15:55:09 | WARNING  | __main__             | _parse_csv_row       | Failed to parse CSV row: could not convert string to float: 'RPB1'
2025-08-13 15:55:09 | WARNING  | __main__             | _parse_csv_row       | Failed to parse CSV row: could not convert string to float: 'RPB1'
2025-08-13 15:55:09 | WARNING  | __main__             | _parse_csv_row       | Failed to parse CSV row: could not convert string to float: 'RPB1'
2025-08-13 15:55:09 | WARNING  | __main__             | _parse_csv_row       | Failed to parse CSV row: could not convert string to float: 'RPB1'
2025-08-13 15:55:09 | WARNING  | __main__             | _parse_csv_row       | Failed to parse CSV row: could not convert string to float: 'RPB1'
2025-08-13 15:55:09 | WARNING  | __main__             | _parse_csv_row       | Failed to parse CSV row: could not convert string to float: 'RPB1'
2025-08-13 15:55:09 | WARNING  | __main__             | _parse_csv_row       | Failed to parse CSV row: could not convert string to float: 'RPB1'
2025-08-13 15:55:09 | WARNING  | __main__             | _parse_csv_row       | Failed to parse CSV row: could not convert string to float: 'RPB1'
2025-08-13 15:55:09 | WARNING  | __main__             | _parse_csv_row       | Failed to parse CSV row: could not convert string to float: 'RPB1'
2025-08-13 15:55:09 | WARNING  | __main__             | _parse_csv_row       | Failed to parse CSV row: could not convert string to float: 'RPB1'
2025-08-13 15:55:09 | INFO     | __main__             | _delete_file         | Successfully deleted file: D:\NOPPALIT\History\Saturn_Acc_Logs\RPB1_20250813_154853.csv
2025-08-13 15:55:09 | WARNING  | __main__             | _parse_csv_row       | Failed to parse CSV row: could not convert string to float: 'RPB1'
2025-08-13 15:55:09 | WARNING  | __main__             | _parse_csv_row       | Failed to parse CSV row: could not convert string to float: 'RPB1'
2025-08-13 15:55:09 | WARNING  | __main__             | _parse_csv_row       | Failed to parse CSV row: could not convert string to float: 'RPB1'
2025-08-13 15:55:09 | WARNING  | __main__             | _parse_csv_row       | Failed to parse CSV row: could not convert string to float: 'RPB1'
2025-08-13 15:55:09 | WARNING  | __main__             | _parse_csv_row       | Failed to parse CSV row: could not convert string to float: 'RPB1'
2025-08-13 15:55:09 | WARNING  | __main__             | _parse_csv_row       | Failed to parse CSV row: could not convert string to float: 'RPB1'
2025-08-13 15:55:09 | WARNING  | __main__             | _parse_csv_row       | Failed to parse CSV row: could not convert string to float: 'RPB1'
2025-08-13 15:55:09 | WARNING  | __main__             | _parse_csv_row       | Failed to parse CSV row: could not convert string to float: 'RPB1'
2025-08-13 15:55:09 | WARNING  | __main__             | _parse_csv_row       | Failed to parse CSV row: could not convert string to float: 'RPB1'
2025-08-13 15:55:09 | WARNING  | __main__             | _parse_csv_row       | Failed to parse CSV row: could not convert string to float: 'RPB1'
2025-08-13 15:55:09 | INFO     | __main__             | _delete_file         | Successfully deleted file: D:\NOPPALIT\History\Saturn_Acc_Logs\RPB1_20250813_154904.csv
2025-08-13 15:55:09 | WARNING  | __main__             | _parse_csv_row       | Failed to parse CSV row: could not convert string to float: 'RPB1'
2025-08-13 15:55:09 | WARNING  | __main__             | _parse_csv_row       | Failed to parse CSV row: could not convert string to float: 'RPB1'
2025-08-13 15:55:09 | WARNING  | __main__             | _parse_csv_row       | Failed to parse CSV row: could not convert string to float: 'RPB1'
2025-08-13 15:55:09 | WARNING  | __main__             | _parse_csv_row       | Failed to parse CSV row: could not convert string to float: 'RPB1'
2025-08-13 15:55:09 | WARNING  | __main__             | _parse_csv_row       | Failed to parse CSV row: could not convert string to float: 'RPB1'
2025-08-13 15:55:09 | WARNING  | __main__             | _parse_csv_row       | Failed to parse CSV row: could not convert string to float: 'RPB1'
2025-08-13 15:55:09 | WARNING  | __main__             | _parse_csv_row       | Failed to parse CSV row: could not convert string to float: 'RPB1'
2025-08-13 15:55:09 | WARNING  | __main__             | _parse_csv_row       | Failed to parse CSV row: could not convert string to float: 'RPB1'
2025-08-13 15:55:09 | WARNING  | __main__             | _parse_csv_row       | Failed to parse CSV row: could not convert string to float: 'RPB1'
2025-08-13 15:55:09 | WARNING  | __main__             | _parse_csv_row       | Failed to parse CSV row: could not convert string to float: 'RPB1'
2025-08-13 15:55:09 | INFO     | __main__             | _delete_file         | Successfully deleted file: D:\NOPPALIT\History\Saturn_Acc_Logs\RPB1_20250813_154915.csv
2025-08-13 15:55:09 | WARNING  | __main__             | _parse_csv_row       | Failed to parse CSV row: could not convert string to float: 'RPB1'
2025-08-13 15:55:09 | WARNING  | __main__             | _parse_csv_row       | Failed to parse CSV row: could not convert string to float: 'RPB1'
2025-08-13 15:55:09 | WARNING  | __main__             | _parse_csv_row       | Failed to parse CSV row: could not convert string to float: 'RPB1'
2025-08-13 15:55:09 | WARNING  | __main__             | _parse_csv_row       | Failed to parse CSV row: could not convert string to float: 'RPB1'
2025-08-13 15:55:09 | WARNING  | __main__             | _parse_csv_row       | Failed to parse CSV row: could not convert string to float: 'RPB1'
2025-08-13 15:55:09 | WARNING  | __main__             | _parse_csv_row       | Failed to parse CSV row: could not convert string to float: 'RPB1'
2025-08-13 15:55:09 | WARNING  | __main__             | _parse_csv_row       | Failed to parse CSV row: could not convert string to float: 'RPB1'
2025-08-13 15:55:09 | WARNING  | __main__             | _parse_csv_row       | Failed to parse CSV row: could not convert string to float: 'RPB1'
2025-08-13 15:55:09 | WARNING  | __main__             | _parse_csv_row       | Failed to parse CSV row: could not convert string to float: 'RPB1'
2025-08-13 15:55:09 | WARNING  | __main__             | _parse_csv_row       | Failed to parse CSV row: could not convert string to float: 'RPB1'
2025-08-13 15:55:09 | INFO     | __main__             | _delete_file         | Successfully deleted file: D:\NOPPALIT\History\Saturn_Acc_Logs\RPB1_20250813_154926.csv
2025-08-13 15:55:09 | WARNING  | __main__             | _parse_csv_row       | Failed to parse CSV row: could not convert string to float: 'RPB1'
2025-08-13 15:55:09 | WARNING  | __main__             | _parse_csv_row       | Failed to parse CSV row: could not convert string to float: 'RPB1'
2025-08-13 15:55:09 | WARNING  | __main__             | _parse_csv_row       | Failed to parse CSV row: could not convert string to float: 'RPB1'
2025-08-13 15:55:09 | WARNING  | __main__             | _parse_csv_row       | Failed to parse CSV row: could not convert string to float: 'RPB1'
2025-08-13 15:55:09 | WARNING  | __main__             | _parse_csv_row       | Failed to parse CSV row: could not convert string to float: 'RPB1'
2025-08-13 15:55:09 | WARNING  | __main__             | _parse_csv_row       | Failed to parse CSV row: could not convert string to float: 'RPB1'
2025-08-13 15:55:09 | WARNING  | __main__             | _parse_csv_row       | Failed to parse CSV row: could not convert string to float: 'RPB1'
2025-08-13 15:55:09 | WARNING  | __main__             | _parse_csv_row       | Failed to parse CSV row: could not convert string to float: 'RPB1'
2025-08-13 15:55:09 | WARNING  | __main__             | _parse_csv_row       | Failed to parse CSV row: could not convert string to float: 'RPB1'
2025-08-13 15:55:09 | WARNING  | __main__             | _parse_csv_row       | Failed to parse CSV row: could not convert string to float: 'RPB1'
2025-08-13 15:55:09 | INFO     | __main__             | _delete_file         | Successfully deleted file: D:\NOPPALIT\History\Saturn_Acc_Logs\RPB1_20250813_154938.csv
2025-08-13 15:55:09 | WARNING  | __main__             | _parse_csv_row       | Failed to parse CSV row: could not convert string to float: 'RPB1'
2025-08-13 15:55:09 | WARNING  | __main__             | _parse_csv_row       | Failed to parse CSV row: could not convert string to float: 'RPB1'
2025-08-13 15:55:09 | WARNING  | __main__             | _parse_csv_row       | Failed to parse CSV row: could not convert string to float: 'RPB1'
2025-08-13 15:55:09 | WARNING  | __main__             | _parse_csv_row       | Failed to parse CSV row: could not convert string to float: 'RPB1'
2025-08-13 15:55:09 | WARNING  | __main__             | _parse_csv_row       | Failed to parse CSV row: could not convert string to float: 'RPB1'
2025-08-13 15:55:09 | WARNING  | __main__             | _parse_csv_row       | Failed to parse CSV row: could not convert string to float: 'RPB1'
2025-08-13 15:55:09 | WARNING  | __main__             | _parse_csv_row       | Failed to parse CSV row: could not convert string to float: 'RPB1'
2025-08-13 15:55:09 | WARNING  | __main__             | _parse_csv_row       | Failed to parse CSV row: could not convert string to float: 'RPB1'
2025-08-13 15:55:09 | WARNING  | __main__             | _parse_csv_row       | Failed to parse CSV row: could not convert string to float: 'RPB1'
2025-08-13 15:55:09 | WARNING  | __main__             | _parse_csv_row       | Failed to parse CSV row: could not convert string to float: 'RPB1'
2025-08-13 15:55:09 | INFO     | __main__             | _delete_file         | Successfully deleted file: D:\NOPPALIT\History\Saturn_Acc_Logs\RPB1_20250813_154949.csv
2025-08-13 15:55:09 | WARNING  | __main__             | _parse_csv_row       | Failed to parse CSV row: could not convert string to float: 'RPB1'
2025-08-13 15:55:09 | WARNING  | __main__             | _parse_csv_row       | Failed to parse CSV row: could not convert string to float: 'RPB1'
2025-08-13 15:55:09 | WARNING  | __main__             | _parse_csv_row       | Failed to parse CSV row: could not convert string to float: 'RPB1'
2025-08-13 15:55:09 | WARNING  | __main__             | _parse_csv_row       | Failed to parse CSV row: could not convert string to float: 'RPB1'
2025-08-13 15:55:09 | WARNING  | __main__             | _parse_csv_row       | Failed to parse CSV row: could not convert string to float: 'RPB1'
2025-08-13 15:55:09 | WARNING  | __main__             | _parse_csv_row       | Failed to parse CSV row: could not convert string to float: 'RPB1'
2025-08-13 15:55:09 | WARNING  | __main__             | _parse_csv_row       | Failed to parse CSV row: could not convert string to float: 'RPB1'
2025-08-13 15:55:09 | WARNING  | __main__             | _parse_csv_row       | Failed to parse CSV row: could not convert string to float: 'RPB1'
2025-08-13 15:55:09 | WARNING  | __main__             | _parse_csv_row       | Failed to parse CSV row: could not convert string to float: 'RPB1'
2025-08-13 15:55:09 | WARNING  | __main__             | _parse_csv_row       | Failed to parse CSV row: could not convert string to float: 'RPB1'
2025-08-13 15:55:09 | INFO     | __main__             | _delete_file         | Successfully deleted file: D:\NOPPALIT\History\Saturn_Acc_Logs\RPB1_20250813_155000.csv
2025-08-13 15:55:09 | WARNING  | __main__             | _parse_csv_row       | Failed to parse CSV row: could not convert string to float: 'RPB1'
2025-08-13 15:55:09 | WARNING  | __main__             | _parse_csv_row       | Failed to parse CSV row: could not convert string to float: 'RPB1'
2025-08-13 15:55:09 | WARNING  | __main__             | _parse_csv_row       | Failed to parse CSV row: could not convert string to float: 'RPB1'
2025-08-13 15:55:09 | WARNING  | __main__             | _parse_csv_row       | Failed to parse CSV row: could not convert string to float: 'RPB1'
2025-08-13 15:55:09 | WARNING  | __main__             | _parse_csv_row       | Failed to parse CSV row: could not convert string to float: 'RPB1'
2025-08-13 15:55:09 | WARNING  | __main__             | _parse_csv_row       | Failed to parse CSV row: could not convert string to float: 'RPB1'
2025-08-13 15:55:09 | WARNING  | __main__             | _parse_csv_row       | Failed to parse CSV row: could not convert string to float: 'RPB1'
2025-08-13 15:55:09 | WARNING  | __main__             | _parse_csv_row       | Failed to parse CSV row: could not convert string to float: 'RPB1'
2025-08-13 15:55:09 | WARNING  | __main__             | _parse_csv_row       | Failed to parse CSV row: could not convert string to float: 'RPB1'
2025-08-13 15:55:09 | WARNING  | __main__             | _parse_csv_row       | Failed to parse CSV row: could not convert string to float: 'RPB1'
2025-08-13 15:55:09 | INFO     | __main__             | _delete_file         | Successfully deleted file: D:\NOPPALIT\History\Saturn_Acc_Logs\RPB1_20250813_155011.csv
2025-08-13 15:55:09 | WARNING  | __main__             | _parse_csv_row       | Failed to parse CSV row: could not convert string to float: 'RPB1'
2025-08-13 15:55:09 | WARNING  | __main__             | _parse_csv_row       | Failed to parse CSV row: could not convert string to float: 'RPB1'
2025-08-13 15:55:09 | WARNING  | __main__             | _parse_csv_row       | Failed to parse CSV row: could not convert string to float: 'RPB1'
2025-08-13 15:55:09 | WARNING  | __main__             | _parse_csv_row       | Failed to parse CSV row: could not convert string to float: 'RPB1'
2025-08-13 15:55:09 | WARNING  | __main__             | _parse_csv_row       | Failed to parse CSV row: could not convert string to float: 'RPB1'
2025-08-13 15:55:09 | WARNING  | __main__             | _parse_csv_row       | Failed to parse CSV row: could not convert string to float: 'RPB1'
2025-08-13 15:55:09 | WARNING  | __main__             | _parse_csv_row       | Failed to parse CSV row: could not convert string to float: 'RPB1'
2025-08-13 15:55:09 | WARNING  | __main__             | _parse_csv_row       | Failed to parse CSV row: could not convert string to float: 'RPB1'
2025-08-13 15:55:09 | WARNING  | __main__             | _parse_csv_row       | Failed to parse CSV row: could not convert string to float: 'RPB1'
2025-08-13 15:55:09 | WARNING  | __main__             | _parse_csv_row       | Failed to parse CSV row: could not convert string to float: 'RPB1'
2025-08-13 15:55:09 | INFO     | __main__             | _delete_file         | Successfully deleted file: D:\NOPPALIT\History\Saturn_Acc_Logs\RPB1_20250813_155023.csv
2025-08-13 15:55:09 | WARNING  | __main__             | _parse_csv_row       | Failed to parse CSV row: could not convert string to float: 'RPB1'
2025-08-13 15:55:09 | WARNING  | __main__             | _parse_csv_row       | Failed to parse CSV row: could not convert string to float: 'RPB1'
2025-08-13 15:55:09 | WARNING  | __main__             | _parse_csv_row       | Failed to parse CSV row: could not convert string to float: 'RPB1'
2025-08-13 15:55:09 | WARNING  | __main__             | _parse_csv_row       | Failed to parse CSV row: could not convert string to float: 'RPB1'
2025-08-13 15:55:09 | WARNING  | __main__             | _parse_csv_row       | Failed to parse CSV row: could not convert string to float: 'RPB1'
2025-08-13 15:55:09 | WARNING  | __main__             | _parse_csv_row       | Failed to parse CSV row: could not convert string to float: 'RPB1'
2025-08-13 15:55:09 | WARNING  | __main__             | _parse_csv_row       | Failed to parse CSV row: could not convert string to float: 'RPB1'
2025-08-13 15:55:09 | WARNING  | __main__             | _parse_csv_row       | Failed to parse CSV row: could not convert string to float: 'RPB1'
2025-08-13 15:55:09 | WARNING  | __main__             | _parse_csv_row       | Failed to parse CSV row: could not convert string to float: 'RPB1'
2025-08-13 15:55:09 | WARNING  | __main__             | _parse_csv_row       | Failed to parse CSV row: could not convert string to float: 'RPB1'
2025-08-13 15:55:09 | INFO     | __main__             | _delete_file         | Successfully deleted file: D:\NOPPALIT\History\Saturn_Acc_Logs\RPB1_20250813_155034.csv
2025-08-13 15:55:09 | WARNING  | __main__             | _parse_csv_row       | Failed to parse CSV row: could not convert string to float: 'RPB1'
2025-08-13 15:55:09 | WARNING  | __main__             | _parse_csv_row       | Failed to parse CSV row: could not convert string to float: 'RPB1'
2025-08-13 15:55:09 | WARNING  | __main__             | _parse_csv_row       | Failed to parse CSV row: could not convert string to float: 'RPB1'
2025-08-13 15:55:09 | WARNING  | __main__             | _parse_csv_row       | Failed to parse CSV row: could not convert string to float: 'RPB1'
2025-08-13 15:55:09 | WARNING  | __main__             | _parse_csv_row       | Failed to parse CSV row: could not convert string to float: 'RPB1'
2025-08-13 15:55:09 | WARNING  | __main__             | _parse_csv_row       | Failed to parse CSV row: could not convert string to float: 'RPB1'
2025-08-13 15:55:09 | WARNING  | __main__             | _parse_csv_row       | Failed to parse CSV row: could not convert string to float: 'RPB1'
2025-08-13 15:55:09 | WARNING  | __main__             | _parse_csv_row       | Failed to parse CSV row: could not convert string to float: 'RPB1'
2025-08-13 15:55:09 | WARNING  | __main__             | _parse_csv_row       | Failed to parse CSV row: could not convert string to float: 'RPB1'
2025-08-13 15:55:09 | WARNING  | __main__             | _parse_csv_row       | Failed to parse CSV row: could not convert string to float: 'RPB1'
2025-08-13 15:55:09 | INFO     | __main__             | _delete_file         | Successfully deleted file: D:\NOPPALIT\History\Saturn_Acc_Logs\RPB1_20250813_155045.csv
2025-08-13 15:55:09 | WARNING  | __main__             | _parse_csv_row       | Failed to parse CSV row: could not convert string to float: 'RPB1'
2025-08-13 15:55:09 | WARNING  | __main__             | _parse_csv_row       | Failed to parse CSV row: could not convert string to float: 'RPB1'
2025-08-13 15:55:09 | WARNING  | __main__             | _parse_csv_row       | Failed to parse CSV row: could not convert string to float: 'RPB1'
2025-08-13 15:55:09 | WARNING  | __main__             | _parse_csv_row       | Failed to parse CSV row: could not convert string to float: 'RPB1'
2025-08-13 15:55:09 | WARNING  | __main__             | _parse_csv_row       | Failed to parse CSV row: could not convert string to float: 'RPB1'
2025-08-13 15:55:09 | WARNING  | __main__             | _parse_csv_row       | Failed to parse CSV row: could not convert string to float: 'RPB1'
2025-08-13 15:55:09 | WARNING  | __main__             | _parse_csv_row       | Failed to parse CSV row: could not convert string to float: 'RPB1'
2025-08-13 15:55:09 | WARNING  | __main__             | _parse_csv_row       | Failed to parse CSV row: could not convert string to float: 'RPB1'
2025-08-13 15:55:09 | WARNING  | __main__             | _parse_csv_row       | Failed to parse CSV row: could not convert string to float: 'RPB1'
2025-08-13 15:55:09 | WARNING  | __main__             | _parse_csv_row       | Failed to parse CSV row: could not convert string to float: 'RPB1'
2025-08-13 15:55:09 | INFO     | __main__             | _delete_file         | Successfully deleted file: D:\NOPPALIT\History\Saturn_Acc_Logs\RPB1_20250813_155057.csv
2025-08-13 15:55:09 | WARNING  | __main__             | _parse_csv_row       | Failed to parse CSV row: could not convert string to float: 'RPB1'
2025-08-13 15:55:09 | WARNING  | __main__             | _parse_csv_row       | Failed to parse CSV row: could not convert string to float: 'RPB1'
2025-08-13 15:55:09 | WARNING  | __main__             | _parse_csv_row       | Failed to parse CSV row: could not convert string to float: 'RPB1'
2025-08-13 15:55:09 | WARNING  | __main__             | _parse_csv_row       | Failed to parse CSV row: could not convert string to float: 'RPB1'
2025-08-13 15:55:09 | WARNING  | __main__             | _parse_csv_row       | Failed to parse CSV row: could not convert string to float: 'RPB1'
2025-08-13 15:55:09 | WARNING  | __main__             | _parse_csv_row       | Failed to parse CSV row: could not convert string to float: 'RPB1'
2025-08-13 15:55:09 | WARNING  | __main__             | _parse_csv_row       | Failed to parse CSV row: could not convert string to float: 'RPB1'
2025-08-13 15:55:09 | WARNING  | __main__             | _parse_csv_row       | Failed to parse CSV row: could not convert string to float: 'RPB1'
2025-08-13 15:55:09 | WARNING  | __main__             | _parse_csv_row       | Failed to parse CSV row: could not convert string to float: 'RPB1'
2025-08-13 15:55:09 | WARNING  | __main__             | _parse_csv_row       | Failed to parse CSV row: could not convert string to float: 'RPB1'
2025-08-13 15:55:09 | INFO     | __main__             | _delete_file         | Successfully deleted file: D:\NOPPALIT\History\Saturn_Acc_Logs\RPB1_20250813_155108.csv
2025-08-13 15:55:09 | WARNING  | __main__             | _parse_csv_row       | Failed to parse CSV row: could not convert string to float: 'RPB1'
2025-08-13 15:55:09 | WARNING  | __main__             | _parse_csv_row       | Failed to parse CSV row: could not convert string to float: 'RPB1'
2025-08-13 15:55:09 | WARNING  | __main__             | _parse_csv_row       | Failed to parse CSV row: could not convert string to float: 'RPB1'
2025-08-13 15:55:09 | WARNING  | __main__             | _parse_csv_row       | Failed to parse CSV row: could not convert string to float: 'RPB1'
2025-08-13 15:55:09 | WARNING  | __main__             | _parse_csv_row       | Failed to parse CSV row: could not convert string to float: 'RPB1'
2025-08-13 15:55:09 | WARNING  | __main__             | _parse_csv_row       | Failed to parse CSV row: could not convert string to float: 'RPB1'
2025-08-13 15:55:09 | WARNING  | __main__             | _parse_csv_row       | Failed to parse CSV row: could not convert string to float: 'RPB1'
2025-08-13 15:55:09 | WARNING  | __main__             | _parse_csv_row       | Failed to parse CSV row: could not convert string to float: 'RPB1'
2025-08-13 15:55:09 | WARNING  | __main__             | _parse_csv_row       | Failed to parse CSV row: could not convert string to float: 'RPB1'
2025-08-13 15:55:09 | WARNING  | __main__             | _parse_csv_row       | Failed to parse CSV row: could not convert string to float: 'RPB1'
2025-08-13 15:55:09 | INFO     | __main__             | _delete_file         | Successfully deleted file: D:\NOPPALIT\History\Saturn_Acc_Logs\RPB1_20250813_155119.csv
2025-08-13 15:55:09 | WARNING  | __main__             | _parse_csv_row       | Failed to parse CSV row: could not convert string to float: 'RPB1'
2025-08-13 15:55:09 | WARNING  | __main__             | _parse_csv_row       | Failed to parse CSV row: could not convert string to float: 'RPB1'
2025-08-13 15:55:09 | WARNING  | __main__             | _parse_csv_row       | Failed to parse CSV row: could not convert string to float: 'RPB1'
2025-08-13 15:55:09 | WARNING  | __main__             | _parse_csv_row       | Failed to parse CSV row: could not convert string to float: 'RPB1'
2025-08-13 15:55:09 | WARNING  | __main__             | _parse_csv_row       | Failed to parse CSV row: could not convert string to float: 'RPB1'
2025-08-13 15:55:09 | WARNING  | __main__             | _parse_csv_row       | Failed to parse CSV row: could not convert string to float: 'RPB1'
2025-08-13 15:55:09 | WARNING  | __main__             | _parse_csv_row       | Failed to parse CSV row: could not convert string to float: 'RPB1'
2025-08-13 15:55:09 | WARNING  | __main__             | _parse_csv_row       | Failed to parse CSV row: could not convert string to float: 'RPB1'
2025-08-13 15:55:09 | WARNING  | __main__             | _parse_csv_row       | Failed to parse CSV row: could not convert string to float: 'RPB1'
2025-08-13 15:55:09 | WARNING  | __main__             | _parse_csv_row       | Failed to parse CSV row: could not convert string to float: 'RPB1'
2025-08-13 15:55:09 | INFO     | __main__             | _delete_file         | Successfully deleted file: D:\NOPPALIT\History\Saturn_Acc_Logs\RPB1_20250813_155130.csv
2025-08-13 15:55:09 | WARNING  | __main__             | _parse_csv_row       | Failed to parse CSV row: could not convert string to float: 'RPB1'
2025-08-13 15:55:09 | WARNING  | __main__             | _parse_csv_row       | Failed to parse CSV row: could not convert string to float: 'RPB1'
2025-08-13 15:55:09 | WARNING  | __main__             | _parse_csv_row       | Failed to parse CSV row: could not convert string to float: 'RPB1'
2025-08-13 15:55:09 | WARNING  | __main__             | _parse_csv_row       | Failed to parse CSV row: could not convert string to float: 'RPB1'
2025-08-13 15:55:09 | WARNING  | __main__             | _parse_csv_row       | Failed to parse CSV row: could not convert string to float: 'RPB1'
2025-08-13 15:55:09 | WARNING  | __main__             | _parse_csv_row       | Failed to parse CSV row: could not convert string to float: 'RPB1'
2025-08-13 15:55:09 | WARNING  | __main__             | _parse_csv_row       | Failed to parse CSV row: could not convert string to float: 'RPB1'
2025-08-13 15:55:09 | WARNING  | __main__             | _parse_csv_row       | Failed to parse CSV row: could not convert string to float: 'RPB1'
2025-08-13 15:55:09 | WARNING  | __main__             | _parse_csv_row       | Failed to parse CSV row: could not convert string to float: 'RPB1'
2025-08-13 15:55:09 | WARNING  | __main__             | _parse_csv_row       | Failed to parse CSV row: could not convert string to float: 'RPB1'
2025-08-13 15:55:09 | INFO     | __main__             | _delete_file         | Successfully deleted file: D:\NOPPALIT\History\Saturn_Acc_Logs\RPB1_20250813_155141.csv
2025-08-13 15:55:09 | WARNING  | __main__             | _parse_csv_row       | Failed to parse CSV row: could not convert string to float: 'RPB1'
2025-08-13 15:55:09 | WARNING  | __main__             | _parse_csv_row       | Failed to parse CSV row: could not convert string to float: 'RPB1'
2025-08-13 15:55:09 | WARNING  | __main__             | _parse_csv_row       | Failed to parse CSV row: could not convert string to float: 'RPB1'
2025-08-13 15:55:09 | WARNING  | __main__             | _parse_csv_row       | Failed to parse CSV row: could not convert string to float: 'RPB1'
2025-08-13 15:55:09 | WARNING  | __main__             | _parse_csv_row       | Failed to parse CSV row: could not convert string to float: 'RPB1'
2025-08-13 15:55:09 | WARNING  | __main__             | _parse_csv_row       | Failed to parse CSV row: could not convert string to float: 'RPB1'
2025-08-13 15:55:09 | WARNING  | __main__             | _parse_csv_row       | Failed to parse CSV row: could not convert string to float: 'RPB1'
2025-08-13 15:55:09 | WARNING  | __main__             | _parse_csv_row       | Failed to parse CSV row: could not convert string to float: 'RPB1'
2025-08-13 15:55:09 | WARNING  | __main__             | _parse_csv_row       | Failed to parse CSV row: could not convert string to float: 'RPB1'
2025-08-13 15:55:09 | WARNING  | __main__             | _parse_csv_row       | Failed to parse CSV row: could not convert string to float: 'RPB1'
2025-08-13 15:55:09 | INFO     | __main__             | _delete_file         | Successfully deleted file: D:\NOPPALIT\History\Saturn_Acc_Logs\RPB1_20250813_155152.csv
2025-08-13 15:55:09 | WARNING  | __main__             | _parse_csv_row       | Failed to parse CSV row: could not convert string to float: 'RPB1'
2025-08-13 15:55:09 | WARNING  | __main__             | _parse_csv_row       | Failed to parse CSV row: could not convert string to float: 'RPB1'
2025-08-13 15:55:09 | WARNING  | __main__             | _parse_csv_row       | Failed to parse CSV row: could not convert string to float: 'RPB1'
2025-08-13 15:55:09 | WARNING  | __main__             | _parse_csv_row       | Failed to parse CSV row: could not convert string to float: 'RPB1'
2025-08-13 15:55:09 | WARNING  | __main__             | _parse_csv_row       | Failed to parse CSV row: could not convert string to float: 'RPB1'
2025-08-13 15:55:09 | WARNING  | __main__             | _parse_csv_row       | Failed to parse CSV row: could not convert string to float: 'RPB1'
2025-08-13 15:55:09 | WARNING  | __main__             | _parse_csv_row       | Failed to parse CSV row: could not convert string to float: 'RPB1'
2025-08-13 15:55:09 | WARNING  | __main__             | _parse_csv_row       | Failed to parse CSV row: could not convert string to float: 'RPB1'
2025-08-13 15:55:09 | WARNING  | __main__             | _parse_csv_row       | Failed to parse CSV row: could not convert string to float: 'RPB1'
2025-08-13 15:55:09 | WARNING  | __main__             | _parse_csv_row       | Failed to parse CSV row: could not convert string to float: 'RPB1'
2025-08-13 15:55:09 | INFO     | __main__             | _delete_file         | Successfully deleted file: D:\NOPPALIT\History\Saturn_Acc_Logs\RPB1_20250813_155203.csv
2025-08-13 15:55:09 | WARNING  | __main__             | _parse_csv_row       | Failed to parse CSV row: could not convert string to float: 'RPB1'
2025-08-13 15:55:09 | WARNING  | __main__             | _parse_csv_row       | Failed to parse CSV row: could not convert string to float: 'RPB1'
2025-08-13 15:55:09 | WARNING  | __main__             | _parse_csv_row       | Failed to parse CSV row: could not convert string to float: 'RPB1'
2025-08-13 15:55:09 | WARNING  | __main__             | _parse_csv_row       | Failed to parse CSV row: could not convert string to float: 'RPB1'
2025-08-13 15:55:09 | WARNING  | __main__             | _parse_csv_row       | Failed to parse CSV row: could not convert string to float: 'RPB1'
2025-08-13 15:55:09 | WARNING  | __main__             | _parse_csv_row       | Failed to parse CSV row: could not convert string to float: 'RPB1'
2025-08-13 15:55:09 | WARNING  | __main__             | _parse_csv_row       | Failed to parse CSV row: could not convert string to float: 'RPB1'
2025-08-13 15:55:09 | WARNING  | __main__             | _parse_csv_row       | Failed to parse CSV row: could not convert string to float: 'RPB1'
2025-08-13 15:55:09 | WARNING  | __main__             | _parse_csv_row       | Failed to parse CSV row: could not convert string to float: 'RPB1'
2025-08-13 15:55:09 | WARNING  | __main__             | _parse_csv_row       | Failed to parse CSV row: could not convert string to float: 'RPB1'
2025-08-13 15:55:09 | INFO     | __main__             | _delete_file         | Successfully deleted file: D:\NOPPALIT\History\Saturn_Acc_Logs\RPB1_20250813_155214.csv
2025-08-13 15:55:09 | WARNING  | __main__             | _parse_csv_row       | Failed to parse CSV row: could not convert string to float: 'RPB1'
2025-08-13 15:55:09 | WARNING  | __main__             | _parse_csv_row       | Failed to parse CSV row: could not convert string to float: 'RPB1'
2025-08-13 15:55:09 | WARNING  | __main__             | _parse_csv_row       | Failed to parse CSV row: could not convert string to float: 'RPB1'
2025-08-13 15:55:09 | WARNING  | __main__             | _parse_csv_row       | Failed to parse CSV row: could not convert string to float: 'RPB1'
2025-08-13 15:55:09 | WARNING  | __main__             | _parse_csv_row       | Failed to parse CSV row: could not convert string to float: 'RPB1'
2025-08-13 15:55:09 | WARNING  | __main__             | _parse_csv_row       | Failed to parse CSV row: could not convert string to float: 'RPB1'
2025-08-13 15:55:09 | WARNING  | __main__             | _parse_csv_row       | Failed to parse CSV row: could not convert string to float: 'RPB1'
2025-08-13 15:55:09 | WARNING  | __main__             | _parse_csv_row       | Failed to parse CSV row: could not convert string to float: 'RPB1'
2025-08-13 15:55:09 | WARNING  | __main__             | _parse_csv_row       | Failed to parse CSV row: could not convert string to float: 'RPB1'
2025-08-13 15:55:09 | WARNING  | __main__             | _parse_csv_row       | Failed to parse CSV row: could not convert string to float: 'RPB1'
2025-08-13 15:55:09 | INFO     | __main__             | _delete_file         | Successfully deleted file: D:\NOPPALIT\History\Saturn_Acc_Logs\RPB1_20250813_155225.csv
2025-08-13 15:55:09 | WARNING  | __main__             | _parse_csv_row       | Failed to parse CSV row: could not convert string to float: 'RPB1'
2025-08-13 15:55:09 | WARNING  | __main__             | _parse_csv_row       | Failed to parse CSV row: could not convert string to float: 'RPB1'
2025-08-13 15:55:09 | WARNING  | __main__             | _parse_csv_row       | Failed to parse CSV row: could not convert string to float: 'RPB1'
2025-08-13 15:55:09 | WARNING  | __main__             | _parse_csv_row       | Failed to parse CSV row: could not convert string to float: 'RPB1'
2025-08-13 15:55:09 | WARNING  | __main__             | _parse_csv_row       | Failed to parse CSV row: could not convert string to float: 'RPB1'
2025-08-13 15:55:09 | WARNING  | __main__             | _parse_csv_row       | Failed to parse CSV row: could not convert string to float: 'RPB1'
2025-08-13 15:55:09 | WARNING  | __main__             | _parse_csv_row       | Failed to parse CSV row: could not convert string to float: 'RPB1'
2025-08-13 15:55:09 | WARNING  | __main__             | _parse_csv_row       | Failed to parse CSV row: could not convert string to float: 'RPB1'
2025-08-13 15:55:09 | WARNING  | __main__             | _parse_csv_row       | Failed to parse CSV row: could not convert string to float: 'RPB1'
2025-08-13 15:55:09 | WARNING  | __main__             | _parse_csv_row       | Failed to parse CSV row: could not convert string to float: 'RPB1'
2025-08-13 15:55:09 | INFO     | __main__             | _delete_file         | Successfully deleted file: D:\NOPPALIT\History\Saturn_Acc_Logs\RPB1_20250813_155236.csv
2025-08-13 15:55:09 | WARNING  | __main__             | _parse_csv_row       | Failed to parse CSV row: could not convert string to float: 'RPB1'
2025-08-13 15:55:09 | WARNING  | __main__             | _parse_csv_row       | Failed to parse CSV row: could not convert string to float: 'RPB1'
2025-08-13 15:55:09 | WARNING  | __main__             | _parse_csv_row       | Failed to parse CSV row: could not convert string to float: 'RPB1'
2025-08-13 15:55:09 | WARNING  | __main__             | _parse_csv_row       | Failed to parse CSV row: could not convert string to float: 'RPB1'
2025-08-13 15:55:09 | WARNING  | __main__             | _parse_csv_row       | Failed to parse CSV row: could not convert string to float: 'RPB1'
2025-08-13 15:55:09 | WARNING  | __main__             | _parse_csv_row       | Failed to parse CSV row: could not convert string to float: 'RPB1'
2025-08-13 15:55:09 | WARNING  | __main__             | _parse_csv_row       | Failed to parse CSV row: could not convert string to float: 'RPB1'
2025-08-13 15:55:09 | WARNING  | __main__             | _parse_csv_row       | Failed to parse CSV row: could not convert string to float: 'RPB1'
2025-08-13 15:55:09 | WARNING  | __main__             | _parse_csv_row       | Failed to parse CSV row: could not convert string to float: 'RPB1'
2025-08-13 15:55:09 | WARNING  | __main__             | _parse_csv_row       | Failed to parse CSV row: could not convert string to float: 'RPB1'
2025-08-13 15:55:09 | INFO     | __main__             | _delete_file         | Successfully deleted file: D:\NOPPALIT\History\Saturn_Acc_Logs\RPB1_20250813_155417.csv
