2025-08-11 11:48:10 | INFO     | __main__             | _load_config         | Configuration loaded from config.yaml
2025-08-11 11:48:10 | INFO     | __main__             | _init_connection_pool | Connection pool initialized successfully
2025-08-11 11:48:10 | INFO     | __main__             | __init__             | CSV source directory: D:\NOPPALIT\History\Saturn_Acc_Logs
2025-08-11 11:48:10 | INFO     | __main__             | __init__             | Export directory: D:\NOPPALIT\History\Saturn_Acc_Logs
2025-08-11 11:48:10 | INFO     | __main__             | init_db              | Database initialized successfully
2025-08-11 11:48:10 | INFO     | __main__             | start                | Starting CSV processing service every 1 minutes...
2025-08-11 11:48:10 | INFO     | __main__             | start                | CSV source directory: D:\NOPPALIT\History\Saturn_Acc_Logs
2025-08-11 11:48:10 | INFO     | __main__             | start                | Delete after export: True
2025-08-11 11:48:10 | INFO     | __main__             | _import_rows_to_db   | Imported 60 rows to database
2025-08-11 11:48:10 | INFO     | __main__             | _delete_file         | Successfully deleted file: D:\NOPPALIT\History\Saturn_Acc_Logs\IPC1_20250811_111448.csv
2025-08-11 11:48:10 | INFO     | __main__             | _import_rows_to_db   | Imported 59 rows to database
2025-08-11 11:48:10 | INFO     | __main__             | _delete_file         | Successfully deleted file: D:\NOPPALIT\History\Saturn_Acc_Logs\IPC1_20250811_111733.csv
2025-08-11 11:48:10 | INFO     | __main__             | _import_rows_to_db   | Imported 60 rows to database
2025-08-11 11:48:10 | INFO     | __main__             | _delete_file         | Successfully deleted file: D:\NOPPALIT\History\Saturn_Acc_Logs\IPC1_20250811_111856.csv
2025-08-11 11:48:10 | INFO     | __main__             | _import_rows_to_db   | Imported 60 rows to database
2025-08-11 11:48:10 | INFO     | __main__             | _delete_file         | Successfully deleted file: D:\NOPPALIT\History\Saturn_Acc_Logs\IPC1_20250811_112018.csv
2025-08-11 11:48:10 | INFO     | __main__             | _import_rows_to_db   | Imported 60 rows to database
2025-08-11 11:48:10 | INFO     | __main__             | _delete_file         | Successfully deleted file: D:\NOPPALIT\History\Saturn_Acc_Logs\IPC1_20250811_112141.csv
2025-08-11 11:48:10 | INFO     | __main__             | _import_rows_to_db   | Imported 60 rows to database
2025-08-11 11:48:10 | INFO     | __main__             | _delete_file         | Successfully deleted file: D:\NOPPALIT\History\Saturn_Acc_Logs\IPC1_20250811_112304.csv
2025-08-11 11:48:10 | INFO     | __main__             | _import_rows_to_db   | Imported 60 rows to database
2025-08-11 11:48:10 | INFO     | __main__             | _delete_file         | Successfully deleted file: D:\NOPPALIT\History\Saturn_Acc_Logs\IPC1_20250811_112426.csv
2025-08-11 11:48:10 | INFO     | __main__             | _import_rows_to_db   | Imported 60 rows to database
2025-08-11 11:48:10 | INFO     | __main__             | _delete_file         | Successfully deleted file: D:\NOPPALIT\History\Saturn_Acc_Logs\IPC1_20250811_112549.csv
2025-08-11 11:48:10 | INFO     | __main__             | _import_rows_to_db   | Imported 60 rows to database
2025-08-11 11:48:10 | INFO     | __main__             | _delete_file         | Successfully deleted file: D:\NOPPALIT\History\Saturn_Acc_Logs\IPC1_20250811_112711.csv
2025-08-11 11:48:10 | INFO     | __main__             | _import_rows_to_db   | Imported 60 rows to database
2025-08-11 11:48:10 | INFO     | __main__             | _delete_file         | Successfully deleted file: D:\NOPPALIT\History\Saturn_Acc_Logs\IPC1_20250811_112834.csv
2025-08-11 11:48:10 | INFO     | __main__             | _import_rows_to_db   | Imported 60 rows to database
2025-08-11 11:48:10 | INFO     | __main__             | _delete_file         | Successfully deleted file: D:\NOPPALIT\History\Saturn_Acc_Logs\IPC1_20250811_112956.csv
2025-08-11 11:48:10 | INFO     | __main__             | _import_rows_to_db   | Imported 60 rows to database
2025-08-11 11:48:10 | INFO     | __main__             | _delete_file         | Successfully deleted file: D:\NOPPALIT\History\Saturn_Acc_Logs\IPC1_20250811_113119.csv
2025-08-11 11:48:10 | INFO     | __main__             | _import_rows_to_db   | Imported 59 rows to database
2025-08-11 11:48:10 | INFO     | __main__             | _delete_file         | Successfully deleted file: D:\NOPPALIT\History\Saturn_Acc_Logs\IPC1_20250811_113241.csv
2025-08-11 11:48:10 | INFO     | __main__             | _import_rows_to_db   | Imported 60 rows to database
2025-08-11 11:48:10 | INFO     | __main__             | _delete_file         | Successfully deleted file: D:\NOPPALIT\History\Saturn_Acc_Logs\IPC1_20250811_113404.csv
2025-08-11 11:48:10 | INFO     | __main__             | _import_rows_to_db   | Imported 60 rows to database
2025-08-11 11:48:10 | INFO     | __main__             | _delete_file         | Successfully deleted file: D:\NOPPALIT\History\Saturn_Acc_Logs\IPC1_20250811_113526.csv
2025-08-11 11:48:10 | INFO     | __main__             | _import_rows_to_db   | Imported 60 rows to database
2025-08-11 11:48:10 | INFO     | __main__             | _delete_file         | Successfully deleted file: D:\NOPPALIT\History\Saturn_Acc_Logs\IPC1_20250811_113648.csv
2025-08-11 11:48:10 | INFO     | __main__             | _import_rows_to_db   | Imported 59 rows to database
2025-08-11 11:48:10 | INFO     | __main__             | _delete_file         | Successfully deleted file: D:\NOPPALIT\History\Saturn_Acc_Logs\IPC1_20250811_113811.csv
2025-08-11 11:48:10 | INFO     | __main__             | _import_rows_to_db   | Imported 60 rows to database
2025-08-11 11:48:10 | INFO     | __main__             | _delete_file         | Successfully deleted file: D:\NOPPALIT\History\Saturn_Acc_Logs\IPC1_20250811_113933.csv
2025-08-11 11:48:10 | INFO     | __main__             | _import_rows_to_db   | Imported 60 rows to database
2025-08-11 11:48:10 | INFO     | __main__             | _delete_file         | Successfully deleted file: D:\NOPPALIT\History\Saturn_Acc_Logs\IPC1_20250811_114056.csv
2025-08-11 11:48:10 | INFO     | __main__             | _import_rows_to_db   | Imported 11 rows to database
2025-08-11 11:48:10 | INFO     | __main__             | _delete_file         | Successfully deleted file: D:\NOPPALIT\History\Saturn_Acc_Logs\IPC1_20250811_114218.csv
2025-08-11 11:48:10 | INFO     | __main__             | _import_rows_to_db   | Imported 60 rows to database
2025-08-11 11:48:10 | INFO     | __main__             | _delete_file         | Successfully deleted file: D:\NOPPALIT\History\Saturn_Acc_Logs\IPC1_20250811_114340.csv
2025-08-11 11:53:10 | INFO     | __main__             | _import_rows_to_db   | Imported 60 rows to database
2025-08-11 11:53:10 | INFO     | __main__             | _delete_file         | Successfully deleted file: D:\NOPPALIT\History\Saturn_Acc_Logs\IPC1_20250811_114503.csv
2025-08-11 11:53:10 | INFO     | __main__             | _import_rows_to_db   | Imported 60 rows to database
2025-08-11 11:53:10 | INFO     | __main__             | _delete_file         | Successfully deleted file: D:\NOPPALIT\History\Saturn_Acc_Logs\IPC1_20250811_114625.csv
2025-08-11 11:53:11 | INFO     | __main__             | _import_rows_to_db   | Imported 60 rows to database
2025-08-11 11:53:11 | INFO     | __main__             | _delete_file         | Successfully deleted file: D:\NOPPALIT\History\Saturn_Acc_Logs\IPC1_20250811_114748.csv
2025-08-11 11:53:11 | INFO     | __main__             | _import_rows_to_db   | Imported 60 rows to database
2025-08-11 11:53:11 | INFO     | __main__             | _delete_file         | Successfully deleted file: D:\NOPPALIT\History\Saturn_Acc_Logs\IPC1_20250811_114910.csv
2025-08-11 11:58:11 | INFO     | __main__             | _import_rows_to_db   | Imported 60 rows to database
2025-08-11 11:58:11 | INFO     | __main__             | _delete_file         | Successfully deleted file: D:\NOPPALIT\History\Saturn_Acc_Logs\IPC1_20250811_115033.csv
2025-08-11 11:58:11 | INFO     | __main__             | _import_rows_to_db   | Imported 13 rows to database
2025-08-11 11:58:11 | INFO     | __main__             | _delete_file         | Successfully deleted file: D:\NOPPALIT\History\Saturn_Acc_Logs\IPC1_20250811_115155.csv
2025-08-11 11:58:11 | INFO     | __main__             | _import_rows_to_db   | Imported 30 rows to database
2025-08-11 11:58:11 | INFO     | __main__             | _delete_file         | Successfully deleted file: D:\NOPPALIT\History\Saturn_Acc_Logs\IPC1_20250811_115816.csv
2025-08-11 11:58:11 | INFO     | __main__             | _import_rows_to_db   | Imported 30 rows to database
2025-08-11 11:58:11 | INFO     | __main__             | _delete_file         | Successfully deleted file: D:\NOPPALIT\History\Saturn_Acc_Logs\IPC1_20250811_115855.csv
2025-08-11 12:04:11 | INFO     | __main__             | _import_rows_to_db   | Imported 30 rows to database
2025-08-11 12:04:11 | INFO     | __main__             | _delete_file         | Successfully deleted file: D:\NOPPALIT\History\Saturn_Acc_Logs\IPC1_20250811_115637.csv
2025-08-11 12:04:11 | INFO     | __main__             | _import_rows_to_db   | Imported 30 rows to database
2025-08-11 12:04:11 | INFO     | __main__             | _delete_file         | Successfully deleted file: D:\NOPPALIT\History\Saturn_Acc_Logs\IPC1_20250811_115710.csv
2025-08-11 12:04:11 | INFO     | __main__             | _import_rows_to_db   | Imported 30 rows to database
2025-08-11 12:04:11 | INFO     | __main__             | _delete_file         | Successfully deleted file: D:\NOPPALIT\History\Saturn_Acc_Logs\IPC1_20250811_115743.csv
2025-08-11 12:04:11 | INFO     | __main__             | _import_rows_to_db   | Imported 30 rows to database
2025-08-11 12:04:11 | INFO     | __main__             | _delete_file         | Successfully deleted file: D:\NOPPALIT\History\Saturn_Acc_Logs\IPC1_20250811_115930.csv
2025-08-11 12:04:11 | INFO     | __main__             | _import_rows_to_db   | Imported 30 rows to database
2025-08-11 12:04:11 | INFO     | __main__             | _delete_file         | Successfully deleted file: D:\NOPPALIT\History\Saturn_Acc_Logs\IPC1_20250811_120003.csv
2025-08-11 12:04:11 | INFO     | __main__             | _import_rows_to_db   | Imported 30 rows to database
2025-08-11 12:04:11 | INFO     | __main__             | _delete_file         | Successfully deleted file: D:\NOPPALIT\History\Saturn_Acc_Logs\IPC1_20250811_120037.csv
2025-08-11 12:04:11 | INFO     | __main__             | _import_rows_to_db   | Imported 30 rows to database
2025-08-11 12:04:11 | INFO     | __main__             | _delete_file         | Successfully deleted file: D:\NOPPALIT\History\Saturn_Acc_Logs\IPC1_20250811_120110.csv
2025-08-11 12:04:11 | INFO     | __main__             | _import_rows_to_db   | Imported 30 rows to database
2025-08-11 12:04:11 | INFO     | __main__             | _delete_file         | Successfully deleted file: D:\NOPPALIT\History\Saturn_Acc_Logs\IPC1_20250811_120322.csv
2025-08-11 12:04:11 | INFO     | __main__             | _import_rows_to_db   | Imported 30 rows to database
2025-08-11 12:04:11 | INFO     | __main__             | _delete_file         | Successfully deleted file: D:\NOPPALIT\History\Saturn_Acc_Logs\IPC1_20250811_120355.csv
2025-08-11 12:09:11 | INFO     | __main__             | _import_rows_to_db   | Imported 30 rows to database
2025-08-11 12:09:11 | INFO     | __main__             | _delete_file         | Successfully deleted file: D:\NOPPALIT\History\Saturn_Acc_Logs\IPC1_20250811_120143.csv
2025-08-11 12:09:11 | INFO     | __main__             | _import_rows_to_db   | Imported 30 rows to database
2025-08-11 12:09:11 | INFO     | __main__             | _delete_file         | Successfully deleted file: D:\NOPPALIT\History\Saturn_Acc_Logs\IPC1_20250811_120216.csv
2025-08-11 12:09:11 | INFO     | __main__             | _import_rows_to_db   | Imported 30 rows to database
2025-08-11 12:09:11 | INFO     | __main__             | _delete_file         | Successfully deleted file: D:\NOPPALIT\History\Saturn_Acc_Logs\IPC1_20250811_120249.csv
2025-08-11 12:09:11 | INFO     | __main__             | _import_rows_to_db   | Imported 30 rows to database
2025-08-11 12:09:11 | INFO     | __main__             | _delete_file         | Successfully deleted file: D:\NOPPALIT\History\Saturn_Acc_Logs\IPC1_20250811_120428.csv
2025-08-11 12:09:11 | INFO     | __main__             | _import_rows_to_db   | Imported 30 rows to database
2025-08-11 12:09:11 | INFO     | __main__             | _delete_file         | Successfully deleted file: D:\NOPPALIT\History\Saturn_Acc_Logs\IPC1_20250811_120501.csv
2025-08-11 12:09:11 | INFO     | __main__             | _import_rows_to_db   | Imported 30 rows to database
2025-08-11 12:09:11 | INFO     | __main__             | _delete_file         | Successfully deleted file: D:\NOPPALIT\History\Saturn_Acc_Logs\IPC1_20250811_120534.csv
2025-08-11 12:09:11 | INFO     | __main__             | _import_rows_to_db   | Imported 30 rows to database
2025-08-11 12:09:11 | INFO     | __main__             | _delete_file         | Successfully deleted file: D:\NOPPALIT\History\Saturn_Acc_Logs\IPC1_20250811_120607.csv
2025-08-11 12:09:11 | INFO     | __main__             | _import_rows_to_db   | Imported 30 rows to database
2025-08-11 12:09:11 | INFO     | __main__             | _delete_file         | Successfully deleted file: D:\NOPPALIT\History\Saturn_Acc_Logs\IPC1_20250811_120640.csv
2025-08-11 12:09:11 | INFO     | __main__             | _import_rows_to_db   | Imported 30 rows to database
2025-08-11 12:09:11 | INFO     | __main__             | _delete_file         | Successfully deleted file: D:\NOPPALIT\History\Saturn_Acc_Logs\IPC1_20250811_120853.csv
2025-08-11 12:14:11 | INFO     | __main__             | _import_rows_to_db   | Imported 30 rows to database
2025-08-11 12:14:11 | INFO     | __main__             | _delete_file         | Successfully deleted file: D:\NOPPALIT\History\Saturn_Acc_Logs\IPC1_20250811_120713.csv
2025-08-11 12:14:11 | INFO     | __main__             | _import_rows_to_db   | Imported 30 rows to database
2025-08-11 12:14:11 | INFO     | __main__             | _delete_file         | Successfully deleted file: D:\NOPPALIT\History\Saturn_Acc_Logs\IPC1_20250811_120747.csv
2025-08-11 12:14:11 | INFO     | __main__             | _import_rows_to_db   | Imported 30 rows to database
2025-08-11 12:14:11 | INFO     | __main__             | _delete_file         | Successfully deleted file: D:\NOPPALIT\History\Saturn_Acc_Logs\IPC1_20250811_120820.csv
2025-08-11 12:14:11 | INFO     | __main__             | _import_rows_to_db   | Imported 30 rows to database
2025-08-11 12:14:11 | INFO     | __main__             | _delete_file         | Successfully deleted file: D:\NOPPALIT\History\Saturn_Acc_Logs\IPC1_20250811_120926.csv
2025-08-11 12:14:11 | INFO     | __main__             | _import_rows_to_db   | Imported 30 rows to database
2025-08-11 12:14:11 | INFO     | __main__             | _delete_file         | Successfully deleted file: D:\NOPPALIT\History\Saturn_Acc_Logs\IPC1_20250811_120959.csv
2025-08-11 12:14:11 | INFO     | __main__             | _import_rows_to_db   | Imported 30 rows to database
2025-08-11 12:14:11 | INFO     | __main__             | _delete_file         | Successfully deleted file: D:\NOPPALIT\History\Saturn_Acc_Logs\IPC1_20250811_121032.csv
2025-08-11 12:14:11 | INFO     | __main__             | _import_rows_to_db   | Imported 30 rows to database
2025-08-11 12:14:11 | INFO     | __main__             | _delete_file         | Successfully deleted file: D:\NOPPALIT\History\Saturn_Acc_Logs\IPC1_20250811_121105.csv
2025-08-11 12:14:11 | INFO     | __main__             | _import_rows_to_db   | Imported 30 rows to database
2025-08-11 12:14:11 | INFO     | __main__             | _delete_file         | Successfully deleted file: D:\NOPPALIT\History\Saturn_Acc_Logs\IPC1_20250811_121138.csv
2025-08-11 12:14:11 | INFO     | __main__             | _import_rows_to_db   | Imported 30 rows to database
2025-08-11 12:14:11 | INFO     | __main__             | _delete_file         | Successfully deleted file: D:\NOPPALIT\History\Saturn_Acc_Logs\IPC1_20250811_121350.csv
2025-08-11 12:14:11 | INFO     | __main__             | _import_rows_to_db   | Imported 30 rows to database
2025-08-11 12:14:11 | INFO     | __main__             | _delete_file         | Successfully deleted file: D:\NOPPALIT\History\Saturn_Acc_Logs\IPC1_20250811_121423.csv
2025-08-11 12:19:11 | INFO     | __main__             | _import_rows_to_db   | Imported 30 rows to database
2025-08-11 12:19:11 | INFO     | __main__             | _delete_file         | Successfully deleted file: D:\NOPPALIT\History\Saturn_Acc_Logs\IPC1_20250811_121211.csv
2025-08-11 12:19:11 | INFO     | __main__             | _import_rows_to_db   | Imported 30 rows to database
2025-08-11 12:19:11 | INFO     | __main__             | _delete_file         | Successfully deleted file: D:\NOPPALIT\History\Saturn_Acc_Logs\IPC1_20250811_121244.csv
2025-08-11 12:19:11 | INFO     | __main__             | _import_rows_to_db   | Imported 30 rows to database
2025-08-11 12:19:11 | INFO     | __main__             | _delete_file         | Successfully deleted file: D:\NOPPALIT\History\Saturn_Acc_Logs\IPC1_20250811_121317.csv
2025-08-11 12:19:11 | INFO     | __main__             | _import_rows_to_db   | Imported 30 rows to database
2025-08-11 12:19:11 | INFO     | __main__             | _delete_file         | Successfully deleted file: D:\NOPPALIT\History\Saturn_Acc_Logs\IPC1_20250811_121456.csv
2025-08-11 12:19:11 | INFO     | __main__             | _import_rows_to_db   | Imported 30 rows to database
2025-08-11 12:19:11 | INFO     | __main__             | _delete_file         | Successfully deleted file: D:\NOPPALIT\History\Saturn_Acc_Logs\IPC1_20250811_121530.csv
2025-08-11 12:19:11 | INFO     | __main__             | _import_rows_to_db   | Imported 30 rows to database
2025-08-11 12:19:11 | INFO     | __main__             | _delete_file         | Successfully deleted file: D:\NOPPALIT\History\Saturn_Acc_Logs\IPC1_20250811_121603.csv
2025-08-11 12:19:11 | INFO     | __main__             | _import_rows_to_db   | Imported 30 rows to database
2025-08-11 12:19:11 | INFO     | __main__             | _delete_file         | Successfully deleted file: D:\NOPPALIT\History\Saturn_Acc_Logs\IPC1_20250811_121636.csv
2025-08-11 12:19:11 | INFO     | __main__             | _import_rows_to_db   | Imported 30 rows to database
2025-08-11 12:19:11 | INFO     | __main__             | _delete_file         | Successfully deleted file: D:\NOPPALIT\History\Saturn_Acc_Logs\IPC1_20250811_121709.csv
2025-08-11 12:19:11 | INFO     | __main__             | _import_rows_to_db   | Imported 30 rows to database
2025-08-11 12:19:11 | INFO     | __main__             | _delete_file         | Successfully deleted file: D:\NOPPALIT\History\Saturn_Acc_Logs\IPC1_20250811_121848.csv
2025-08-11 12:19:11 | INFO     | __main__             | _import_rows_to_db   | Imported 30 rows to database
2025-08-11 12:19:11 | INFO     | __main__             | _delete_file         | Successfully deleted file: D:\NOPPALIT\History\Saturn_Acc_Logs\IPC1_20250811_121921.csv
2025-08-11 12:24:11 | INFO     | __main__             | _import_rows_to_db   | Imported 30 rows to database
2025-08-11 12:24:11 | INFO     | __main__             | _delete_file         | Successfully deleted file: D:\NOPPALIT\History\Saturn_Acc_Logs\IPC1_20250811_121742.csv
2025-08-11 12:24:11 | INFO     | __main__             | _import_rows_to_db   | Imported 30 rows to database
2025-08-11 12:24:11 | INFO     | __main__             | _delete_file         | Successfully deleted file: D:\NOPPALIT\History\Saturn_Acc_Logs\IPC1_20250811_121815.csv
2025-08-11 12:24:11 | INFO     | __main__             | _import_rows_to_db   | Imported 30 rows to database
2025-08-11 12:24:11 | INFO     | __main__             | _delete_file         | Successfully deleted file: D:\NOPPALIT\History\Saturn_Acc_Logs\IPC1_20250811_121954.csv
2025-08-11 12:24:11 | INFO     | __main__             | _import_rows_to_db   | Imported 30 rows to database
2025-08-11 12:24:11 | INFO     | __main__             | _delete_file         | Successfully deleted file: D:\NOPPALIT\History\Saturn_Acc_Logs\IPC1_20250811_122027.csv
2025-08-11 12:24:11 | INFO     | __main__             | _import_rows_to_db   | Imported 30 rows to database
2025-08-11 12:24:11 | INFO     | __main__             | _delete_file         | Successfully deleted file: D:\NOPPALIT\History\Saturn_Acc_Logs\IPC1_20250811_122100.csv
2025-08-11 12:24:11 | INFO     | __main__             | _import_rows_to_db   | Imported 30 rows to database
2025-08-11 12:24:11 | INFO     | __main__             | _delete_file         | Successfully deleted file: D:\NOPPALIT\History\Saturn_Acc_Logs\IPC1_20250811_122133.csv
2025-08-11 12:24:11 | INFO     | __main__             | _import_rows_to_db   | Imported 30 rows to database
2025-08-11 12:24:11 | INFO     | __main__             | _delete_file         | Successfully deleted file: D:\NOPPALIT\History\Saturn_Acc_Logs\IPC1_20250811_122206.csv
2025-08-11 12:24:11 | INFO     | __main__             | _import_rows_to_db   | Imported 30 rows to database
2025-08-11 12:24:11 | INFO     | __main__             | _delete_file         | Successfully deleted file: D:\NOPPALIT\History\Saturn_Acc_Logs\IPC1_20250811_122419.csv
2025-08-11 12:29:12 | INFO     | __main__             | _import_rows_to_db   | Imported 30 rows to database
2025-08-11 12:29:12 | INFO     | __main__             | _delete_file         | Successfully deleted file: D:\NOPPALIT\History\Saturn_Acc_Logs\IPC1_20250811_122239.csv
2025-08-11 12:29:12 | INFO     | __main__             | _import_rows_to_db   | Imported 30 rows to database
2025-08-11 12:29:12 | INFO     | __main__             | _delete_file         | Successfully deleted file: D:\NOPPALIT\History\Saturn_Acc_Logs\IPC1_20250811_122312.csv
2025-08-11 12:29:12 | INFO     | __main__             | _import_rows_to_db   | Imported 30 rows to database
2025-08-11 12:29:12 | INFO     | __main__             | _delete_file         | Successfully deleted file: D:\NOPPALIT\History\Saturn_Acc_Logs\IPC1_20250811_122345.csv
2025-08-11 12:29:12 | INFO     | __main__             | _import_rows_to_db   | Imported 30 rows to database
2025-08-11 12:29:12 | INFO     | __main__             | _delete_file         | Successfully deleted file: D:\NOPPALIT\History\Saturn_Acc_Logs\IPC1_20250811_122452.csv
2025-08-11 12:29:12 | INFO     | __main__             | _import_rows_to_db   | Imported 30 rows to database
2025-08-11 12:29:12 | INFO     | __main__             | _delete_file         | Successfully deleted file: D:\NOPPALIT\History\Saturn_Acc_Logs\IPC1_20250811_122525.csv
2025-08-11 12:29:12 | INFO     | __main__             | _import_rows_to_db   | Imported 30 rows to database
2025-08-11 12:29:12 | INFO     | __main__             | _delete_file         | Successfully deleted file: D:\NOPPALIT\History\Saturn_Acc_Logs\IPC1_20250811_122558.csv
2025-08-11 12:29:12 | INFO     | __main__             | _import_rows_to_db   | Imported 30 rows to database
2025-08-11 12:29:12 | INFO     | __main__             | _delete_file         | Successfully deleted file: D:\NOPPALIT\History\Saturn_Acc_Logs\IPC1_20250811_122631.csv
2025-08-11 12:29:12 | INFO     | __main__             | _import_rows_to_db   | Imported 30 rows to database
2025-08-11 12:29:12 | INFO     | __main__             | _delete_file         | Successfully deleted file: D:\NOPPALIT\History\Saturn_Acc_Logs\IPC1_20250811_122704.csv
2025-08-11 12:29:12 | INFO     | __main__             | _import_rows_to_db   | Imported 30 rows to database
2025-08-11 12:29:12 | INFO     | __main__             | _delete_file         | Successfully deleted file: D:\NOPPALIT\History\Saturn_Acc_Logs\IPC1_20250811_122916.csv
2025-08-11 12:29:12 | INFO     | __main__             | _import_rows_to_db   | Imported 30 rows to database
2025-08-11 12:29:12 | INFO     | __main__             | _delete_file         | Successfully deleted file: D:\NOPPALIT\History\Saturn_Acc_Logs\IPC1_20250811_122949.csv
2025-08-11 12:35:12 | INFO     | __main__             | _import_rows_to_db   | Imported 30 rows to database
2025-08-11 12:35:12 | INFO     | __main__             | _delete_file         | Successfully deleted file: D:\NOPPALIT\History\Saturn_Acc_Logs\IPC1_20250811_122737.csv
2025-08-11 12:35:12 | INFO     | __main__             | _import_rows_to_db   | Imported 30 rows to database
2025-08-11 12:35:12 | INFO     | __main__             | _delete_file         | Successfully deleted file: D:\NOPPALIT\History\Saturn_Acc_Logs\IPC1_20250811_122810.csv
2025-08-11 12:35:12 | INFO     | __main__             | _import_rows_to_db   | Imported 30 rows to database
2025-08-11 12:35:12 | INFO     | __main__             | _delete_file         | Successfully deleted file: D:\NOPPALIT\History\Saturn_Acc_Logs\IPC1_20250811_122843.csv
2025-08-11 12:35:12 | INFO     | __main__             | _import_rows_to_db   | Imported 30 rows to database
2025-08-11 12:35:12 | INFO     | __main__             | _delete_file         | Successfully deleted file: D:\NOPPALIT\History\Saturn_Acc_Logs\IPC1_20250811_123022.csv
2025-08-11 12:35:12 | INFO     | __main__             | _import_rows_to_db   | Imported 30 rows to database
2025-08-11 12:35:12 | INFO     | __main__             | _delete_file         | Successfully deleted file: D:\NOPPALIT\History\Saturn_Acc_Logs\IPC1_20250811_123055.csv
2025-08-11 12:35:12 | INFO     | __main__             | _import_rows_to_db   | Imported 30 rows to database
2025-08-11 12:35:12 | INFO     | __main__             | _delete_file         | Successfully deleted file: D:\NOPPALIT\History\Saturn_Acc_Logs\IPC1_20250811_123128.csv
2025-08-11 12:35:12 | INFO     | __main__             | _import_rows_to_db   | Imported 30 rows to database
2025-08-11 12:35:12 | INFO     | __main__             | _delete_file         | Successfully deleted file: D:\NOPPALIT\History\Saturn_Acc_Logs\IPC1_20250811_123201.csv
2025-08-11 12:35:12 | INFO     | __main__             | _import_rows_to_db   | Imported 30 rows to database
2025-08-11 12:35:12 | INFO     | __main__             | _delete_file         | Successfully deleted file: D:\NOPPALIT\History\Saturn_Acc_Logs\IPC1_20250811_123234.csv
2025-08-11 12:35:12 | INFO     | __main__             | _import_rows_to_db   | Imported 30 rows to database
2025-08-11 12:35:12 | INFO     | __main__             | _delete_file         | Successfully deleted file: D:\NOPPALIT\History\Saturn_Acc_Logs\IPC1_20250811_123413.csv
2025-08-11 12:35:12 | INFO     | __main__             | _import_rows_to_db   | Imported 30 rows to database
2025-08-11 12:35:12 | INFO     | __main__             | _delete_file         | Successfully deleted file: D:\NOPPALIT\History\Saturn_Acc_Logs\IPC1_20250811_123446.csv
2025-08-11 12:40:12 | INFO     | __main__             | _import_rows_to_db   | Imported 30 rows to database
2025-08-11 12:40:12 | INFO     | __main__             | _delete_file         | Successfully deleted file: D:\NOPPALIT\History\Saturn_Acc_Logs\IPC1_20250811_123307.csv
2025-08-11 12:40:12 | INFO     | __main__             | _import_rows_to_db   | Imported 30 rows to database
2025-08-11 12:40:12 | INFO     | __main__             | _delete_file         | Successfully deleted file: D:\NOPPALIT\History\Saturn_Acc_Logs\IPC1_20250811_123340.csv
2025-08-11 12:40:12 | INFO     | __main__             | _import_rows_to_db   | Imported 30 rows to database
2025-08-11 12:40:12 | INFO     | __main__             | _delete_file         | Successfully deleted file: D:\NOPPALIT\History\Saturn_Acc_Logs\IPC1_20250811_123520.csv
2025-08-11 12:40:12 | INFO     | __main__             | _import_rows_to_db   | Imported 30 rows to database
2025-08-11 12:40:12 | INFO     | __main__             | _delete_file         | Successfully deleted file: D:\NOPPALIT\History\Saturn_Acc_Logs\IPC1_20250811_123553.csv
2025-08-11 12:40:12 | INFO     | __main__             | _import_rows_to_db   | Imported 30 rows to database
2025-08-11 12:40:12 | INFO     | __main__             | _delete_file         | Successfully deleted file: D:\NOPPALIT\History\Saturn_Acc_Logs\IPC1_20250811_123626.csv
2025-08-11 12:40:12 | INFO     | __main__             | _import_rows_to_db   | Imported 30 rows to database
2025-08-11 12:40:12 | INFO     | __main__             | _delete_file         | Successfully deleted file: D:\NOPPALIT\History\Saturn_Acc_Logs\IPC1_20250811_123659.csv
2025-08-11 12:40:12 | INFO     | __main__             | _import_rows_to_db   | Imported 30 rows to database
2025-08-11 12:40:12 | INFO     | __main__             | _delete_file         | Successfully deleted file: D:\NOPPALIT\History\Saturn_Acc_Logs\IPC1_20250811_123732.csv
2025-08-11 12:40:12 | INFO     | __main__             | _import_rows_to_db   | Imported 30 rows to database
2025-08-11 12:40:12 | INFO     | __main__             | _delete_file         | Successfully deleted file: D:\NOPPALIT\History\Saturn_Acc_Logs\IPC1_20250811_123944.csv
2025-08-11 12:40:12 | INFO     | __main__             | _import_rows_to_db   | Imported 30 rows to database
2025-08-11 12:40:12 | INFO     | __main__             | _delete_file         | Successfully deleted file: D:\NOPPALIT\History\Saturn_Acc_Logs\IPC1_20250811_124017.csv
2025-08-11 12:45:12 | INFO     | __main__             | _import_rows_to_db   | Imported 30 rows to database
2025-08-11 12:45:12 | INFO     | __main__             | _delete_file         | Successfully deleted file: D:\NOPPALIT\History\Saturn_Acc_Logs\IPC1_20250811_123805.csv
2025-08-11 12:45:12 | INFO     | __main__             | _import_rows_to_db   | Imported 30 rows to database
2025-08-11 12:45:12 | INFO     | __main__             | _delete_file         | Successfully deleted file: D:\NOPPALIT\History\Saturn_Acc_Logs\IPC1_20250811_123838.csv
2025-08-11 12:45:12 | INFO     | __main__             | _import_rows_to_db   | Imported 30 rows to database
2025-08-11 12:45:12 | INFO     | __main__             | _delete_file         | Successfully deleted file: D:\NOPPALIT\History\Saturn_Acc_Logs\IPC1_20250811_123911.csv
2025-08-11 12:45:12 | INFO     | __main__             | _import_rows_to_db   | Imported 30 rows to database
2025-08-11 12:45:12 | INFO     | __main__             | _delete_file         | Successfully deleted file: D:\NOPPALIT\History\Saturn_Acc_Logs\IPC1_20250811_124050.csv
2025-08-11 12:45:12 | INFO     | __main__             | _import_rows_to_db   | Imported 30 rows to database
2025-08-11 12:45:12 | INFO     | __main__             | _delete_file         | Successfully deleted file: D:\NOPPALIT\History\Saturn_Acc_Logs\IPC1_20250811_124124.csv
2025-08-11 12:45:12 | INFO     | __main__             | _import_rows_to_db   | Imported 30 rows to database
2025-08-11 12:45:12 | INFO     | __main__             | _delete_file         | Successfully deleted file: D:\NOPPALIT\History\Saturn_Acc_Logs\IPC1_20250811_124157.csv
2025-08-11 12:45:12 | INFO     | __main__             | _import_rows_to_db   | Imported 30 rows to database
2025-08-11 12:45:12 | INFO     | __main__             | _delete_file         | Successfully deleted file: D:\NOPPALIT\History\Saturn_Acc_Logs\IPC1_20250811_124230.csv
2025-08-11 12:45:12 | INFO     | __main__             | _import_rows_to_db   | Imported 30 rows to database
2025-08-11 12:45:12 | INFO     | __main__             | _delete_file         | Successfully deleted file: D:\NOPPALIT\History\Saturn_Acc_Logs\IPC1_20250811_124442.csv
2025-08-11 12:45:12 | INFO     | __main__             | _import_rows_to_db   | Imported 30 rows to database
2025-08-11 12:45:12 | INFO     | __main__             | _delete_file         | Successfully deleted file: D:\NOPPALIT\History\Saturn_Acc_Logs\IPC1_20250811_124515.csv
2025-08-11 12:50:12 | INFO     | __main__             | _import_rows_to_db   | Imported 30 rows to database
2025-08-11 12:50:12 | INFO     | __main__             | _delete_file         | Successfully deleted file: D:\NOPPALIT\History\Saturn_Acc_Logs\IPC1_20250811_124303.csv
2025-08-11 12:50:12 | INFO     | __main__             | _import_rows_to_db   | Imported 30 rows to database
2025-08-11 12:50:12 | INFO     | __main__             | _delete_file         | Successfully deleted file: D:\NOPPALIT\History\Saturn_Acc_Logs\IPC1_20250811_124336.csv
2025-08-11 12:50:12 | INFO     | __main__             | _import_rows_to_db   | Imported 30 rows to database
2025-08-11 12:50:12 | INFO     | __main__             | _delete_file         | Successfully deleted file: D:\NOPPALIT\History\Saturn_Acc_Logs\IPC1_20250811_124409.csv
2025-08-11 12:50:12 | INFO     | __main__             | _import_rows_to_db   | Imported 30 rows to database
2025-08-11 12:50:12 | INFO     | __main__             | _delete_file         | Successfully deleted file: D:\NOPPALIT\History\Saturn_Acc_Logs\IPC1_20250811_124548.csv
2025-08-11 12:50:12 | INFO     | __main__             | _import_rows_to_db   | Imported 30 rows to database
2025-08-11 12:50:12 | INFO     | __main__             | _delete_file         | Successfully deleted file: D:\NOPPALIT\History\Saturn_Acc_Logs\IPC1_20250811_124621.csv
2025-08-11 12:50:12 | INFO     | __main__             | _import_rows_to_db   | Imported 30 rows to database
2025-08-11 12:50:12 | INFO     | __main__             | _delete_file         | Successfully deleted file: D:\NOPPALIT\History\Saturn_Acc_Logs\IPC1_20250811_124654.csv
2025-08-11 12:50:12 | INFO     | __main__             | _import_rows_to_db   | Imported 30 rows to database
2025-08-11 12:50:12 | INFO     | __main__             | _delete_file         | Successfully deleted file: D:\NOPPALIT\History\Saturn_Acc_Logs\IPC1_20250811_124727.csv
2025-08-11 12:50:12 | INFO     | __main__             | _import_rows_to_db   | Imported 30 rows to database
2025-08-11 12:50:12 | INFO     | __main__             | _delete_file         | Successfully deleted file: D:\NOPPALIT\History\Saturn_Acc_Logs\IPC1_20250811_124800.csv
2025-08-11 12:50:12 | INFO     | __main__             | _import_rows_to_db   | Imported 30 rows to database
2025-08-11 12:50:12 | INFO     | __main__             | _delete_file         | Successfully deleted file: D:\NOPPALIT\History\Saturn_Acc_Logs\IPC1_20250811_125012.csv
2025-08-11 12:55:12 | INFO     | __main__             | _import_rows_to_db   | Imported 30 rows to database
2025-08-11 12:55:12 | INFO     | __main__             | _delete_file         | Successfully deleted file: D:\NOPPALIT\History\Saturn_Acc_Logs\IPC1_20250811_124833.csv
2025-08-11 12:55:12 | INFO     | __main__             | _import_rows_to_db   | Imported 30 rows to database
2025-08-11 12:55:12 | INFO     | __main__             | _delete_file         | Successfully deleted file: D:\NOPPALIT\History\Saturn_Acc_Logs\IPC1_20250811_124906.csv
2025-08-11 12:55:12 | INFO     | __main__             | _import_rows_to_db   | Imported 30 rows to database
2025-08-11 12:55:12 | INFO     | __main__             | _delete_file         | Successfully deleted file: D:\NOPPALIT\History\Saturn_Acc_Logs\IPC1_20250811_124939.csv
2025-08-11 12:55:12 | INFO     | __main__             | _import_rows_to_db   | Imported 30 rows to database
2025-08-11 12:55:12 | INFO     | __main__             | _delete_file         | Successfully deleted file: D:\NOPPALIT\History\Saturn_Acc_Logs\IPC1_20250811_125045.csv
2025-08-11 12:55:12 | INFO     | __main__             | _import_rows_to_db   | Imported 30 rows to database
2025-08-11 12:55:12 | INFO     | __main__             | _delete_file         | Successfully deleted file: D:\NOPPALIT\History\Saturn_Acc_Logs\IPC1_20250811_125119.csv
2025-08-11 12:55:12 | INFO     | __main__             | _import_rows_to_db   | Imported 30 rows to database
2025-08-11 12:55:12 | INFO     | __main__             | _delete_file         | Successfully deleted file: D:\NOPPALIT\History\Saturn_Acc_Logs\IPC1_20250811_125152.csv
2025-08-11 12:55:12 | INFO     | __main__             | _import_rows_to_db   | Imported 30 rows to database
2025-08-11 12:55:12 | INFO     | __main__             | _delete_file         | Successfully deleted file: D:\NOPPALIT\History\Saturn_Acc_Logs\IPC1_20250811_125225.csv
2025-08-11 12:55:12 | INFO     | __main__             | _import_rows_to_db   | Imported 30 rows to database
2025-08-11 12:55:12 | INFO     | __main__             | _delete_file         | Successfully deleted file: D:\NOPPALIT\History\Saturn_Acc_Logs\IPC1_20250811_125258.csv
2025-08-11 12:55:12 | INFO     | __main__             | _import_rows_to_db   | Imported 30 rows to database
2025-08-11 12:55:12 | INFO     | __main__             | _delete_file         | Successfully deleted file: D:\NOPPALIT\History\Saturn_Acc_Logs\IPC1_20250811_125510.csv
2025-08-11 12:55:12 | INFO     | __main__             | _import_rows_to_db   | Imported 30 rows to database
2025-08-11 12:55:12 | INFO     | __main__             | _delete_file         | Successfully deleted file: D:\NOPPALIT\History\Saturn_Acc_Logs\IPC1_20250811_125543.csv
2025-08-11 13:00:12 | INFO     | __main__             | _import_rows_to_db   | Imported 30 rows to database
2025-08-11 13:00:12 | INFO     | __main__             | _delete_file         | Successfully deleted file: D:\NOPPALIT\History\Saturn_Acc_Logs\IPC1_20250811_125331.csv
2025-08-11 13:00:12 | INFO     | __main__             | _import_rows_to_db   | Imported 30 rows to database
2025-08-11 13:00:12 | INFO     | __main__             | _delete_file         | Successfully deleted file: D:\NOPPALIT\History\Saturn_Acc_Logs\IPC1_20250811_125404.csv
2025-08-11 13:00:12 | INFO     | __main__             | _import_rows_to_db   | Imported 30 rows to database
2025-08-11 13:00:12 | INFO     | __main__             | _delete_file         | Successfully deleted file: D:\NOPPALIT\History\Saturn_Acc_Logs\IPC1_20250811_125437.csv
2025-08-11 13:00:12 | INFO     | __main__             | _import_rows_to_db   | Imported 30 rows to database
2025-08-11 13:00:12 | INFO     | __main__             | _delete_file         | Successfully deleted file: D:\NOPPALIT\History\Saturn_Acc_Logs\IPC1_20250811_125616.csv
2025-08-11 13:00:12 | INFO     | __main__             | _import_rows_to_db   | Imported 30 rows to database
2025-08-11 13:00:13 | INFO     | __main__             | _delete_file         | Successfully deleted file: D:\NOPPALIT\History\Saturn_Acc_Logs\IPC1_20250811_125649.csv
2025-08-11 13:00:13 | INFO     | __main__             | _import_rows_to_db   | Imported 30 rows to database
2025-08-11 13:00:13 | INFO     | __main__             | _delete_file         | Successfully deleted file: D:\NOPPALIT\History\Saturn_Acc_Logs\IPC1_20250811_125722.csv
2025-08-11 13:00:13 | INFO     | __main__             | _import_rows_to_db   | Imported 30 rows to database
2025-08-11 13:00:13 | INFO     | __main__             | _delete_file         | Successfully deleted file: D:\NOPPALIT\History\Saturn_Acc_Logs\IPC1_20250811_125755.csv
2025-08-11 13:00:13 | INFO     | __main__             | _import_rows_to_db   | Imported 30 rows to database
2025-08-11 13:00:13 | INFO     | __main__             | _delete_file         | Successfully deleted file: D:\NOPPALIT\History\Saturn_Acc_Logs\IPC1_20250811_125828.csv
2025-08-11 13:00:13 | INFO     | __main__             | _import_rows_to_db   | Imported 30 rows to database
2025-08-11 13:00:13 | INFO     | __main__             | _delete_file         | Successfully deleted file: D:\NOPPALIT\History\Saturn_Acc_Logs\IPC1_20250811_130007.csv
2025-08-11 13:00:13 | INFO     | __main__             | _import_rows_to_db   | Imported 30 rows to database
2025-08-11 13:00:13 | INFO     | __main__             | _delete_file         | Successfully deleted file: D:\NOPPALIT\History\Saturn_Acc_Logs\IPC1_20250811_130040.csv
2025-08-11 13:06:13 | INFO     | __main__             | _import_rows_to_db   | Imported 30 rows to database
2025-08-11 13:06:13 | INFO     | __main__             | _delete_file         | Successfully deleted file: D:\NOPPALIT\History\Saturn_Acc_Logs\IPC1_20250811_125901.csv
2025-08-11 13:06:13 | INFO     | __main__             | _import_rows_to_db   | Imported 30 rows to database
2025-08-11 13:06:13 | INFO     | __main__             | _delete_file         | Successfully deleted file: D:\NOPPALIT\History\Saturn_Acc_Logs\IPC1_20250811_125934.csv
2025-08-11 13:06:13 | INFO     | __main__             | _import_rows_to_db   | Imported 30 rows to database
2025-08-11 13:06:13 | INFO     | __main__             | _delete_file         | Successfully deleted file: D:\NOPPALIT\History\Saturn_Acc_Logs\IPC1_20250811_130113.csv
2025-08-11 13:06:13 | INFO     | __main__             | _import_rows_to_db   | Imported 30 rows to database
2025-08-11 13:06:13 | INFO     | __main__             | _delete_file         | Successfully deleted file: D:\NOPPALIT\History\Saturn_Acc_Logs\IPC1_20250811_130147.csv
2025-08-11 13:06:13 | INFO     | __main__             | _import_rows_to_db   | Imported 30 rows to database
2025-08-11 13:06:13 | INFO     | __main__             | _delete_file         | Successfully deleted file: D:\NOPPALIT\History\Saturn_Acc_Logs\IPC1_20250811_130220.csv
2025-08-11 13:06:13 | INFO     | __main__             | _import_rows_to_db   | Imported 30 rows to database
2025-08-11 13:06:13 | INFO     | __main__             | _delete_file         | Successfully deleted file: D:\NOPPALIT\History\Saturn_Acc_Logs\IPC1_20250811_130252.csv
2025-08-11 13:06:13 | INFO     | __main__             | _import_rows_to_db   | Imported 30 rows to database
2025-08-11 13:06:13 | INFO     | __main__             | _delete_file         | Successfully deleted file: D:\NOPPALIT\History\Saturn_Acc_Logs\IPC1_20250811_130326.csv
2025-08-11 13:06:13 | INFO     | __main__             | _import_rows_to_db   | Imported 30 rows to database
2025-08-11 13:06:13 | INFO     | __main__             | _delete_file         | Successfully deleted file: D:\NOPPALIT\History\Saturn_Acc_Logs\IPC1_20250811_130538.csv
2025-08-11 13:13:46 | INFO     | __main__             | _import_rows_to_db   | Imported 30 rows to database
2025-08-11 13:13:46 | INFO     | __main__             | _delete_file         | Successfully deleted file: D:\NOPPALIT\History\Saturn_Acc_Logs\IPC1_20250811_130359.csv
2025-08-11 13:13:46 | INFO     | __main__             | _import_rows_to_db   | Imported 30 rows to database
2025-08-11 13:13:46 | INFO     | __main__             | _delete_file         | Successfully deleted file: D:\NOPPALIT\History\Saturn_Acc_Logs\IPC1_20250811_130432.csv
2025-08-11 13:13:46 | INFO     | __main__             | _import_rows_to_db   | Imported 30 rows to database
2025-08-11 13:13:46 | INFO     | __main__             | _delete_file         | Successfully deleted file: D:\NOPPALIT\History\Saturn_Acc_Logs\IPC1_20250811_130505.csv
2025-08-11 13:13:46 | INFO     | __main__             | _import_rows_to_db   | Imported 30 rows to database
2025-08-11 13:13:46 | INFO     | __main__             | _delete_file         | Successfully deleted file: D:\NOPPALIT\History\Saturn_Acc_Logs\IPC1_20250811_130611.csv
2025-08-11 13:13:46 | INFO     | __main__             | _import_rows_to_db   | Imported 30 rows to database
2025-08-11 13:13:46 | INFO     | __main__             | _delete_file         | Successfully deleted file: D:\NOPPALIT\History\Saturn_Acc_Logs\IPC1_20250811_130644.csv
2025-08-11 13:13:46 | INFO     | __main__             | _import_rows_to_db   | Imported 30 rows to database
2025-08-11 13:13:46 | INFO     | __main__             | _delete_file         | Successfully deleted file: D:\NOPPALIT\History\Saturn_Acc_Logs\IPC1_20250811_130717.csv
2025-08-11 13:13:46 | INFO     | __main__             | _import_rows_to_db   | Imported 30 rows to database
2025-08-11 13:13:46 | INFO     | __main__             | _delete_file         | Successfully deleted file: D:\NOPPALIT\History\Saturn_Acc_Logs\IPC1_20250811_130750.csv
2025-08-11 13:13:46 | INFO     | __main__             | _import_rows_to_db   | Imported 30 rows to database
2025-08-11 13:13:46 | INFO     | __main__             | _delete_file         | Successfully deleted file: D:\NOPPALIT\History\Saturn_Acc_Logs\IPC1_20250811_130823.csv
2025-08-11 13:13:46 | INFO     | __main__             | _import_rows_to_db   | Imported 30 rows to database
2025-08-11 13:13:46 | INFO     | __main__             | _delete_file         | Successfully deleted file: D:\NOPPALIT\History\Saturn_Acc_Logs\IPC1_20250811_131035.csv
2025-08-11 13:13:46 | INFO     | __main__             | _import_rows_to_db   | Imported 30 rows to database
2025-08-11 13:13:46 | INFO     | __main__             | _delete_file         | Successfully deleted file: D:\NOPPALIT\History\Saturn_Acc_Logs\IPC1_20250811_131108.csv
2025-08-11 13:13:48 | INFO     | __main__             | start                | Service interrupted by user
2025-08-11 13:13:48 | INFO     | __main__             | close                | Connection pool closed
2025-08-11 13:13:48 | INFO     | __main__             | cleanup              | Service cleanup completed
