2025-08-20 15:59:36 | INFO     | __main__             | _load_config         | Configuration loaded from config.yaml
2025-08-20 15:59:36 | INFO     | __main__             | _init_connection_pool | Connection pool initialized successfully
2025-08-20 15:59:36 | INFO     | __main__             | __init__             | CSV source directory: D:\NOPPALIT\History\Saturn_Acc_Logs
2025-08-20 15:59:36 | INFO     | __main__             | __init__             | Export directory: D:\NOPPALIT\History\Saturn_Acc_Logs
2025-08-20 15:59:36 | INFO     | __main__             | init_db              | Database initialized successfully
2025-08-20 15:59:36 | INFO     | __main__             | start                | Starting CSV processing service every 1 minutes...
2025-08-20 15:59:36 | INFO     | __main__             | start                | CSV source directory: D:\NOPPALIT\History\Saturn_Acc_Logs
2025-08-20 15:59:36 | INFO     | __main__             | start                | Delete after export: True
2025-08-20 15:59:36 | ERROR    | __main__             | get_connection       | Database operation failed: syntax error at or near ")"
LINE 4: ) 
        ^

2025-08-20 15:59:36 | ERROR    | __main__             | _import_rows_to_db   | Failed to import rows to database: syntax error at or near ")"
LINE 4: ) 
        ^

2025-08-20 15:59:36 | ERROR    | __main__             | _process_single_csv  | Failed to process CSV file D:\NOPPALIT\History\Saturn_Acc_Logs\RP26_20250820_155047.csv: syntax error at or near ")"
LINE 4: ) 
        ^

2025-08-20 15:59:36 | ERROR    | __main__             | process_all_csv_files | Failed to process RP26_20250820_155047.csv: syntax error at or near ")"
LINE 4: ) 
        ^

2025-08-20 15:59:36 | ERROR    | __main__             | get_connection       | Database operation failed: syntax error at or near ")"
LINE 4: ) 
        ^

2025-08-20 15:59:36 | ERROR    | __main__             | _import_rows_to_db   | Failed to import rows to database: syntax error at or near ")"
LINE 4: ) 
        ^

2025-08-20 15:59:36 | ERROR    | __main__             | _process_single_csv  | Failed to process CSV file D:\NOPPALIT\History\Saturn_Acc_Logs\RP26_20250820_155122.csv: syntax error at or near ")"
LINE 4: ) 
        ^

2025-08-20 15:59:36 | ERROR    | __main__             | process_all_csv_files | Failed to process RP26_20250820_155122.csv: syntax error at or near ")"
LINE 4: ) 
        ^

2025-08-20 15:59:36 | ERROR    | __main__             | get_connection       | Database operation failed: syntax error at or near ")"
LINE 4: ) 
        ^

2025-08-20 15:59:36 | ERROR    | __main__             | _import_rows_to_db   | Failed to import rows to database: syntax error at or near ")"
LINE 4: ) 
        ^

2025-08-20 15:59:36 | ERROR    | __main__             | _process_single_csv  | Failed to process CSV file D:\NOPPALIT\History\Saturn_Acc_Logs\RP26_20250820_155157.csv: syntax error at or near ")"
LINE 4: ) 
        ^

2025-08-20 15:59:36 | ERROR    | __main__             | process_all_csv_files | Failed to process RP26_20250820_155157.csv: syntax error at or near ")"
LINE 4: ) 
        ^

2025-08-20 15:59:36 | ERROR    | __main__             | get_connection       | Database operation failed: syntax error at or near ")"
LINE 4: ) 
        ^

2025-08-20 15:59:36 | ERROR    | __main__             | _import_rows_to_db   | Failed to import rows to database: syntax error at or near ")"
LINE 4: ) 
        ^

2025-08-20 15:59:36 | ERROR    | __main__             | _process_single_csv  | Failed to process CSV file D:\NOPPALIT\History\Saturn_Acc_Logs\RP26_20250820_155232.csv: syntax error at or near ")"
LINE 4: ) 
        ^

2025-08-20 15:59:36 | ERROR    | __main__             | process_all_csv_files | Failed to process RP26_20250820_155232.csv: syntax error at or near ")"
LINE 4: ) 
        ^

2025-08-20 15:59:36 | ERROR    | __main__             | get_connection       | Database operation failed: syntax error at or near ")"
LINE 4: ) 
        ^

2025-08-20 15:59:36 | ERROR    | __main__             | _import_rows_to_db   | Failed to import rows to database: syntax error at or near ")"
LINE 4: ) 
        ^

2025-08-20 15:59:36 | ERROR    | __main__             | _process_single_csv  | Failed to process CSV file D:\NOPPALIT\History\Saturn_Acc_Logs\RP26_20250820_155307.csv: syntax error at or near ")"
LINE 4: ) 
        ^

2025-08-20 15:59:36 | ERROR    | __main__             | process_all_csv_files | Failed to process RP26_20250820_155307.csv: syntax error at or near ")"
LINE 4: ) 
        ^

2025-08-20 15:59:36 | ERROR    | __main__             | get_connection       | Database operation failed: syntax error at or near ")"
LINE 4: ) 
        ^

2025-08-20 15:59:36 | ERROR    | __main__             | _import_rows_to_db   | Failed to import rows to database: syntax error at or near ")"
LINE 4: ) 
        ^

2025-08-20 15:59:36 | ERROR    | __main__             | _process_single_csv  | Failed to process CSV file D:\NOPPALIT\History\Saturn_Acc_Logs\RP26_20250820_155341.csv: syntax error at or near ")"
LINE 4: ) 
        ^

2025-08-20 15:59:36 | ERROR    | __main__             | process_all_csv_files | Failed to process RP26_20250820_155341.csv: syntax error at or near ")"
LINE 4: ) 
        ^

2025-08-20 15:59:36 | ERROR    | __main__             | get_connection       | Database operation failed: syntax error at or near ")"
LINE 4: ) 
        ^

2025-08-20 15:59:36 | ERROR    | __main__             | _import_rows_to_db   | Failed to import rows to database: syntax error at or near ")"
LINE 4: ) 
        ^

2025-08-20 15:59:36 | ERROR    | __main__             | _process_single_csv  | Failed to process CSV file D:\NOPPALIT\History\Saturn_Acc_Logs\RP26_20250820_155416.csv: syntax error at or near ")"
LINE 4: ) 
        ^

2025-08-20 15:59:36 | ERROR    | __main__             | process_all_csv_files | Failed to process RP26_20250820_155416.csv: syntax error at or near ")"
LINE 4: ) 
        ^

2025-08-20 15:59:36 | ERROR    | __main__             | get_connection       | Database operation failed: syntax error at or near ")"
LINE 4: ) 
        ^

2025-08-20 15:59:36 | ERROR    | __main__             | _import_rows_to_db   | Failed to import rows to database: syntax error at or near ")"
LINE 4: ) 
        ^

2025-08-20 15:59:36 | ERROR    | __main__             | _process_single_csv  | Failed to process CSV file D:\NOPPALIT\History\Saturn_Acc_Logs\RP26_20250820_155451.csv: syntax error at or near ")"
LINE 4: ) 
        ^

2025-08-20 15:59:36 | ERROR    | __main__             | process_all_csv_files | Failed to process RP26_20250820_155451.csv: syntax error at or near ")"
LINE 4: ) 
        ^

2025-08-20 16:01:12 | INFO     | __main__             | _delete_file         | Successfully deleted file: D:\NOPPALIT\History\Saturn_Acc_Logs\IPC1_20250820_155710.csv
2025-08-20 16:01:12 | INFO     | __main__             | _delete_file         | Successfully deleted file: D:\NOPPALIT\History\Saturn_Acc_Logs\IPC1_20250820_155719.csv
2025-08-20 16:01:12 | ERROR    | __main__             | get_connection       | Database operation failed: syntax error at or near ")"
LINE 4: ) 
        ^

2025-08-20 16:01:12 | ERROR    | __main__             | _import_rows_to_db   | Failed to import rows to database: syntax error at or near ")"
LINE 4: ) 
        ^

2025-08-20 16:01:12 | ERROR    | __main__             | _process_single_csv  | Failed to process CSV file D:\NOPPALIT\History\Saturn_Acc_Logs\IPC1_20250820_155802.csv: syntax error at or near ")"
LINE 4: ) 
        ^

2025-08-20 16:01:12 | ERROR    | __main__             | process_all_csv_files | Failed to process IPC1_20250820_155802.csv: syntax error at or near ")"
LINE 4: ) 
        ^

2025-08-20 16:01:12 | ERROR    | __main__             | get_connection       | Database operation failed: syntax error at or near ")"
LINE 4: ) 
        ^

2025-08-20 16:01:12 | ERROR    | __main__             | _import_rows_to_db   | Failed to import rows to database: syntax error at or near ")"
LINE 4: ) 
        ^

2025-08-20 16:01:12 | ERROR    | __main__             | _process_single_csv  | Failed to process CSV file D:\NOPPALIT\History\Saturn_Acc_Logs\IPC1_20250820_155835.csv: syntax error at or near ")"
LINE 4: ) 
        ^

2025-08-20 16:01:12 | ERROR    | __main__             | process_all_csv_files | Failed to process IPC1_20250820_155835.csv: syntax error at or near ")"
LINE 4: ) 
        ^

2025-08-20 16:01:12 | ERROR    | __main__             | get_connection       | Database operation failed: syntax error at or near ")"
LINE 4: ) 
        ^

2025-08-20 16:01:12 | ERROR    | __main__             | _import_rows_to_db   | Failed to import rows to database: syntax error at or near ")"
LINE 4: ) 
        ^

2025-08-20 16:01:12 | ERROR    | __main__             | _process_single_csv  | Failed to process CSV file D:\NOPPALIT\History\Saturn_Acc_Logs\IPC1_20250820_155908.csv: syntax error at or near ")"
LINE 4: ) 
        ^

2025-08-20 16:01:12 | ERROR    | __main__             | process_all_csv_files | Failed to process IPC1_20250820_155908.csv: syntax error at or near ")"
LINE 4: ) 
        ^

2025-08-20 16:01:12 | ERROR    | __main__             | get_connection       | Database operation failed: syntax error at or near ")"
LINE 4: ) 
        ^

2025-08-20 16:01:12 | ERROR    | __main__             | _import_rows_to_db   | Failed to import rows to database: syntax error at or near ")"
LINE 4: ) 
        ^

2025-08-20 16:01:12 | ERROR    | __main__             | _process_single_csv  | Failed to process CSV file D:\NOPPALIT\History\Saturn_Acc_Logs\IPC1_20250820_160120.csv: syntax error at or near ")"
LINE 4: ) 
        ^

2025-08-20 16:01:12 | ERROR    | __main__             | process_all_csv_files | Failed to process IPC1_20250820_160120.csv: syntax error at or near ")"
LINE 4: ) 
        ^

2025-08-20 16:01:12 | ERROR    | __main__             | get_connection       | Database operation failed: syntax error at or near ")"
LINE 4: ) 
        ^

2025-08-20 16:01:12 | ERROR    | __main__             | _import_rows_to_db   | Failed to import rows to database: syntax error at or near ")"
LINE 4: ) 
        ^

2025-08-20 16:01:12 | ERROR    | __main__             | _process_single_csv  | Failed to process CSV file D:\NOPPALIT\History\Saturn_Acc_Logs\IPC1_20250820_160152.csv: syntax error at or near ")"
LINE 4: ) 
        ^

2025-08-20 16:01:12 | ERROR    | __main__             | process_all_csv_files | Failed to process IPC1_20250820_160152.csv: syntax error at or near ")"
LINE 4: ) 
        ^

2025-08-20 16:01:12 | ERROR    | __main__             | get_connection       | Database operation failed: syntax error at or near ")"
LINE 4: ) 
        ^

2025-08-20 16:01:12 | ERROR    | __main__             | _import_rows_to_db   | Failed to import rows to database: syntax error at or near ")"
LINE 4: ) 
        ^

2025-08-20 16:01:12 | ERROR    | __main__             | _process_single_csv  | Failed to process CSV file D:\NOPPALIT\History\Saturn_Acc_Logs\RP26_20250820_155047.csv: syntax error at or near ")"
LINE 4: ) 
        ^

2025-08-20 16:01:12 | ERROR    | __main__             | process_all_csv_files | Failed to process RP26_20250820_155047.csv: syntax error at or near ")"
LINE 4: ) 
        ^

2025-08-20 16:01:12 | ERROR    | __main__             | get_connection       | Database operation failed: syntax error at or near ")"
LINE 4: ) 
        ^

2025-08-20 16:01:12 | ERROR    | __main__             | _import_rows_to_db   | Failed to import rows to database: syntax error at or near ")"
LINE 4: ) 
        ^

2025-08-20 16:01:12 | ERROR    | __main__             | _process_single_csv  | Failed to process CSV file D:\NOPPALIT\History\Saturn_Acc_Logs\RP26_20250820_155122.csv: syntax error at or near ")"
LINE 4: ) 
        ^

2025-08-20 16:01:12 | ERROR    | __main__             | process_all_csv_files | Failed to process RP26_20250820_155122.csv: syntax error at or near ")"
LINE 4: ) 
        ^

2025-08-20 16:01:12 | ERROR    | __main__             | get_connection       | Database operation failed: syntax error at or near ")"
LINE 4: ) 
        ^

2025-08-20 16:01:12 | ERROR    | __main__             | _import_rows_to_db   | Failed to import rows to database: syntax error at or near ")"
LINE 4: ) 
        ^

2025-08-20 16:01:12 | ERROR    | __main__             | _process_single_csv  | Failed to process CSV file D:\NOPPALIT\History\Saturn_Acc_Logs\RP26_20250820_155157.csv: syntax error at or near ")"
LINE 4: ) 
        ^

2025-08-20 16:01:12 | ERROR    | __main__             | process_all_csv_files | Failed to process RP26_20250820_155157.csv: syntax error at or near ")"
LINE 4: ) 
        ^

2025-08-20 16:01:12 | ERROR    | __main__             | get_connection       | Database operation failed: syntax error at or near ")"
LINE 4: ) 
        ^

2025-08-20 16:01:12 | ERROR    | __main__             | _import_rows_to_db   | Failed to import rows to database: syntax error at or near ")"
LINE 4: ) 
        ^

2025-08-20 16:01:12 | ERROR    | __main__             | _process_single_csv  | Failed to process CSV file D:\NOPPALIT\History\Saturn_Acc_Logs\RP26_20250820_155232.csv: syntax error at or near ")"
LINE 4: ) 
        ^

2025-08-20 16:01:12 | ERROR    | __main__             | process_all_csv_files | Failed to process RP26_20250820_155232.csv: syntax error at or near ")"
LINE 4: ) 
        ^

2025-08-20 16:01:12 | ERROR    | __main__             | get_connection       | Database operation failed: syntax error at or near ")"
LINE 4: ) 
        ^

2025-08-20 16:01:12 | ERROR    | __main__             | _import_rows_to_db   | Failed to import rows to database: syntax error at or near ")"
LINE 4: ) 
        ^

2025-08-20 16:01:12 | ERROR    | __main__             | _process_single_csv  | Failed to process CSV file D:\NOPPALIT\History\Saturn_Acc_Logs\RP26_20250820_155307.csv: syntax error at or near ")"
LINE 4: ) 
        ^

2025-08-20 16:01:12 | ERROR    | __main__             | process_all_csv_files | Failed to process RP26_20250820_155307.csv: syntax error at or near ")"
LINE 4: ) 
        ^

2025-08-20 16:01:12 | ERROR    | __main__             | get_connection       | Database operation failed: syntax error at or near ")"
LINE 4: ) 
        ^

2025-08-20 16:01:12 | ERROR    | __main__             | _import_rows_to_db   | Failed to import rows to database: syntax error at or near ")"
LINE 4: ) 
        ^

2025-08-20 16:01:12 | ERROR    | __main__             | _process_single_csv  | Failed to process CSV file D:\NOPPALIT\History\Saturn_Acc_Logs\RP26_20250820_155341.csv: syntax error at or near ")"
LINE 4: ) 
        ^

2025-08-20 16:01:12 | ERROR    | __main__             | process_all_csv_files | Failed to process RP26_20250820_155341.csv: syntax error at or near ")"
LINE 4: ) 
        ^

2025-08-20 16:01:12 | ERROR    | __main__             | get_connection       | Database operation failed: syntax error at or near ")"
LINE 4: ) 
        ^

2025-08-20 16:01:12 | ERROR    | __main__             | _import_rows_to_db   | Failed to import rows to database: syntax error at or near ")"
LINE 4: ) 
        ^

2025-08-20 16:01:12 | ERROR    | __main__             | _process_single_csv  | Failed to process CSV file D:\NOPPALIT\History\Saturn_Acc_Logs\RP26_20250820_155416.csv: syntax error at or near ")"
LINE 4: ) 
        ^

2025-08-20 16:01:12 | ERROR    | __main__             | process_all_csv_files | Failed to process RP26_20250820_155416.csv: syntax error at or near ")"
LINE 4: ) 
        ^

2025-08-20 16:01:12 | ERROR    | __main__             | get_connection       | Database operation failed: syntax error at or near ")"
LINE 4: ) 
        ^

2025-08-20 16:01:12 | ERROR    | __main__             | _import_rows_to_db   | Failed to import rows to database: syntax error at or near ")"
LINE 4: ) 
        ^

2025-08-20 16:01:12 | ERROR    | __main__             | _process_single_csv  | Failed to process CSV file D:\NOPPALIT\History\Saturn_Acc_Logs\RP26_20250820_155451.csv: syntax error at or near ")"
LINE 4: ) 
        ^

2025-08-20 16:01:12 | ERROR    | __main__             | process_all_csv_files | Failed to process RP26_20250820_155451.csv: syntax error at or near ")"
LINE 4: ) 
        ^

2025-08-20 16:01:12 | INFO     | __main__             | start                | Service interrupted by user
2025-08-20 16:01:12 | INFO     | __main__             | close                | Connection pool closed
2025-08-20 16:01:12 | INFO     | __main__             | cleanup              | Service cleanup completed
