2025-08-13 15:51:22 | INFO     | __main__             | _load_config         | Configuration loaded from config.yaml
2025-08-13 15:51:22 | INFO     | __main__             | _init_connection_pool | Connection pool initialized successfully
2025-08-13 15:51:22 | INFO     | __main__             | __init__             | CSV source directory: D:\NOPPALIT\History\Saturn_Acc_Logs
2025-08-13 15:51:22 | INFO     | __main__             | __init__             | Export directory: D:\NOPPALIT\History\Saturn_Acc_Logs
2025-08-13 15:51:22 | INFO     | __main__             | init_db              | Database initialized successfully
2025-08-13 15:51:22 | INFO     | __main__             | start                | Starting CSV processing service every 1 minutes...
2025-08-13 15:51:23 | INFO     | __main__             | start                | CSV source directory: D:\NOPPALIT\History\Saturn_Acc_Logs
2025-08-13 15:51:23 | INFO     | __main__             | start                | Delete after export: True
2025-08-13 15:51:23 | WARNING  | __main__             | _parse_csv_row       | Failed to parse CSV row: invalid literal for int() with base 10: 'IPC1'
2025-08-13 15:51:23 | WARNING  | __main__             | _parse_csv_row       | Failed to parse CSV row: invalid literal for int() with base 10: 'IPC1'
2025-08-13 15:51:23 | WARNING  | __main__             | _parse_csv_row       | Failed to parse CSV row: invalid literal for int() with base 10: 'IPC1'
2025-08-13 15:51:23 | WARNING  | __main__             | _parse_csv_row       | Failed to parse CSV row: invalid literal for int() with base 10: 'IPC1'
2025-08-13 15:51:23 | WARNING  | __main__             | _parse_csv_row       | Failed to parse CSV row: invalid literal for int() with base 10: 'IPC1'
2025-08-13 15:51:23 | WARNING  | __main__             | _parse_csv_row       | Failed to parse CSV row: invalid literal for int() with base 10: 'IPC1'
2025-08-13 15:51:23 | WARNING  | __main__             | _parse_csv_row       | Failed to parse CSV row: invalid literal for int() with base 10: 'IPC1'
2025-08-13 15:51:23 | WARNING  | __main__             | _parse_csv_row       | Failed to parse CSV row: invalid literal for int() with base 10: 'IPC1'
2025-08-13 15:51:23 | WARNING  | __main__             | _parse_csv_row       | Failed to parse CSV row: invalid literal for int() with base 10: 'IPC1'
2025-08-13 15:51:23 | WARNING  | __main__             | _parse_csv_row       | Failed to parse CSV row: invalid literal for int() with base 10: 'IPC1'
2025-08-13 15:51:23 | INFO     | __main__             | _delete_file         | Successfully deleted file: D:\NOPPALIT\History\Saturn_Acc_Logs\IPC1_20250813_154309.csv
2025-08-13 15:51:23 | WARNING  | __main__             | _parse_csv_row       | Failed to parse CSV row: invalid literal for int() with base 10: 'IPC1'
2025-08-13 15:51:23 | WARNING  | __main__             | _parse_csv_row       | Failed to parse CSV row: invalid literal for int() with base 10: 'IPC1'
2025-08-13 15:51:23 | WARNING  | __main__             | _parse_csv_row       | Failed to parse CSV row: invalid literal for int() with base 10: 'IPC1'
2025-08-13 15:51:23 | WARNING  | __main__             | _parse_csv_row       | Failed to parse CSV row: invalid literal for int() with base 10: 'IPC1'
2025-08-13 15:51:23 | WARNING  | __main__             | _parse_csv_row       | Failed to parse CSV row: invalid literal for int() with base 10: 'IPC1'
2025-08-13 15:51:23 | WARNING  | __main__             | _parse_csv_row       | Failed to parse CSV row: invalid literal for int() with base 10: 'IPC1'
2025-08-13 15:51:23 | WARNING  | __main__             | _parse_csv_row       | Failed to parse CSV row: invalid literal for int() with base 10: 'IPC1'
2025-08-13 15:51:23 | WARNING  | __main__             | _parse_csv_row       | Failed to parse CSV row: invalid literal for int() with base 10: 'IPC1'
2025-08-13 15:51:23 | WARNING  | __main__             | _parse_csv_row       | Failed to parse CSV row: invalid literal for int() with base 10: 'IPC1'
2025-08-13 15:51:23 | WARNING  | __main__             | _parse_csv_row       | Failed to parse CSV row: invalid literal for int() with base 10: 'IPC1'
2025-08-13 15:51:23 | INFO     | __main__             | _delete_file         | Successfully deleted file: D:\NOPPALIT\History\Saturn_Acc_Logs\IPC1_20250813_154320.csv
2025-08-13 15:51:23 | WARNING  | __main__             | _parse_csv_row       | Failed to parse CSV row: invalid literal for int() with base 10: 'IPC1'
2025-08-13 15:51:23 | WARNING  | __main__             | _parse_csv_row       | Failed to parse CSV row: invalid literal for int() with base 10: 'IPC1'
2025-08-13 15:51:23 | WARNING  | __main__             | _parse_csv_row       | Failed to parse CSV row: invalid literal for int() with base 10: 'IPC1'
2025-08-13 15:51:23 | WARNING  | __main__             | _parse_csv_row       | Failed to parse CSV row: invalid literal for int() with base 10: 'IPC1'
2025-08-13 15:51:23 | WARNING  | __main__             | _parse_csv_row       | Failed to parse CSV row: invalid literal for int() with base 10: 'IPC1'
2025-08-13 15:51:23 | WARNING  | __main__             | _parse_csv_row       | Failed to parse CSV row: invalid literal for int() with base 10: 'IPC1'
2025-08-13 15:51:23 | WARNING  | __main__             | _parse_csv_row       | Failed to parse CSV row: invalid literal for int() with base 10: 'IPC1'
2025-08-13 15:51:23 | WARNING  | __main__             | _parse_csv_row       | Failed to parse CSV row: invalid literal for int() with base 10: 'IPC1'
2025-08-13 15:51:23 | WARNING  | __main__             | _parse_csv_row       | Failed to parse CSV row: invalid literal for int() with base 10: 'IPC1'
2025-08-13 15:51:23 | WARNING  | __main__             | _parse_csv_row       | Failed to parse CSV row: invalid literal for int() with base 10: 'IPC1'
2025-08-13 15:51:23 | INFO     | __main__             | _delete_file         | Successfully deleted file: D:\NOPPALIT\History\Saturn_Acc_Logs\IPC1_20250813_154332.csv
2025-08-13 15:51:23 | WARNING  | __main__             | _parse_csv_row       | Failed to parse CSV row: invalid literal for int() with base 10: 'IPC1'
2025-08-13 15:51:23 | WARNING  | __main__             | _parse_csv_row       | Failed to parse CSV row: invalid literal for int() with base 10: 'IPC1'
2025-08-13 15:51:23 | WARNING  | __main__             | _parse_csv_row       | Failed to parse CSV row: invalid literal for int() with base 10: 'IPC1'
2025-08-13 15:51:23 | WARNING  | __main__             | _parse_csv_row       | Failed to parse CSV row: invalid literal for int() with base 10: 'IPC1'
2025-08-13 15:51:23 | WARNING  | __main__             | _parse_csv_row       | Failed to parse CSV row: invalid literal for int() with base 10: 'IPC1'
2025-08-13 15:51:23 | WARNING  | __main__             | _parse_csv_row       | Failed to parse CSV row: invalid literal for int() with base 10: 'IPC1'
2025-08-13 15:51:23 | WARNING  | __main__             | _parse_csv_row       | Failed to parse CSV row: invalid literal for int() with base 10: 'IPC1'
2025-08-13 15:51:23 | WARNING  | __main__             | _parse_csv_row       | Failed to parse CSV row: invalid literal for int() with base 10: 'IPC1'
2025-08-13 15:51:23 | WARNING  | __main__             | _parse_csv_row       | Failed to parse CSV row: invalid literal for int() with base 10: 'IPC1'
2025-08-13 15:51:23 | WARNING  | __main__             | _parse_csv_row       | Failed to parse CSV row: invalid literal for int() with base 10: 'IPC1'
2025-08-13 15:51:23 | INFO     | __main__             | _delete_file         | Successfully deleted file: D:\NOPPALIT\History\Saturn_Acc_Logs\IPC1_20250813_154343.csv
2025-08-13 15:51:23 | WARNING  | __main__             | _parse_csv_row       | Failed to parse CSV row: invalid literal for int() with base 10: 'IPC1'
2025-08-13 15:51:23 | WARNING  | __main__             | _parse_csv_row       | Failed to parse CSV row: invalid literal for int() with base 10: 'IPC1'
2025-08-13 15:51:23 | WARNING  | __main__             | _parse_csv_row       | Failed to parse CSV row: invalid literal for int() with base 10: 'IPC1'
2025-08-13 15:51:23 | WARNING  | __main__             | _parse_csv_row       | Failed to parse CSV row: invalid literal for int() with base 10: 'IPC1'
2025-08-13 15:51:23 | WARNING  | __main__             | _parse_csv_row       | Failed to parse CSV row: invalid literal for int() with base 10: 'IPC1'
2025-08-13 15:51:23 | WARNING  | __main__             | _parse_csv_row       | Failed to parse CSV row: invalid literal for int() with base 10: 'IPC1'
2025-08-13 15:51:23 | WARNING  | __main__             | _parse_csv_row       | Failed to parse CSV row: invalid literal for int() with base 10: 'IPC1'
2025-08-13 15:51:23 | WARNING  | __main__             | _parse_csv_row       | Failed to parse CSV row: invalid literal for int() with base 10: 'IPC1'
2025-08-13 15:51:23 | WARNING  | __main__             | _parse_csv_row       | Failed to parse CSV row: invalid literal for int() with base 10: 'IPC1'
2025-08-13 15:51:23 | WARNING  | __main__             | _parse_csv_row       | Failed to parse CSV row: invalid literal for int() with base 10: 'IPC1'
2025-08-13 15:51:23 | INFO     | __main__             | _delete_file         | Successfully deleted file: D:\NOPPALIT\History\Saturn_Acc_Logs\IPC1_20250813_154354.csv
2025-08-13 15:51:23 | WARNING  | __main__             | _parse_csv_row       | Failed to parse CSV row: invalid literal for int() with base 10: 'IPC1'
2025-08-13 15:51:23 | WARNING  | __main__             | _parse_csv_row       | Failed to parse CSV row: invalid literal for int() with base 10: 'IPC1'
2025-08-13 15:51:23 | WARNING  | __main__             | _parse_csv_row       | Failed to parse CSV row: invalid literal for int() with base 10: 'IPC1'
2025-08-13 15:51:23 | WARNING  | __main__             | _parse_csv_row       | Failed to parse CSV row: invalid literal for int() with base 10: 'IPC1'
2025-08-13 15:51:23 | WARNING  | __main__             | _parse_csv_row       | Failed to parse CSV row: invalid literal for int() with base 10: 'IPC1'
2025-08-13 15:51:23 | WARNING  | __main__             | _parse_csv_row       | Failed to parse CSV row: invalid literal for int() with base 10: 'IPC1'
2025-08-13 15:51:23 | WARNING  | __main__             | _parse_csv_row       | Failed to parse CSV row: invalid literal for int() with base 10: 'IPC1'
2025-08-13 15:51:23 | WARNING  | __main__             | _parse_csv_row       | Failed to parse CSV row: invalid literal for int() with base 10: 'IPC1'
2025-08-13 15:51:23 | WARNING  | __main__             | _parse_csv_row       | Failed to parse CSV row: invalid literal for int() with base 10: 'IPC1'
2025-08-13 15:51:23 | WARNING  | __main__             | _parse_csv_row       | Failed to parse CSV row: invalid literal for int() with base 10: 'IPC1'
2025-08-13 15:51:23 | INFO     | __main__             | _delete_file         | Successfully deleted file: D:\NOPPALIT\History\Saturn_Acc_Logs\IPC1_20250813_154405.csv
2025-08-13 15:51:23 | WARNING  | __main__             | _parse_csv_row       | Failed to parse CSV row: invalid literal for int() with base 10: 'IPC1'
2025-08-13 15:51:23 | WARNING  | __main__             | _parse_csv_row       | Failed to parse CSV row: invalid literal for int() with base 10: 'IPC1'
2025-08-13 15:51:23 | WARNING  | __main__             | _parse_csv_row       | Failed to parse CSV row: invalid literal for int() with base 10: 'IPC1'
2025-08-13 15:51:23 | WARNING  | __main__             | _parse_csv_row       | Failed to parse CSV row: invalid literal for int() with base 10: 'IPC1'
2025-08-13 15:51:23 | WARNING  | __main__             | _parse_csv_row       | Failed to parse CSV row: invalid literal for int() with base 10: 'IPC1'
2025-08-13 15:51:23 | WARNING  | __main__             | _parse_csv_row       | Failed to parse CSV row: invalid literal for int() with base 10: 'IPC1'
2025-08-13 15:51:23 | WARNING  | __main__             | _parse_csv_row       | Failed to parse CSV row: invalid literal for int() with base 10: 'IPC1'
2025-08-13 15:51:23 | WARNING  | __main__             | _parse_csv_row       | Failed to parse CSV row: invalid literal for int() with base 10: 'IPC1'
2025-08-13 15:51:23 | WARNING  | __main__             | _parse_csv_row       | Failed to parse CSV row: invalid literal for int() with base 10: 'IPC1'
2025-08-13 15:51:23 | WARNING  | __main__             | _parse_csv_row       | Failed to parse CSV row: invalid literal for int() with base 10: 'IPC1'
2025-08-13 15:51:23 | INFO     | __main__             | _delete_file         | Successfully deleted file: D:\NOPPALIT\History\Saturn_Acc_Logs\IPC1_20250813_154416.csv
2025-08-13 15:51:23 | WARNING  | __main__             | _parse_csv_row       | Failed to parse CSV row: invalid literal for int() with base 10: 'IPC1'
2025-08-13 15:51:23 | WARNING  | __main__             | _parse_csv_row       | Failed to parse CSV row: invalid literal for int() with base 10: 'IPC1'
2025-08-13 15:51:23 | WARNING  | __main__             | _parse_csv_row       | Failed to parse CSV row: invalid literal for int() with base 10: 'IPC1'
2025-08-13 15:51:23 | WARNING  | __main__             | _parse_csv_row       | Failed to parse CSV row: invalid literal for int() with base 10: 'IPC1'
2025-08-13 15:51:23 | WARNING  | __main__             | _parse_csv_row       | Failed to parse CSV row: invalid literal for int() with base 10: 'IPC1'
2025-08-13 15:51:23 | WARNING  | __main__             | _parse_csv_row       | Failed to parse CSV row: invalid literal for int() with base 10: 'IPC1'
2025-08-13 15:51:23 | WARNING  | __main__             | _parse_csv_row       | Failed to parse CSV row: invalid literal for int() with base 10: 'IPC1'
2025-08-13 15:51:23 | WARNING  | __main__             | _parse_csv_row       | Failed to parse CSV row: invalid literal for int() with base 10: 'IPC1'
2025-08-13 15:51:23 | WARNING  | __main__             | _parse_csv_row       | Failed to parse CSV row: invalid literal for int() with base 10: 'IPC1'
2025-08-13 15:51:23 | WARNING  | __main__             | _parse_csv_row       | Failed to parse CSV row: invalid literal for int() with base 10: 'IPC1'
2025-08-13 15:51:23 | INFO     | __main__             | _delete_file         | Successfully deleted file: D:\NOPPALIT\History\Saturn_Acc_Logs\IPC1_20250813_154427.csv
2025-08-13 15:51:23 | WARNING  | __main__             | _parse_csv_row       | Failed to parse CSV row: invalid literal for int() with base 10: 'IPC1'
2025-08-13 15:51:23 | WARNING  | __main__             | _parse_csv_row       | Failed to parse CSV row: invalid literal for int() with base 10: 'IPC1'
2025-08-13 15:51:23 | WARNING  | __main__             | _parse_csv_row       | Failed to parse CSV row: invalid literal for int() with base 10: 'IPC1'
2025-08-13 15:51:23 | WARNING  | __main__             | _parse_csv_row       | Failed to parse CSV row: invalid literal for int() with base 10: 'IPC1'
2025-08-13 15:51:23 | WARNING  | __main__             | _parse_csv_row       | Failed to parse CSV row: invalid literal for int() with base 10: 'IPC1'
2025-08-13 15:51:23 | WARNING  | __main__             | _parse_csv_row       | Failed to parse CSV row: invalid literal for int() with base 10: 'IPC1'
2025-08-13 15:51:23 | WARNING  | __main__             | _parse_csv_row       | Failed to parse CSV row: invalid literal for int() with base 10: 'IPC1'
2025-08-13 15:51:23 | WARNING  | __main__             | _parse_csv_row       | Failed to parse CSV row: invalid literal for int() with base 10: 'IPC1'
2025-08-13 15:51:23 | WARNING  | __main__             | _parse_csv_row       | Failed to parse CSV row: invalid literal for int() with base 10: 'IPC1'
2025-08-13 15:51:23 | WARNING  | __main__             | _parse_csv_row       | Failed to parse CSV row: invalid literal for int() with base 10: 'IPC1'
2025-08-13 15:51:23 | INFO     | __main__             | _delete_file         | Successfully deleted file: D:\NOPPALIT\History\Saturn_Acc_Logs\IPC1_20250813_154534.csv
2025-08-13 15:51:23 | WARNING  | __main__             | _parse_csv_row       | Failed to parse CSV row: invalid literal for int() with base 10: 'IPC1'
2025-08-13 15:51:23 | WARNING  | __main__             | _parse_csv_row       | Failed to parse CSV row: invalid literal for int() with base 10: 'IPC1'
2025-08-13 15:51:23 | WARNING  | __main__             | _parse_csv_row       | Failed to parse CSV row: invalid literal for int() with base 10: 'IPC1'
2025-08-13 15:51:23 | WARNING  | __main__             | _parse_csv_row       | Failed to parse CSV row: invalid literal for int() with base 10: 'IPC1'
2025-08-13 15:51:23 | WARNING  | __main__             | _parse_csv_row       | Failed to parse CSV row: invalid literal for int() with base 10: 'IPC1'
2025-08-13 15:51:23 | WARNING  | __main__             | _parse_csv_row       | Failed to parse CSV row: invalid literal for int() with base 10: 'IPC1'
2025-08-13 15:51:23 | WARNING  | __main__             | _parse_csv_row       | Failed to parse CSV row: invalid literal for int() with base 10: 'IPC1'
2025-08-13 15:51:23 | WARNING  | __main__             | _parse_csv_row       | Failed to parse CSV row: invalid literal for int() with base 10: 'IPC1'
2025-08-13 15:51:23 | WARNING  | __main__             | _parse_csv_row       | Failed to parse CSV row: invalid literal for int() with base 10: 'IPC1'
2025-08-13 15:51:23 | WARNING  | __main__             | _parse_csv_row       | Failed to parse CSV row: invalid literal for int() with base 10: 'IPC1'
2025-08-13 15:51:23 | INFO     | __main__             | _delete_file         | Successfully deleted file: D:\NOPPALIT\History\Saturn_Acc_Logs\IPC1_20250813_154546.csv
2025-08-13 15:51:23 | WARNING  | __main__             | _parse_csv_row       | Failed to parse CSV row: invalid literal for int() with base 10: 'IPC1'
2025-08-13 15:51:23 | WARNING  | __main__             | _parse_csv_row       | Failed to parse CSV row: invalid literal for int() with base 10: 'IPC1'
2025-08-13 15:51:23 | WARNING  | __main__             | _parse_csv_row       | Failed to parse CSV row: invalid literal for int() with base 10: 'IPC1'
2025-08-13 15:51:23 | WARNING  | __main__             | _parse_csv_row       | Failed to parse CSV row: invalid literal for int() with base 10: 'IPC1'
2025-08-13 15:51:23 | WARNING  | __main__             | _parse_csv_row       | Failed to parse CSV row: invalid literal for int() with base 10: 'IPC1'
2025-08-13 15:51:23 | WARNING  | __main__             | _parse_csv_row       | Failed to parse CSV row: invalid literal for int() with base 10: 'IPC1'
2025-08-13 15:51:23 | WARNING  | __main__             | _parse_csv_row       | Failed to parse CSV row: invalid literal for int() with base 10: 'IPC1'
2025-08-13 15:51:23 | WARNING  | __main__             | _parse_csv_row       | Failed to parse CSV row: invalid literal for int() with base 10: 'IPC1'
2025-08-13 15:51:23 | WARNING  | __main__             | _parse_csv_row       | Failed to parse CSV row: invalid literal for int() with base 10: 'IPC1'
2025-08-13 15:51:23 | WARNING  | __main__             | _parse_csv_row       | Failed to parse CSV row: invalid literal for int() with base 10: 'IPC1'
2025-08-13 15:51:23 | INFO     | __main__             | _delete_file         | Successfully deleted file: D:\NOPPALIT\History\Saturn_Acc_Logs\IPC1_20250813_154557.csv
2025-08-13 15:51:23 | WARNING  | __main__             | _parse_csv_row       | Failed to parse CSV row: invalid literal for int() with base 10: 'IPC1'
2025-08-13 15:51:23 | WARNING  | __main__             | _parse_csv_row       | Failed to parse CSV row: invalid literal for int() with base 10: 'IPC1'
2025-08-13 15:51:23 | WARNING  | __main__             | _parse_csv_row       | Failed to parse CSV row: invalid literal for int() with base 10: 'IPC1'
2025-08-13 15:51:23 | WARNING  | __main__             | _parse_csv_row       | Failed to parse CSV row: invalid literal for int() with base 10: 'IPC1'
2025-08-13 15:51:23 | WARNING  | __main__             | _parse_csv_row       | Failed to parse CSV row: invalid literal for int() with base 10: 'IPC1'
2025-08-13 15:51:23 | WARNING  | __main__             | _parse_csv_row       | Failed to parse CSV row: invalid literal for int() with base 10: 'IPC1'
2025-08-13 15:51:23 | WARNING  | __main__             | _parse_csv_row       | Failed to parse CSV row: invalid literal for int() with base 10: 'IPC1'
2025-08-13 15:51:23 | WARNING  | __main__             | _parse_csv_row       | Failed to parse CSV row: invalid literal for int() with base 10: 'IPC1'
2025-08-13 15:51:23 | WARNING  | __main__             | _parse_csv_row       | Failed to parse CSV row: invalid literal for int() with base 10: 'IPC1'
2025-08-13 15:51:23 | WARNING  | __main__             | _parse_csv_row       | Failed to parse CSV row: invalid literal for int() with base 10: 'IPC1'
2025-08-13 15:51:23 | INFO     | __main__             | _delete_file         | Successfully deleted file: D:\NOPPALIT\History\Saturn_Acc_Logs\IPC1_20250813_154608.csv
2025-08-13 15:51:23 | WARNING  | __main__             | _parse_csv_row       | Failed to parse CSV row: invalid literal for int() with base 10: 'IPC1'
2025-08-13 15:51:23 | WARNING  | __main__             | _parse_csv_row       | Failed to parse CSV row: invalid literal for int() with base 10: 'IPC1'
2025-08-13 15:51:23 | WARNING  | __main__             | _parse_csv_row       | Failed to parse CSV row: invalid literal for int() with base 10: 'IPC1'
2025-08-13 15:51:23 | WARNING  | __main__             | _parse_csv_row       | Failed to parse CSV row: invalid literal for int() with base 10: 'IPC1'
2025-08-13 15:51:23 | WARNING  | __main__             | _parse_csv_row       | Failed to parse CSV row: invalid literal for int() with base 10: 'IPC1'
2025-08-13 15:51:23 | WARNING  | __main__             | _parse_csv_row       | Failed to parse CSV row: invalid literal for int() with base 10: 'IPC1'
2025-08-13 15:51:23 | WARNING  | __main__             | _parse_csv_row       | Failed to parse CSV row: invalid literal for int() with base 10: 'IPC1'
2025-08-13 15:51:23 | WARNING  | __main__             | _parse_csv_row       | Failed to parse CSV row: invalid literal for int() with base 10: 'IPC1'
2025-08-13 15:51:23 | WARNING  | __main__             | _parse_csv_row       | Failed to parse CSV row: invalid literal for int() with base 10: 'IPC1'
2025-08-13 15:51:23 | WARNING  | __main__             | _parse_csv_row       | Failed to parse CSV row: invalid literal for int() with base 10: 'IPC1'
2025-08-13 15:51:23 | INFO     | __main__             | _delete_file         | Successfully deleted file: D:\NOPPALIT\History\Saturn_Acc_Logs\IPC1_20250813_154619.csv
2025-08-13 15:51:23 | WARNING  | __main__             | _parse_csv_row       | Failed to parse CSV row: invalid literal for int() with base 10: 'IPC1'
2025-08-13 15:51:23 | WARNING  | __main__             | _parse_csv_row       | Failed to parse CSV row: invalid literal for int() with base 10: 'IPC1'
2025-08-13 15:51:23 | WARNING  | __main__             | _parse_csv_row       | Failed to parse CSV row: invalid literal for int() with base 10: 'IPC1'
2025-08-13 15:51:23 | WARNING  | __main__             | _parse_csv_row       | Failed to parse CSV row: invalid literal for int() with base 10: 'IPC1'
2025-08-13 15:51:23 | WARNING  | __main__             | _parse_csv_row       | Failed to parse CSV row: invalid literal for int() with base 10: 'IPC1'
2025-08-13 15:51:23 | WARNING  | __main__             | _parse_csv_row       | Failed to parse CSV row: invalid literal for int() with base 10: 'IPC1'
2025-08-13 15:51:23 | WARNING  | __main__             | _parse_csv_row       | Failed to parse CSV row: invalid literal for int() with base 10: 'IPC1'
2025-08-13 15:51:23 | WARNING  | __main__             | _parse_csv_row       | Failed to parse CSV row: invalid literal for int() with base 10: 'IPC1'
2025-08-13 15:51:23 | WARNING  | __main__             | _parse_csv_row       | Failed to parse CSV row: invalid literal for int() with base 10: 'IPC1'
2025-08-13 15:51:23 | WARNING  | __main__             | _parse_csv_row       | Failed to parse CSV row: invalid literal for int() with base 10: 'IPC1'
2025-08-13 15:51:23 | INFO     | __main__             | _delete_file         | Successfully deleted file: D:\NOPPALIT\History\Saturn_Acc_Logs\IPC1_20250813_154630.csv
2025-08-13 15:51:23 | WARNING  | __main__             | _parse_csv_row       | Failed to parse CSV row: invalid literal for int() with base 10: 'IPC1'
2025-08-13 15:51:23 | WARNING  | __main__             | _parse_csv_row       | Failed to parse CSV row: invalid literal for int() with base 10: 'IPC1'
2025-08-13 15:51:23 | WARNING  | __main__             | _parse_csv_row       | Failed to parse CSV row: invalid literal for int() with base 10: 'IPC1'
2025-08-13 15:51:23 | WARNING  | __main__             | _parse_csv_row       | Failed to parse CSV row: invalid literal for int() with base 10: 'IPC1'
2025-08-13 15:51:23 | WARNING  | __main__             | _parse_csv_row       | Failed to parse CSV row: invalid literal for int() with base 10: 'IPC1'
2025-08-13 15:51:23 | WARNING  | __main__             | _parse_csv_row       | Failed to parse CSV row: invalid literal for int() with base 10: 'IPC1'
2025-08-13 15:51:23 | WARNING  | __main__             | _parse_csv_row       | Failed to parse CSV row: invalid literal for int() with base 10: 'IPC1'
2025-08-13 15:51:23 | WARNING  | __main__             | _parse_csv_row       | Failed to parse CSV row: invalid literal for int() with base 10: 'IPC1'
2025-08-13 15:51:23 | WARNING  | __main__             | _parse_csv_row       | Failed to parse CSV row: invalid literal for int() with base 10: 'IPC1'
2025-08-13 15:51:23 | WARNING  | __main__             | _parse_csv_row       | Failed to parse CSV row: invalid literal for int() with base 10: 'IPC1'
2025-08-13 15:51:23 | INFO     | __main__             | _delete_file         | Successfully deleted file: D:\NOPPALIT\History\Saturn_Acc_Logs\IPC1_20250813_154641.csv
2025-08-13 15:51:23 | WARNING  | __main__             | _parse_csv_row       | Failed to parse CSV row: invalid literal for int() with base 10: 'IPC1'
2025-08-13 15:51:23 | WARNING  | __main__             | _parse_csv_row       | Failed to parse CSV row: invalid literal for int() with base 10: 'IPC1'
2025-08-13 15:51:23 | WARNING  | __main__             | _parse_csv_row       | Failed to parse CSV row: invalid literal for int() with base 10: 'IPC1'
2025-08-13 15:51:23 | WARNING  | __main__             | _parse_csv_row       | Failed to parse CSV row: invalid literal for int() with base 10: 'IPC1'
2025-08-13 15:51:23 | WARNING  | __main__             | _parse_csv_row       | Failed to parse CSV row: invalid literal for int() with base 10: 'IPC1'
2025-08-13 15:51:23 | WARNING  | __main__             | _parse_csv_row       | Failed to parse CSV row: invalid literal for int() with base 10: 'IPC1'
2025-08-13 15:51:23 | WARNING  | __main__             | _parse_csv_row       | Failed to parse CSV row: invalid literal for int() with base 10: 'IPC1'
2025-08-13 15:51:23 | WARNING  | __main__             | _parse_csv_row       | Failed to parse CSV row: invalid literal for int() with base 10: 'IPC1'
2025-08-13 15:51:23 | WARNING  | __main__             | _parse_csv_row       | Failed to parse CSV row: invalid literal for int() with base 10: 'IPC1'
2025-08-13 15:51:23 | WARNING  | __main__             | _parse_csv_row       | Failed to parse CSV row: invalid literal for int() with base 10: 'IPC1'
2025-08-13 15:51:23 | INFO     | __main__             | _delete_file         | Successfully deleted file: D:\NOPPALIT\History\Saturn_Acc_Logs\IPC1_20250813_154652.csv
2025-08-13 15:51:23 | WARNING  | __main__             | _parse_csv_row       | Failed to parse CSV row: invalid literal for int() with base 10: 'IPC1'
2025-08-13 15:51:23 | WARNING  | __main__             | _parse_csv_row       | Failed to parse CSV row: invalid literal for int() with base 10: 'IPC1'
2025-08-13 15:51:23 | WARNING  | __main__             | _parse_csv_row       | Failed to parse CSV row: invalid literal for int() with base 10: 'IPC1'
2025-08-13 15:51:23 | WARNING  | __main__             | _parse_csv_row       | Failed to parse CSV row: invalid literal for int() with base 10: 'IPC1'
2025-08-13 15:51:23 | WARNING  | __main__             | _parse_csv_row       | Failed to parse CSV row: invalid literal for int() with base 10: 'IPC1'
2025-08-13 15:51:23 | WARNING  | __main__             | _parse_csv_row       | Failed to parse CSV row: invalid literal for int() with base 10: 'IPC1'
2025-08-13 15:51:23 | WARNING  | __main__             | _parse_csv_row       | Failed to parse CSV row: invalid literal for int() with base 10: 'IPC1'
2025-08-13 15:51:23 | WARNING  | __main__             | _parse_csv_row       | Failed to parse CSV row: invalid literal for int() with base 10: 'IPC1'
2025-08-13 15:51:23 | WARNING  | __main__             | _parse_csv_row       | Failed to parse CSV row: invalid literal for int() with base 10: 'IPC1'
2025-08-13 15:51:23 | WARNING  | __main__             | _parse_csv_row       | Failed to parse CSV row: invalid literal for int() with base 10: 'IPC1'
2025-08-13 15:51:23 | INFO     | __main__             | _delete_file         | Successfully deleted file: D:\NOPPALIT\History\Saturn_Acc_Logs\IPC1_20250813_154703.csv
2025-08-13 15:51:23 | WARNING  | __main__             | _parse_csv_row       | Failed to parse CSV row: invalid literal for int() with base 10: 'IPC1'
2025-08-13 15:51:23 | WARNING  | __main__             | _parse_csv_row       | Failed to parse CSV row: invalid literal for int() with base 10: 'IPC1'
2025-08-13 15:51:23 | WARNING  | __main__             | _parse_csv_row       | Failed to parse CSV row: invalid literal for int() with base 10: 'IPC1'
2025-08-13 15:51:23 | WARNING  | __main__             | _parse_csv_row       | Failed to parse CSV row: invalid literal for int() with base 10: 'IPC1'
2025-08-13 15:51:23 | WARNING  | __main__             | _parse_csv_row       | Failed to parse CSV row: invalid literal for int() with base 10: 'IPC1'
2025-08-13 15:51:23 | WARNING  | __main__             | _parse_csv_row       | Failed to parse CSV row: invalid literal for int() with base 10: 'IPC1'
2025-08-13 15:51:23 | WARNING  | __main__             | _parse_csv_row       | Failed to parse CSV row: invalid literal for int() with base 10: 'IPC1'
2025-08-13 15:51:23 | WARNING  | __main__             | _parse_csv_row       | Failed to parse CSV row: invalid literal for int() with base 10: 'IPC1'
2025-08-13 15:51:23 | WARNING  | __main__             | _parse_csv_row       | Failed to parse CSV row: invalid literal for int() with base 10: 'IPC1'
2025-08-13 15:51:23 | WARNING  | __main__             | _parse_csv_row       | Failed to parse CSV row: invalid literal for int() with base 10: 'IPC1'
2025-08-13 15:51:23 | INFO     | __main__             | _delete_file         | Successfully deleted file: D:\NOPPALIT\History\Saturn_Acc_Logs\IPC1_20250813_154714.csv
2025-08-13 15:51:23 | WARNING  | __main__             | _parse_csv_row       | Failed to parse CSV row: invalid literal for int() with base 10: 'IPC1'
2025-08-13 15:51:23 | WARNING  | __main__             | _parse_csv_row       | Failed to parse CSV row: invalid literal for int() with base 10: 'IPC1'
2025-08-13 15:51:23 | WARNING  | __main__             | _parse_csv_row       | Failed to parse CSV row: invalid literal for int() with base 10: 'IPC1'
2025-08-13 15:51:23 | WARNING  | __main__             | _parse_csv_row       | Failed to parse CSV row: invalid literal for int() with base 10: 'IPC1'
2025-08-13 15:51:23 | WARNING  | __main__             | _parse_csv_row       | Failed to parse CSV row: invalid literal for int() with base 10: 'IPC1'
2025-08-13 15:51:23 | WARNING  | __main__             | _parse_csv_row       | Failed to parse CSV row: invalid literal for int() with base 10: 'IPC1'
2025-08-13 15:51:23 | WARNING  | __main__             | _parse_csv_row       | Failed to parse CSV row: invalid literal for int() with base 10: 'IPC1'
2025-08-13 15:51:23 | WARNING  | __main__             | _parse_csv_row       | Failed to parse CSV row: invalid literal for int() with base 10: 'IPC1'
2025-08-13 15:51:23 | WARNING  | __main__             | _parse_csv_row       | Failed to parse CSV row: invalid literal for int() with base 10: 'IPC1'
2025-08-13 15:51:23 | WARNING  | __main__             | _parse_csv_row       | Failed to parse CSV row: invalid literal for int() with base 10: 'IPC1'
2025-08-13 15:51:23 | INFO     | __main__             | _delete_file         | Successfully deleted file: D:\NOPPALIT\History\Saturn_Acc_Logs\IPC1_20250813_154726.csv
2025-08-13 15:51:23 | WARNING  | __main__             | _parse_csv_row       | Failed to parse CSV row: invalid literal for int() with base 10: 'IPC1'
2025-08-13 15:51:23 | WARNING  | __main__             | _parse_csv_row       | Failed to parse CSV row: invalid literal for int() with base 10: 'IPC1'
2025-08-13 15:51:23 | WARNING  | __main__             | _parse_csv_row       | Failed to parse CSV row: invalid literal for int() with base 10: 'IPC1'
2025-08-13 15:51:23 | WARNING  | __main__             | _parse_csv_row       | Failed to parse CSV row: invalid literal for int() with base 10: 'IPC1'
2025-08-13 15:51:23 | WARNING  | __main__             | _parse_csv_row       | Failed to parse CSV row: invalid literal for int() with base 10: 'IPC1'
2025-08-13 15:51:23 | WARNING  | __main__             | _parse_csv_row       | Failed to parse CSV row: invalid literal for int() with base 10: 'IPC1'
2025-08-13 15:51:23 | WARNING  | __main__             | _parse_csv_row       | Failed to parse CSV row: invalid literal for int() with base 10: 'IPC1'
2025-08-13 15:51:23 | WARNING  | __main__             | _parse_csv_row       | Failed to parse CSV row: invalid literal for int() with base 10: 'IPC1'
2025-08-13 15:51:23 | WARNING  | __main__             | _parse_csv_row       | Failed to parse CSV row: invalid literal for int() with base 10: 'IPC1'
2025-08-13 15:51:23 | WARNING  | __main__             | _parse_csv_row       | Failed to parse CSV row: invalid literal for int() with base 10: 'IPC1'
2025-08-13 15:51:23 | INFO     | __main__             | _delete_file         | Successfully deleted file: D:\NOPPALIT\History\Saturn_Acc_Logs\IPC1_20250813_154737.csv
2025-08-13 15:51:23 | WARNING  | __main__             | _parse_csv_row       | Failed to parse CSV row: invalid literal for int() with base 10: 'IPC1'
2025-08-13 15:51:23 | WARNING  | __main__             | _parse_csv_row       | Failed to parse CSV row: invalid literal for int() with base 10: 'IPC1'
2025-08-13 15:51:23 | WARNING  | __main__             | _parse_csv_row       | Failed to parse CSV row: invalid literal for int() with base 10: 'IPC1'
2025-08-13 15:51:23 | WARNING  | __main__             | _parse_csv_row       | Failed to parse CSV row: invalid literal for int() with base 10: 'IPC1'
2025-08-13 15:51:23 | WARNING  | __main__             | _parse_csv_row       | Failed to parse CSV row: invalid literal for int() with base 10: 'IPC1'
2025-08-13 15:51:23 | WARNING  | __main__             | _parse_csv_row       | Failed to parse CSV row: invalid literal for int() with base 10: 'IPC1'
2025-08-13 15:51:23 | WARNING  | __main__             | _parse_csv_row       | Failed to parse CSV row: invalid literal for int() with base 10: 'IPC1'
2025-08-13 15:51:23 | WARNING  | __main__             | _parse_csv_row       | Failed to parse CSV row: invalid literal for int() with base 10: 'IPC1'
2025-08-13 15:51:23 | WARNING  | __main__             | _parse_csv_row       | Failed to parse CSV row: invalid literal for int() with base 10: 'IPC1'
2025-08-13 15:51:23 | WARNING  | __main__             | _parse_csv_row       | Failed to parse CSV row: invalid literal for int() with base 10: 'IPC1'
2025-08-13 15:51:23 | INFO     | __main__             | _delete_file         | Successfully deleted file: D:\NOPPALIT\History\Saturn_Acc_Logs\IPC1_20250813_154748.csv
2025-08-13 15:51:23 | WARNING  | __main__             | _parse_csv_row       | Failed to parse CSV row: invalid literal for int() with base 10: 'IPC1'
2025-08-13 15:51:23 | WARNING  | __main__             | _parse_csv_row       | Failed to parse CSV row: invalid literal for int() with base 10: 'IPC1'
2025-08-13 15:51:23 | WARNING  | __main__             | _parse_csv_row       | Failed to parse CSV row: invalid literal for int() with base 10: 'IPC1'
2025-08-13 15:51:23 | WARNING  | __main__             | _parse_csv_row       | Failed to parse CSV row: invalid literal for int() with base 10: 'IPC1'
2025-08-13 15:51:23 | WARNING  | __main__             | _parse_csv_row       | Failed to parse CSV row: invalid literal for int() with base 10: 'IPC1'
2025-08-13 15:51:23 | WARNING  | __main__             | _parse_csv_row       | Failed to parse CSV row: invalid literal for int() with base 10: 'IPC1'
2025-08-13 15:51:23 | WARNING  | __main__             | _parse_csv_row       | Failed to parse CSV row: invalid literal for int() with base 10: 'IPC1'
2025-08-13 15:51:23 | WARNING  | __main__             | _parse_csv_row       | Failed to parse CSV row: invalid literal for int() with base 10: 'IPC1'
2025-08-13 15:51:23 | WARNING  | __main__             | _parse_csv_row       | Failed to parse CSV row: invalid literal for int() with base 10: 'IPC1'
2025-08-13 15:51:23 | WARNING  | __main__             | _parse_csv_row       | Failed to parse CSV row: invalid literal for int() with base 10: 'IPC1'
2025-08-13 15:51:23 | INFO     | __main__             | _delete_file         | Successfully deleted file: D:\NOPPALIT\History\Saturn_Acc_Logs\IPC1_20250813_154759.csv
2025-08-13 15:51:23 | WARNING  | __main__             | _parse_csv_row       | Failed to parse CSV row: invalid literal for int() with base 10: 'IPC1'
2025-08-13 15:51:23 | WARNING  | __main__             | _parse_csv_row       | Failed to parse CSV row: invalid literal for int() with base 10: 'IPC1'
2025-08-13 15:51:23 | WARNING  | __main__             | _parse_csv_row       | Failed to parse CSV row: invalid literal for int() with base 10: 'IPC1'
2025-08-13 15:51:23 | WARNING  | __main__             | _parse_csv_row       | Failed to parse CSV row: invalid literal for int() with base 10: 'IPC1'
2025-08-13 15:51:23 | WARNING  | __main__             | _parse_csv_row       | Failed to parse CSV row: invalid literal for int() with base 10: 'IPC1'
2025-08-13 15:51:23 | WARNING  | __main__             | _parse_csv_row       | Failed to parse CSV row: invalid literal for int() with base 10: 'IPC1'
2025-08-13 15:51:23 | WARNING  | __main__             | _parse_csv_row       | Failed to parse CSV row: invalid literal for int() with base 10: 'IPC1'
2025-08-13 15:51:23 | WARNING  | __main__             | _parse_csv_row       | Failed to parse CSV row: invalid literal for int() with base 10: 'IPC1'
2025-08-13 15:51:23 | WARNING  | __main__             | _parse_csv_row       | Failed to parse CSV row: invalid literal for int() with base 10: 'IPC1'
2025-08-13 15:51:23 | WARNING  | __main__             | _parse_csv_row       | Failed to parse CSV row: invalid literal for int() with base 10: 'IPC1'
2025-08-13 15:51:23 | INFO     | __main__             | _delete_file         | Successfully deleted file: D:\NOPPALIT\History\Saturn_Acc_Logs\IPC1_20250813_154810.csv
2025-08-13 15:51:23 | WARNING  | __main__             | _parse_csv_row       | Failed to parse CSV row: invalid literal for int() with base 10: 'IPC1'
2025-08-13 15:51:23 | WARNING  | __main__             | _parse_csv_row       | Failed to parse CSV row: invalid literal for int() with base 10: 'IPC1'
2025-08-13 15:51:23 | WARNING  | __main__             | _parse_csv_row       | Failed to parse CSV row: invalid literal for int() with base 10: 'IPC1'
2025-08-13 15:51:23 | WARNING  | __main__             | _parse_csv_row       | Failed to parse CSV row: invalid literal for int() with base 10: 'IPC1'
2025-08-13 15:51:23 | WARNING  | __main__             | _parse_csv_row       | Failed to parse CSV row: invalid literal for int() with base 10: 'IPC1'
2025-08-13 15:51:23 | WARNING  | __main__             | _parse_csv_row       | Failed to parse CSV row: invalid literal for int() with base 10: 'IPC1'
2025-08-13 15:51:23 | WARNING  | __main__             | _parse_csv_row       | Failed to parse CSV row: invalid literal for int() with base 10: 'IPC1'
2025-08-13 15:51:23 | WARNING  | __main__             | _parse_csv_row       | Failed to parse CSV row: invalid literal for int() with base 10: 'IPC1'
2025-08-13 15:51:23 | WARNING  | __main__             | _parse_csv_row       | Failed to parse CSV row: invalid literal for int() with base 10: 'IPC1'
2025-08-13 15:51:23 | WARNING  | __main__             | _parse_csv_row       | Failed to parse CSV row: invalid literal for int() with base 10: 'IPC1'
2025-08-13 15:51:23 | INFO     | __main__             | _delete_file         | Successfully deleted file: D:\NOPPALIT\History\Saturn_Acc_Logs\IPC1_20250813_154950.csv
2025-08-13 15:51:23 | WARNING  | __main__             | _parse_csv_row       | Failed to parse CSV row: invalid literal for int() with base 10: 'IPC1'
2025-08-13 15:51:23 | WARNING  | __main__             | _parse_csv_row       | Failed to parse CSV row: invalid literal for int() with base 10: 'IPC1'
2025-08-13 15:51:23 | WARNING  | __main__             | _parse_csv_row       | Failed to parse CSV row: invalid literal for int() with base 10: 'IPC1'
2025-08-13 15:51:23 | WARNING  | __main__             | _parse_csv_row       | Failed to parse CSV row: invalid literal for int() with base 10: 'IPC1'
2025-08-13 15:51:23 | WARNING  | __main__             | _parse_csv_row       | Failed to parse CSV row: invalid literal for int() with base 10: 'IPC1'
2025-08-13 15:51:23 | WARNING  | __main__             | _parse_csv_row       | Failed to parse CSV row: invalid literal for int() with base 10: 'IPC1'
2025-08-13 15:51:23 | WARNING  | __main__             | _parse_csv_row       | Failed to parse CSV row: invalid literal for int() with base 10: 'IPC1'
2025-08-13 15:51:23 | WARNING  | __main__             | _parse_csv_row       | Failed to parse CSV row: invalid literal for int() with base 10: 'IPC1'
2025-08-13 15:51:23 | WARNING  | __main__             | _parse_csv_row       | Failed to parse CSV row: invalid literal for int() with base 10: 'IPC1'
2025-08-13 15:51:23 | WARNING  | __main__             | _parse_csv_row       | Failed to parse CSV row: invalid literal for int() with base 10: 'IPC1'
2025-08-13 15:51:23 | INFO     | __main__             | _delete_file         | Successfully deleted file: D:\NOPPALIT\History\Saturn_Acc_Logs\IPC1_20250813_155001.csv
2025-08-13 15:51:23 | WARNING  | __main__             | _parse_csv_row       | Failed to parse CSV row: invalid literal for int() with base 10: 'IPC1'
2025-08-13 15:51:23 | WARNING  | __main__             | _parse_csv_row       | Failed to parse CSV row: invalid literal for int() with base 10: 'IPC1'
2025-08-13 15:51:23 | WARNING  | __main__             | _parse_csv_row       | Failed to parse CSV row: invalid literal for int() with base 10: 'IPC1'
2025-08-13 15:51:23 | WARNING  | __main__             | _parse_csv_row       | Failed to parse CSV row: invalid literal for int() with base 10: 'IPC1'
2025-08-13 15:51:23 | WARNING  | __main__             | _parse_csv_row       | Failed to parse CSV row: invalid literal for int() with base 10: 'IPC1'
2025-08-13 15:51:23 | WARNING  | __main__             | _parse_csv_row       | Failed to parse CSV row: invalid literal for int() with base 10: 'IPC1'
2025-08-13 15:51:23 | WARNING  | __main__             | _parse_csv_row       | Failed to parse CSV row: invalid literal for int() with base 10: 'IPC1'
2025-08-13 15:51:23 | WARNING  | __main__             | _parse_csv_row       | Failed to parse CSV row: invalid literal for int() with base 10: 'IPC1'
2025-08-13 15:51:23 | WARNING  | __main__             | _parse_csv_row       | Failed to parse CSV row: invalid literal for int() with base 10: 'IPC1'
2025-08-13 15:51:23 | WARNING  | __main__             | _parse_csv_row       | Failed to parse CSV row: invalid literal for int() with base 10: 'IPC1'
2025-08-13 15:51:23 | INFO     | __main__             | _delete_file         | Successfully deleted file: D:\NOPPALIT\History\Saturn_Acc_Logs\IPC1_20250813_155012.csv
2025-08-13 15:51:23 | WARNING  | __main__             | _parse_csv_row       | Failed to parse CSV row: invalid literal for int() with base 10: 'IPC1'
2025-08-13 15:51:23 | WARNING  | __main__             | _parse_csv_row       | Failed to parse CSV row: invalid literal for int() with base 10: 'IPC1'
2025-08-13 15:51:23 | WARNING  | __main__             | _parse_csv_row       | Failed to parse CSV row: invalid literal for int() with base 10: 'IPC1'
2025-08-13 15:51:23 | WARNING  | __main__             | _parse_csv_row       | Failed to parse CSV row: invalid literal for int() with base 10: 'IPC1'
2025-08-13 15:51:23 | WARNING  | __main__             | _parse_csv_row       | Failed to parse CSV row: invalid literal for int() with base 10: 'IPC1'
2025-08-13 15:51:23 | WARNING  | __main__             | _parse_csv_row       | Failed to parse CSV row: invalid literal for int() with base 10: 'IPC1'
2025-08-13 15:51:23 | WARNING  | __main__             | _parse_csv_row       | Failed to parse CSV row: invalid literal for int() with base 10: 'IPC1'
2025-08-13 15:51:23 | WARNING  | __main__             | _parse_csv_row       | Failed to parse CSV row: invalid literal for int() with base 10: 'IPC1'
2025-08-13 15:51:23 | WARNING  | __main__             | _parse_csv_row       | Failed to parse CSV row: invalid literal for int() with base 10: 'IPC1'
2025-08-13 15:51:23 | WARNING  | __main__             | _parse_csv_row       | Failed to parse CSV row: invalid literal for int() with base 10: 'IPC1'
2025-08-13 15:51:23 | INFO     | __main__             | _delete_file         | Successfully deleted file: D:\NOPPALIT\History\Saturn_Acc_Logs\IPC1_20250813_155023.csv
2025-08-13 15:51:23 | WARNING  | __main__             | _parse_csv_row       | Failed to parse CSV row: invalid literal for int() with base 10: 'IPC1'
2025-08-13 15:51:23 | WARNING  | __main__             | _parse_csv_row       | Failed to parse CSV row: invalid literal for int() with base 10: 'IPC1'
2025-08-13 15:51:23 | WARNING  | __main__             | _parse_csv_row       | Failed to parse CSV row: invalid literal for int() with base 10: 'IPC1'
2025-08-13 15:51:23 | WARNING  | __main__             | _parse_csv_row       | Failed to parse CSV row: invalid literal for int() with base 10: 'IPC1'
2025-08-13 15:51:23 | WARNING  | __main__             | _parse_csv_row       | Failed to parse CSV row: invalid literal for int() with base 10: 'IPC1'
2025-08-13 15:51:23 | WARNING  | __main__             | _parse_csv_row       | Failed to parse CSV row: invalid literal for int() with base 10: 'IPC1'
2025-08-13 15:51:23 | WARNING  | __main__             | _parse_csv_row       | Failed to parse CSV row: invalid literal for int() with base 10: 'IPC1'
2025-08-13 15:51:23 | WARNING  | __main__             | _parse_csv_row       | Failed to parse CSV row: invalid literal for int() with base 10: 'IPC1'
2025-08-13 15:51:23 | WARNING  | __main__             | _parse_csv_row       | Failed to parse CSV row: invalid literal for int() with base 10: 'IPC1'
2025-08-13 15:51:23 | WARNING  | __main__             | _parse_csv_row       | Failed to parse CSV row: invalid literal for int() with base 10: 'IPC1'
2025-08-13 15:51:23 | INFO     | __main__             | _delete_file         | Successfully deleted file: D:\NOPPALIT\History\Saturn_Acc_Logs\IPC1_20250813_155034.csv
2025-08-13 15:51:23 | WARNING  | __main__             | _parse_csv_row       | Failed to parse CSV row: invalid literal for int() with base 10: 'RPB1'
2025-08-13 15:51:23 | WARNING  | __main__             | _parse_csv_row       | Failed to parse CSV row: invalid literal for int() with base 10: 'RPB1'
2025-08-13 15:51:23 | WARNING  | __main__             | _parse_csv_row       | Failed to parse CSV row: invalid literal for int() with base 10: 'RPB1'
2025-08-13 15:51:23 | WARNING  | __main__             | _parse_csv_row       | Failed to parse CSV row: invalid literal for int() with base 10: 'RPB1'
2025-08-13 15:51:23 | WARNING  | __main__             | _parse_csv_row       | Failed to parse CSV row: invalid literal for int() with base 10: 'RPB1'
2025-08-13 15:51:23 | WARNING  | __main__             | _parse_csv_row       | Failed to parse CSV row: invalid literal for int() with base 10: 'RPB1'
2025-08-13 15:51:23 | WARNING  | __main__             | _parse_csv_row       | Failed to parse CSV row: invalid literal for int() with base 10: 'RPB1'
2025-08-13 15:51:23 | WARNING  | __main__             | _parse_csv_row       | Failed to parse CSV row: invalid literal for int() with base 10: 'RPB1'
2025-08-13 15:51:23 | WARNING  | __main__             | _parse_csv_row       | Failed to parse CSV row: invalid literal for int() with base 10: 'RPB1'
2025-08-13 15:51:23 | WARNING  | __main__             | _parse_csv_row       | Failed to parse CSV row: invalid literal for int() with base 10: 'RPB1'
2025-08-13 15:51:23 | INFO     | __main__             | _delete_file         | Successfully deleted file: D:\NOPPALIT\History\Saturn_Acc_Logs\RPB1_20250813_154211.csv
2025-08-13 15:51:23 | WARNING  | __main__             | _parse_csv_row       | Failed to parse CSV row: invalid literal for int() with base 10: 'RPB1'
2025-08-13 15:51:23 | WARNING  | __main__             | _parse_csv_row       | Failed to parse CSV row: invalid literal for int() with base 10: 'RPB1'
2025-08-13 15:51:23 | WARNING  | __main__             | _parse_csv_row       | Failed to parse CSV row: invalid literal for int() with base 10: 'RPB1'
2025-08-13 15:51:23 | WARNING  | __main__             | _parse_csv_row       | Failed to parse CSV row: invalid literal for int() with base 10: 'RPB1'
2025-08-13 15:51:23 | WARNING  | __main__             | _parse_csv_row       | Failed to parse CSV row: invalid literal for int() with base 10: 'RPB1'
2025-08-13 15:51:23 | WARNING  | __main__             | _parse_csv_row       | Failed to parse CSV row: invalid literal for int() with base 10: 'RPB1'
2025-08-13 15:51:23 | WARNING  | __main__             | _parse_csv_row       | Failed to parse CSV row: invalid literal for int() with base 10: 'RPB1'
2025-08-13 15:51:23 | WARNING  | __main__             | _parse_csv_row       | Failed to parse CSV row: invalid literal for int() with base 10: 'RPB1'
2025-08-13 15:51:23 | WARNING  | __main__             | _parse_csv_row       | Failed to parse CSV row: invalid literal for int() with base 10: 'RPB1'
2025-08-13 15:51:23 | WARNING  | __main__             | _parse_csv_row       | Failed to parse CSV row: invalid literal for int() with base 10: 'RPB1'
2025-08-13 15:51:23 | INFO     | __main__             | _delete_file         | Successfully deleted file: D:\NOPPALIT\History\Saturn_Acc_Logs\RPB1_20250813_154222.csv
2025-08-13 15:51:23 | WARNING  | __main__             | _parse_csv_row       | Failed to parse CSV row: invalid literal for int() with base 10: 'RPB1'
2025-08-13 15:51:23 | WARNING  | __main__             | _parse_csv_row       | Failed to parse CSV row: invalid literal for int() with base 10: 'RPB1'
2025-08-13 15:51:23 | WARNING  | __main__             | _parse_csv_row       | Failed to parse CSV row: invalid literal for int() with base 10: 'RPB1'
2025-08-13 15:51:23 | WARNING  | __main__             | _parse_csv_row       | Failed to parse CSV row: invalid literal for int() with base 10: 'RPB1'
2025-08-13 15:51:23 | WARNING  | __main__             | _parse_csv_row       | Failed to parse CSV row: invalid literal for int() with base 10: 'RPB1'
2025-08-13 15:51:23 | WARNING  | __main__             | _parse_csv_row       | Failed to parse CSV row: invalid literal for int() with base 10: 'RPB1'
2025-08-13 15:51:23 | WARNING  | __main__             | _parse_csv_row       | Failed to parse CSV row: invalid literal for int() with base 10: 'RPB1'
2025-08-13 15:51:23 | WARNING  | __main__             | _parse_csv_row       | Failed to parse CSV row: invalid literal for int() with base 10: 'RPB1'
2025-08-13 15:51:23 | WARNING  | __main__             | _parse_csv_row       | Failed to parse CSV row: invalid literal for int() with base 10: 'RPB1'
2025-08-13 15:51:23 | WARNING  | __main__             | _parse_csv_row       | Failed to parse CSV row: invalid literal for int() with base 10: 'RPB1'
2025-08-13 15:51:23 | INFO     | __main__             | _delete_file         | Successfully deleted file: D:\NOPPALIT\History\Saturn_Acc_Logs\RPB1_20250813_154233.csv
2025-08-13 15:51:23 | WARNING  | __main__             | _parse_csv_row       | Failed to parse CSV row: invalid literal for int() with base 10: 'RPB1'
2025-08-13 15:51:23 | WARNING  | __main__             | _parse_csv_row       | Failed to parse CSV row: invalid literal for int() with base 10: 'RPB1'
2025-08-13 15:51:23 | WARNING  | __main__             | _parse_csv_row       | Failed to parse CSV row: invalid literal for int() with base 10: 'RPB1'
2025-08-13 15:51:23 | WARNING  | __main__             | _parse_csv_row       | Failed to parse CSV row: invalid literal for int() with base 10: 'RPB1'
2025-08-13 15:51:23 | WARNING  | __main__             | _parse_csv_row       | Failed to parse CSV row: invalid literal for int() with base 10: 'RPB1'
2025-08-13 15:51:23 | WARNING  | __main__             | _parse_csv_row       | Failed to parse CSV row: invalid literal for int() with base 10: 'RPB1'
2025-08-13 15:51:23 | WARNING  | __main__             | _parse_csv_row       | Failed to parse CSV row: invalid literal for int() with base 10: 'RPB1'
2025-08-13 15:51:23 | WARNING  | __main__             | _parse_csv_row       | Failed to parse CSV row: invalid literal for int() with base 10: 'RPB1'
2025-08-13 15:51:23 | WARNING  | __main__             | _parse_csv_row       | Failed to parse CSV row: invalid literal for int() with base 10: 'RPB1'
2025-08-13 15:51:23 | WARNING  | __main__             | _parse_csv_row       | Failed to parse CSV row: invalid literal for int() with base 10: 'RPB1'
2025-08-13 15:51:23 | INFO     | __main__             | _delete_file         | Successfully deleted file: D:\NOPPALIT\History\Saturn_Acc_Logs\RPB1_20250813_154244.csv
2025-08-13 15:51:23 | WARNING  | __main__             | _parse_csv_row       | Failed to parse CSV row: invalid literal for int() with base 10: 'RPB1'
2025-08-13 15:51:23 | WARNING  | __main__             | _parse_csv_row       | Failed to parse CSV row: invalid literal for int() with base 10: 'RPB1'
2025-08-13 15:51:23 | WARNING  | __main__             | _parse_csv_row       | Failed to parse CSV row: invalid literal for int() with base 10: 'RPB1'
2025-08-13 15:51:23 | WARNING  | __main__             | _parse_csv_row       | Failed to parse CSV row: invalid literal for int() with base 10: 'RPB1'
2025-08-13 15:51:23 | WARNING  | __main__             | _parse_csv_row       | Failed to parse CSV row: invalid literal for int() with base 10: 'RPB1'
2025-08-13 15:51:23 | WARNING  | __main__             | _parse_csv_row       | Failed to parse CSV row: invalid literal for int() with base 10: 'RPB1'
2025-08-13 15:51:23 | WARNING  | __main__             | _parse_csv_row       | Failed to parse CSV row: invalid literal for int() with base 10: 'RPB1'
2025-08-13 15:51:23 | WARNING  | __main__             | _parse_csv_row       | Failed to parse CSV row: invalid literal for int() with base 10: 'RPB1'
2025-08-13 15:51:23 | WARNING  | __main__             | _parse_csv_row       | Failed to parse CSV row: invalid literal for int() with base 10: 'RPB1'
2025-08-13 15:51:23 | WARNING  | __main__             | _parse_csv_row       | Failed to parse CSV row: invalid literal for int() with base 10: 'RPB1'
2025-08-13 15:51:23 | INFO     | __main__             | _delete_file         | Successfully deleted file: D:\NOPPALIT\History\Saturn_Acc_Logs\RPB1_20250813_154255.csv
2025-08-13 15:51:23 | WARNING  | __main__             | _parse_csv_row       | Failed to parse CSV row: invalid literal for int() with base 10: 'RPB1'
2025-08-13 15:51:23 | WARNING  | __main__             | _parse_csv_row       | Failed to parse CSV row: invalid literal for int() with base 10: 'RPB1'
2025-08-13 15:51:23 | WARNING  | __main__             | _parse_csv_row       | Failed to parse CSV row: invalid literal for int() with base 10: 'RPB1'
2025-08-13 15:51:23 | WARNING  | __main__             | _parse_csv_row       | Failed to parse CSV row: invalid literal for int() with base 10: 'RPB1'
2025-08-13 15:51:23 | WARNING  | __main__             | _parse_csv_row       | Failed to parse CSV row: invalid literal for int() with base 10: 'RPB1'
2025-08-13 15:51:23 | WARNING  | __main__             | _parse_csv_row       | Failed to parse CSV row: invalid literal for int() with base 10: 'RPB1'
2025-08-13 15:51:23 | WARNING  | __main__             | _parse_csv_row       | Failed to parse CSV row: invalid literal for int() with base 10: 'RPB1'
2025-08-13 15:51:23 | WARNING  | __main__             | _parse_csv_row       | Failed to parse CSV row: invalid literal for int() with base 10: 'RPB1'
2025-08-13 15:51:23 | WARNING  | __main__             | _parse_csv_row       | Failed to parse CSV row: invalid literal for int() with base 10: 'RPB1'
2025-08-13 15:51:23 | WARNING  | __main__             | _parse_csv_row       | Failed to parse CSV row: invalid literal for int() with base 10: 'RPB1'
2025-08-13 15:51:23 | INFO     | __main__             | _delete_file         | Successfully deleted file: D:\NOPPALIT\History\Saturn_Acc_Logs\RPB1_20250813_154306.csv
2025-08-13 15:51:23 | WARNING  | __main__             | _parse_csv_row       | Failed to parse CSV row: invalid literal for int() with base 10: 'RPB1'
2025-08-13 15:51:23 | WARNING  | __main__             | _parse_csv_row       | Failed to parse CSV row: invalid literal for int() with base 10: 'RPB1'
2025-08-13 15:51:23 | WARNING  | __main__             | _parse_csv_row       | Failed to parse CSV row: invalid literal for int() with base 10: 'RPB1'
2025-08-13 15:51:23 | WARNING  | __main__             | _parse_csv_row       | Failed to parse CSV row: invalid literal for int() with base 10: 'RPB1'
2025-08-13 15:51:23 | WARNING  | __main__             | _parse_csv_row       | Failed to parse CSV row: invalid literal for int() with base 10: 'RPB1'
2025-08-13 15:51:23 | WARNING  | __main__             | _parse_csv_row       | Failed to parse CSV row: invalid literal for int() with base 10: 'RPB1'
2025-08-13 15:51:23 | WARNING  | __main__             | _parse_csv_row       | Failed to parse CSV row: invalid literal for int() with base 10: 'RPB1'
2025-08-13 15:51:23 | WARNING  | __main__             | _parse_csv_row       | Failed to parse CSV row: invalid literal for int() with base 10: 'RPB1'
2025-08-13 15:51:23 | WARNING  | __main__             | _parse_csv_row       | Failed to parse CSV row: invalid literal for int() with base 10: 'RPB1'
2025-08-13 15:51:23 | WARNING  | __main__             | _parse_csv_row       | Failed to parse CSV row: invalid literal for int() with base 10: 'RPB1'
2025-08-13 15:51:23 | INFO     | __main__             | _delete_file         | Successfully deleted file: D:\NOPPALIT\History\Saturn_Acc_Logs\RPB1_20250813_154317.csv
2025-08-13 15:51:23 | WARNING  | __main__             | _parse_csv_row       | Failed to parse CSV row: invalid literal for int() with base 10: 'RPB1'
2025-08-13 15:51:23 | WARNING  | __main__             | _parse_csv_row       | Failed to parse CSV row: invalid literal for int() with base 10: 'RPB1'
2025-08-13 15:51:23 | WARNING  | __main__             | _parse_csv_row       | Failed to parse CSV row: invalid literal for int() with base 10: 'RPB1'
2025-08-13 15:51:23 | WARNING  | __main__             | _parse_csv_row       | Failed to parse CSV row: invalid literal for int() with base 10: 'RPB1'
2025-08-13 15:51:23 | WARNING  | __main__             | _parse_csv_row       | Failed to parse CSV row: invalid literal for int() with base 10: 'RPB1'
2025-08-13 15:51:23 | WARNING  | __main__             | _parse_csv_row       | Failed to parse CSV row: invalid literal for int() with base 10: 'RPB1'
2025-08-13 15:51:23 | WARNING  | __main__             | _parse_csv_row       | Failed to parse CSV row: invalid literal for int() with base 10: 'RPB1'
2025-08-13 15:51:23 | WARNING  | __main__             | _parse_csv_row       | Failed to parse CSV row: invalid literal for int() with base 10: 'RPB1'
2025-08-13 15:51:23 | WARNING  | __main__             | _parse_csv_row       | Failed to parse CSV row: invalid literal for int() with base 10: 'RPB1'
2025-08-13 15:51:23 | WARNING  | __main__             | _parse_csv_row       | Failed to parse CSV row: invalid literal for int() with base 10: 'RPB1'
2025-08-13 15:51:23 | INFO     | __main__             | _delete_file         | Successfully deleted file: D:\NOPPALIT\History\Saturn_Acc_Logs\RPB1_20250813_154329.csv
2025-08-13 15:51:23 | WARNING  | __main__             | _parse_csv_row       | Failed to parse CSV row: invalid literal for int() with base 10: 'RPB1'
2025-08-13 15:51:23 | WARNING  | __main__             | _parse_csv_row       | Failed to parse CSV row: invalid literal for int() with base 10: 'RPB1'
2025-08-13 15:51:23 | WARNING  | __main__             | _parse_csv_row       | Failed to parse CSV row: invalid literal for int() with base 10: 'RPB1'
2025-08-13 15:51:23 | WARNING  | __main__             | _parse_csv_row       | Failed to parse CSV row: invalid literal for int() with base 10: 'RPB1'
2025-08-13 15:51:23 | WARNING  | __main__             | _parse_csv_row       | Failed to parse CSV row: invalid literal for int() with base 10: 'RPB1'
2025-08-13 15:51:23 | WARNING  | __main__             | _parse_csv_row       | Failed to parse CSV row: invalid literal for int() with base 10: 'RPB1'
2025-08-13 15:51:23 | WARNING  | __main__             | _parse_csv_row       | Failed to parse CSV row: invalid literal for int() with base 10: 'RPB1'
2025-08-13 15:51:23 | WARNING  | __main__             | _parse_csv_row       | Failed to parse CSV row: invalid literal for int() with base 10: 'RPB1'
2025-08-13 15:51:23 | WARNING  | __main__             | _parse_csv_row       | Failed to parse CSV row: invalid literal for int() with base 10: 'RPB1'
2025-08-13 15:51:23 | WARNING  | __main__             | _parse_csv_row       | Failed to parse CSV row: invalid literal for int() with base 10: 'RPB1'
2025-08-13 15:51:23 | INFO     | __main__             | _delete_file         | Successfully deleted file: D:\NOPPALIT\History\Saturn_Acc_Logs\RPB1_20250813_154351.csv
2025-08-13 15:51:23 | WARNING  | __main__             | _parse_csv_row       | Failed to parse CSV row: invalid literal for int() with base 10: 'RPB1'
2025-08-13 15:51:23 | WARNING  | __main__             | _parse_csv_row       | Failed to parse CSV row: invalid literal for int() with base 10: 'RPB1'
2025-08-13 15:51:23 | WARNING  | __main__             | _parse_csv_row       | Failed to parse CSV row: invalid literal for int() with base 10: 'RPB1'
2025-08-13 15:51:23 | WARNING  | __main__             | _parse_csv_row       | Failed to parse CSV row: invalid literal for int() with base 10: 'RPB1'
2025-08-13 15:51:23 | WARNING  | __main__             | _parse_csv_row       | Failed to parse CSV row: invalid literal for int() with base 10: 'RPB1'
2025-08-13 15:51:23 | WARNING  | __main__             | _parse_csv_row       | Failed to parse CSV row: invalid literal for int() with base 10: 'RPB1'
2025-08-13 15:51:23 | WARNING  | __main__             | _parse_csv_row       | Failed to parse CSV row: invalid literal for int() with base 10: 'RPB1'
2025-08-13 15:51:23 | WARNING  | __main__             | _parse_csv_row       | Failed to parse CSV row: invalid literal for int() with base 10: 'RPB1'
2025-08-13 15:51:23 | WARNING  | __main__             | _parse_csv_row       | Failed to parse CSV row: invalid literal for int() with base 10: 'RPB1'
2025-08-13 15:51:23 | WARNING  | __main__             | _parse_csv_row       | Failed to parse CSV row: invalid literal for int() with base 10: 'RPB1'
2025-08-13 15:51:23 | INFO     | __main__             | _delete_file         | Successfully deleted file: D:\NOPPALIT\History\Saturn_Acc_Logs\RPB1_20250813_154403.csv
2025-08-13 15:51:23 | WARNING  | __main__             | _parse_csv_row       | Failed to parse CSV row: invalid literal for int() with base 10: 'RPB1'
2025-08-13 15:51:23 | WARNING  | __main__             | _parse_csv_row       | Failed to parse CSV row: invalid literal for int() with base 10: 'RPB1'
2025-08-13 15:51:23 | WARNING  | __main__             | _parse_csv_row       | Failed to parse CSV row: invalid literal for int() with base 10: 'RPB1'
2025-08-13 15:51:23 | WARNING  | __main__             | _parse_csv_row       | Failed to parse CSV row: invalid literal for int() with base 10: 'RPB1'
2025-08-13 15:51:23 | WARNING  | __main__             | _parse_csv_row       | Failed to parse CSV row: invalid literal for int() with base 10: 'RPB1'
2025-08-13 15:51:23 | WARNING  | __main__             | _parse_csv_row       | Failed to parse CSV row: invalid literal for int() with base 10: 'RPB1'
2025-08-13 15:51:23 | WARNING  | __main__             | _parse_csv_row       | Failed to parse CSV row: invalid literal for int() with base 10: 'RPB1'
2025-08-13 15:51:23 | WARNING  | __main__             | _parse_csv_row       | Failed to parse CSV row: invalid literal for int() with base 10: 'RPB1'
2025-08-13 15:51:23 | WARNING  | __main__             | _parse_csv_row       | Failed to parse CSV row: invalid literal for int() with base 10: 'RPB1'
2025-08-13 15:51:23 | WARNING  | __main__             | _parse_csv_row       | Failed to parse CSV row: invalid literal for int() with base 10: 'RPB1'
2025-08-13 15:51:23 | INFO     | __main__             | _delete_file         | Successfully deleted file: D:\NOPPALIT\History\Saturn_Acc_Logs\RPB1_20250813_154414.csv
2025-08-13 15:51:23 | WARNING  | __main__             | _parse_csv_row       | Failed to parse CSV row: invalid literal for int() with base 10: 'RPB1'
2025-08-13 15:51:23 | WARNING  | __main__             | _parse_csv_row       | Failed to parse CSV row: invalid literal for int() with base 10: 'RPB1'
2025-08-13 15:51:23 | WARNING  | __main__             | _parse_csv_row       | Failed to parse CSV row: invalid literal for int() with base 10: 'RPB1'
2025-08-13 15:51:23 | WARNING  | __main__             | _parse_csv_row       | Failed to parse CSV row: invalid literal for int() with base 10: 'RPB1'
2025-08-13 15:51:23 | WARNING  | __main__             | _parse_csv_row       | Failed to parse CSV row: invalid literal for int() with base 10: 'RPB1'
2025-08-13 15:51:23 | WARNING  | __main__             | _parse_csv_row       | Failed to parse CSV row: invalid literal for int() with base 10: 'RPB1'
2025-08-13 15:51:23 | WARNING  | __main__             | _parse_csv_row       | Failed to parse CSV row: invalid literal for int() with base 10: 'RPB1'
2025-08-13 15:51:23 | WARNING  | __main__             | _parse_csv_row       | Failed to parse CSV row: invalid literal for int() with base 10: 'RPB1'
2025-08-13 15:51:23 | WARNING  | __main__             | _parse_csv_row       | Failed to parse CSV row: invalid literal for int() with base 10: 'RPB1'
2025-08-13 15:51:23 | WARNING  | __main__             | _parse_csv_row       | Failed to parse CSV row: invalid literal for int() with base 10: 'RPB1'
2025-08-13 15:51:23 | INFO     | __main__             | _delete_file         | Successfully deleted file: D:\NOPPALIT\History\Saturn_Acc_Logs\RPB1_20250813_154425.csv
2025-08-13 15:51:23 | WARNING  | __main__             | _parse_csv_row       | Failed to parse CSV row: invalid literal for int() with base 10: 'RPB1'
2025-08-13 15:51:23 | WARNING  | __main__             | _parse_csv_row       | Failed to parse CSV row: invalid literal for int() with base 10: 'RPB1'
2025-08-13 15:51:23 | WARNING  | __main__             | _parse_csv_row       | Failed to parse CSV row: invalid literal for int() with base 10: 'RPB1'
2025-08-13 15:51:23 | WARNING  | __main__             | _parse_csv_row       | Failed to parse CSV row: invalid literal for int() with base 10: 'RPB1'
2025-08-13 15:51:23 | WARNING  | __main__             | _parse_csv_row       | Failed to parse CSV row: invalid literal for int() with base 10: 'RPB1'
2025-08-13 15:51:23 | WARNING  | __main__             | _parse_csv_row       | Failed to parse CSV row: invalid literal for int() with base 10: 'RPB1'
2025-08-13 15:51:23 | WARNING  | __main__             | _parse_csv_row       | Failed to parse CSV row: invalid literal for int() with base 10: 'RPB1'
2025-08-13 15:51:23 | WARNING  | __main__             | _parse_csv_row       | Failed to parse CSV row: invalid literal for int() with base 10: 'RPB1'
2025-08-13 15:51:23 | WARNING  | __main__             | _parse_csv_row       | Failed to parse CSV row: invalid literal for int() with base 10: 'RPB1'
2025-08-13 15:51:23 | WARNING  | __main__             | _parse_csv_row       | Failed to parse CSV row: invalid literal for int() with base 10: 'RPB1'
2025-08-13 15:51:23 | INFO     | __main__             | _delete_file         | Successfully deleted file: D:\NOPPALIT\History\Saturn_Acc_Logs\RPB1_20250813_154436.csv
2025-08-13 15:51:23 | WARNING  | __main__             | _parse_csv_row       | Failed to parse CSV row: invalid literal for int() with base 10: 'RPB1'
2025-08-13 15:51:23 | WARNING  | __main__             | _parse_csv_row       | Failed to parse CSV row: invalid literal for int() with base 10: 'RPB1'
2025-08-13 15:51:23 | WARNING  | __main__             | _parse_csv_row       | Failed to parse CSV row: invalid literal for int() with base 10: 'RPB1'
2025-08-13 15:51:23 | WARNING  | __main__             | _parse_csv_row       | Failed to parse CSV row: invalid literal for int() with base 10: 'RPB1'
2025-08-13 15:51:23 | WARNING  | __main__             | _parse_csv_row       | Failed to parse CSV row: invalid literal for int() with base 10: 'RPB1'
2025-08-13 15:51:23 | WARNING  | __main__             | _parse_csv_row       | Failed to parse CSV row: invalid literal for int() with base 10: 'RPB1'
2025-08-13 15:51:23 | WARNING  | __main__             | _parse_csv_row       | Failed to parse CSV row: invalid literal for int() with base 10: 'RPB1'
2025-08-13 15:51:23 | WARNING  | __main__             | _parse_csv_row       | Failed to parse CSV row: invalid literal for int() with base 10: 'RPB1'
2025-08-13 15:51:23 | WARNING  | __main__             | _parse_csv_row       | Failed to parse CSV row: invalid literal for int() with base 10: 'RPB1'
2025-08-13 15:51:23 | WARNING  | __main__             | _parse_csv_row       | Failed to parse CSV row: invalid literal for int() with base 10: 'RPB1'
2025-08-13 15:51:23 | INFO     | __main__             | _delete_file         | Successfully deleted file: D:\NOPPALIT\History\Saturn_Acc_Logs\RPB1_20250813_154447.csv
2025-08-13 15:51:23 | WARNING  | __main__             | _parse_csv_row       | Failed to parse CSV row: invalid literal for int() with base 10: 'RPB1'
2025-08-13 15:51:23 | WARNING  | __main__             | _parse_csv_row       | Failed to parse CSV row: invalid literal for int() with base 10: 'RPB1'
2025-08-13 15:51:23 | WARNING  | __main__             | _parse_csv_row       | Failed to parse CSV row: invalid literal for int() with base 10: 'RPB1'
2025-08-13 15:51:23 | WARNING  | __main__             | _parse_csv_row       | Failed to parse CSV row: invalid literal for int() with base 10: 'RPB1'
2025-08-13 15:51:23 | WARNING  | __main__             | _parse_csv_row       | Failed to parse CSV row: invalid literal for int() with base 10: 'RPB1'
2025-08-13 15:51:23 | WARNING  | __main__             | _parse_csv_row       | Failed to parse CSV row: invalid literal for int() with base 10: 'RPB1'
2025-08-13 15:51:23 | WARNING  | __main__             | _parse_csv_row       | Failed to parse CSV row: invalid literal for int() with base 10: 'RPB1'
2025-08-13 15:51:23 | WARNING  | __main__             | _parse_csv_row       | Failed to parse CSV row: invalid literal for int() with base 10: 'RPB1'
2025-08-13 15:51:23 | WARNING  | __main__             | _parse_csv_row       | Failed to parse CSV row: invalid literal for int() with base 10: 'RPB1'
2025-08-13 15:51:23 | WARNING  | __main__             | _parse_csv_row       | Failed to parse CSV row: invalid literal for int() with base 10: 'RPB1'
2025-08-13 15:51:23 | INFO     | __main__             | _delete_file         | Successfully deleted file: D:\NOPPALIT\History\Saturn_Acc_Logs\RPB1_20250813_154458.csv
2025-08-13 15:51:23 | WARNING  | __main__             | _parse_csv_row       | Failed to parse CSV row: invalid literal for int() with base 10: 'RPB1'
2025-08-13 15:51:23 | WARNING  | __main__             | _parse_csv_row       | Failed to parse CSV row: invalid literal for int() with base 10: 'RPB1'
2025-08-13 15:51:23 | WARNING  | __main__             | _parse_csv_row       | Failed to parse CSV row: invalid literal for int() with base 10: 'RPB1'
2025-08-13 15:51:23 | WARNING  | __main__             | _parse_csv_row       | Failed to parse CSV row: invalid literal for int() with base 10: 'RPB1'
2025-08-13 15:51:23 | WARNING  | __main__             | _parse_csv_row       | Failed to parse CSV row: invalid literal for int() with base 10: 'RPB1'
2025-08-13 15:51:23 | WARNING  | __main__             | _parse_csv_row       | Failed to parse CSV row: invalid literal for int() with base 10: 'RPB1'
2025-08-13 15:51:23 | WARNING  | __main__             | _parse_csv_row       | Failed to parse CSV row: invalid literal for int() with base 10: 'RPB1'
2025-08-13 15:51:23 | WARNING  | __main__             | _parse_csv_row       | Failed to parse CSV row: invalid literal for int() with base 10: 'RPB1'
2025-08-13 15:51:23 | WARNING  | __main__             | _parse_csv_row       | Failed to parse CSV row: invalid literal for int() with base 10: 'RPB1'
2025-08-13 15:51:23 | WARNING  | __main__             | _parse_csv_row       | Failed to parse CSV row: invalid literal for int() with base 10: 'RPB1'
2025-08-13 15:51:23 | INFO     | __main__             | _delete_file         | Successfully deleted file: D:\NOPPALIT\History\Saturn_Acc_Logs\RPB1_20250813_154510.csv
2025-08-13 15:51:23 | WARNING  | __main__             | _parse_csv_row       | Failed to parse CSV row: invalid literal for int() with base 10: 'RPB1'
2025-08-13 15:51:23 | WARNING  | __main__             | _parse_csv_row       | Failed to parse CSV row: invalid literal for int() with base 10: 'RPB1'
2025-08-13 15:51:23 | WARNING  | __main__             | _parse_csv_row       | Failed to parse CSV row: invalid literal for int() with base 10: 'RPB1'
2025-08-13 15:51:23 | WARNING  | __main__             | _parse_csv_row       | Failed to parse CSV row: invalid literal for int() with base 10: 'RPB1'
2025-08-13 15:51:23 | WARNING  | __main__             | _parse_csv_row       | Failed to parse CSV row: invalid literal for int() with base 10: 'RPB1'
2025-08-13 15:51:23 | WARNING  | __main__             | _parse_csv_row       | Failed to parse CSV row: invalid literal for int() with base 10: 'RPB1'
2025-08-13 15:51:23 | WARNING  | __main__             | _parse_csv_row       | Failed to parse CSV row: invalid literal for int() with base 10: 'RPB1'
2025-08-13 15:51:23 | WARNING  | __main__             | _parse_csv_row       | Failed to parse CSV row: invalid literal for int() with base 10: 'RPB1'
2025-08-13 15:51:23 | WARNING  | __main__             | _parse_csv_row       | Failed to parse CSV row: invalid literal for int() with base 10: 'RPB1'
2025-08-13 15:51:23 | WARNING  | __main__             | _parse_csv_row       | Failed to parse CSV row: invalid literal for int() with base 10: 'RPB1'
2025-08-13 15:51:23 | INFO     | __main__             | _delete_file         | Successfully deleted file: D:\NOPPALIT\History\Saturn_Acc_Logs\RPB1_20250813_154521.csv
2025-08-13 15:51:23 | WARNING  | __main__             | _parse_csv_row       | Failed to parse CSV row: invalid literal for int() with base 10: 'RPB1'
2025-08-13 15:51:23 | WARNING  | __main__             | _parse_csv_row       | Failed to parse CSV row: invalid literal for int() with base 10: 'RPB1'
2025-08-13 15:51:23 | WARNING  | __main__             | _parse_csv_row       | Failed to parse CSV row: invalid literal for int() with base 10: 'RPB1'
2025-08-13 15:51:23 | WARNING  | __main__             | _parse_csv_row       | Failed to parse CSV row: invalid literal for int() with base 10: 'RPB1'
2025-08-13 15:51:23 | WARNING  | __main__             | _parse_csv_row       | Failed to parse CSV row: invalid literal for int() with base 10: 'RPB1'
2025-08-13 15:51:23 | WARNING  | __main__             | _parse_csv_row       | Failed to parse CSV row: invalid literal for int() with base 10: 'RPB1'
2025-08-13 15:51:23 | WARNING  | __main__             | _parse_csv_row       | Failed to parse CSV row: invalid literal for int() with base 10: 'RPB1'
2025-08-13 15:51:23 | WARNING  | __main__             | _parse_csv_row       | Failed to parse CSV row: invalid literal for int() with base 10: 'RPB1'
2025-08-13 15:51:23 | WARNING  | __main__             | _parse_csv_row       | Failed to parse CSV row: invalid literal for int() with base 10: 'RPB1'
2025-08-13 15:51:23 | WARNING  | __main__             | _parse_csv_row       | Failed to parse CSV row: invalid literal for int() with base 10: 'RPB1'
2025-08-13 15:51:23 | INFO     | __main__             | _delete_file         | Successfully deleted file: D:\NOPPALIT\History\Saturn_Acc_Logs\RPB1_20250813_154532.csv
2025-08-13 15:51:23 | WARNING  | __main__             | _parse_csv_row       | Failed to parse CSV row: invalid literal for int() with base 10: 'RPB1'
2025-08-13 15:51:23 | WARNING  | __main__             | _parse_csv_row       | Failed to parse CSV row: invalid literal for int() with base 10: 'RPB1'
2025-08-13 15:51:23 | WARNING  | __main__             | _parse_csv_row       | Failed to parse CSV row: invalid literal for int() with base 10: 'RPB1'
2025-08-13 15:51:23 | WARNING  | __main__             | _parse_csv_row       | Failed to parse CSV row: invalid literal for int() with base 10: 'RPB1'
2025-08-13 15:51:23 | WARNING  | __main__             | _parse_csv_row       | Failed to parse CSV row: invalid literal for int() with base 10: 'RPB1'
2025-08-13 15:51:23 | WARNING  | __main__             | _parse_csv_row       | Failed to parse CSV row: invalid literal for int() with base 10: 'RPB1'
2025-08-13 15:51:23 | WARNING  | __main__             | _parse_csv_row       | Failed to parse CSV row: invalid literal for int() with base 10: 'RPB1'
2025-08-13 15:51:23 | WARNING  | __main__             | _parse_csv_row       | Failed to parse CSV row: invalid literal for int() with base 10: 'RPB1'
2025-08-13 15:51:23 | WARNING  | __main__             | _parse_csv_row       | Failed to parse CSV row: invalid literal for int() with base 10: 'RPB1'
2025-08-13 15:51:23 | WARNING  | __main__             | _parse_csv_row       | Failed to parse CSV row: invalid literal for int() with base 10: 'RPB1'
2025-08-13 15:51:23 | INFO     | __main__             | _delete_file         | Successfully deleted file: D:\NOPPALIT\History\Saturn_Acc_Logs\RPB1_20250813_154543.csv
2025-08-13 15:51:23 | WARNING  | __main__             | _parse_csv_row       | Failed to parse CSV row: invalid literal for int() with base 10: 'RPB1'
2025-08-13 15:51:23 | WARNING  | __main__             | _parse_csv_row       | Failed to parse CSV row: invalid literal for int() with base 10: 'RPB1'
2025-08-13 15:51:23 | WARNING  | __main__             | _parse_csv_row       | Failed to parse CSV row: invalid literal for int() with base 10: 'RPB1'
2025-08-13 15:51:23 | WARNING  | __main__             | _parse_csv_row       | Failed to parse CSV row: invalid literal for int() with base 10: 'RPB1'
2025-08-13 15:51:23 | WARNING  | __main__             | _parse_csv_row       | Failed to parse CSV row: invalid literal for int() with base 10: 'RPB1'
2025-08-13 15:51:23 | WARNING  | __main__             | _parse_csv_row       | Failed to parse CSV row: invalid literal for int() with base 10: 'RPB1'
2025-08-13 15:51:23 | WARNING  | __main__             | _parse_csv_row       | Failed to parse CSV row: invalid literal for int() with base 10: 'RPB1'
2025-08-13 15:51:23 | WARNING  | __main__             | _parse_csv_row       | Failed to parse CSV row: invalid literal for int() with base 10: 'RPB1'
2025-08-13 15:51:23 | WARNING  | __main__             | _parse_csv_row       | Failed to parse CSV row: invalid literal for int() with base 10: 'RPB1'
2025-08-13 15:51:23 | WARNING  | __main__             | _parse_csv_row       | Failed to parse CSV row: invalid literal for int() with base 10: 'RPB1'
2025-08-13 15:51:23 | INFO     | __main__             | _delete_file         | Successfully deleted file: D:\NOPPALIT\History\Saturn_Acc_Logs\RPB1_20250813_154555.csv
2025-08-13 15:51:23 | WARNING  | __main__             | _parse_csv_row       | Failed to parse CSV row: invalid literal for int() with base 10: 'RPB1'
2025-08-13 15:51:23 | WARNING  | __main__             | _parse_csv_row       | Failed to parse CSV row: invalid literal for int() with base 10: 'RPB1'
2025-08-13 15:51:23 | WARNING  | __main__             | _parse_csv_row       | Failed to parse CSV row: invalid literal for int() with base 10: 'RPB1'
2025-08-13 15:51:23 | WARNING  | __main__             | _parse_csv_row       | Failed to parse CSV row: invalid literal for int() with base 10: 'RPB1'
2025-08-13 15:51:23 | WARNING  | __main__             | _parse_csv_row       | Failed to parse CSV row: invalid literal for int() with base 10: 'RPB1'
2025-08-13 15:51:23 | WARNING  | __main__             | _parse_csv_row       | Failed to parse CSV row: invalid literal for int() with base 10: 'RPB1'
2025-08-13 15:51:23 | WARNING  | __main__             | _parse_csv_row       | Failed to parse CSV row: invalid literal for int() with base 10: 'RPB1'
2025-08-13 15:51:23 | WARNING  | __main__             | _parse_csv_row       | Failed to parse CSV row: invalid literal for int() with base 10: 'RPB1'
2025-08-13 15:51:23 | WARNING  | __main__             | _parse_csv_row       | Failed to parse CSV row: invalid literal for int() with base 10: 'RPB1'
2025-08-13 15:51:23 | WARNING  | __main__             | _parse_csv_row       | Failed to parse CSV row: invalid literal for int() with base 10: 'RPB1'
2025-08-13 15:51:23 | INFO     | __main__             | _delete_file         | Successfully deleted file: D:\NOPPALIT\History\Saturn_Acc_Logs\RPB1_20250813_154606.csv
2025-08-13 15:51:23 | WARNING  | __main__             | _parse_csv_row       | Failed to parse CSV row: invalid literal for int() with base 10: 'RPB1'
2025-08-13 15:51:23 | WARNING  | __main__             | _parse_csv_row       | Failed to parse CSV row: invalid literal for int() with base 10: 'RPB1'
2025-08-13 15:51:23 | WARNING  | __main__             | _parse_csv_row       | Failed to parse CSV row: invalid literal for int() with base 10: 'RPB1'
2025-08-13 15:51:23 | WARNING  | __main__             | _parse_csv_row       | Failed to parse CSV row: invalid literal for int() with base 10: 'RPB1'
2025-08-13 15:51:23 | WARNING  | __main__             | _parse_csv_row       | Failed to parse CSV row: invalid literal for int() with base 10: 'RPB1'
2025-08-13 15:51:23 | WARNING  | __main__             | _parse_csv_row       | Failed to parse CSV row: invalid literal for int() with base 10: 'RPB1'
2025-08-13 15:51:23 | WARNING  | __main__             | _parse_csv_row       | Failed to parse CSV row: invalid literal for int() with base 10: 'RPB1'
2025-08-13 15:51:23 | WARNING  | __main__             | _parse_csv_row       | Failed to parse CSV row: invalid literal for int() with base 10: 'RPB1'
2025-08-13 15:51:23 | WARNING  | __main__             | _parse_csv_row       | Failed to parse CSV row: invalid literal for int() with base 10: 'RPB1'
2025-08-13 15:51:23 | WARNING  | __main__             | _parse_csv_row       | Failed to parse CSV row: invalid literal for int() with base 10: 'RPB1'
2025-08-13 15:51:23 | INFO     | __main__             | _delete_file         | Successfully deleted file: D:\NOPPALIT\History\Saturn_Acc_Logs\RPB1_20250813_154617.csv
2025-08-13 15:51:23 | WARNING  | __main__             | _parse_csv_row       | Failed to parse CSV row: invalid literal for int() with base 10: 'RPB1'
2025-08-13 15:51:23 | WARNING  | __main__             | _parse_csv_row       | Failed to parse CSV row: invalid literal for int() with base 10: 'RPB1'
2025-08-13 15:51:23 | WARNING  | __main__             | _parse_csv_row       | Failed to parse CSV row: invalid literal for int() with base 10: 'RPB1'
2025-08-13 15:51:23 | WARNING  | __main__             | _parse_csv_row       | Failed to parse CSV row: invalid literal for int() with base 10: 'RPB1'
2025-08-13 15:51:23 | WARNING  | __main__             | _parse_csv_row       | Failed to parse CSV row: invalid literal for int() with base 10: 'RPB1'
2025-08-13 15:51:23 | WARNING  | __main__             | _parse_csv_row       | Failed to parse CSV row: invalid literal for int() with base 10: 'RPB1'
2025-08-13 15:51:23 | WARNING  | __main__             | _parse_csv_row       | Failed to parse CSV row: invalid literal for int() with base 10: 'RPB1'
2025-08-13 15:51:23 | WARNING  | __main__             | _parse_csv_row       | Failed to parse CSV row: invalid literal for int() with base 10: 'RPB1'
2025-08-13 15:51:23 | WARNING  | __main__             | _parse_csv_row       | Failed to parse CSV row: invalid literal for int() with base 10: 'RPB1'
2025-08-13 15:51:23 | WARNING  | __main__             | _parse_csv_row       | Failed to parse CSV row: invalid literal for int() with base 10: 'RPB1'
2025-08-13 15:51:23 | INFO     | __main__             | _delete_file         | Successfully deleted file: D:\NOPPALIT\History\Saturn_Acc_Logs\RPB1_20250813_154628.csv
2025-08-13 15:51:23 | WARNING  | __main__             | _parse_csv_row       | Failed to parse CSV row: invalid literal for int() with base 10: 'RPB1'
2025-08-13 15:51:23 | WARNING  | __main__             | _parse_csv_row       | Failed to parse CSV row: invalid literal for int() with base 10: 'RPB1'
2025-08-13 15:51:23 | WARNING  | __main__             | _parse_csv_row       | Failed to parse CSV row: invalid literal for int() with base 10: 'RPB1'
2025-08-13 15:51:23 | WARNING  | __main__             | _parse_csv_row       | Failed to parse CSV row: invalid literal for int() with base 10: 'RPB1'
2025-08-13 15:51:23 | WARNING  | __main__             | _parse_csv_row       | Failed to parse CSV row: invalid literal for int() with base 10: 'RPB1'
2025-08-13 15:51:23 | WARNING  | __main__             | _parse_csv_row       | Failed to parse CSV row: invalid literal for int() with base 10: 'RPB1'
2025-08-13 15:51:23 | WARNING  | __main__             | _parse_csv_row       | Failed to parse CSV row: invalid literal for int() with base 10: 'RPB1'
2025-08-13 15:51:23 | WARNING  | __main__             | _parse_csv_row       | Failed to parse CSV row: invalid literal for int() with base 10: 'RPB1'
2025-08-13 15:51:23 | WARNING  | __main__             | _parse_csv_row       | Failed to parse CSV row: invalid literal for int() with base 10: 'RPB1'
2025-08-13 15:51:23 | WARNING  | __main__             | _parse_csv_row       | Failed to parse CSV row: invalid literal for int() with base 10: 'RPB1'
2025-08-13 15:51:23 | INFO     | __main__             | _delete_file         | Successfully deleted file: D:\NOPPALIT\History\Saturn_Acc_Logs\RPB1_20250813_154639.csv
2025-08-13 15:51:23 | WARNING  | __main__             | _parse_csv_row       | Failed to parse CSV row: invalid literal for int() with base 10: 'RPB1'
2025-08-13 15:51:23 | WARNING  | __main__             | _parse_csv_row       | Failed to parse CSV row: invalid literal for int() with base 10: 'RPB1'
2025-08-13 15:51:23 | WARNING  | __main__             | _parse_csv_row       | Failed to parse CSV row: invalid literal for int() with base 10: 'RPB1'
2025-08-13 15:51:23 | WARNING  | __main__             | _parse_csv_row       | Failed to parse CSV row: invalid literal for int() with base 10: 'RPB1'
2025-08-13 15:51:23 | WARNING  | __main__             | _parse_csv_row       | Failed to parse CSV row: invalid literal for int() with base 10: 'RPB1'
2025-08-13 15:51:23 | WARNING  | __main__             | _parse_csv_row       | Failed to parse CSV row: invalid literal for int() with base 10: 'RPB1'
2025-08-13 15:51:23 | WARNING  | __main__             | _parse_csv_row       | Failed to parse CSV row: invalid literal for int() with base 10: 'RPB1'
2025-08-13 15:51:23 | WARNING  | __main__             | _parse_csv_row       | Failed to parse CSV row: invalid literal for int() with base 10: 'RPB1'
2025-08-13 15:51:23 | WARNING  | __main__             | _parse_csv_row       | Failed to parse CSV row: invalid literal for int() with base 10: 'RPB1'
2025-08-13 15:51:23 | WARNING  | __main__             | _parse_csv_row       | Failed to parse CSV row: invalid literal for int() with base 10: 'RPB1'
2025-08-13 15:51:23 | INFO     | __main__             | _delete_file         | Successfully deleted file: D:\NOPPALIT\History\Saturn_Acc_Logs\RPB1_20250813_154650.csv
2025-08-13 15:51:23 | WARNING  | __main__             | _parse_csv_row       | Failed to parse CSV row: invalid literal for int() with base 10: 'RPB1'
2025-08-13 15:51:23 | WARNING  | __main__             | _parse_csv_row       | Failed to parse CSV row: invalid literal for int() with base 10: 'RPB1'
2025-08-13 15:51:23 | WARNING  | __main__             | _parse_csv_row       | Failed to parse CSV row: invalid literal for int() with base 10: 'RPB1'
2025-08-13 15:51:23 | WARNING  | __main__             | _parse_csv_row       | Failed to parse CSV row: invalid literal for int() with base 10: 'RPB1'
2025-08-13 15:51:23 | WARNING  | __main__             | _parse_csv_row       | Failed to parse CSV row: invalid literal for int() with base 10: 'RPB1'
2025-08-13 15:51:23 | WARNING  | __main__             | _parse_csv_row       | Failed to parse CSV row: invalid literal for int() with base 10: 'RPB1'
2025-08-13 15:51:23 | WARNING  | __main__             | _parse_csv_row       | Failed to parse CSV row: invalid literal for int() with base 10: 'RPB1'
2025-08-13 15:51:23 | WARNING  | __main__             | _parse_csv_row       | Failed to parse CSV row: invalid literal for int() with base 10: 'RPB1'
2025-08-13 15:51:23 | WARNING  | __main__             | _parse_csv_row       | Failed to parse CSV row: invalid literal for int() with base 10: 'RPB1'
2025-08-13 15:51:23 | WARNING  | __main__             | _parse_csv_row       | Failed to parse CSV row: invalid literal for int() with base 10: 'RPB1'
2025-08-13 15:51:23 | INFO     | __main__             | _delete_file         | Successfully deleted file: D:\NOPPALIT\History\Saturn_Acc_Logs\RPB1_20250813_154701.csv
2025-08-13 15:51:23 | WARNING  | __main__             | _parse_csv_row       | Failed to parse CSV row: invalid literal for int() with base 10: 'RPB1'
2025-08-13 15:51:23 | WARNING  | __main__             | _parse_csv_row       | Failed to parse CSV row: invalid literal for int() with base 10: 'RPB1'
2025-08-13 15:51:23 | WARNING  | __main__             | _parse_csv_row       | Failed to parse CSV row: invalid literal for int() with base 10: 'RPB1'
2025-08-13 15:51:23 | WARNING  | __main__             | _parse_csv_row       | Failed to parse CSV row: invalid literal for int() with base 10: 'RPB1'
2025-08-13 15:51:23 | WARNING  | __main__             | _parse_csv_row       | Failed to parse CSV row: invalid literal for int() with base 10: 'RPB1'
2025-08-13 15:51:23 | WARNING  | __main__             | _parse_csv_row       | Failed to parse CSV row: invalid literal for int() with base 10: 'RPB1'
2025-08-13 15:51:23 | WARNING  | __main__             | _parse_csv_row       | Failed to parse CSV row: invalid literal for int() with base 10: 'RPB1'
2025-08-13 15:51:23 | WARNING  | __main__             | _parse_csv_row       | Failed to parse CSV row: invalid literal for int() with base 10: 'RPB1'
2025-08-13 15:51:23 | WARNING  | __main__             | _parse_csv_row       | Failed to parse CSV row: invalid literal for int() with base 10: 'RPB1'
2025-08-13 15:51:23 | WARNING  | __main__             | _parse_csv_row       | Failed to parse CSV row: invalid literal for int() with base 10: 'RPB1'
2025-08-13 15:51:23 | INFO     | __main__             | _delete_file         | Successfully deleted file: D:\NOPPALIT\History\Saturn_Acc_Logs\RPB1_20250813_154713.csv
2025-08-13 15:51:23 | WARNING  | __main__             | _parse_csv_row       | Failed to parse CSV row: invalid literal for int() with base 10: 'RPB1'
2025-08-13 15:51:23 | WARNING  | __main__             | _parse_csv_row       | Failed to parse CSV row: invalid literal for int() with base 10: 'RPB1'
2025-08-13 15:51:23 | WARNING  | __main__             | _parse_csv_row       | Failed to parse CSV row: invalid literal for int() with base 10: 'RPB1'
2025-08-13 15:51:23 | WARNING  | __main__             | _parse_csv_row       | Failed to parse CSV row: invalid literal for int() with base 10: 'RPB1'
2025-08-13 15:51:23 | WARNING  | __main__             | _parse_csv_row       | Failed to parse CSV row: invalid literal for int() with base 10: 'RPB1'
2025-08-13 15:51:23 | WARNING  | __main__             | _parse_csv_row       | Failed to parse CSV row: invalid literal for int() with base 10: 'RPB1'
2025-08-13 15:51:23 | WARNING  | __main__             | _parse_csv_row       | Failed to parse CSV row: invalid literal for int() with base 10: 'RPB1'
2025-08-13 15:51:23 | WARNING  | __main__             | _parse_csv_row       | Failed to parse CSV row: invalid literal for int() with base 10: 'RPB1'
2025-08-13 15:51:23 | WARNING  | __main__             | _parse_csv_row       | Failed to parse CSV row: invalid literal for int() with base 10: 'RPB1'
2025-08-13 15:51:23 | WARNING  | __main__             | _parse_csv_row       | Failed to parse CSV row: invalid literal for int() with base 10: 'RPB1'
2025-08-13 15:51:23 | INFO     | __main__             | _delete_file         | Successfully deleted file: D:\NOPPALIT\History\Saturn_Acc_Logs\RPB1_20250813_154724.csv
2025-08-13 15:52:06 | INFO     | __main__             | start                | Service interrupted by user
2025-08-13 15:52:06 | INFO     | __main__             | close                | Connection pool closed
2025-08-13 15:52:06 | INFO     | __main__             | cleanup              | Service cleanup completed
