2025-08-13 16:14:57 | INFO     | __main__             | _load_config         | Configuration loaded from config.yaml
2025-08-13 16:14:57 | INFO     | __main__             | _init_connection_pool | Connection pool initialized successfully
2025-08-13 16:14:57 | INFO     | __main__             | __init__             | CSV source directory: D:\NOPPALIT\History\Saturn_Acc_Logs
2025-08-13 16:14:57 | INFO     | __main__             | __init__             | Export directory: D:\NOPPALIT\History\Saturn_Acc_Logs
2025-08-13 16:14:57 | INFO     | __main__             | init_db              | Database initialized successfully
2025-08-13 16:14:57 | INFO     | __main__             | start                | Starting CSV processing service every 1 minutes...
2025-08-13 16:14:57 | INFO     | __main__             | start                | CSV source directory: D:\NOPPALIT\History\Saturn_Acc_Logs
2025-08-13 16:14:57 | INFO     | __main__             | start                | Delete after export: True
2025-08-13 16:15:57 | WARNING  | __main__             | _parse_csv_row       | Failed to parse CSV row: could not convert string to float: 'RPB1'
2025-08-13 16:15:57 | WARNING  | __main__             | _parse_csv_row       | Failed to parse CSV row: could not convert string to float: 'RPB1'
2025-08-13 16:15:57 | WARNING  | __main__             | _parse_csv_row       | Failed to parse CSV row: could not convert string to float: 'RPB1'
2025-08-13 16:15:57 | WARNING  | __main__             | _parse_csv_row       | Failed to parse CSV row: could not convert string to float: 'RPB1'
2025-08-13 16:15:57 | WARNING  | __main__             | _parse_csv_row       | Failed to parse CSV row: could not convert string to float: 'RPB1'
2025-08-13 16:15:57 | WARNING  | __main__             | _parse_csv_row       | Failed to parse CSV row: could not convert string to float: 'RPB1'
2025-08-13 16:15:57 | WARNING  | __main__             | _parse_csv_row       | Failed to parse CSV row: could not convert string to float: 'RPB1'
2025-08-13 16:15:57 | WARNING  | __main__             | _parse_csv_row       | Failed to parse CSV row: could not convert string to float: 'RPB1'
2025-08-13 16:15:57 | WARNING  | __main__             | _parse_csv_row       | Failed to parse CSV row: could not convert string to float: 'RPB1'
2025-08-13 16:15:57 | WARNING  | __main__             | _parse_csv_row       | Failed to parse CSV row: could not convert string to float: 'RPB1'
2025-08-13 16:15:57 | INFO     | __main__             | _delete_file         | Successfully deleted file: D:\NOPPALIT\History\Saturn_Acc_Logs\RPB1_20250813_160859.csv
2025-08-13 16:15:57 | WARNING  | __main__             | _parse_csv_row       | Failed to parse CSV row: could not convert string to float: 'RPB1'
2025-08-13 16:15:57 | WARNING  | __main__             | _parse_csv_row       | Failed to parse CSV row: could not convert string to float: 'RPB1'
2025-08-13 16:15:57 | WARNING  | __main__             | _parse_csv_row       | Failed to parse CSV row: could not convert string to float: 'RPB1'
2025-08-13 16:15:57 | WARNING  | __main__             | _parse_csv_row       | Failed to parse CSV row: could not convert string to float: 'RPB1'
2025-08-13 16:15:57 | WARNING  | __main__             | _parse_csv_row       | Failed to parse CSV row: could not convert string to float: 'RPB1'
2025-08-13 16:15:57 | WARNING  | __main__             | _parse_csv_row       | Failed to parse CSV row: could not convert string to float: 'RPB1'
2025-08-13 16:15:57 | WARNING  | __main__             | _parse_csv_row       | Failed to parse CSV row: could not convert string to float: 'RPB1'
2025-08-13 16:15:57 | WARNING  | __main__             | _parse_csv_row       | Failed to parse CSV row: could not convert string to float: 'RPB1'
2025-08-13 16:15:57 | WARNING  | __main__             | _parse_csv_row       | Failed to parse CSV row: could not convert string to float: 'RPB1'
2025-08-13 16:15:57 | WARNING  | __main__             | _parse_csv_row       | Failed to parse CSV row: could not convert string to float: 'RPB1'
2025-08-13 16:15:57 | INFO     | __main__             | _delete_file         | Successfully deleted file: D:\NOPPALIT\History\Saturn_Acc_Logs\RPB1_20250813_160910.csv
2025-08-13 16:15:57 | WARNING  | __main__             | _parse_csv_row       | Failed to parse CSV row: could not convert string to float: 'RPB1'
2025-08-13 16:15:57 | WARNING  | __main__             | _parse_csv_row       | Failed to parse CSV row: could not convert string to float: 'RPB1'
2025-08-13 16:15:57 | WARNING  | __main__             | _parse_csv_row       | Failed to parse CSV row: could not convert string to float: 'RPB1'
2025-08-13 16:15:57 | WARNING  | __main__             | _parse_csv_row       | Failed to parse CSV row: could not convert string to float: 'RPB1'
2025-08-13 16:15:57 | WARNING  | __main__             | _parse_csv_row       | Failed to parse CSV row: could not convert string to float: 'RPB1'
2025-08-13 16:15:57 | WARNING  | __main__             | _parse_csv_row       | Failed to parse CSV row: could not convert string to float: 'RPB1'
2025-08-13 16:15:57 | WARNING  | __main__             | _parse_csv_row       | Failed to parse CSV row: could not convert string to float: 'RPB1'
2025-08-13 16:15:57 | WARNING  | __main__             | _parse_csv_row       | Failed to parse CSV row: could not convert string to float: 'RPB1'
2025-08-13 16:15:57 | WARNING  | __main__             | _parse_csv_row       | Failed to parse CSV row: could not convert string to float: 'RPB1'
2025-08-13 16:15:57 | WARNING  | __main__             | _parse_csv_row       | Failed to parse CSV row: could not convert string to float: 'RPB1'
2025-08-13 16:15:57 | INFO     | __main__             | _delete_file         | Successfully deleted file: D:\NOPPALIT\History\Saturn_Acc_Logs\RPB1_20250813_160921.csv
2025-08-13 16:15:57 | WARNING  | __main__             | _parse_csv_row       | Failed to parse CSV row: could not convert string to float: 'RPB1'
2025-08-13 16:15:57 | WARNING  | __main__             | _parse_csv_row       | Failed to parse CSV row: could not convert string to float: 'RPB1'
2025-08-13 16:15:57 | WARNING  | __main__             | _parse_csv_row       | Failed to parse CSV row: could not convert string to float: 'RPB1'
2025-08-13 16:15:57 | WARNING  | __main__             | _parse_csv_row       | Failed to parse CSV row: could not convert string to float: 'RPB1'
2025-08-13 16:15:57 | WARNING  | __main__             | _parse_csv_row       | Failed to parse CSV row: could not convert string to float: 'RPB1'
2025-08-13 16:15:57 | WARNING  | __main__             | _parse_csv_row       | Failed to parse CSV row: could not convert string to float: 'RPB1'
2025-08-13 16:15:57 | WARNING  | __main__             | _parse_csv_row       | Failed to parse CSV row: could not convert string to float: 'RPB1'
2025-08-13 16:15:57 | WARNING  | __main__             | _parse_csv_row       | Failed to parse CSV row: could not convert string to float: 'RPB1'
2025-08-13 16:15:57 | WARNING  | __main__             | _parse_csv_row       | Failed to parse CSV row: could not convert string to float: 'RPB1'
2025-08-13 16:15:57 | WARNING  | __main__             | _parse_csv_row       | Failed to parse CSV row: could not convert string to float: 'RPB1'
2025-08-13 16:15:57 | INFO     | __main__             | _delete_file         | Successfully deleted file: D:\NOPPALIT\History\Saturn_Acc_Logs\RPB1_20250813_160932.csv
2025-08-13 16:15:57 | WARNING  | __main__             | _parse_csv_row       | Failed to parse CSV row: could not convert string to float: 'RPB1'
2025-08-13 16:15:57 | WARNING  | __main__             | _parse_csv_row       | Failed to parse CSV row: could not convert string to float: 'RPB1'
2025-08-13 16:15:57 | WARNING  | __main__             | _parse_csv_row       | Failed to parse CSV row: could not convert string to float: 'RPB1'
2025-08-13 16:15:57 | WARNING  | __main__             | _parse_csv_row       | Failed to parse CSV row: could not convert string to float: 'RPB1'
2025-08-13 16:15:57 | WARNING  | __main__             | _parse_csv_row       | Failed to parse CSV row: could not convert string to float: 'RPB1'
2025-08-13 16:15:57 | WARNING  | __main__             | _parse_csv_row       | Failed to parse CSV row: could not convert string to float: 'RPB1'
2025-08-13 16:15:57 | WARNING  | __main__             | _parse_csv_row       | Failed to parse CSV row: could not convert string to float: 'RPB1'
2025-08-13 16:15:57 | WARNING  | __main__             | _parse_csv_row       | Failed to parse CSV row: could not convert string to float: 'RPB1'
2025-08-13 16:15:57 | WARNING  | __main__             | _parse_csv_row       | Failed to parse CSV row: could not convert string to float: 'RPB1'
2025-08-13 16:15:57 | WARNING  | __main__             | _parse_csv_row       | Failed to parse CSV row: could not convert string to float: 'RPB1'
2025-08-13 16:15:57 | INFO     | __main__             | _delete_file         | Successfully deleted file: D:\NOPPALIT\History\Saturn_Acc_Logs\RPB1_20250813_160943.csv
2025-08-13 16:15:57 | WARNING  | __main__             | _parse_csv_row       | Failed to parse CSV row: could not convert string to float: 'RPB1'
2025-08-13 16:15:57 | WARNING  | __main__             | _parse_csv_row       | Failed to parse CSV row: could not convert string to float: 'RPB1'
2025-08-13 16:15:57 | WARNING  | __main__             | _parse_csv_row       | Failed to parse CSV row: could not convert string to float: 'RPB1'
2025-08-13 16:15:57 | WARNING  | __main__             | _parse_csv_row       | Failed to parse CSV row: could not convert string to float: 'RPB1'
2025-08-13 16:15:57 | WARNING  | __main__             | _parse_csv_row       | Failed to parse CSV row: could not convert string to float: 'RPB1'
2025-08-13 16:15:57 | WARNING  | __main__             | _parse_csv_row       | Failed to parse CSV row: could not convert string to float: 'RPB1'
2025-08-13 16:15:57 | WARNING  | __main__             | _parse_csv_row       | Failed to parse CSV row: could not convert string to float: 'RPB1'
2025-08-13 16:15:57 | WARNING  | __main__             | _parse_csv_row       | Failed to parse CSV row: could not convert string to float: 'RPB1'
2025-08-13 16:15:57 | WARNING  | __main__             | _parse_csv_row       | Failed to parse CSV row: could not convert string to float: 'RPB1'
2025-08-13 16:15:57 | WARNING  | __main__             | _parse_csv_row       | Failed to parse CSV row: could not convert string to float: 'RPB1'
2025-08-13 16:15:57 | INFO     | __main__             | _delete_file         | Successfully deleted file: D:\NOPPALIT\History\Saturn_Acc_Logs\RPB1_20250813_160954.csv
2025-08-13 16:15:57 | WARNING  | __main__             | _parse_csv_row       | Failed to parse CSV row: could not convert string to float: 'RPB1'
2025-08-13 16:15:57 | WARNING  | __main__             | _parse_csv_row       | Failed to parse CSV row: could not convert string to float: 'RPB1'
2025-08-13 16:15:57 | WARNING  | __main__             | _parse_csv_row       | Failed to parse CSV row: could not convert string to float: 'RPB1'
2025-08-13 16:15:57 | WARNING  | __main__             | _parse_csv_row       | Failed to parse CSV row: could not convert string to float: 'RPB1'
2025-08-13 16:15:57 | WARNING  | __main__             | _parse_csv_row       | Failed to parse CSV row: could not convert string to float: 'RPB1'
2025-08-13 16:15:57 | WARNING  | __main__             | _parse_csv_row       | Failed to parse CSV row: could not convert string to float: 'RPB1'
2025-08-13 16:15:57 | WARNING  | __main__             | _parse_csv_row       | Failed to parse CSV row: could not convert string to float: 'RPB1'
2025-08-13 16:15:57 | WARNING  | __main__             | _parse_csv_row       | Failed to parse CSV row: could not convert string to float: 'RPB1'
2025-08-13 16:15:57 | WARNING  | __main__             | _parse_csv_row       | Failed to parse CSV row: could not convert string to float: 'RPB1'
2025-08-13 16:15:57 | WARNING  | __main__             | _parse_csv_row       | Failed to parse CSV row: could not convert string to float: 'RPB1'
2025-08-13 16:15:57 | INFO     | __main__             | _delete_file         | Successfully deleted file: D:\NOPPALIT\History\Saturn_Acc_Logs\RPB1_20250813_161005.csv
2025-08-13 16:15:57 | WARNING  | __main__             | _parse_csv_row       | Failed to parse CSV row: could not convert string to float: 'RPB1'
2025-08-13 16:15:57 | WARNING  | __main__             | _parse_csv_row       | Failed to parse CSV row: could not convert string to float: 'RPB1'
2025-08-13 16:15:57 | WARNING  | __main__             | _parse_csv_row       | Failed to parse CSV row: could not convert string to float: 'RPB1'
2025-08-13 16:15:57 | WARNING  | __main__             | _parse_csv_row       | Failed to parse CSV row: could not convert string to float: 'RPB1'
2025-08-13 16:15:57 | WARNING  | __main__             | _parse_csv_row       | Failed to parse CSV row: could not convert string to float: 'RPB1'
2025-08-13 16:15:57 | WARNING  | __main__             | _parse_csv_row       | Failed to parse CSV row: could not convert string to float: 'RPB1'
2025-08-13 16:15:57 | WARNING  | __main__             | _parse_csv_row       | Failed to parse CSV row: could not convert string to float: 'RPB1'
2025-08-13 16:15:57 | WARNING  | __main__             | _parse_csv_row       | Failed to parse CSV row: could not convert string to float: 'RPB1'
2025-08-13 16:15:57 | WARNING  | __main__             | _parse_csv_row       | Failed to parse CSV row: could not convert string to float: 'RPB1'
2025-08-13 16:15:57 | WARNING  | __main__             | _parse_csv_row       | Failed to parse CSV row: could not convert string to float: 'RPB1'
2025-08-13 16:15:57 | INFO     | __main__             | _delete_file         | Successfully deleted file: D:\NOPPALIT\History\Saturn_Acc_Logs\RPB1_20250813_161017.csv
2025-08-13 16:15:57 | WARNING  | __main__             | _parse_csv_row       | Failed to parse CSV row: could not convert string to float: 'RPB1'
2025-08-13 16:15:57 | WARNING  | __main__             | _parse_csv_row       | Failed to parse CSV row: could not convert string to float: 'RPB1'
2025-08-13 16:15:57 | WARNING  | __main__             | _parse_csv_row       | Failed to parse CSV row: could not convert string to float: 'RPB1'
2025-08-13 16:15:57 | WARNING  | __main__             | _parse_csv_row       | Failed to parse CSV row: could not convert string to float: 'RPB1'
2025-08-13 16:15:57 | WARNING  | __main__             | _parse_csv_row       | Failed to parse CSV row: could not convert string to float: 'RPB1'
2025-08-13 16:15:57 | WARNING  | __main__             | _parse_csv_row       | Failed to parse CSV row: could not convert string to float: 'RPB1'
2025-08-13 16:15:57 | WARNING  | __main__             | _parse_csv_row       | Failed to parse CSV row: could not convert string to float: 'RPB1'
2025-08-13 16:15:57 | WARNING  | __main__             | _parse_csv_row       | Failed to parse CSV row: could not convert string to float: 'RPB1'
2025-08-13 16:15:57 | WARNING  | __main__             | _parse_csv_row       | Failed to parse CSV row: could not convert string to float: 'RPB1'
2025-08-13 16:15:57 | WARNING  | __main__             | _parse_csv_row       | Failed to parse CSV row: could not convert string to float: 'RPB1'
2025-08-13 16:15:57 | INFO     | __main__             | _delete_file         | Successfully deleted file: D:\NOPPALIT\History\Saturn_Acc_Logs\RPB1_20250813_161039.csv
2025-08-13 16:15:57 | WARNING  | __main__             | _parse_csv_row       | Failed to parse CSV row: could not convert string to float: 'RPB1'
2025-08-13 16:15:57 | WARNING  | __main__             | _parse_csv_row       | Failed to parse CSV row: could not convert string to float: 'RPB1'
2025-08-13 16:15:57 | WARNING  | __main__             | _parse_csv_row       | Failed to parse CSV row: could not convert string to float: 'RPB1'
2025-08-13 16:15:57 | WARNING  | __main__             | _parse_csv_row       | Failed to parse CSV row: could not convert string to float: 'RPB1'
2025-08-13 16:15:57 | WARNING  | __main__             | _parse_csv_row       | Failed to parse CSV row: could not convert string to float: 'RPB1'
2025-08-13 16:15:57 | WARNING  | __main__             | _parse_csv_row       | Failed to parse CSV row: could not convert string to float: 'RPB1'
2025-08-13 16:15:57 | WARNING  | __main__             | _parse_csv_row       | Failed to parse CSV row: could not convert string to float: 'RPB1'
2025-08-13 16:15:57 | WARNING  | __main__             | _parse_csv_row       | Failed to parse CSV row: could not convert string to float: 'RPB1'
2025-08-13 16:15:57 | WARNING  | __main__             | _parse_csv_row       | Failed to parse CSV row: could not convert string to float: 'RPB1'
2025-08-13 16:15:57 | WARNING  | __main__             | _parse_csv_row       | Failed to parse CSV row: could not convert string to float: 'RPB1'
2025-08-13 16:15:57 | INFO     | __main__             | _delete_file         | Successfully deleted file: D:\NOPPALIT\History\Saturn_Acc_Logs\RPB1_20250813_161050.csv
2025-08-13 16:15:57 | WARNING  | __main__             | _parse_csv_row       | Failed to parse CSV row: could not convert string to float: 'RPB1'
2025-08-13 16:15:57 | WARNING  | __main__             | _parse_csv_row       | Failed to parse CSV row: could not convert string to float: 'RPB1'
2025-08-13 16:15:57 | WARNING  | __main__             | _parse_csv_row       | Failed to parse CSV row: could not convert string to float: 'RPB1'
2025-08-13 16:15:57 | WARNING  | __main__             | _parse_csv_row       | Failed to parse CSV row: could not convert string to float: 'RPB1'
2025-08-13 16:15:57 | WARNING  | __main__             | _parse_csv_row       | Failed to parse CSV row: could not convert string to float: 'RPB1'
2025-08-13 16:15:57 | WARNING  | __main__             | _parse_csv_row       | Failed to parse CSV row: could not convert string to float: 'RPB1'
2025-08-13 16:15:57 | WARNING  | __main__             | _parse_csv_row       | Failed to parse CSV row: could not convert string to float: 'RPB1'
2025-08-13 16:15:57 | WARNING  | __main__             | _parse_csv_row       | Failed to parse CSV row: could not convert string to float: 'RPB1'
2025-08-13 16:15:57 | WARNING  | __main__             | _parse_csv_row       | Failed to parse CSV row: could not convert string to float: 'RPB1'
2025-08-13 16:15:57 | WARNING  | __main__             | _parse_csv_row       | Failed to parse CSV row: could not convert string to float: 'RPB1'
2025-08-13 16:15:57 | INFO     | __main__             | _delete_file         | Successfully deleted file: D:\NOPPALIT\History\Saturn_Acc_Logs\RPB1_20250813_161101.csv
2025-08-13 16:15:57 | WARNING  | __main__             | _parse_csv_row       | Failed to parse CSV row: could not convert string to float: 'RPB1'
2025-08-13 16:15:57 | WARNING  | __main__             | _parse_csv_row       | Failed to parse CSV row: could not convert string to float: 'RPB1'
2025-08-13 16:15:57 | WARNING  | __main__             | _parse_csv_row       | Failed to parse CSV row: could not convert string to float: 'RPB1'
2025-08-13 16:15:57 | WARNING  | __main__             | _parse_csv_row       | Failed to parse CSV row: could not convert string to float: 'RPB1'
2025-08-13 16:15:57 | WARNING  | __main__             | _parse_csv_row       | Failed to parse CSV row: could not convert string to float: 'RPB1'
2025-08-13 16:15:57 | WARNING  | __main__             | _parse_csv_row       | Failed to parse CSV row: could not convert string to float: 'RPB1'
2025-08-13 16:15:57 | WARNING  | __main__             | _parse_csv_row       | Failed to parse CSV row: could not convert string to float: 'RPB1'
2025-08-13 16:15:57 | WARNING  | __main__             | _parse_csv_row       | Failed to parse CSV row: could not convert string to float: 'RPB1'
2025-08-13 16:15:57 | WARNING  | __main__             | _parse_csv_row       | Failed to parse CSV row: could not convert string to float: 'RPB1'
2025-08-13 16:15:57 | WARNING  | __main__             | _parse_csv_row       | Failed to parse CSV row: could not convert string to float: 'RPB1'
2025-08-13 16:15:57 | INFO     | __main__             | _delete_file         | Successfully deleted file: D:\NOPPALIT\History\Saturn_Acc_Logs\RPB1_20250813_161112.csv
2025-08-13 16:15:57 | WARNING  | __main__             | _parse_csv_row       | Failed to parse CSV row: could not convert string to float: 'RPB1'
2025-08-13 16:15:57 | WARNING  | __main__             | _parse_csv_row       | Failed to parse CSV row: could not convert string to float: 'RPB1'
2025-08-13 16:15:57 | WARNING  | __main__             | _parse_csv_row       | Failed to parse CSV row: could not convert string to float: 'RPB1'
2025-08-13 16:15:57 | WARNING  | __main__             | _parse_csv_row       | Failed to parse CSV row: could not convert string to float: 'RPB1'
2025-08-13 16:15:57 | WARNING  | __main__             | _parse_csv_row       | Failed to parse CSV row: could not convert string to float: 'RPB1'
2025-08-13 16:15:57 | WARNING  | __main__             | _parse_csv_row       | Failed to parse CSV row: could not convert string to float: 'RPB1'
2025-08-13 16:15:57 | WARNING  | __main__             | _parse_csv_row       | Failed to parse CSV row: could not convert string to float: 'RPB1'
2025-08-13 16:15:57 | WARNING  | __main__             | _parse_csv_row       | Failed to parse CSV row: could not convert string to float: 'RPB1'
2025-08-13 16:15:57 | WARNING  | __main__             | _parse_csv_row       | Failed to parse CSV row: could not convert string to float: 'RPB1'
2025-08-13 16:15:57 | WARNING  | __main__             | _parse_csv_row       | Failed to parse CSV row: could not convert string to float: 'RPB1'
2025-08-13 16:15:57 | INFO     | __main__             | _delete_file         | Successfully deleted file: D:\NOPPALIT\History\Saturn_Acc_Logs\RPB1_20250813_161123.csv
2025-08-13 16:15:57 | WARNING  | __main__             | _parse_csv_row       | Failed to parse CSV row: could not convert string to float: 'RPB1'
2025-08-13 16:15:57 | WARNING  | __main__             | _parse_csv_row       | Failed to parse CSV row: could not convert string to float: 'RPB1'
2025-08-13 16:15:57 | WARNING  | __main__             | _parse_csv_row       | Failed to parse CSV row: could not convert string to float: 'RPB1'
2025-08-13 16:15:57 | WARNING  | __main__             | _parse_csv_row       | Failed to parse CSV row: could not convert string to float: 'RPB1'
2025-08-13 16:15:57 | WARNING  | __main__             | _parse_csv_row       | Failed to parse CSV row: could not convert string to float: 'RPB1'
2025-08-13 16:15:57 | WARNING  | __main__             | _parse_csv_row       | Failed to parse CSV row: could not convert string to float: 'RPB1'
2025-08-13 16:15:57 | WARNING  | __main__             | _parse_csv_row       | Failed to parse CSV row: could not convert string to float: 'RPB1'
2025-08-13 16:15:57 | WARNING  | __main__             | _parse_csv_row       | Failed to parse CSV row: could not convert string to float: 'RPB1'
2025-08-13 16:15:57 | WARNING  | __main__             | _parse_csv_row       | Failed to parse CSV row: could not convert string to float: 'RPB1'
2025-08-13 16:15:57 | WARNING  | __main__             | _parse_csv_row       | Failed to parse CSV row: could not convert string to float: 'RPB1'
2025-08-13 16:15:57 | INFO     | __main__             | _delete_file         | Successfully deleted file: D:\NOPPALIT\History\Saturn_Acc_Logs\RPB1_20250813_161134.csv
2025-08-13 16:15:57 | WARNING  | __main__             | _parse_csv_row       | Failed to parse CSV row: could not convert string to float: 'RPB1'
2025-08-13 16:15:57 | WARNING  | __main__             | _parse_csv_row       | Failed to parse CSV row: could not convert string to float: 'RPB1'
2025-08-13 16:15:57 | WARNING  | __main__             | _parse_csv_row       | Failed to parse CSV row: could not convert string to float: 'RPB1'
2025-08-13 16:15:57 | WARNING  | __main__             | _parse_csv_row       | Failed to parse CSV row: could not convert string to float: 'RPB1'
2025-08-13 16:15:57 | WARNING  | __main__             | _parse_csv_row       | Failed to parse CSV row: could not convert string to float: 'RPB1'
2025-08-13 16:15:57 | WARNING  | __main__             | _parse_csv_row       | Failed to parse CSV row: could not convert string to float: 'RPB1'
2025-08-13 16:15:57 | WARNING  | __main__             | _parse_csv_row       | Failed to parse CSV row: could not convert string to float: 'RPB1'
2025-08-13 16:15:57 | WARNING  | __main__             | _parse_csv_row       | Failed to parse CSV row: could not convert string to float: 'RPB1'
2025-08-13 16:15:57 | WARNING  | __main__             | _parse_csv_row       | Failed to parse CSV row: could not convert string to float: 'RPB1'
2025-08-13 16:15:57 | WARNING  | __main__             | _parse_csv_row       | Failed to parse CSV row: could not convert string to float: 'RPB1'
2025-08-13 16:15:57 | INFO     | __main__             | _delete_file         | Successfully deleted file: D:\NOPPALIT\History\Saturn_Acc_Logs\RPB1_20250813_161145.csv
2025-08-13 16:15:57 | WARNING  | __main__             | _parse_csv_row       | Failed to parse CSV row: could not convert string to float: 'RPB1'
2025-08-13 16:15:57 | WARNING  | __main__             | _parse_csv_row       | Failed to parse CSV row: could not convert string to float: 'RPB1'
2025-08-13 16:15:57 | WARNING  | __main__             | _parse_csv_row       | Failed to parse CSV row: could not convert string to float: 'RPB1'
2025-08-13 16:15:57 | WARNING  | __main__             | _parse_csv_row       | Failed to parse CSV row: could not convert string to float: 'RPB1'
2025-08-13 16:15:57 | WARNING  | __main__             | _parse_csv_row       | Failed to parse CSV row: could not convert string to float: 'RPB1'
2025-08-13 16:15:57 | WARNING  | __main__             | _parse_csv_row       | Failed to parse CSV row: could not convert string to float: 'RPB1'
2025-08-13 16:15:57 | WARNING  | __main__             | _parse_csv_row       | Failed to parse CSV row: could not convert string to float: 'RPB1'
2025-08-13 16:15:57 | WARNING  | __main__             | _parse_csv_row       | Failed to parse CSV row: could not convert string to float: 'RPB1'
2025-08-13 16:15:57 | WARNING  | __main__             | _parse_csv_row       | Failed to parse CSV row: could not convert string to float: 'RPB1'
2025-08-13 16:15:57 | WARNING  | __main__             | _parse_csv_row       | Failed to parse CSV row: could not convert string to float: 'RPB1'
2025-08-13 16:15:57 | INFO     | __main__             | _delete_file         | Successfully deleted file: D:\NOPPALIT\History\Saturn_Acc_Logs\RPB1_20250813_161156.csv
2025-08-13 16:15:57 | WARNING  | __main__             | _parse_csv_row       | Failed to parse CSV row: could not convert string to float: 'RPB1'
2025-08-13 16:15:57 | WARNING  | __main__             | _parse_csv_row       | Failed to parse CSV row: could not convert string to float: 'RPB1'
2025-08-13 16:15:57 | WARNING  | __main__             | _parse_csv_row       | Failed to parse CSV row: could not convert string to float: 'RPB1'
2025-08-13 16:15:57 | WARNING  | __main__             | _parse_csv_row       | Failed to parse CSV row: could not convert string to float: 'RPB1'
2025-08-13 16:15:57 | WARNING  | __main__             | _parse_csv_row       | Failed to parse CSV row: could not convert string to float: 'RPB1'
2025-08-13 16:15:57 | WARNING  | __main__             | _parse_csv_row       | Failed to parse CSV row: could not convert string to float: 'RPB1'
2025-08-13 16:15:57 | WARNING  | __main__             | _parse_csv_row       | Failed to parse CSV row: could not convert string to float: 'RPB1'
2025-08-13 16:15:57 | WARNING  | __main__             | _parse_csv_row       | Failed to parse CSV row: could not convert string to float: 'RPB1'
2025-08-13 16:15:57 | WARNING  | __main__             | _parse_csv_row       | Failed to parse CSV row: could not convert string to float: 'RPB1'
2025-08-13 16:15:57 | WARNING  | __main__             | _parse_csv_row       | Failed to parse CSV row: could not convert string to float: 'RPB1'
2025-08-13 16:15:57 | INFO     | __main__             | _delete_file         | Successfully deleted file: D:\NOPPALIT\History\Saturn_Acc_Logs\RPB1_20250813_161208.csv
2025-08-13 16:15:57 | WARNING  | __main__             | _parse_csv_row       | Failed to parse CSV row: could not convert string to float: 'RPB1'
2025-08-13 16:15:57 | WARNING  | __main__             | _parse_csv_row       | Failed to parse CSV row: could not convert string to float: 'RPB1'
2025-08-13 16:15:58 | WARNING  | __main__             | _parse_csv_row       | Failed to parse CSV row: could not convert string to float: 'RPB1'
2025-08-13 16:15:58 | WARNING  | __main__             | _parse_csv_row       | Failed to parse CSV row: could not convert string to float: 'RPB1'
2025-08-13 16:15:58 | WARNING  | __main__             | _parse_csv_row       | Failed to parse CSV row: could not convert string to float: 'RPB1'
2025-08-13 16:15:58 | WARNING  | __main__             | _parse_csv_row       | Failed to parse CSV row: could not convert string to float: 'RPB1'
2025-08-13 16:15:58 | WARNING  | __main__             | _parse_csv_row       | Failed to parse CSV row: could not convert string to float: 'RPB1'
2025-08-13 16:15:58 | WARNING  | __main__             | _parse_csv_row       | Failed to parse CSV row: could not convert string to float: 'RPB1'
2025-08-13 16:15:58 | WARNING  | __main__             | _parse_csv_row       | Failed to parse CSV row: could not convert string to float: 'RPB1'
2025-08-13 16:15:58 | WARNING  | __main__             | _parse_csv_row       | Failed to parse CSV row: could not convert string to float: 'RPB1'
2025-08-13 16:15:58 | INFO     | __main__             | _delete_file         | Successfully deleted file: D:\NOPPALIT\History\Saturn_Acc_Logs\RPB1_20250813_161219.csv
2025-08-13 16:15:58 | WARNING  | __main__             | _parse_csv_row       | Failed to parse CSV row: could not convert string to float: 'RPB1'
2025-08-13 16:15:58 | WARNING  | __main__             | _parse_csv_row       | Failed to parse CSV row: could not convert string to float: 'RPB1'
2025-08-13 16:15:58 | WARNING  | __main__             | _parse_csv_row       | Failed to parse CSV row: could not convert string to float: 'RPB1'
2025-08-13 16:15:58 | WARNING  | __main__             | _parse_csv_row       | Failed to parse CSV row: could not convert string to float: 'RPB1'
2025-08-13 16:15:58 | WARNING  | __main__             | _parse_csv_row       | Failed to parse CSV row: could not convert string to float: 'RPB1'
2025-08-13 16:15:58 | WARNING  | __main__             | _parse_csv_row       | Failed to parse CSV row: could not convert string to float: 'RPB1'
2025-08-13 16:15:58 | WARNING  | __main__             | _parse_csv_row       | Failed to parse CSV row: could not convert string to float: 'RPB1'
2025-08-13 16:15:58 | WARNING  | __main__             | _parse_csv_row       | Failed to parse CSV row: could not convert string to float: 'RPB1'
2025-08-13 16:15:58 | WARNING  | __main__             | _parse_csv_row       | Failed to parse CSV row: could not convert string to float: 'RPB1'
2025-08-13 16:15:58 | WARNING  | __main__             | _parse_csv_row       | Failed to parse CSV row: could not convert string to float: 'RPB1'
2025-08-13 16:15:58 | INFO     | __main__             | _delete_file         | Successfully deleted file: D:\NOPPALIT\History\Saturn_Acc_Logs\RPB1_20250813_161230.csv
2025-08-13 16:15:58 | WARNING  | __main__             | _parse_csv_row       | Failed to parse CSV row: could not convert string to float: 'RPB1'
2025-08-13 16:15:58 | WARNING  | __main__             | _parse_csv_row       | Failed to parse CSV row: could not convert string to float: 'RPB1'
2025-08-13 16:15:58 | WARNING  | __main__             | _parse_csv_row       | Failed to parse CSV row: could not convert string to float: 'RPB1'
2025-08-13 16:15:58 | WARNING  | __main__             | _parse_csv_row       | Failed to parse CSV row: could not convert string to float: 'RPB1'
2025-08-13 16:15:58 | WARNING  | __main__             | _parse_csv_row       | Failed to parse CSV row: could not convert string to float: 'RPB1'
2025-08-13 16:15:58 | WARNING  | __main__             | _parse_csv_row       | Failed to parse CSV row: could not convert string to float: 'RPB1'
2025-08-13 16:15:58 | WARNING  | __main__             | _parse_csv_row       | Failed to parse CSV row: could not convert string to float: 'RPB1'
2025-08-13 16:15:58 | WARNING  | __main__             | _parse_csv_row       | Failed to parse CSV row: could not convert string to float: 'RPB1'
2025-08-13 16:15:58 | WARNING  | __main__             | _parse_csv_row       | Failed to parse CSV row: could not convert string to float: 'RPB1'
2025-08-13 16:15:58 | WARNING  | __main__             | _parse_csv_row       | Failed to parse CSV row: could not convert string to float: 'RPB1'
2025-08-13 16:15:58 | INFO     | __main__             | _delete_file         | Successfully deleted file: D:\NOPPALIT\History\Saturn_Acc_Logs\RPB1_20250813_161241.csv
2025-08-13 16:15:58 | WARNING  | __main__             | _parse_csv_row       | Failed to parse CSV row: could not convert string to float: 'RPB1'
2025-08-13 16:15:58 | WARNING  | __main__             | _parse_csv_row       | Failed to parse CSV row: could not convert string to float: 'RPB1'
2025-08-13 16:15:58 | WARNING  | __main__             | _parse_csv_row       | Failed to parse CSV row: could not convert string to float: 'RPB1'
2025-08-13 16:15:58 | WARNING  | __main__             | _parse_csv_row       | Failed to parse CSV row: could not convert string to float: 'RPB1'
2025-08-13 16:15:58 | WARNING  | __main__             | _parse_csv_row       | Failed to parse CSV row: could not convert string to float: 'RPB1'
2025-08-13 16:15:58 | WARNING  | __main__             | _parse_csv_row       | Failed to parse CSV row: could not convert string to float: 'RPB1'
2025-08-13 16:15:58 | WARNING  | __main__             | _parse_csv_row       | Failed to parse CSV row: could not convert string to float: 'RPB1'
2025-08-13 16:15:58 | WARNING  | __main__             | _parse_csv_row       | Failed to parse CSV row: could not convert string to float: 'RPB1'
2025-08-13 16:15:58 | WARNING  | __main__             | _parse_csv_row       | Failed to parse CSV row: could not convert string to float: 'RPB1'
2025-08-13 16:15:58 | WARNING  | __main__             | _parse_csv_row       | Failed to parse CSV row: could not convert string to float: 'RPB1'
2025-08-13 16:15:58 | INFO     | __main__             | _delete_file         | Successfully deleted file: D:\NOPPALIT\History\Saturn_Acc_Logs\RPB1_20250813_161252.csv
2025-08-13 16:15:58 | WARNING  | __main__             | _parse_csv_row       | Failed to parse CSV row: could not convert string to float: 'RPB1'
2025-08-13 16:15:58 | WARNING  | __main__             | _parse_csv_row       | Failed to parse CSV row: could not convert string to float: 'RPB1'
2025-08-13 16:15:58 | WARNING  | __main__             | _parse_csv_row       | Failed to parse CSV row: could not convert string to float: 'RPB1'
2025-08-13 16:15:58 | WARNING  | __main__             | _parse_csv_row       | Failed to parse CSV row: could not convert string to float: 'RPB1'
2025-08-13 16:15:58 | WARNING  | __main__             | _parse_csv_row       | Failed to parse CSV row: could not convert string to float: 'RPB1'
2025-08-13 16:15:58 | WARNING  | __main__             | _parse_csv_row       | Failed to parse CSV row: could not convert string to float: 'RPB1'
2025-08-13 16:15:58 | WARNING  | __main__             | _parse_csv_row       | Failed to parse CSV row: could not convert string to float: 'RPB1'
2025-08-13 16:15:58 | WARNING  | __main__             | _parse_csv_row       | Failed to parse CSV row: could not convert string to float: 'RPB1'
2025-08-13 16:15:58 | WARNING  | __main__             | _parse_csv_row       | Failed to parse CSV row: could not convert string to float: 'RPB1'
2025-08-13 16:15:58 | WARNING  | __main__             | _parse_csv_row       | Failed to parse CSV row: could not convert string to float: 'RPB1'
2025-08-13 16:15:58 | INFO     | __main__             | _delete_file         | Successfully deleted file: D:\NOPPALIT\History\Saturn_Acc_Logs\RPB1_20250813_161303.csv
2025-08-13 16:15:58 | WARNING  | __main__             | _parse_csv_row       | Failed to parse CSV row: could not convert string to float: 'RPB1'
2025-08-13 16:15:58 | WARNING  | __main__             | _parse_csv_row       | Failed to parse CSV row: could not convert string to float: 'RPB1'
2025-08-13 16:15:58 | WARNING  | __main__             | _parse_csv_row       | Failed to parse CSV row: could not convert string to float: 'RPB1'
2025-08-13 16:15:58 | WARNING  | __main__             | _parse_csv_row       | Failed to parse CSV row: could not convert string to float: 'RPB1'
2025-08-13 16:15:58 | WARNING  | __main__             | _parse_csv_row       | Failed to parse CSV row: could not convert string to float: 'RPB1'
2025-08-13 16:15:58 | WARNING  | __main__             | _parse_csv_row       | Failed to parse CSV row: could not convert string to float: 'RPB1'
2025-08-13 16:15:58 | WARNING  | __main__             | _parse_csv_row       | Failed to parse CSV row: could not convert string to float: 'RPB1'
2025-08-13 16:15:58 | WARNING  | __main__             | _parse_csv_row       | Failed to parse CSV row: could not convert string to float: 'RPB1'
2025-08-13 16:15:58 | WARNING  | __main__             | _parse_csv_row       | Failed to parse CSV row: could not convert string to float: 'RPB1'
2025-08-13 16:15:58 | WARNING  | __main__             | _parse_csv_row       | Failed to parse CSV row: could not convert string to float: 'RPB1'
2025-08-13 16:15:58 | INFO     | __main__             | _delete_file         | Successfully deleted file: D:\NOPPALIT\History\Saturn_Acc_Logs\RPB1_20250813_161314.csv
2025-08-13 16:15:58 | WARNING  | __main__             | _parse_csv_row       | Failed to parse CSV row: could not convert string to float: 'RPB1'
2025-08-13 16:15:58 | WARNING  | __main__             | _parse_csv_row       | Failed to parse CSV row: could not convert string to float: 'RPB1'
2025-08-13 16:15:58 | WARNING  | __main__             | _parse_csv_row       | Failed to parse CSV row: could not convert string to float: 'RPB1'
2025-08-13 16:15:58 | WARNING  | __main__             | _parse_csv_row       | Failed to parse CSV row: could not convert string to float: 'RPB1'
2025-08-13 16:15:58 | WARNING  | __main__             | _parse_csv_row       | Failed to parse CSV row: could not convert string to float: 'RPB1'
2025-08-13 16:15:58 | WARNING  | __main__             | _parse_csv_row       | Failed to parse CSV row: could not convert string to float: 'RPB1'
2025-08-13 16:15:58 | WARNING  | __main__             | _parse_csv_row       | Failed to parse CSV row: could not convert string to float: 'RPB1'
2025-08-13 16:15:58 | WARNING  | __main__             | _parse_csv_row       | Failed to parse CSV row: could not convert string to float: 'RPB1'
2025-08-13 16:15:58 | WARNING  | __main__             | _parse_csv_row       | Failed to parse CSV row: could not convert string to float: 'RPB1'
2025-08-13 16:15:58 | WARNING  | __main__             | _parse_csv_row       | Failed to parse CSV row: could not convert string to float: 'RPB1'
2025-08-13 16:15:58 | INFO     | __main__             | _delete_file         | Successfully deleted file: D:\NOPPALIT\History\Saturn_Acc_Logs\RPB1_20250813_161326.csv
2025-08-13 16:15:58 | WARNING  | __main__             | _parse_csv_row       | Failed to parse CSV row: could not convert string to float: 'RPB1'
2025-08-13 16:15:58 | WARNING  | __main__             | _parse_csv_row       | Failed to parse CSV row: could not convert string to float: 'RPB1'
2025-08-13 16:15:58 | WARNING  | __main__             | _parse_csv_row       | Failed to parse CSV row: could not convert string to float: 'RPB1'
2025-08-13 16:15:58 | WARNING  | __main__             | _parse_csv_row       | Failed to parse CSV row: could not convert string to float: 'RPB1'
2025-08-13 16:15:58 | WARNING  | __main__             | _parse_csv_row       | Failed to parse CSV row: could not convert string to float: 'RPB1'
2025-08-13 16:15:58 | WARNING  | __main__             | _parse_csv_row       | Failed to parse CSV row: could not convert string to float: 'RPB1'
2025-08-13 16:15:58 | WARNING  | __main__             | _parse_csv_row       | Failed to parse CSV row: could not convert string to float: 'RPB1'
2025-08-13 16:15:58 | WARNING  | __main__             | _parse_csv_row       | Failed to parse CSV row: could not convert string to float: 'RPB1'
2025-08-13 16:15:58 | WARNING  | __main__             | _parse_csv_row       | Failed to parse CSV row: could not convert string to float: 'RPB1'
2025-08-13 16:15:58 | WARNING  | __main__             | _parse_csv_row       | Failed to parse CSV row: could not convert string to float: 'RPB1'
2025-08-13 16:15:58 | INFO     | __main__             | _delete_file         | Successfully deleted file: D:\NOPPALIT\History\Saturn_Acc_Logs\RPB1_20250813_161337.csv
2025-08-13 16:15:58 | WARNING  | __main__             | _parse_csv_row       | Failed to parse CSV row: could not convert string to float: 'RPB1'
2025-08-13 16:15:58 | WARNING  | __main__             | _parse_csv_row       | Failed to parse CSV row: could not convert string to float: 'RPB1'
2025-08-13 16:15:58 | WARNING  | __main__             | _parse_csv_row       | Failed to parse CSV row: could not convert string to float: 'RPB1'
2025-08-13 16:15:58 | WARNING  | __main__             | _parse_csv_row       | Failed to parse CSV row: could not convert string to float: 'RPB1'
2025-08-13 16:15:58 | WARNING  | __main__             | _parse_csv_row       | Failed to parse CSV row: could not convert string to float: 'RPB1'
2025-08-13 16:15:58 | WARNING  | __main__             | _parse_csv_row       | Failed to parse CSV row: could not convert string to float: 'RPB1'
2025-08-13 16:15:58 | WARNING  | __main__             | _parse_csv_row       | Failed to parse CSV row: could not convert string to float: 'RPB1'
2025-08-13 16:15:58 | WARNING  | __main__             | _parse_csv_row       | Failed to parse CSV row: could not convert string to float: 'RPB1'
2025-08-13 16:15:58 | WARNING  | __main__             | _parse_csv_row       | Failed to parse CSV row: could not convert string to float: 'RPB1'
2025-08-13 16:15:58 | WARNING  | __main__             | _parse_csv_row       | Failed to parse CSV row: could not convert string to float: 'RPB1'
2025-08-13 16:15:58 | INFO     | __main__             | _delete_file         | Successfully deleted file: D:\NOPPALIT\History\Saturn_Acc_Logs\RPB1_20250813_161348.csv
2025-08-13 16:15:58 | WARNING  | __main__             | _parse_csv_row       | Failed to parse CSV row: could not convert string to float: 'RPB1'
2025-08-13 16:15:58 | WARNING  | __main__             | _parse_csv_row       | Failed to parse CSV row: could not convert string to float: 'RPB1'
2025-08-13 16:15:58 | WARNING  | __main__             | _parse_csv_row       | Failed to parse CSV row: could not convert string to float: 'RPB1'
2025-08-13 16:15:58 | WARNING  | __main__             | _parse_csv_row       | Failed to parse CSV row: could not convert string to float: 'RPB1'
2025-08-13 16:15:58 | WARNING  | __main__             | _parse_csv_row       | Failed to parse CSV row: could not convert string to float: 'RPB1'
2025-08-13 16:15:58 | WARNING  | __main__             | _parse_csv_row       | Failed to parse CSV row: could not convert string to float: 'RPB1'
2025-08-13 16:15:58 | WARNING  | __main__             | _parse_csv_row       | Failed to parse CSV row: could not convert string to float: 'RPB1'
2025-08-13 16:15:58 | WARNING  | __main__             | _parse_csv_row       | Failed to parse CSV row: could not convert string to float: 'RPB1'
2025-08-13 16:15:58 | WARNING  | __main__             | _parse_csv_row       | Failed to parse CSV row: could not convert string to float: 'RPB1'
2025-08-13 16:15:58 | WARNING  | __main__             | _parse_csv_row       | Failed to parse CSV row: could not convert string to float: 'RPB1'
2025-08-13 16:15:58 | INFO     | __main__             | _delete_file         | Successfully deleted file: D:\NOPPALIT\History\Saturn_Acc_Logs\RPB1_20250813_161400.csv
2025-08-13 16:16:58 | WARNING  | __main__             | _parse_csv_row       | Failed to parse CSV row: could not convert string to float: 'IPC1'
2025-08-13 16:16:58 | WARNING  | __main__             | _parse_csv_row       | Failed to parse CSV row: could not convert string to float: 'IPC1'
2025-08-13 16:16:58 | WARNING  | __main__             | _parse_csv_row       | Failed to parse CSV row: could not convert string to float: 'IPC1'
2025-08-13 16:16:58 | WARNING  | __main__             | _parse_csv_row       | Failed to parse CSV row: could not convert string to float: 'IPC1'
2025-08-13 16:16:58 | WARNING  | __main__             | _parse_csv_row       | Failed to parse CSV row: could not convert string to float: 'IPC1'
2025-08-13 16:16:58 | WARNING  | __main__             | _parse_csv_row       | Failed to parse CSV row: could not convert string to float: 'IPC1'
2025-08-13 16:16:58 | WARNING  | __main__             | _parse_csv_row       | Failed to parse CSV row: could not convert string to float: 'IPC1'
2025-08-13 16:16:58 | WARNING  | __main__             | _parse_csv_row       | Failed to parse CSV row: could not convert string to float: 'IPC1'
2025-08-13 16:16:58 | WARNING  | __main__             | _parse_csv_row       | Failed to parse CSV row: could not convert string to float: 'IPC1'
2025-08-13 16:16:58 | WARNING  | __main__             | _parse_csv_row       | Failed to parse CSV row: could not convert string to float: 'IPC1'
2025-08-13 16:16:58 | INFO     | __main__             | _delete_file         | Successfully deleted file: D:\NOPPALIT\History\Saturn_Acc_Logs\IPC1_20250813_160919.csv
2025-08-13 16:16:58 | WARNING  | __main__             | _parse_csv_row       | Failed to parse CSV row: could not convert string to float: 'IPC1'
2025-08-13 16:16:58 | WARNING  | __main__             | _parse_csv_row       | Failed to parse CSV row: could not convert string to float: 'IPC1'
2025-08-13 16:16:58 | WARNING  | __main__             | _parse_csv_row       | Failed to parse CSV row: could not convert string to float: 'IPC1'
2025-08-13 16:16:58 | WARNING  | __main__             | _parse_csv_row       | Failed to parse CSV row: could not convert string to float: 'IPC1'
2025-08-13 16:16:58 | WARNING  | __main__             | _parse_csv_row       | Failed to parse CSV row: could not convert string to float: 'IPC1'
2025-08-13 16:16:58 | WARNING  | __main__             | _parse_csv_row       | Failed to parse CSV row: could not convert string to float: 'IPC1'
2025-08-13 16:16:58 | WARNING  | __main__             | _parse_csv_row       | Failed to parse CSV row: could not convert string to float: 'IPC1'
2025-08-13 16:16:58 | WARNING  | __main__             | _parse_csv_row       | Failed to parse CSV row: could not convert string to float: 'IPC1'
2025-08-13 16:16:58 | WARNING  | __main__             | _parse_csv_row       | Failed to parse CSV row: could not convert string to float: 'IPC1'
2025-08-13 16:16:58 | WARNING  | __main__             | _parse_csv_row       | Failed to parse CSV row: could not convert string to float: 'IPC1'
2025-08-13 16:16:58 | INFO     | __main__             | _delete_file         | Successfully deleted file: D:\NOPPALIT\History\Saturn_Acc_Logs\IPC1_20250813_160930.csv
2025-08-13 16:16:58 | WARNING  | __main__             | _parse_csv_row       | Failed to parse CSV row: could not convert string to float: 'IPC1'
2025-08-13 16:16:58 | WARNING  | __main__             | _parse_csv_row       | Failed to parse CSV row: could not convert string to float: 'IPC1'
2025-08-13 16:16:58 | WARNING  | __main__             | _parse_csv_row       | Failed to parse CSV row: could not convert string to float: 'IPC1'
2025-08-13 16:16:58 | WARNING  | __main__             | _parse_csv_row       | Failed to parse CSV row: could not convert string to float: 'IPC1'
2025-08-13 16:16:58 | WARNING  | __main__             | _parse_csv_row       | Failed to parse CSV row: could not convert string to float: 'IPC1'
2025-08-13 16:16:58 | WARNING  | __main__             | _parse_csv_row       | Failed to parse CSV row: could not convert string to float: 'IPC1'
2025-08-13 16:16:58 | WARNING  | __main__             | _parse_csv_row       | Failed to parse CSV row: could not convert string to float: 'IPC1'
2025-08-13 16:16:58 | WARNING  | __main__             | _parse_csv_row       | Failed to parse CSV row: could not convert string to float: 'IPC1'
2025-08-13 16:16:58 | WARNING  | __main__             | _parse_csv_row       | Failed to parse CSV row: could not convert string to float: 'IPC1'
2025-08-13 16:16:58 | WARNING  | __main__             | _parse_csv_row       | Failed to parse CSV row: could not convert string to float: 'IPC1'
2025-08-13 16:16:58 | INFO     | __main__             | _delete_file         | Successfully deleted file: D:\NOPPALIT\History\Saturn_Acc_Logs\IPC1_20250813_160942.csv
2025-08-13 16:16:58 | WARNING  | __main__             | _parse_csv_row       | Failed to parse CSV row: could not convert string to float: 'IPC1'
2025-08-13 16:16:58 | WARNING  | __main__             | _parse_csv_row       | Failed to parse CSV row: could not convert string to float: 'IPC1'
2025-08-13 16:16:58 | WARNING  | __main__             | _parse_csv_row       | Failed to parse CSV row: could not convert string to float: 'IPC1'
2025-08-13 16:16:58 | WARNING  | __main__             | _parse_csv_row       | Failed to parse CSV row: could not convert string to float: 'IPC1'
2025-08-13 16:16:58 | WARNING  | __main__             | _parse_csv_row       | Failed to parse CSV row: could not convert string to float: 'IPC1'
2025-08-13 16:16:58 | WARNING  | __main__             | _parse_csv_row       | Failed to parse CSV row: could not convert string to float: 'IPC1'
2025-08-13 16:16:58 | WARNING  | __main__             | _parse_csv_row       | Failed to parse CSV row: could not convert string to float: 'IPC1'
2025-08-13 16:16:58 | WARNING  | __main__             | _parse_csv_row       | Failed to parse CSV row: could not convert string to float: 'IPC1'
2025-08-13 16:16:58 | WARNING  | __main__             | _parse_csv_row       | Failed to parse CSV row: could not convert string to float: 'IPC1'
2025-08-13 16:16:58 | WARNING  | __main__             | _parse_csv_row       | Failed to parse CSV row: could not convert string to float: 'IPC1'
2025-08-13 16:16:58 | INFO     | __main__             | _delete_file         | Successfully deleted file: D:\NOPPALIT\History\Saturn_Acc_Logs\IPC1_20250813_160953.csv
2025-08-13 16:16:58 | WARNING  | __main__             | _parse_csv_row       | Failed to parse CSV row: could not convert string to float: 'IPC1'
2025-08-13 16:16:58 | WARNING  | __main__             | _parse_csv_row       | Failed to parse CSV row: could not convert string to float: 'IPC1'
2025-08-13 16:16:58 | WARNING  | __main__             | _parse_csv_row       | Failed to parse CSV row: could not convert string to float: 'IPC1'
2025-08-13 16:16:58 | WARNING  | __main__             | _parse_csv_row       | Failed to parse CSV row: could not convert string to float: 'IPC1'
2025-08-13 16:16:58 | WARNING  | __main__             | _parse_csv_row       | Failed to parse CSV row: could not convert string to float: 'IPC1'
2025-08-13 16:16:58 | WARNING  | __main__             | _parse_csv_row       | Failed to parse CSV row: could not convert string to float: 'IPC1'
2025-08-13 16:16:58 | WARNING  | __main__             | _parse_csv_row       | Failed to parse CSV row: could not convert string to float: 'IPC1'
2025-08-13 16:16:58 | WARNING  | __main__             | _parse_csv_row       | Failed to parse CSV row: could not convert string to float: 'IPC1'
2025-08-13 16:16:58 | WARNING  | __main__             | _parse_csv_row       | Failed to parse CSV row: could not convert string to float: 'IPC1'
2025-08-13 16:16:58 | WARNING  | __main__             | _parse_csv_row       | Failed to parse CSV row: could not convert string to float: 'IPC1'
2025-08-13 16:16:58 | INFO     | __main__             | _delete_file         | Successfully deleted file: D:\NOPPALIT\History\Saturn_Acc_Logs\IPC1_20250813_161004.csv
2025-08-13 16:16:58 | WARNING  | __main__             | _parse_csv_row       | Failed to parse CSV row: could not convert string to float: 'IPC1'
2025-08-13 16:16:58 | WARNING  | __main__             | _parse_csv_row       | Failed to parse CSV row: could not convert string to float: 'IPC1'
2025-08-13 16:16:58 | WARNING  | __main__             | _parse_csv_row       | Failed to parse CSV row: could not convert string to float: 'IPC1'
2025-08-13 16:16:58 | WARNING  | __main__             | _parse_csv_row       | Failed to parse CSV row: could not convert string to float: 'IPC1'
2025-08-13 16:16:58 | WARNING  | __main__             | _parse_csv_row       | Failed to parse CSV row: could not convert string to float: 'IPC1'
2025-08-13 16:16:58 | WARNING  | __main__             | _parse_csv_row       | Failed to parse CSV row: could not convert string to float: 'IPC1'
2025-08-13 16:16:58 | WARNING  | __main__             | _parse_csv_row       | Failed to parse CSV row: could not convert string to float: 'IPC1'
2025-08-13 16:16:58 | WARNING  | __main__             | _parse_csv_row       | Failed to parse CSV row: could not convert string to float: 'IPC1'
2025-08-13 16:16:58 | WARNING  | __main__             | _parse_csv_row       | Failed to parse CSV row: could not convert string to float: 'IPC1'
2025-08-13 16:16:58 | WARNING  | __main__             | _parse_csv_row       | Failed to parse CSV row: could not convert string to float: 'IPC1'
2025-08-13 16:16:58 | INFO     | __main__             | _delete_file         | Successfully deleted file: D:\NOPPALIT\History\Saturn_Acc_Logs\IPC1_20250813_161015.csv
2025-08-13 16:16:58 | WARNING  | __main__             | _parse_csv_row       | Failed to parse CSV row: could not convert string to float: 'IPC1'
2025-08-13 16:16:58 | WARNING  | __main__             | _parse_csv_row       | Failed to parse CSV row: could not convert string to float: 'IPC1'
2025-08-13 16:16:58 | WARNING  | __main__             | _parse_csv_row       | Failed to parse CSV row: could not convert string to float: 'IPC1'
2025-08-13 16:16:58 | WARNING  | __main__             | _parse_csv_row       | Failed to parse CSV row: could not convert string to float: 'IPC1'
2025-08-13 16:16:58 | WARNING  | __main__             | _parse_csv_row       | Failed to parse CSV row: could not convert string to float: 'IPC1'
2025-08-13 16:16:58 | WARNING  | __main__             | _parse_csv_row       | Failed to parse CSV row: could not convert string to float: 'IPC1'
2025-08-13 16:16:58 | WARNING  | __main__             | _parse_csv_row       | Failed to parse CSV row: could not convert string to float: 'IPC1'
2025-08-13 16:16:58 | WARNING  | __main__             | _parse_csv_row       | Failed to parse CSV row: could not convert string to float: 'IPC1'
2025-08-13 16:16:58 | WARNING  | __main__             | _parse_csv_row       | Failed to parse CSV row: could not convert string to float: 'IPC1'
2025-08-13 16:16:58 | WARNING  | __main__             | _parse_csv_row       | Failed to parse CSV row: could not convert string to float: 'IPC1'
2025-08-13 16:16:58 | INFO     | __main__             | _delete_file         | Successfully deleted file: D:\NOPPALIT\History\Saturn_Acc_Logs\IPC1_20250813_161026.csv
2025-08-13 16:16:58 | WARNING  | __main__             | _parse_csv_row       | Failed to parse CSV row: could not convert string to float: 'IPC1'
2025-08-13 16:16:58 | WARNING  | __main__             | _parse_csv_row       | Failed to parse CSV row: could not convert string to float: 'IPC1'
2025-08-13 16:16:58 | WARNING  | __main__             | _parse_csv_row       | Failed to parse CSV row: could not convert string to float: 'IPC1'
2025-08-13 16:16:58 | WARNING  | __main__             | _parse_csv_row       | Failed to parse CSV row: could not convert string to float: 'IPC1'
2025-08-13 16:16:58 | WARNING  | __main__             | _parse_csv_row       | Failed to parse CSV row: could not convert string to float: 'IPC1'
2025-08-13 16:16:58 | WARNING  | __main__             | _parse_csv_row       | Failed to parse CSV row: could not convert string to float: 'IPC1'
2025-08-13 16:16:58 | WARNING  | __main__             | _parse_csv_row       | Failed to parse CSV row: could not convert string to float: 'IPC1'
2025-08-13 16:16:58 | WARNING  | __main__             | _parse_csv_row       | Failed to parse CSV row: could not convert string to float: 'IPC1'
2025-08-13 16:16:58 | WARNING  | __main__             | _parse_csv_row       | Failed to parse CSV row: could not convert string to float: 'IPC1'
2025-08-13 16:16:58 | WARNING  | __main__             | _parse_csv_row       | Failed to parse CSV row: could not convert string to float: 'IPC1'
2025-08-13 16:16:58 | INFO     | __main__             | _delete_file         | Successfully deleted file: D:\NOPPALIT\History\Saturn_Acc_Logs\IPC1_20250813_161037.csv
2025-08-13 16:16:58 | WARNING  | __main__             | _parse_csv_row       | Failed to parse CSV row: could not convert string to float: 'IPC1'
2025-08-13 16:16:58 | WARNING  | __main__             | _parse_csv_row       | Failed to parse CSV row: could not convert string to float: 'IPC1'
2025-08-13 16:16:58 | WARNING  | __main__             | _parse_csv_row       | Failed to parse CSV row: could not convert string to float: 'IPC1'
2025-08-13 16:16:58 | WARNING  | __main__             | _parse_csv_row       | Failed to parse CSV row: could not convert string to float: 'IPC1'
2025-08-13 16:16:58 | WARNING  | __main__             | _parse_csv_row       | Failed to parse CSV row: could not convert string to float: 'IPC1'
2025-08-13 16:16:58 | WARNING  | __main__             | _parse_csv_row       | Failed to parse CSV row: could not convert string to float: 'IPC1'
2025-08-13 16:16:58 | WARNING  | __main__             | _parse_csv_row       | Failed to parse CSV row: could not convert string to float: 'IPC1'
2025-08-13 16:16:58 | WARNING  | __main__             | _parse_csv_row       | Failed to parse CSV row: could not convert string to float: 'IPC1'
2025-08-13 16:16:58 | WARNING  | __main__             | _parse_csv_row       | Failed to parse CSV row: could not convert string to float: 'IPC1'
2025-08-13 16:16:58 | WARNING  | __main__             | _parse_csv_row       | Failed to parse CSV row: could not convert string to float: 'IPC1'
2025-08-13 16:16:58 | INFO     | __main__             | _delete_file         | Successfully deleted file: D:\NOPPALIT\History\Saturn_Acc_Logs\IPC1_20250813_161048.csv
2025-08-13 16:16:58 | WARNING  | __main__             | _parse_csv_row       | Failed to parse CSV row: could not convert string to float: 'IPC1'
2025-08-13 16:16:58 | WARNING  | __main__             | _parse_csv_row       | Failed to parse CSV row: could not convert string to float: 'IPC1'
2025-08-13 16:16:58 | WARNING  | __main__             | _parse_csv_row       | Failed to parse CSV row: could not convert string to float: 'IPC1'
2025-08-13 16:16:58 | WARNING  | __main__             | _parse_csv_row       | Failed to parse CSV row: could not convert string to float: 'IPC1'
2025-08-13 16:16:58 | WARNING  | __main__             | _parse_csv_row       | Failed to parse CSV row: could not convert string to float: 'IPC1'
2025-08-13 16:16:58 | WARNING  | __main__             | _parse_csv_row       | Failed to parse CSV row: could not convert string to float: 'IPC1'
2025-08-13 16:16:58 | WARNING  | __main__             | _parse_csv_row       | Failed to parse CSV row: could not convert string to float: 'IPC1'
2025-08-13 16:16:58 | WARNING  | __main__             | _parse_csv_row       | Failed to parse CSV row: could not convert string to float: 'IPC1'
2025-08-13 16:16:58 | WARNING  | __main__             | _parse_csv_row       | Failed to parse CSV row: could not convert string to float: 'IPC1'
2025-08-13 16:16:58 | WARNING  | __main__             | _parse_csv_row       | Failed to parse CSV row: could not convert string to float: 'IPC1'
2025-08-13 16:16:58 | INFO     | __main__             | _delete_file         | Successfully deleted file: D:\NOPPALIT\History\Saturn_Acc_Logs\IPC1_20250813_161154.csv
2025-08-13 16:16:58 | WARNING  | __main__             | _parse_csv_row       | Failed to parse CSV row: could not convert string to float: 'IPC1'
2025-08-13 16:16:58 | WARNING  | __main__             | _parse_csv_row       | Failed to parse CSV row: could not convert string to float: 'IPC1'
2025-08-13 16:16:58 | WARNING  | __main__             | _parse_csv_row       | Failed to parse CSV row: could not convert string to float: 'IPC1'
2025-08-13 16:16:58 | WARNING  | __main__             | _parse_csv_row       | Failed to parse CSV row: could not convert string to float: 'IPC1'
2025-08-13 16:16:58 | WARNING  | __main__             | _parse_csv_row       | Failed to parse CSV row: could not convert string to float: 'IPC1'
2025-08-13 16:16:58 | WARNING  | __main__             | _parse_csv_row       | Failed to parse CSV row: could not convert string to float: 'IPC1'
2025-08-13 16:16:58 | WARNING  | __main__             | _parse_csv_row       | Failed to parse CSV row: could not convert string to float: 'IPC1'
2025-08-13 16:16:58 | WARNING  | __main__             | _parse_csv_row       | Failed to parse CSV row: could not convert string to float: 'IPC1'
2025-08-13 16:16:58 | WARNING  | __main__             | _parse_csv_row       | Failed to parse CSV row: could not convert string to float: 'IPC1'
2025-08-13 16:16:58 | WARNING  | __main__             | _parse_csv_row       | Failed to parse CSV row: could not convert string to float: 'IPC1'
2025-08-13 16:16:58 | INFO     | __main__             | _delete_file         | Successfully deleted file: D:\NOPPALIT\History\Saturn_Acc_Logs\IPC1_20250813_161205.csv
2025-08-13 16:16:58 | WARNING  | __main__             | _parse_csv_row       | Failed to parse CSV row: could not convert string to float: 'IPC1'
2025-08-13 16:16:58 | WARNING  | __main__             | _parse_csv_row       | Failed to parse CSV row: could not convert string to float: 'IPC1'
2025-08-13 16:16:58 | WARNING  | __main__             | _parse_csv_row       | Failed to parse CSV row: could not convert string to float: 'IPC1'
2025-08-13 16:16:58 | WARNING  | __main__             | _parse_csv_row       | Failed to parse CSV row: could not convert string to float: 'IPC1'
2025-08-13 16:16:58 | WARNING  | __main__             | _parse_csv_row       | Failed to parse CSV row: could not convert string to float: 'IPC1'
2025-08-13 16:16:58 | WARNING  | __main__             | _parse_csv_row       | Failed to parse CSV row: could not convert string to float: 'IPC1'
2025-08-13 16:16:58 | WARNING  | __main__             | _parse_csv_row       | Failed to parse CSV row: could not convert string to float: 'IPC1'
2025-08-13 16:16:58 | WARNING  | __main__             | _parse_csv_row       | Failed to parse CSV row: could not convert string to float: 'IPC1'
2025-08-13 16:16:58 | WARNING  | __main__             | _parse_csv_row       | Failed to parse CSV row: could not convert string to float: 'IPC1'
2025-08-13 16:16:58 | WARNING  | __main__             | _parse_csv_row       | Failed to parse CSV row: could not convert string to float: 'IPC1'
2025-08-13 16:16:58 | INFO     | __main__             | _delete_file         | Successfully deleted file: D:\NOPPALIT\History\Saturn_Acc_Logs\IPC1_20250813_161216.csv
2025-08-13 16:16:58 | WARNING  | __main__             | _parse_csv_row       | Failed to parse CSV row: could not convert string to float: 'IPC1'
2025-08-13 16:16:58 | WARNING  | __main__             | _parse_csv_row       | Failed to parse CSV row: could not convert string to float: 'IPC1'
2025-08-13 16:16:58 | WARNING  | __main__             | _parse_csv_row       | Failed to parse CSV row: could not convert string to float: 'IPC1'
2025-08-13 16:16:58 | WARNING  | __main__             | _parse_csv_row       | Failed to parse CSV row: could not convert string to float: 'IPC1'
2025-08-13 16:16:58 | WARNING  | __main__             | _parse_csv_row       | Failed to parse CSV row: could not convert string to float: 'IPC1'
2025-08-13 16:16:58 | WARNING  | __main__             | _parse_csv_row       | Failed to parse CSV row: could not convert string to float: 'IPC1'
2025-08-13 16:16:58 | WARNING  | __main__             | _parse_csv_row       | Failed to parse CSV row: could not convert string to float: 'IPC1'
2025-08-13 16:16:58 | WARNING  | __main__             | _parse_csv_row       | Failed to parse CSV row: could not convert string to float: 'IPC1'
2025-08-13 16:16:58 | WARNING  | __main__             | _parse_csv_row       | Failed to parse CSV row: could not convert string to float: 'IPC1'
2025-08-13 16:16:58 | WARNING  | __main__             | _parse_csv_row       | Failed to parse CSV row: could not convert string to float: 'IPC1'
2025-08-13 16:16:58 | INFO     | __main__             | _delete_file         | Successfully deleted file: D:\NOPPALIT\History\Saturn_Acc_Logs\IPC1_20250813_161228.csv
2025-08-13 16:16:58 | WARNING  | __main__             | _parse_csv_row       | Failed to parse CSV row: could not convert string to float: 'IPC1'
2025-08-13 16:16:58 | WARNING  | __main__             | _parse_csv_row       | Failed to parse CSV row: could not convert string to float: 'IPC1'
2025-08-13 16:16:58 | WARNING  | __main__             | _parse_csv_row       | Failed to parse CSV row: could not convert string to float: 'IPC1'
2025-08-13 16:16:58 | WARNING  | __main__             | _parse_csv_row       | Failed to parse CSV row: could not convert string to float: 'IPC1'
2025-08-13 16:16:58 | WARNING  | __main__             | _parse_csv_row       | Failed to parse CSV row: could not convert string to float: 'IPC1'
2025-08-13 16:16:58 | WARNING  | __main__             | _parse_csv_row       | Failed to parse CSV row: could not convert string to float: 'IPC1'
2025-08-13 16:16:58 | WARNING  | __main__             | _parse_csv_row       | Failed to parse CSV row: could not convert string to float: 'IPC1'
2025-08-13 16:16:58 | WARNING  | __main__             | _parse_csv_row       | Failed to parse CSV row: could not convert string to float: 'IPC1'
2025-08-13 16:16:58 | WARNING  | __main__             | _parse_csv_row       | Failed to parse CSV row: could not convert string to float: 'IPC1'
2025-08-13 16:16:58 | WARNING  | __main__             | _parse_csv_row       | Failed to parse CSV row: could not convert string to float: 'IPC1'
2025-08-13 16:16:58 | INFO     | __main__             | _delete_file         | Successfully deleted file: D:\NOPPALIT\History\Saturn_Acc_Logs\IPC1_20250813_161239.csv
2025-08-13 16:16:58 | WARNING  | __main__             | _parse_csv_row       | Failed to parse CSV row: could not convert string to float: 'IPC1'
2025-08-13 16:16:58 | WARNING  | __main__             | _parse_csv_row       | Failed to parse CSV row: could not convert string to float: 'IPC1'
2025-08-13 16:16:58 | WARNING  | __main__             | _parse_csv_row       | Failed to parse CSV row: could not convert string to float: 'IPC1'
2025-08-13 16:16:58 | WARNING  | __main__             | _parse_csv_row       | Failed to parse CSV row: could not convert string to float: 'IPC1'
2025-08-13 16:16:58 | WARNING  | __main__             | _parse_csv_row       | Failed to parse CSV row: could not convert string to float: 'IPC1'
2025-08-13 16:16:58 | WARNING  | __main__             | _parse_csv_row       | Failed to parse CSV row: could not convert string to float: 'IPC1'
2025-08-13 16:16:58 | WARNING  | __main__             | _parse_csv_row       | Failed to parse CSV row: could not convert string to float: 'IPC1'
2025-08-13 16:16:58 | WARNING  | __main__             | _parse_csv_row       | Failed to parse CSV row: could not convert string to float: 'IPC1'
2025-08-13 16:16:58 | WARNING  | __main__             | _parse_csv_row       | Failed to parse CSV row: could not convert string to float: 'IPC1'
2025-08-13 16:16:58 | WARNING  | __main__             | _parse_csv_row       | Failed to parse CSV row: could not convert string to float: 'IPC1'
2025-08-13 16:16:58 | INFO     | __main__             | _delete_file         | Successfully deleted file: D:\NOPPALIT\History\Saturn_Acc_Logs\IPC1_20250813_161250.csv
2025-08-13 16:16:58 | WARNING  | __main__             | _parse_csv_row       | Failed to parse CSV row: could not convert string to float: 'IPC1'
2025-08-13 16:16:58 | WARNING  | __main__             | _parse_csv_row       | Failed to parse CSV row: could not convert string to float: 'IPC1'
2025-08-13 16:16:58 | WARNING  | __main__             | _parse_csv_row       | Failed to parse CSV row: could not convert string to float: 'IPC1'
2025-08-13 16:16:58 | WARNING  | __main__             | _parse_csv_row       | Failed to parse CSV row: could not convert string to float: 'IPC1'
2025-08-13 16:16:58 | WARNING  | __main__             | _parse_csv_row       | Failed to parse CSV row: could not convert string to float: 'IPC1'
2025-08-13 16:16:58 | WARNING  | __main__             | _parse_csv_row       | Failed to parse CSV row: could not convert string to float: 'IPC1'
2025-08-13 16:16:58 | WARNING  | __main__             | _parse_csv_row       | Failed to parse CSV row: could not convert string to float: 'IPC1'
2025-08-13 16:16:58 | WARNING  | __main__             | _parse_csv_row       | Failed to parse CSV row: could not convert string to float: 'IPC1'
2025-08-13 16:16:58 | WARNING  | __main__             | _parse_csv_row       | Failed to parse CSV row: could not convert string to float: 'IPC1'
2025-08-13 16:16:58 | WARNING  | __main__             | _parse_csv_row       | Failed to parse CSV row: could not convert string to float: 'IPC1'
2025-08-13 16:16:58 | INFO     | __main__             | _delete_file         | Successfully deleted file: D:\NOPPALIT\History\Saturn_Acc_Logs\IPC1_20250813_161301.csv
2025-08-13 16:16:58 | WARNING  | __main__             | _parse_csv_row       | Failed to parse CSV row: could not convert string to float: 'IPC1'
2025-08-13 16:16:58 | WARNING  | __main__             | _parse_csv_row       | Failed to parse CSV row: could not convert string to float: 'IPC1'
2025-08-13 16:16:58 | WARNING  | __main__             | _parse_csv_row       | Failed to parse CSV row: could not convert string to float: 'IPC1'
2025-08-13 16:16:58 | WARNING  | __main__             | _parse_csv_row       | Failed to parse CSV row: could not convert string to float: 'IPC1'
2025-08-13 16:16:58 | WARNING  | __main__             | _parse_csv_row       | Failed to parse CSV row: could not convert string to float: 'IPC1'
2025-08-13 16:16:58 | WARNING  | __main__             | _parse_csv_row       | Failed to parse CSV row: could not convert string to float: 'IPC1'
2025-08-13 16:16:58 | WARNING  | __main__             | _parse_csv_row       | Failed to parse CSV row: could not convert string to float: 'IPC1'
2025-08-13 16:16:58 | WARNING  | __main__             | _parse_csv_row       | Failed to parse CSV row: could not convert string to float: 'IPC1'
2025-08-13 16:16:58 | WARNING  | __main__             | _parse_csv_row       | Failed to parse CSV row: could not convert string to float: 'IPC1'
2025-08-13 16:16:58 | WARNING  | __main__             | _parse_csv_row       | Failed to parse CSV row: could not convert string to float: 'IPC1'
2025-08-13 16:16:58 | INFO     | __main__             | _delete_file         | Successfully deleted file: D:\NOPPALIT\History\Saturn_Acc_Logs\IPC1_20250813_161312.csv
2025-08-13 16:16:58 | WARNING  | __main__             | _parse_csv_row       | Failed to parse CSV row: could not convert string to float: 'IPC1'
2025-08-13 16:16:58 | WARNING  | __main__             | _parse_csv_row       | Failed to parse CSV row: could not convert string to float: 'IPC1'
2025-08-13 16:16:58 | WARNING  | __main__             | _parse_csv_row       | Failed to parse CSV row: could not convert string to float: 'IPC1'
2025-08-13 16:16:58 | WARNING  | __main__             | _parse_csv_row       | Failed to parse CSV row: could not convert string to float: 'IPC1'
2025-08-13 16:16:58 | WARNING  | __main__             | _parse_csv_row       | Failed to parse CSV row: could not convert string to float: 'IPC1'
2025-08-13 16:16:58 | WARNING  | __main__             | _parse_csv_row       | Failed to parse CSV row: could not convert string to float: 'IPC1'
2025-08-13 16:16:58 | WARNING  | __main__             | _parse_csv_row       | Failed to parse CSV row: could not convert string to float: 'IPC1'
2025-08-13 16:16:58 | WARNING  | __main__             | _parse_csv_row       | Failed to parse CSV row: could not convert string to float: 'IPC1'
2025-08-13 16:16:58 | WARNING  | __main__             | _parse_csv_row       | Failed to parse CSV row: could not convert string to float: 'IPC1'
2025-08-13 16:16:58 | WARNING  | __main__             | _parse_csv_row       | Failed to parse CSV row: could not convert string to float: 'IPC1'
2025-08-13 16:16:58 | INFO     | __main__             | _delete_file         | Successfully deleted file: D:\NOPPALIT\History\Saturn_Acc_Logs\IPC1_20250813_161323.csv
2025-08-13 16:16:58 | WARNING  | __main__             | _parse_csv_row       | Failed to parse CSV row: could not convert string to float: 'IPC1'
2025-08-13 16:16:58 | WARNING  | __main__             | _parse_csv_row       | Failed to parse CSV row: could not convert string to float: 'IPC1'
2025-08-13 16:16:58 | WARNING  | __main__             | _parse_csv_row       | Failed to parse CSV row: could not convert string to float: 'IPC1'
2025-08-13 16:16:58 | WARNING  | __main__             | _parse_csv_row       | Failed to parse CSV row: could not convert string to float: 'IPC1'
2025-08-13 16:16:58 | WARNING  | __main__             | _parse_csv_row       | Failed to parse CSV row: could not convert string to float: 'IPC1'
2025-08-13 16:16:58 | WARNING  | __main__             | _parse_csv_row       | Failed to parse CSV row: could not convert string to float: 'IPC1'
2025-08-13 16:16:58 | WARNING  | __main__             | _parse_csv_row       | Failed to parse CSV row: could not convert string to float: 'IPC1'
2025-08-13 16:16:58 | WARNING  | __main__             | _parse_csv_row       | Failed to parse CSV row: could not convert string to float: 'IPC1'
2025-08-13 16:16:58 | WARNING  | __main__             | _parse_csv_row       | Failed to parse CSV row: could not convert string to float: 'IPC1'
2025-08-13 16:16:58 | WARNING  | __main__             | _parse_csv_row       | Failed to parse CSV row: could not convert string to float: 'IPC1'
2025-08-13 16:16:58 | INFO     | __main__             | _delete_file         | Successfully deleted file: D:\NOPPALIT\History\Saturn_Acc_Logs\IPC1_20250813_161334.csv
2025-08-13 16:16:58 | WARNING  | __main__             | _parse_csv_row       | Failed to parse CSV row: could not convert string to float: 'IPC1'
2025-08-13 16:16:58 | WARNING  | __main__             | _parse_csv_row       | Failed to parse CSV row: could not convert string to float: 'IPC1'
2025-08-13 16:16:58 | WARNING  | __main__             | _parse_csv_row       | Failed to parse CSV row: could not convert string to float: 'IPC1'
2025-08-13 16:16:58 | WARNING  | __main__             | _parse_csv_row       | Failed to parse CSV row: could not convert string to float: 'IPC1'
2025-08-13 16:16:58 | WARNING  | __main__             | _parse_csv_row       | Failed to parse CSV row: could not convert string to float: 'IPC1'
2025-08-13 16:16:58 | WARNING  | __main__             | _parse_csv_row       | Failed to parse CSV row: could not convert string to float: 'IPC1'
2025-08-13 16:16:58 | WARNING  | __main__             | _parse_csv_row       | Failed to parse CSV row: could not convert string to float: 'IPC1'
2025-08-13 16:16:58 | WARNING  | __main__             | _parse_csv_row       | Failed to parse CSV row: could not convert string to float: 'IPC1'
2025-08-13 16:16:58 | WARNING  | __main__             | _parse_csv_row       | Failed to parse CSV row: could not convert string to float: 'IPC1'
2025-08-13 16:16:58 | WARNING  | __main__             | _parse_csv_row       | Failed to parse CSV row: could not convert string to float: 'IPC1'
2025-08-13 16:16:58 | INFO     | __main__             | _delete_file         | Successfully deleted file: D:\NOPPALIT\History\Saturn_Acc_Logs\IPC1_20250813_161345.csv
2025-08-13 16:16:58 | WARNING  | __main__             | _parse_csv_row       | Failed to parse CSV row: could not convert string to float: 'IPC1'
2025-08-13 16:16:58 | WARNING  | __main__             | _parse_csv_row       | Failed to parse CSV row: could not convert string to float: 'IPC1'
2025-08-13 16:16:58 | WARNING  | __main__             | _parse_csv_row       | Failed to parse CSV row: could not convert string to float: 'IPC1'
2025-08-13 16:16:58 | WARNING  | __main__             | _parse_csv_row       | Failed to parse CSV row: could not convert string to float: 'IPC1'
2025-08-13 16:16:58 | WARNING  | __main__             | _parse_csv_row       | Failed to parse CSV row: could not convert string to float: 'IPC1'
2025-08-13 16:16:58 | WARNING  | __main__             | _parse_csv_row       | Failed to parse CSV row: could not convert string to float: 'IPC1'
2025-08-13 16:16:58 | WARNING  | __main__             | _parse_csv_row       | Failed to parse CSV row: could not convert string to float: 'IPC1'
2025-08-13 16:16:58 | WARNING  | __main__             | _parse_csv_row       | Failed to parse CSV row: could not convert string to float: 'IPC1'
2025-08-13 16:16:58 | WARNING  | __main__             | _parse_csv_row       | Failed to parse CSV row: could not convert string to float: 'IPC1'
2025-08-13 16:16:58 | WARNING  | __main__             | _parse_csv_row       | Failed to parse CSV row: could not convert string to float: 'IPC1'
2025-08-13 16:16:58 | INFO     | __main__             | _delete_file         | Successfully deleted file: D:\NOPPALIT\History\Saturn_Acc_Logs\IPC1_20250813_161356.csv
2025-08-13 16:16:58 | WARNING  | __main__             | _parse_csv_row       | Failed to parse CSV row: could not convert string to float: 'IPC1'
2025-08-13 16:16:58 | WARNING  | __main__             | _parse_csv_row       | Failed to parse CSV row: could not convert string to float: 'IPC1'
2025-08-13 16:16:58 | WARNING  | __main__             | _parse_csv_row       | Failed to parse CSV row: could not convert string to float: 'IPC1'
2025-08-13 16:16:58 | WARNING  | __main__             | _parse_csv_row       | Failed to parse CSV row: could not convert string to float: 'IPC1'
2025-08-13 16:16:58 | WARNING  | __main__             | _parse_csv_row       | Failed to parse CSV row: could not convert string to float: 'IPC1'
2025-08-13 16:16:58 | WARNING  | __main__             | _parse_csv_row       | Failed to parse CSV row: could not convert string to float: 'IPC1'
2025-08-13 16:16:58 | WARNING  | __main__             | _parse_csv_row       | Failed to parse CSV row: could not convert string to float: 'IPC1'
2025-08-13 16:16:58 | WARNING  | __main__             | _parse_csv_row       | Failed to parse CSV row: could not convert string to float: 'IPC1'
2025-08-13 16:16:58 | WARNING  | __main__             | _parse_csv_row       | Failed to parse CSV row: could not convert string to float: 'IPC1'
2025-08-13 16:16:58 | WARNING  | __main__             | _parse_csv_row       | Failed to parse CSV row: could not convert string to float: 'IPC1'
2025-08-13 16:16:58 | INFO     | __main__             | _delete_file         | Successfully deleted file: D:\NOPPALIT\History\Saturn_Acc_Logs\IPC1_20250813_161407.csv
2025-08-13 16:16:58 | WARNING  | __main__             | _parse_csv_row       | Failed to parse CSV row: could not convert string to float: 'IPC1'
2025-08-13 16:16:58 | WARNING  | __main__             | _parse_csv_row       | Failed to parse CSV row: could not convert string to float: 'IPC1'
2025-08-13 16:16:58 | WARNING  | __main__             | _parse_csv_row       | Failed to parse CSV row: could not convert string to float: 'IPC1'
2025-08-13 16:16:58 | WARNING  | __main__             | _parse_csv_row       | Failed to parse CSV row: could not convert string to float: 'IPC1'
2025-08-13 16:16:58 | WARNING  | __main__             | _parse_csv_row       | Failed to parse CSV row: could not convert string to float: 'IPC1'
2025-08-13 16:16:58 | WARNING  | __main__             | _parse_csv_row       | Failed to parse CSV row: could not convert string to float: 'IPC1'
2025-08-13 16:16:58 | WARNING  | __main__             | _parse_csv_row       | Failed to parse CSV row: could not convert string to float: 'IPC1'
2025-08-13 16:16:58 | WARNING  | __main__             | _parse_csv_row       | Failed to parse CSV row: could not convert string to float: 'IPC1'
2025-08-13 16:16:58 | WARNING  | __main__             | _parse_csv_row       | Failed to parse CSV row: could not convert string to float: 'IPC1'
2025-08-13 16:16:58 | WARNING  | __main__             | _parse_csv_row       | Failed to parse CSV row: could not convert string to float: 'IPC1'
2025-08-13 16:16:58 | INFO     | __main__             | _delete_file         | Successfully deleted file: D:\NOPPALIT\History\Saturn_Acc_Logs\IPC1_20250813_161418.csv
2025-08-13 16:16:58 | WARNING  | __main__             | _parse_csv_row       | Failed to parse CSV row: could not convert string to float: 'IPC1'
2025-08-13 16:16:58 | WARNING  | __main__             | _parse_csv_row       | Failed to parse CSV row: could not convert string to float: 'IPC1'
2025-08-13 16:16:58 | WARNING  | __main__             | _parse_csv_row       | Failed to parse CSV row: could not convert string to float: 'IPC1'
2025-08-13 16:16:58 | WARNING  | __main__             | _parse_csv_row       | Failed to parse CSV row: could not convert string to float: 'IPC1'
2025-08-13 16:16:58 | WARNING  | __main__             | _parse_csv_row       | Failed to parse CSV row: could not convert string to float: 'IPC1'
2025-08-13 16:16:58 | WARNING  | __main__             | _parse_csv_row       | Failed to parse CSV row: could not convert string to float: 'IPC1'
2025-08-13 16:16:58 | WARNING  | __main__             | _parse_csv_row       | Failed to parse CSV row: could not convert string to float: 'IPC1'
2025-08-13 16:16:58 | WARNING  | __main__             | _parse_csv_row       | Failed to parse CSV row: could not convert string to float: 'IPC1'
2025-08-13 16:16:58 | WARNING  | __main__             | _parse_csv_row       | Failed to parse CSV row: could not convert string to float: 'IPC1'
2025-08-13 16:16:58 | WARNING  | __main__             | _parse_csv_row       | Failed to parse CSV row: could not convert string to float: 'IPC1'
2025-08-13 16:16:58 | INFO     | __main__             | _delete_file         | Successfully deleted file: D:\NOPPALIT\History\Saturn_Acc_Logs\IPC1_20250813_161430.csv
2025-08-13 16:16:58 | WARNING  | __main__             | _parse_csv_row       | Failed to parse CSV row: could not convert string to float: 'IPC1'
2025-08-13 16:16:58 | WARNING  | __main__             | _parse_csv_row       | Failed to parse CSV row: could not convert string to float: 'IPC1'
2025-08-13 16:16:58 | WARNING  | __main__             | _parse_csv_row       | Failed to parse CSV row: could not convert string to float: 'IPC1'
2025-08-13 16:16:58 | WARNING  | __main__             | _parse_csv_row       | Failed to parse CSV row: could not convert string to float: 'IPC1'
2025-08-13 16:16:58 | WARNING  | __main__             | _parse_csv_row       | Failed to parse CSV row: could not convert string to float: 'IPC1'
2025-08-13 16:16:58 | WARNING  | __main__             | _parse_csv_row       | Failed to parse CSV row: could not convert string to float: 'IPC1'
2025-08-13 16:16:58 | WARNING  | __main__             | _parse_csv_row       | Failed to parse CSV row: could not convert string to float: 'IPC1'
2025-08-13 16:16:58 | WARNING  | __main__             | _parse_csv_row       | Failed to parse CSV row: could not convert string to float: 'IPC1'
2025-08-13 16:16:58 | WARNING  | __main__             | _parse_csv_row       | Failed to parse CSV row: could not convert string to float: 'IPC1'
2025-08-13 16:16:58 | WARNING  | __main__             | _parse_csv_row       | Failed to parse CSV row: could not convert string to float: 'IPC1'
2025-08-13 16:16:58 | INFO     | __main__             | _delete_file         | Successfully deleted file: D:\NOPPALIT\History\Saturn_Acc_Logs\IPC1_20250813_161610.csv
2025-08-13 16:16:58 | WARNING  | __main__             | _parse_csv_row       | Failed to parse CSV row: could not convert string to float: 'IPC1'
2025-08-13 16:16:58 | WARNING  | __main__             | _parse_csv_row       | Failed to parse CSV row: could not convert string to float: 'IPC1'
2025-08-13 16:16:58 | WARNING  | __main__             | _parse_csv_row       | Failed to parse CSV row: could not convert string to float: 'IPC1'
2025-08-13 16:16:58 | WARNING  | __main__             | _parse_csv_row       | Failed to parse CSV row: could not convert string to float: 'IPC1'
2025-08-13 16:16:58 | WARNING  | __main__             | _parse_csv_row       | Failed to parse CSV row: could not convert string to float: 'IPC1'
2025-08-13 16:16:58 | WARNING  | __main__             | _parse_csv_row       | Failed to parse CSV row: could not convert string to float: 'IPC1'
2025-08-13 16:16:58 | WARNING  | __main__             | _parse_csv_row       | Failed to parse CSV row: could not convert string to float: 'IPC1'
2025-08-13 16:16:58 | WARNING  | __main__             | _parse_csv_row       | Failed to parse CSV row: could not convert string to float: 'IPC1'
2025-08-13 16:16:58 | WARNING  | __main__             | _parse_csv_row       | Failed to parse CSV row: could not convert string to float: 'IPC1'
2025-08-13 16:16:58 | WARNING  | __main__             | _parse_csv_row       | Failed to parse CSV row: could not convert string to float: 'IPC1'
2025-08-13 16:16:58 | INFO     | __main__             | _delete_file         | Successfully deleted file: D:\NOPPALIT\History\Saturn_Acc_Logs\IPC1_20250813_161621.csv
2025-08-13 16:16:58 | WARNING  | __main__             | _parse_csv_row       | Failed to parse CSV row: could not convert string to float: 'IPC1'
2025-08-13 16:16:58 | WARNING  | __main__             | _parse_csv_row       | Failed to parse CSV row: could not convert string to float: 'IPC1'
2025-08-13 16:16:58 | WARNING  | __main__             | _parse_csv_row       | Failed to parse CSV row: could not convert string to float: 'IPC1'
2025-08-13 16:16:58 | WARNING  | __main__             | _parse_csv_row       | Failed to parse CSV row: could not convert string to float: 'IPC1'
2025-08-13 16:16:58 | WARNING  | __main__             | _parse_csv_row       | Failed to parse CSV row: could not convert string to float: 'IPC1'
2025-08-13 16:16:58 | WARNING  | __main__             | _parse_csv_row       | Failed to parse CSV row: could not convert string to float: 'IPC1'
2025-08-13 16:16:58 | WARNING  | __main__             | _parse_csv_row       | Failed to parse CSV row: could not convert string to float: 'IPC1'
2025-08-13 16:16:58 | WARNING  | __main__             | _parse_csv_row       | Failed to parse CSV row: could not convert string to float: 'IPC1'
2025-08-13 16:16:58 | WARNING  | __main__             | _parse_csv_row       | Failed to parse CSV row: could not convert string to float: 'IPC1'
2025-08-13 16:16:58 | WARNING  | __main__             | _parse_csv_row       | Failed to parse CSV row: could not convert string to float: 'IPC1'
2025-08-13 16:16:58 | INFO     | __main__             | _delete_file         | Successfully deleted file: D:\NOPPALIT\History\Saturn_Acc_Logs\IPC1_20250813_161632.csv
2025-08-13 16:16:58 | WARNING  | __main__             | _parse_csv_row       | Failed to parse CSV row: could not convert string to float: 'IPC1'
2025-08-13 16:16:58 | WARNING  | __main__             | _parse_csv_row       | Failed to parse CSV row: could not convert string to float: 'IPC1'
2025-08-13 16:16:58 | WARNING  | __main__             | _parse_csv_row       | Failed to parse CSV row: could not convert string to float: 'IPC1'
2025-08-13 16:16:58 | WARNING  | __main__             | _parse_csv_row       | Failed to parse CSV row: could not convert string to float: 'IPC1'
2025-08-13 16:16:58 | WARNING  | __main__             | _parse_csv_row       | Failed to parse CSV row: could not convert string to float: 'IPC1'
2025-08-13 16:16:58 | WARNING  | __main__             | _parse_csv_row       | Failed to parse CSV row: could not convert string to float: 'IPC1'
2025-08-13 16:16:58 | WARNING  | __main__             | _parse_csv_row       | Failed to parse CSV row: could not convert string to float: 'IPC1'
2025-08-13 16:16:58 | WARNING  | __main__             | _parse_csv_row       | Failed to parse CSV row: could not convert string to float: 'IPC1'
2025-08-13 16:16:58 | WARNING  | __main__             | _parse_csv_row       | Failed to parse CSV row: could not convert string to float: 'IPC1'
2025-08-13 16:16:58 | WARNING  | __main__             | _parse_csv_row       | Failed to parse CSV row: could not convert string to float: 'IPC1'
2025-08-13 16:16:58 | INFO     | __main__             | _delete_file         | Successfully deleted file: D:\NOPPALIT\History\Saturn_Acc_Logs\IPC1_20250813_161643.csv
2025-08-13 16:16:58 | WARNING  | __main__             | _parse_csv_row       | Failed to parse CSV row: could not convert string to float: 'IPC1'
2025-08-13 16:16:58 | WARNING  | __main__             | _parse_csv_row       | Failed to parse CSV row: could not convert string to float: 'IPC1'
2025-08-13 16:16:58 | WARNING  | __main__             | _parse_csv_row       | Failed to parse CSV row: could not convert string to float: 'IPC1'
2025-08-13 16:16:58 | WARNING  | __main__             | _parse_csv_row       | Failed to parse CSV row: could not convert string to float: 'IPC1'
2025-08-13 16:16:58 | WARNING  | __main__             | _parse_csv_row       | Failed to parse CSV row: could not convert string to float: 'IPC1'
2025-08-13 16:16:58 | WARNING  | __main__             | _parse_csv_row       | Failed to parse CSV row: could not convert string to float: 'IPC1'
2025-08-13 16:16:58 | WARNING  | __main__             | _parse_csv_row       | Failed to parse CSV row: could not convert string to float: 'IPC1'
2025-08-13 16:16:58 | WARNING  | __main__             | _parse_csv_row       | Failed to parse CSV row: could not convert string to float: 'IPC1'
2025-08-13 16:16:58 | WARNING  | __main__             | _parse_csv_row       | Failed to parse CSV row: could not convert string to float: 'IPC1'
2025-08-13 16:16:58 | WARNING  | __main__             | _parse_csv_row       | Failed to parse CSV row: could not convert string to float: 'IPC1'
2025-08-13 16:16:58 | INFO     | __main__             | _delete_file         | Successfully deleted file: D:\NOPPALIT\History\Saturn_Acc_Logs\IPC1_20250813_161654.csv
2025-08-13 16:17:29 | INFO     | __main__             | start                | Service interrupted by user
2025-08-13 16:17:29 | INFO     | __main__             | close                | Connection pool closed
2025-08-13 16:17:29 | INFO     | __main__             | cleanup              | Service cleanup completed
