2025-08-20 16:02:12 | INFO     | __main__             | _load_config         | Configuration loaded from config.yaml
2025-08-20 16:02:12 | INFO     | __main__             | _init_connection_pool | Connection pool initialized successfully
2025-08-20 16:02:12 | INFO     | __main__             | __init__             | CSV source directory: D:\NOPPALIT\History\Saturn_Acc_Logs
2025-08-20 16:02:12 | INFO     | __main__             | __init__             | Export directory: D:\NOPPALIT\History\Saturn_Acc_Logs
2025-08-20 16:02:12 | INFO     | __main__             | init_db              | Database initialized successfully
2025-08-20 16:02:12 | INFO     | __main__             | start                | Starting CSV processing service every 1 minutes...
2025-08-20 16:02:12 | INFO     | __main__             | start                | CSV source directory: D:\NOPPALIT\History\Saturn_Acc_Logs
2025-08-20 16:02:12 | INFO     | __main__             | start                | Delete after export: True
2025-08-20 16:02:13 | INFO     | __main__             | _import_rows_to_db   | Imported 30 rows to database
2025-08-20 16:02:13 | INFO     | __main__             | _delete_file         | Successfully deleted file: D:\NOPPALIT\History\Saturn_Acc_Logs\IPC1_20250820_155802.csv
2025-08-20 16:02:13 | INFO     | __main__             | _import_rows_to_db   | Imported 30 rows to database
2025-08-20 16:02:13 | INFO     | __main__             | _delete_file         | Successfully deleted file: D:\NOPPALIT\History\Saturn_Acc_Logs\IPC1_20250820_155835.csv
2025-08-20 16:02:13 | INFO     | __main__             | _import_rows_to_db   | Imported 30 rows to database
2025-08-20 16:02:13 | INFO     | __main__             | _delete_file         | Successfully deleted file: D:\NOPPALIT\History\Saturn_Acc_Logs\IPC1_20250820_155908.csv
2025-08-20 16:02:13 | INFO     | __main__             | _import_rows_to_db   | Imported 30 rows to database
2025-08-20 16:02:13 | INFO     | __main__             | _delete_file         | Successfully deleted file: D:\NOPPALIT\History\Saturn_Acc_Logs\IPC1_20250820_160120.csv
2025-08-20 16:02:13 | INFO     | __main__             | _import_rows_to_db   | Imported 30 rows to database
2025-08-20 16:02:13 | INFO     | __main__             | _delete_file         | Successfully deleted file: D:\NOPPALIT\History\Saturn_Acc_Logs\IPC1_20250820_160152.csv
2025-08-20 16:02:13 | INFO     | __main__             | _import_rows_to_db   | Imported 30 rows to database
2025-08-20 16:02:13 | INFO     | __main__             | _delete_file         | Successfully deleted file: D:\NOPPALIT\History\Saturn_Acc_Logs\RP26_20250820_155047.csv
2025-08-20 16:02:13 | INFO     | __main__             | _import_rows_to_db   | Imported 30 rows to database
2025-08-20 16:02:13 | INFO     | __main__             | _delete_file         | Successfully deleted file: D:\NOPPALIT\History\Saturn_Acc_Logs\RP26_20250820_155122.csv
2025-08-20 16:02:13 | INFO     | __main__             | _import_rows_to_db   | Imported 30 rows to database
2025-08-20 16:02:13 | INFO     | __main__             | _delete_file         | Successfully deleted file: D:\NOPPALIT\History\Saturn_Acc_Logs\RP26_20250820_155157.csv
2025-08-20 16:02:13 | INFO     | __main__             | _import_rows_to_db   | Imported 30 rows to database
2025-08-20 16:02:13 | INFO     | __main__             | _delete_file         | Successfully deleted file: D:\NOPPALIT\History\Saturn_Acc_Logs\RP26_20250820_155232.csv
2025-08-20 16:02:13 | INFO     | __main__             | _import_rows_to_db   | Imported 30 rows to database
2025-08-20 16:02:13 | INFO     | __main__             | _delete_file         | Successfully deleted file: D:\NOPPALIT\History\Saturn_Acc_Logs\RP26_20250820_155307.csv
2025-08-20 16:02:13 | INFO     | __main__             | _import_rows_to_db   | Imported 30 rows to database
2025-08-20 16:02:13 | INFO     | __main__             | _delete_file         | Successfully deleted file: D:\NOPPALIT\History\Saturn_Acc_Logs\RP26_20250820_155341.csv
2025-08-20 16:02:13 | INFO     | __main__             | _import_rows_to_db   | Imported 30 rows to database
2025-08-20 16:02:13 | INFO     | __main__             | _delete_file         | Successfully deleted file: D:\NOPPALIT\History\Saturn_Acc_Logs\RP26_20250820_155416.csv
2025-08-20 16:02:13 | INFO     | __main__             | _import_rows_to_db   | Imported 30 rows to database
2025-08-20 16:02:13 | INFO     | __main__             | _delete_file         | Successfully deleted file: D:\NOPPALIT\History\Saturn_Acc_Logs\RP26_20250820_155451.csv
2025-08-20 16:02:13 | INFO     | __main__             | _import_rows_to_db   | Imported 30 rows to database
2025-08-20 16:02:13 | INFO     | __main__             | _delete_file         | Successfully deleted file: D:\NOPPALIT\History\Saturn_Acc_Logs\RP26_20250820_155525.csv
2025-08-20 16:02:13 | INFO     | __main__             | _import_rows_to_db   | Imported 30 rows to database
2025-08-20 16:02:13 | INFO     | __main__             | _delete_file         | Successfully deleted file: D:\NOPPALIT\History\Saturn_Acc_Logs\RP26_20250820_155600.csv
2025-08-20 16:02:13 | INFO     | __main__             | _import_rows_to_db   | Imported 30 rows to database
2025-08-20 16:02:13 | INFO     | __main__             | _delete_file         | Successfully deleted file: D:\NOPPALIT\History\Saturn_Acc_Logs\RP26_20250820_155635.csv
2025-08-20 16:02:13 | INFO     | __main__             | _import_rows_to_db   | Imported 30 rows to database
2025-08-20 16:02:13 | INFO     | __main__             | _delete_file         | Successfully deleted file: D:\NOPPALIT\History\Saturn_Acc_Logs\RP26_20250820_155709.csv
2025-08-20 16:02:13 | INFO     | __main__             | _import_rows_to_db   | Imported 30 rows to database
2025-08-20 16:02:13 | INFO     | __main__             | _delete_file         | Successfully deleted file: D:\NOPPALIT\History\Saturn_Acc_Logs\RP26_20250820_155744.csv
2025-08-20 16:02:13 | INFO     | __main__             | _import_rows_to_db   | Imported 30 rows to database
2025-08-20 16:02:13 | INFO     | __main__             | _delete_file         | Successfully deleted file: D:\NOPPALIT\History\Saturn_Acc_Logs\RP26_20250820_155819.csv
2025-08-20 16:02:13 | INFO     | __main__             | _import_rows_to_db   | Imported 30 rows to database
2025-08-20 16:02:13 | INFO     | __main__             | _delete_file         | Successfully deleted file: D:\NOPPALIT\History\Saturn_Acc_Logs\RP26_20250820_155854.csv
2025-08-20 16:02:13 | INFO     | __main__             | _import_rows_to_db   | Imported 30 rows to database
2025-08-20 16:02:13 | INFO     | __main__             | _delete_file         | Successfully deleted file: D:\NOPPALIT\History\Saturn_Acc_Logs\RP26_20250820_155929.csv
2025-08-20 16:02:13 | INFO     | __main__             | _import_rows_to_db   | Imported 30 rows to database
2025-08-20 16:02:13 | INFO     | __main__             | _delete_file         | Successfully deleted file: D:\NOPPALIT\History\Saturn_Acc_Logs\RP26_20250820_160004.csv
2025-08-20 16:02:13 | INFO     | __main__             | _import_rows_to_db   | Imported 10 rows to database
2025-08-20 16:02:13 | INFO     | __main__             | _delete_file         | Successfully deleted file: D:\NOPPALIT\History\Saturn_Acc_Logs\RPB1_20250820_155513.csv
2025-08-20 16:02:13 | INFO     | __main__             | _import_rows_to_db   | Imported 10 rows to database
2025-08-20 16:02:13 | INFO     | __main__             | _delete_file         | Successfully deleted file: D:\NOPPALIT\History\Saturn_Acc_Logs\RPB1_20250820_155524.csv
2025-08-20 16:02:13 | INFO     | __main__             | _import_rows_to_db   | Imported 10 rows to database
2025-08-20 16:02:13 | INFO     | __main__             | _delete_file         | Successfully deleted file: D:\NOPPALIT\History\Saturn_Acc_Logs\RPB1_20250820_155535.csv
2025-08-20 16:02:13 | INFO     | __main__             | _import_rows_to_db   | Imported 10 rows to database
2025-08-20 16:02:13 | INFO     | __main__             | _delete_file         | Successfully deleted file: D:\NOPPALIT\History\Saturn_Acc_Logs\RPB1_20250820_155546.csv
2025-08-20 16:02:13 | INFO     | __main__             | _import_rows_to_db   | Imported 10 rows to database
2025-08-20 16:02:13 | INFO     | __main__             | _delete_file         | Successfully deleted file: D:\NOPPALIT\History\Saturn_Acc_Logs\RPB1_20250820_155557.csv
2025-08-20 16:02:13 | INFO     | __main__             | _import_rows_to_db   | Imported 10 rows to database
2025-08-20 16:02:13 | INFO     | __main__             | _delete_file         | Successfully deleted file: D:\NOPPALIT\History\Saturn_Acc_Logs\RPB1_20250820_155608.csv
2025-08-20 16:02:13 | INFO     | __main__             | _import_rows_to_db   | Imported 10 rows to database
2025-08-20 16:02:13 | INFO     | __main__             | _delete_file         | Successfully deleted file: D:\NOPPALIT\History\Saturn_Acc_Logs\RPB1_20250820_155619.csv
2025-08-20 16:02:13 | INFO     | __main__             | _import_rows_to_db   | Imported 10 rows to database
2025-08-20 16:02:13 | INFO     | __main__             | _delete_file         | Successfully deleted file: D:\NOPPALIT\History\Saturn_Acc_Logs\RPB1_20250820_155630.csv
2025-08-20 16:02:13 | INFO     | __main__             | _import_rows_to_db   | Imported 10 rows to database
2025-08-20 16:02:13 | INFO     | __main__             | _delete_file         | Successfully deleted file: D:\NOPPALIT\History\Saturn_Acc_Logs\RPB1_20250820_155652.csv
2025-08-20 16:02:13 | INFO     | __main__             | _import_rows_to_db   | Imported 10 rows to database
2025-08-20 16:02:13 | INFO     | __main__             | _delete_file         | Successfully deleted file: D:\NOPPALIT\History\Saturn_Acc_Logs\RPB1_20250820_155703.csv
2025-08-20 16:02:13 | INFO     | __main__             | _import_rows_to_db   | Imported 10 rows to database
2025-08-20 16:02:13 | INFO     | __main__             | _delete_file         | Successfully deleted file: D:\NOPPALIT\History\Saturn_Acc_Logs\RPB1_20250820_155714.csv
2025-08-20 16:02:13 | INFO     | __main__             | _import_rows_to_db   | Imported 10 rows to database
2025-08-20 16:02:13 | INFO     | __main__             | _delete_file         | Successfully deleted file: D:\NOPPALIT\History\Saturn_Acc_Logs\RPB1_20250820_155725.csv
2025-08-20 16:02:13 | INFO     | __main__             | _import_rows_to_db   | Imported 10 rows to database
2025-08-20 16:02:13 | INFO     | __main__             | _delete_file         | Successfully deleted file: D:\NOPPALIT\History\Saturn_Acc_Logs\RPB1_20250820_155736.csv
2025-08-20 16:02:13 | INFO     | __main__             | _import_rows_to_db   | Imported 10 rows to database
2025-08-20 16:02:13 | INFO     | __main__             | _delete_file         | Successfully deleted file: D:\NOPPALIT\History\Saturn_Acc_Logs\RPB1_20250820_155747.csv
2025-08-20 16:02:13 | INFO     | __main__             | _import_rows_to_db   | Imported 10 rows to database
2025-08-20 16:02:13 | INFO     | __main__             | _delete_file         | Successfully deleted file: D:\NOPPALIT\History\Saturn_Acc_Logs\RPB1_20250820_155758.csv
2025-08-20 16:02:13 | INFO     | __main__             | _import_rows_to_db   | Imported 10 rows to database
2025-08-20 16:02:13 | INFO     | __main__             | _delete_file         | Successfully deleted file: D:\NOPPALIT\History\Saturn_Acc_Logs\RPB1_20250820_155809.csv
2025-08-20 16:02:13 | INFO     | __main__             | _import_rows_to_db   | Imported 10 rows to database
2025-08-20 16:02:13 | INFO     | __main__             | _delete_file         | Successfully deleted file: D:\NOPPALIT\History\Saturn_Acc_Logs\RPB1_20250820_155820.csv
2025-08-20 16:02:13 | INFO     | __main__             | _import_rows_to_db   | Imported 10 rows to database
2025-08-20 16:02:13 | INFO     | __main__             | _delete_file         | Successfully deleted file: D:\NOPPALIT\History\Saturn_Acc_Logs\RPB1_20250820_155831.csv
2025-08-20 16:02:13 | INFO     | __main__             | _import_rows_to_db   | Imported 10 rows to database
2025-08-20 16:02:13 | INFO     | __main__             | _delete_file         | Successfully deleted file: D:\NOPPALIT\History\Saturn_Acc_Logs\RPB1_20250820_155842.csv
2025-08-20 16:02:13 | INFO     | __main__             | _import_rows_to_db   | Imported 10 rows to database
2025-08-20 16:02:13 | INFO     | __main__             | _delete_file         | Successfully deleted file: D:\NOPPALIT\History\Saturn_Acc_Logs\RPB1_20250820_155853.csv
2025-08-20 16:02:13 | INFO     | __main__             | _import_rows_to_db   | Imported 10 rows to database
2025-08-20 16:02:13 | INFO     | __main__             | _delete_file         | Successfully deleted file: D:\NOPPALIT\History\Saturn_Acc_Logs\RPB1_20250820_155904.csv
2025-08-20 16:02:13 | INFO     | __main__             | _import_rows_to_db   | Imported 10 rows to database
2025-08-20 16:02:13 | INFO     | __main__             | _delete_file         | Successfully deleted file: D:\NOPPALIT\History\Saturn_Acc_Logs\RPB1_20250820_155915.csv
2025-08-20 16:02:13 | INFO     | __main__             | _import_rows_to_db   | Imported 10 rows to database
2025-08-20 16:02:13 | INFO     | __main__             | _delete_file         | Successfully deleted file: D:\NOPPALIT\History\Saturn_Acc_Logs\RPB1_20250820_155926.csv
2025-08-20 16:02:13 | INFO     | __main__             | _import_rows_to_db   | Imported 10 rows to database
2025-08-20 16:02:13 | INFO     | __main__             | _delete_file         | Successfully deleted file: D:\NOPPALIT\History\Saturn_Acc_Logs\RPB1_20250820_155937.csv
2025-08-20 16:02:13 | INFO     | __main__             | _import_rows_to_db   | Imported 10 rows to database
2025-08-20 16:02:13 | INFO     | __main__             | _delete_file         | Successfully deleted file: D:\NOPPALIT\History\Saturn_Acc_Logs\RPB1_20250820_155948.csv
2025-08-20 16:02:13 | INFO     | __main__             | _import_rows_to_db   | Imported 10 rows to database
2025-08-20 16:02:13 | INFO     | __main__             | _delete_file         | Successfully deleted file: D:\NOPPALIT\History\Saturn_Acc_Logs\RPB1_20250820_155959.csv
2025-08-20 16:02:13 | INFO     | __main__             | _import_rows_to_db   | Imported 10 rows to database
2025-08-20 16:02:13 | INFO     | __main__             | _delete_file         | Successfully deleted file: D:\NOPPALIT\History\Saturn_Acc_Logs\RPB1_20250820_160010.csv
2025-08-20 16:02:13 | INFO     | __main__             | _import_rows_to_db   | Imported 10 rows to database
2025-08-20 16:02:13 | INFO     | __main__             | _delete_file         | Successfully deleted file: D:\NOPPALIT\History\Saturn_Acc_Logs\RPB1_20250820_160149.csv
2025-08-20 16:02:13 | INFO     | __main__             | _import_rows_to_db   | Imported 10 rows to database
2025-08-20 16:02:13 | INFO     | __main__             | _delete_file         | Successfully deleted file: D:\NOPPALIT\History\Saturn_Acc_Logs\RPB1_20250820_160200.csv
2025-08-20 16:04:33 | INFO     | __main__             | start                | Service interrupted by user
2025-08-20 16:04:33 | INFO     | __main__             | close                | Connection pool closed
2025-08-20 16:04:33 | INFO     | __main__             | cleanup              | Service cleanup completed
