2025-08-13 11:47:26 | INFO     | __main__             | _load_config         | Configuration loaded from config.yaml
2025-08-13 11:47:26 | INFO     | __main__             | _init_connection_pool | Connection pool initialized successfully
2025-08-13 11:47:26 | INFO     | __main__             | __init__             | CSV source directory: D:\NOPPALIT\History\Saturn_Acc_Logs
2025-08-13 11:47:26 | INFO     | __main__             | __init__             | Export directory: D:\NOPPALIT\History\Saturn_Acc_Logs
2025-08-13 11:47:26 | INFO     | __main__             | init_db              | Database initialized successfully
2025-08-13 11:47:26 | INFO     | __main__             | start                | Starting CSV processing service every 1 minutes...
2025-08-13 11:47:26 | INFO     | __main__             | start                | CSV source directory: D:\NOPPALIT\History\Saturn_Acc_Logs
2025-08-13 11:47:26 | INFO     | __main__             | start                | Delete after export: True
2025-08-13 11:47:26 | INFO     | __main__             | _delete_file         | Successfully deleted file: D:\NOPPALIT\History\Saturn_Acc_Logs\IPC1_20250813_113912.csv
2025-08-13 11:47:26 | WARNING  | __main__             | _parse_csv_row       | Failed to parse CSV row: could not convert string to float: 'Normal'
2025-08-13 11:47:26 | INFO     | __main__             | _delete_file         | Successfully deleted file: D:\NOPPALIT\History\Saturn_Acc_Logs\IPC1_20250813_113913.csv
2025-08-13 11:47:26 | WARNING  | __main__             | _parse_csv_row       | Failed to parse CSV row: could not convert string to float: 'Normal'
2025-08-13 11:47:26 | INFO     | __main__             | _delete_file         | Successfully deleted file: D:\NOPPALIT\History\Saturn_Acc_Logs\IPC1_20250813_113914.csv
2025-08-13 11:47:26 | WARNING  | __main__             | _parse_csv_row       | Failed to parse CSV row: could not convert string to float: 'Normal'
2025-08-13 11:47:26 | INFO     | __main__             | _delete_file         | Successfully deleted file: D:\NOPPALIT\History\Saturn_Acc_Logs\IPC1_20250813_113915.csv
2025-08-13 11:47:26 | WARNING  | __main__             | _parse_csv_row       | Failed to parse CSV row: could not convert string to float: 'Normal'
2025-08-13 11:47:26 | INFO     | __main__             | _delete_file         | Successfully deleted file: D:\NOPPALIT\History\Saturn_Acc_Logs\IPC1_20250813_113916.csv
2025-08-13 11:47:26 | WARNING  | __main__             | _parse_csv_row       | Failed to parse CSV row: could not convert string to float: 'Normal'
2025-08-13 11:47:26 | INFO     | __main__             | _delete_file         | Successfully deleted file: D:\NOPPALIT\History\Saturn_Acc_Logs\IPC1_20250813_113917.csv
2025-08-13 11:47:26 | WARNING  | __main__             | _parse_csv_row       | Failed to parse CSV row: could not convert string to float: 'Normal'
2025-08-13 11:47:26 | INFO     | __main__             | _delete_file         | Successfully deleted file: D:\NOPPALIT\History\Saturn_Acc_Logs\IPC1_20250813_113919.csv
2025-08-13 11:47:26 | WARNING  | __main__             | _parse_csv_row       | Failed to parse CSV row: could not convert string to float: 'Normal'
2025-08-13 11:47:26 | INFO     | __main__             | _delete_file         | Successfully deleted file: D:\NOPPALIT\History\Saturn_Acc_Logs\IPC1_20250813_113920.csv
2025-08-13 11:47:26 | WARNING  | __main__             | _parse_csv_row       | Failed to parse CSV row: could not convert string to float: 'Normal'
2025-08-13 11:47:26 | INFO     | __main__             | _delete_file         | Successfully deleted file: D:\NOPPALIT\History\Saturn_Acc_Logs\IPC1_20250813_113921.csv
2025-08-13 11:47:26 | WARNING  | __main__             | _parse_csv_row       | Failed to parse CSV row: could not convert string to float: 'Normal'
2025-08-13 11:47:26 | INFO     | __main__             | _delete_file         | Successfully deleted file: D:\NOPPALIT\History\Saturn_Acc_Logs\IPC1_20250813_113922.csv
2025-08-13 11:47:26 | WARNING  | __main__             | _parse_csv_row       | Failed to parse CSV row: could not convert string to float: 'Normal'
2025-08-13 11:47:26 | INFO     | __main__             | _delete_file         | Successfully deleted file: D:\NOPPALIT\History\Saturn_Acc_Logs\IPC1_20250813_113923.csv
2025-08-13 11:47:26 | WARNING  | __main__             | _parse_csv_row       | Failed to parse CSV row: could not convert string to float: 'Normal'
2025-08-13 11:47:26 | INFO     | __main__             | _delete_file         | Successfully deleted file: D:\NOPPALIT\History\Saturn_Acc_Logs\IPC1_20250813_113924.csv
2025-08-13 11:47:26 | WARNING  | __main__             | _parse_csv_row       | Failed to parse CSV row: could not convert string to float: 'Normal'
2025-08-13 11:47:26 | INFO     | __main__             | _delete_file         | Successfully deleted file: D:\NOPPALIT\History\Saturn_Acc_Logs\IPC1_20250813_113926.csv
2025-08-13 11:47:26 | WARNING  | __main__             | _parse_csv_row       | Failed to parse CSV row: could not convert string to float: 'Normal'
2025-08-13 11:47:26 | INFO     | __main__             | _delete_file         | Successfully deleted file: D:\NOPPALIT\History\Saturn_Acc_Logs\IPC1_20250813_113927.csv
2025-08-13 11:47:26 | WARNING  | __main__             | _parse_csv_row       | Failed to parse CSV row: could not convert string to float: 'Normal'
2025-08-13 11:47:26 | INFO     | __main__             | _delete_file         | Successfully deleted file: D:\NOPPALIT\History\Saturn_Acc_Logs\IPC1_20250813_113928.csv
2025-08-13 11:47:26 | WARNING  | __main__             | _parse_csv_row       | Failed to parse CSV row: could not convert string to float: 'Normal'
2025-08-13 11:47:26 | INFO     | __main__             | _delete_file         | Successfully deleted file: D:\NOPPALIT\History\Saturn_Acc_Logs\IPC1_20250813_113929.csv
2025-08-13 11:47:26 | WARNING  | __main__             | _parse_csv_row       | Failed to parse CSV row: could not convert string to float: 'Normal'
2025-08-13 11:47:26 | INFO     | __main__             | _delete_file         | Successfully deleted file: D:\NOPPALIT\History\Saturn_Acc_Logs\IPC1_20250813_113930.csv
2025-08-13 11:47:26 | WARNING  | __main__             | _parse_csv_row       | Failed to parse CSV row: could not convert string to float: 'Normal'
2025-08-13 11:47:26 | INFO     | __main__             | _delete_file         | Successfully deleted file: D:\NOPPALIT\History\Saturn_Acc_Logs\IPC1_20250813_113931.csv
2025-08-13 11:47:26 | WARNING  | __main__             | _parse_csv_row       | Failed to parse CSV row: could not convert string to float: 'Normal'
2025-08-13 11:47:26 | INFO     | __main__             | _delete_file         | Successfully deleted file: D:\NOPPALIT\History\Saturn_Acc_Logs\IPC1_20250813_113932.csv
2025-08-13 11:47:26 | WARNING  | __main__             | _parse_csv_row       | Failed to parse CSV row: could not convert string to float: 'Normal'
2025-08-13 11:47:26 | INFO     | __main__             | _delete_file         | Successfully deleted file: D:\NOPPALIT\History\Saturn_Acc_Logs\IPC1_20250813_113934.csv
2025-08-13 11:47:26 | WARNING  | __main__             | _parse_csv_row       | Failed to parse CSV row: could not convert string to float: 'Normal'
2025-08-13 11:47:26 | INFO     | __main__             | _delete_file         | Successfully deleted file: D:\NOPPALIT\History\Saturn_Acc_Logs\IPC1_20250813_113935.csv
2025-08-13 11:47:26 | WARNING  | __main__             | _parse_csv_row       | Failed to parse CSV row: could not convert string to float: 'Normal'
2025-08-13 11:47:26 | INFO     | __main__             | _delete_file         | Successfully deleted file: D:\NOPPALIT\History\Saturn_Acc_Logs\IPC1_20250813_113936.csv
2025-08-13 11:47:26 | WARNING  | __main__             | _parse_csv_row       | Failed to parse CSV row: could not convert string to float: 'Normal'
2025-08-13 11:47:26 | INFO     | __main__             | _delete_file         | Successfully deleted file: D:\NOPPALIT\History\Saturn_Acc_Logs\IPC1_20250813_113937.csv
2025-08-13 11:47:26 | WARNING  | __main__             | _parse_csv_row       | Failed to parse CSV row: could not convert string to float: 'Normal'
2025-08-13 11:47:26 | INFO     | __main__             | _delete_file         | Successfully deleted file: D:\NOPPALIT\History\Saturn_Acc_Logs\IPC1_20250813_113938.csv
2025-08-13 11:47:26 | WARNING  | __main__             | _parse_csv_row       | Failed to parse CSV row: could not convert string to float: 'Normal'
2025-08-13 11:47:26 | INFO     | __main__             | _delete_file         | Successfully deleted file: D:\NOPPALIT\History\Saturn_Acc_Logs\IPC1_20250813_113939.csv
2025-08-13 11:47:26 | WARNING  | __main__             | _parse_csv_row       | Failed to parse CSV row: could not convert string to float: 'Normal'
2025-08-13 11:47:26 | INFO     | __main__             | _delete_file         | Successfully deleted file: D:\NOPPALIT\History\Saturn_Acc_Logs\IPC1_20250813_113941.csv
2025-08-13 11:47:26 | WARNING  | __main__             | _parse_csv_row       | Failed to parse CSV row: could not convert string to float: 'Normal'
2025-08-13 11:47:26 | INFO     | __main__             | _delete_file         | Successfully deleted file: D:\NOPPALIT\History\Saturn_Acc_Logs\IPC1_20250813_113942.csv
2025-08-13 11:47:26 | WARNING  | __main__             | _parse_csv_row       | Failed to parse CSV row: could not convert string to float: 'Normal'
2025-08-13 11:47:26 | INFO     | __main__             | _delete_file         | Successfully deleted file: D:\NOPPALIT\History\Saturn_Acc_Logs\IPC1_20250813_113943.csv
2025-08-13 11:47:26 | WARNING  | __main__             | _parse_csv_row       | Failed to parse CSV row: could not convert string to float: 'Normal'
2025-08-13 11:47:26 | INFO     | __main__             | _delete_file         | Successfully deleted file: D:\NOPPALIT\History\Saturn_Acc_Logs\IPC1_20250813_113944.csv
2025-08-13 11:47:26 | WARNING  | __main__             | _parse_csv_row       | Failed to parse CSV row: could not convert string to float: 'Normal'
2025-08-13 11:47:26 | INFO     | __main__             | _delete_file         | Successfully deleted file: D:\NOPPALIT\History\Saturn_Acc_Logs\IPC1_20250813_113945.csv
2025-08-13 11:47:26 | WARNING  | __main__             | _parse_csv_row       | Failed to parse CSV row: could not convert string to float: 'Normal'
2025-08-13 11:47:26 | INFO     | __main__             | _delete_file         | Successfully deleted file: D:\NOPPALIT\History\Saturn_Acc_Logs\IPC1_20250813_113946.csv
2025-08-13 11:47:26 | WARNING  | __main__             | _parse_csv_row       | Failed to parse CSV row: could not convert string to float: 'Normal'
2025-08-13 11:47:26 | INFO     | __main__             | _delete_file         | Successfully deleted file: D:\NOPPALIT\History\Saturn_Acc_Logs\IPC1_20250813_113947.csv
2025-08-13 11:47:26 | WARNING  | __main__             | _parse_csv_row       | Failed to parse CSV row: could not convert string to float: 'Normal'
2025-08-13 11:47:26 | INFO     | __main__             | _delete_file         | Successfully deleted file: D:\NOPPALIT\History\Saturn_Acc_Logs\IPC1_20250813_113949.csv
2025-08-13 11:47:26 | WARNING  | __main__             | _parse_csv_row       | Failed to parse CSV row: could not convert string to float: 'Normal'
2025-08-13 11:47:26 | INFO     | __main__             | _delete_file         | Successfully deleted file: D:\NOPPALIT\History\Saturn_Acc_Logs\IPC1_20250813_113950.csv
2025-08-13 11:47:26 | WARNING  | __main__             | _parse_csv_row       | Failed to parse CSV row: could not convert string to float: 'Normal'
2025-08-13 11:47:26 | INFO     | __main__             | _delete_file         | Successfully deleted file: D:\NOPPALIT\History\Saturn_Acc_Logs\IPC1_20250813_113951.csv
2025-08-13 11:47:26 | WARNING  | __main__             | _parse_csv_row       | Failed to parse CSV row: could not convert string to float: 'Normal'
2025-08-13 11:47:26 | INFO     | __main__             | _delete_file         | Successfully deleted file: D:\NOPPALIT\History\Saturn_Acc_Logs\IPC1_20250813_113952.csv
2025-08-13 11:47:26 | WARNING  | __main__             | _parse_csv_row       | Failed to parse CSV row: could not convert string to float: 'Normal'
2025-08-13 11:47:26 | INFO     | __main__             | _delete_file         | Successfully deleted file: D:\NOPPALIT\History\Saturn_Acc_Logs\IPC1_20250813_113953.csv
2025-08-13 11:47:26 | WARNING  | __main__             | _parse_csv_row       | Failed to parse CSV row: could not convert string to float: 'Normal'
2025-08-13 11:47:26 | INFO     | __main__             | _delete_file         | Successfully deleted file: D:\NOPPALIT\History\Saturn_Acc_Logs\IPC1_20250813_113954.csv
2025-08-13 11:47:26 | WARNING  | __main__             | _parse_csv_row       | Failed to parse CSV row: could not convert string to float: 'Normal'
2025-08-13 11:47:26 | INFO     | __main__             | _delete_file         | Successfully deleted file: D:\NOPPALIT\History\Saturn_Acc_Logs\IPC1_20250813_113956.csv
2025-08-13 11:47:26 | WARNING  | __main__             | _parse_csv_row       | Failed to parse CSV row: could not convert string to float: 'Normal'
2025-08-13 11:47:26 | INFO     | __main__             | _delete_file         | Successfully deleted file: D:\NOPPALIT\History\Saturn_Acc_Logs\IPC1_20250813_113957.csv
2025-08-13 11:47:26 | WARNING  | __main__             | _parse_csv_row       | Failed to parse CSV row: could not convert string to float: 'Normal'
2025-08-13 11:47:26 | INFO     | __main__             | _delete_file         | Successfully deleted file: D:\NOPPALIT\History\Saturn_Acc_Logs\IPC1_20250813_113958.csv
2025-08-13 11:47:26 | WARNING  | __main__             | _parse_csv_row       | Failed to parse CSV row: could not convert string to float: 'Normal'
2025-08-13 11:47:26 | INFO     | __main__             | _delete_file         | Successfully deleted file: D:\NOPPALIT\History\Saturn_Acc_Logs\IPC1_20250813_113959.csv
2025-08-13 11:47:26 | WARNING  | __main__             | _parse_csv_row       | Failed to parse CSV row: could not convert string to float: 'Normal'
2025-08-13 11:47:26 | INFO     | __main__             | _delete_file         | Successfully deleted file: D:\NOPPALIT\History\Saturn_Acc_Logs\IPC1_20250813_114000.csv
2025-08-13 11:47:26 | WARNING  | __main__             | _parse_csv_row       | Failed to parse CSV row: could not convert string to float: 'Normal'
2025-08-13 11:47:26 | INFO     | __main__             | _delete_file         | Successfully deleted file: D:\NOPPALIT\History\Saturn_Acc_Logs\IPC1_20250813_114001.csv
2025-08-13 11:47:26 | WARNING  | __main__             | _parse_csv_row       | Failed to parse CSV row: could not convert string to float: 'Normal'
2025-08-13 11:47:26 | INFO     | __main__             | _delete_file         | Successfully deleted file: D:\NOPPALIT\History\Saturn_Acc_Logs\IPC1_20250813_114003.csv
2025-08-13 11:47:26 | WARNING  | __main__             | _parse_csv_row       | Failed to parse CSV row: could not convert string to float: 'Normal'
2025-08-13 11:47:26 | INFO     | __main__             | _delete_file         | Successfully deleted file: D:\NOPPALIT\History\Saturn_Acc_Logs\IPC1_20250813_114004.csv
2025-08-13 11:47:26 | WARNING  | __main__             | _parse_csv_row       | Failed to parse CSV row: could not convert string to float: 'Normal'
2025-08-13 11:47:26 | INFO     | __main__             | _delete_file         | Successfully deleted file: D:\NOPPALIT\History\Saturn_Acc_Logs\IPC1_20250813_114005.csv
2025-08-13 11:47:26 | WARNING  | __main__             | _parse_csv_row       | Failed to parse CSV row: could not convert string to float: 'Normal'
2025-08-13 11:47:26 | INFO     | __main__             | _delete_file         | Successfully deleted file: D:\NOPPALIT\History\Saturn_Acc_Logs\IPC1_20250813_114006.csv
2025-08-13 11:47:26 | WARNING  | __main__             | _parse_csv_row       | Failed to parse CSV row: could not convert string to float: 'Normal'
2025-08-13 11:47:26 | INFO     | __main__             | _delete_file         | Successfully deleted file: D:\NOPPALIT\History\Saturn_Acc_Logs\IPC1_20250813_114007.csv
2025-08-13 11:47:26 | WARNING  | __main__             | _parse_csv_row       | Failed to parse CSV row: could not convert string to float: 'Normal'
2025-08-13 11:47:26 | INFO     | __main__             | _delete_file         | Successfully deleted file: D:\NOPPALIT\History\Saturn_Acc_Logs\IPC1_20250813_114008.csv
2025-08-13 11:47:26 | WARNING  | __main__             | _parse_csv_row       | Failed to parse CSV row: could not convert string to float: 'Normal'
2025-08-13 11:47:26 | INFO     | __main__             | _delete_file         | Successfully deleted file: D:\NOPPALIT\History\Saturn_Acc_Logs\IPC1_20250813_114010.csv
2025-08-13 11:47:26 | WARNING  | __main__             | _parse_csv_row       | Failed to parse CSV row: could not convert string to float: 'Normal'
2025-08-13 11:47:26 | INFO     | __main__             | _delete_file         | Successfully deleted file: D:\NOPPALIT\History\Saturn_Acc_Logs\IPC1_20250813_114011.csv
2025-08-13 11:47:26 | WARNING  | __main__             | _parse_csv_row       | Failed to parse CSV row: could not convert string to float: 'Normal'
2025-08-13 11:47:26 | INFO     | __main__             | _delete_file         | Successfully deleted file: D:\NOPPALIT\History\Saturn_Acc_Logs\IPC1_20250813_114012.csv
2025-08-13 11:47:26 | WARNING  | __main__             | _parse_csv_row       | Failed to parse CSV row: could not convert string to float: 'Normal'
2025-08-13 11:47:26 | INFO     | __main__             | _delete_file         | Successfully deleted file: D:\NOPPALIT\History\Saturn_Acc_Logs\IPC1_20250813_114013.csv
2025-08-13 11:47:26 | WARNING  | __main__             | _parse_csv_row       | Failed to parse CSV row: could not convert string to float: 'Normal'
2025-08-13 11:47:26 | INFO     | __main__             | _delete_file         | Successfully deleted file: D:\NOPPALIT\History\Saturn_Acc_Logs\IPC1_20250813_114014.csv
2025-08-13 11:47:26 | WARNING  | __main__             | _parse_csv_row       | Failed to parse CSV row: could not convert string to float: 'Normal'
2025-08-13 11:47:26 | INFO     | __main__             | _delete_file         | Successfully deleted file: D:\NOPPALIT\History\Saturn_Acc_Logs\IPC1_20250813_114015.csv
2025-08-13 11:47:26 | WARNING  | __main__             | _parse_csv_row       | Failed to parse CSV row: could not convert string to float: 'Normal'
2025-08-13 11:47:26 | INFO     | __main__             | _delete_file         | Successfully deleted file: D:\NOPPALIT\History\Saturn_Acc_Logs\IPC1_20250813_114016.csv
2025-08-13 11:47:26 | WARNING  | __main__             | _parse_csv_row       | Failed to parse CSV row: could not convert string to float: 'Normal'
2025-08-13 11:47:26 | INFO     | __main__             | _delete_file         | Successfully deleted file: D:\NOPPALIT\History\Saturn_Acc_Logs\IPC1_20250813_114018.csv
2025-08-13 11:47:26 | WARNING  | __main__             | _parse_csv_row       | Failed to parse CSV row: could not convert string to float: 'Normal'
2025-08-13 11:47:26 | INFO     | __main__             | _delete_file         | Successfully deleted file: D:\NOPPALIT\History\Saturn_Acc_Logs\IPC1_20250813_114019.csv
2025-08-13 11:47:26 | WARNING  | __main__             | _parse_csv_row       | Failed to parse CSV row: could not convert string to float: 'Normal'
2025-08-13 11:47:26 | INFO     | __main__             | _delete_file         | Successfully deleted file: D:\NOPPALIT\History\Saturn_Acc_Logs\IPC1_20250813_114020.csv
2025-08-13 11:47:26 | WARNING  | __main__             | _parse_csv_row       | Failed to parse CSV row: could not convert string to float: 'Normal'
2025-08-13 11:47:26 | INFO     | __main__             | _delete_file         | Successfully deleted file: D:\NOPPALIT\History\Saturn_Acc_Logs\IPC1_20250813_114021.csv
2025-08-13 11:47:26 | WARNING  | __main__             | _parse_csv_row       | Failed to parse CSV row: could not convert string to float: 'Normal'
2025-08-13 11:47:26 | INFO     | __main__             | _delete_file         | Successfully deleted file: D:\NOPPALIT\History\Saturn_Acc_Logs\IPC1_20250813_114022.csv
2025-08-13 11:47:26 | WARNING  | __main__             | _parse_csv_row       | Failed to parse CSV row: could not convert string to float: 'Normal'
2025-08-13 11:47:26 | INFO     | __main__             | _delete_file         | Successfully deleted file: D:\NOPPALIT\History\Saturn_Acc_Logs\IPC1_20250813_114023.csv
2025-08-13 11:47:26 | WARNING  | __main__             | _parse_csv_row       | Failed to parse CSV row: could not convert string to float: 'Normal'
2025-08-13 11:47:26 | INFO     | __main__             | _delete_file         | Successfully deleted file: D:\NOPPALIT\History\Saturn_Acc_Logs\IPC1_20250813_114025.csv
2025-08-13 11:47:26 | WARNING  | __main__             | _parse_csv_row       | Failed to parse CSV row: could not convert string to float: 'Normal'
2025-08-13 11:47:26 | INFO     | __main__             | _delete_file         | Successfully deleted file: D:\NOPPALIT\History\Saturn_Acc_Logs\IPC1_20250813_114026.csv
2025-08-13 11:47:26 | WARNING  | __main__             | _parse_csv_row       | Failed to parse CSV row: could not convert string to float: 'Normal'
2025-08-13 11:47:26 | INFO     | __main__             | _delete_file         | Successfully deleted file: D:\NOPPALIT\History\Saturn_Acc_Logs\IPC1_20250813_114027.csv
2025-08-13 11:47:26 | WARNING  | __main__             | _parse_csv_row       | Failed to parse CSV row: could not convert string to float: 'Normal'
2025-08-13 11:47:26 | INFO     | __main__             | _delete_file         | Successfully deleted file: D:\NOPPALIT\History\Saturn_Acc_Logs\IPC1_20250813_114028.csv
2025-08-13 11:47:26 | WARNING  | __main__             | _parse_csv_row       | Failed to parse CSV row: could not convert string to float: 'Normal'
2025-08-13 11:47:26 | INFO     | __main__             | _delete_file         | Successfully deleted file: D:\NOPPALIT\History\Saturn_Acc_Logs\IPC1_20250813_114029.csv
2025-08-13 11:47:26 | WARNING  | __main__             | _parse_csv_row       | Failed to parse CSV row: could not convert string to float: 'Normal'
2025-08-13 11:47:26 | INFO     | __main__             | _delete_file         | Successfully deleted file: D:\NOPPALIT\History\Saturn_Acc_Logs\IPC1_20250813_114030.csv
2025-08-13 11:47:26 | WARNING  | __main__             | _parse_csv_row       | Failed to parse CSV row: could not convert string to float: 'Normal'
2025-08-13 11:47:26 | INFO     | __main__             | _delete_file         | Successfully deleted file: D:\NOPPALIT\History\Saturn_Acc_Logs\IPC1_20250813_114032.csv
2025-08-13 11:47:26 | WARNING  | __main__             | _parse_csv_row       | Failed to parse CSV row: could not convert string to float: 'Normal'
2025-08-13 11:47:26 | INFO     | __main__             | _delete_file         | Successfully deleted file: D:\NOPPALIT\History\Saturn_Acc_Logs\IPC1_20250813_114033.csv
2025-08-13 11:47:26 | WARNING  | __main__             | _parse_csv_row       | Failed to parse CSV row: could not convert string to float: 'Normal'
2025-08-13 11:47:26 | INFO     | __main__             | _delete_file         | Successfully deleted file: D:\NOPPALIT\History\Saturn_Acc_Logs\IPC1_20250813_114034.csv
2025-08-13 11:47:26 | WARNING  | __main__             | _parse_csv_row       | Failed to parse CSV row: could not convert string to float: 'Normal'
2025-08-13 11:47:26 | INFO     | __main__             | _delete_file         | Successfully deleted file: D:\NOPPALIT\History\Saturn_Acc_Logs\IPC1_20250813_114035.csv
2025-08-13 11:47:26 | WARNING  | __main__             | _parse_csv_row       | Failed to parse CSV row: could not convert string to float: 'Normal'
2025-08-13 11:47:26 | INFO     | __main__             | _delete_file         | Successfully deleted file: D:\NOPPALIT\History\Saturn_Acc_Logs\IPC1_20250813_114036.csv
2025-08-13 11:47:26 | WARNING  | __main__             | _parse_csv_row       | Failed to parse CSV row: could not convert string to float: 'Normal'
2025-08-13 11:47:26 | INFO     | __main__             | _delete_file         | Successfully deleted file: D:\NOPPALIT\History\Saturn_Acc_Logs\IPC1_20250813_114037.csv
2025-08-13 11:47:26 | WARNING  | __main__             | _parse_csv_row       | Failed to parse CSV row: could not convert string to float: 'Normal'
2025-08-13 11:47:26 | INFO     | __main__             | _delete_file         | Successfully deleted file: D:\NOPPALIT\History\Saturn_Acc_Logs\IPC1_20250813_114038.csv
2025-08-13 11:47:26 | WARNING  | __main__             | _parse_csv_row       | Failed to parse CSV row: could not convert string to float: 'Normal'
2025-08-13 11:47:26 | INFO     | __main__             | _delete_file         | Successfully deleted file: D:\NOPPALIT\History\Saturn_Acc_Logs\IPC1_20250813_114040.csv
2025-08-13 11:47:26 | WARNING  | __main__             | _parse_csv_row       | Failed to parse CSV row: could not convert string to float: 'Normal'
2025-08-13 11:47:26 | INFO     | __main__             | _delete_file         | Successfully deleted file: D:\NOPPALIT\History\Saturn_Acc_Logs\IPC1_20250813_114041.csv
2025-08-13 11:47:26 | WARNING  | __main__             | _parse_csv_row       | Failed to parse CSV row: could not convert string to float: 'Normal'
2025-08-13 11:47:26 | INFO     | __main__             | _delete_file         | Successfully deleted file: D:\NOPPALIT\History\Saturn_Acc_Logs\IPC1_20250813_114042.csv
2025-08-13 11:47:26 | WARNING  | __main__             | _parse_csv_row       | Failed to parse CSV row: could not convert string to float: 'Normal'
2025-08-13 11:47:26 | INFO     | __main__             | _delete_file         | Successfully deleted file: D:\NOPPALIT\History\Saturn_Acc_Logs\IPC1_20250813_114141.csv
2025-08-13 11:47:26 | WARNING  | __main__             | _parse_csv_row       | Failed to parse CSV row: could not convert string to float: 'Normal'
2025-08-13 11:47:26 | INFO     | __main__             | _delete_file         | Successfully deleted file: D:\NOPPALIT\History\Saturn_Acc_Logs\IPC1_20250813_114142.csv
2025-08-13 11:47:26 | WARNING  | __main__             | _parse_csv_row       | Failed to parse CSV row: could not convert string to float: 'Normal'
2025-08-13 11:47:26 | INFO     | __main__             | _delete_file         | Successfully deleted file: D:\NOPPALIT\History\Saturn_Acc_Logs\IPC1_20250813_114143.csv
2025-08-13 11:47:26 | WARNING  | __main__             | _parse_csv_row       | Failed to parse CSV row: could not convert string to float: 'Normal'
2025-08-13 11:47:26 | INFO     | __main__             | _delete_file         | Successfully deleted file: D:\NOPPALIT\History\Saturn_Acc_Logs\IPC1_20250813_114144.csv
2025-08-13 11:47:26 | WARNING  | __main__             | _parse_csv_row       | Failed to parse CSV row: could not convert string to float: 'Normal'
2025-08-13 11:47:26 | INFO     | __main__             | _delete_file         | Successfully deleted file: D:\NOPPALIT\History\Saturn_Acc_Logs\IPC1_20250813_114146.csv
2025-08-13 11:47:26 | WARNING  | __main__             | _parse_csv_row       | Failed to parse CSV row: could not convert string to float: 'Normal'
2025-08-13 11:47:26 | INFO     | __main__             | _delete_file         | Successfully deleted file: D:\NOPPALIT\History\Saturn_Acc_Logs\IPC1_20250813_114147.csv
2025-08-13 11:47:26 | WARNING  | __main__             | _parse_csv_row       | Failed to parse CSV row: could not convert string to float: 'Normal'
2025-08-13 11:47:26 | INFO     | __main__             | _delete_file         | Successfully deleted file: D:\NOPPALIT\History\Saturn_Acc_Logs\IPC1_20250813_114148.csv
2025-08-13 11:47:26 | WARNING  | __main__             | _parse_csv_row       | Failed to parse CSV row: could not convert string to float: 'Normal'
2025-08-13 11:47:26 | INFO     | __main__             | _delete_file         | Successfully deleted file: D:\NOPPALIT\History\Saturn_Acc_Logs\IPC1_20250813_114149.csv
2025-08-13 11:47:26 | WARNING  | __main__             | _parse_csv_row       | Failed to parse CSV row: could not convert string to float: 'Normal'
2025-08-13 11:47:26 | INFO     | __main__             | _delete_file         | Successfully deleted file: D:\NOPPALIT\History\Saturn_Acc_Logs\IPC1_20250813_114150.csv
2025-08-13 11:47:26 | WARNING  | __main__             | _parse_csv_row       | Failed to parse CSV row: could not convert string to float: 'Normal'
2025-08-13 11:47:26 | INFO     | __main__             | _delete_file         | Successfully deleted file: D:\NOPPALIT\History\Saturn_Acc_Logs\IPC1_20250813_114152.csv
2025-08-13 11:47:26 | WARNING  | __main__             | _parse_csv_row       | Failed to parse CSV row: could not convert string to float: 'Normal'
2025-08-13 11:47:26 | INFO     | __main__             | _delete_file         | Successfully deleted file: D:\NOPPALIT\History\Saturn_Acc_Logs\IPC1_20250813_114153.csv
2025-08-13 11:47:27 | WARNING  | __main__             | _parse_csv_row       | Failed to parse CSV row: could not convert string to float: 'Normal'
2025-08-13 11:47:27 | INFO     | __main__             | _delete_file         | Successfully deleted file: D:\NOPPALIT\History\Saturn_Acc_Logs\IPC1_20250813_114154.csv
2025-08-13 11:47:27 | WARNING  | __main__             | _parse_csv_row       | Failed to parse CSV row: could not convert string to float: 'Normal'
2025-08-13 11:47:27 | INFO     | __main__             | _delete_file         | Successfully deleted file: D:\NOPPALIT\History\Saturn_Acc_Logs\IPC1_20250813_114155.csv
2025-08-13 11:47:27 | WARNING  | __main__             | _parse_csv_row       | Failed to parse CSV row: could not convert string to float: 'Normal'
2025-08-13 11:47:27 | INFO     | __main__             | _delete_file         | Successfully deleted file: D:\NOPPALIT\History\Saturn_Acc_Logs\IPC1_20250813_114156.csv
2025-08-13 11:47:27 | WARNING  | __main__             | _parse_csv_row       | Failed to parse CSV row: could not convert string to float: 'Normal'
2025-08-13 11:47:27 | INFO     | __main__             | _delete_file         | Successfully deleted file: D:\NOPPALIT\History\Saturn_Acc_Logs\IPC1_20250813_114158.csv
2025-08-13 11:47:27 | WARNING  | __main__             | _parse_csv_row       | Failed to parse CSV row: could not convert string to float: 'Normal'
2025-08-13 11:47:27 | INFO     | __main__             | _delete_file         | Successfully deleted file: D:\NOPPALIT\History\Saturn_Acc_Logs\IPC1_20250813_114159.csv
2025-08-13 11:47:27 | WARNING  | __main__             | _parse_csv_row       | Failed to parse CSV row: could not convert string to float: 'Normal'
2025-08-13 11:47:27 | INFO     | __main__             | _delete_file         | Successfully deleted file: D:\NOPPALIT\History\Saturn_Acc_Logs\IPC1_20250813_114200.csv
2025-08-13 11:47:27 | WARNING  | __main__             | _parse_csv_row       | Failed to parse CSV row: could not convert string to float: 'Normal'
2025-08-13 11:47:27 | INFO     | __main__             | _delete_file         | Successfully deleted file: D:\NOPPALIT\History\Saturn_Acc_Logs\IPC1_20250813_114201.csv
2025-08-13 11:47:27 | WARNING  | __main__             | _parse_csv_row       | Failed to parse CSV row: could not convert string to float: 'Normal'
2025-08-13 11:47:27 | INFO     | __main__             | _delete_file         | Successfully deleted file: D:\NOPPALIT\History\Saturn_Acc_Logs\IPC1_20250813_114202.csv
2025-08-13 11:47:27 | WARNING  | __main__             | _parse_csv_row       | Failed to parse CSV row: could not convert string to float: 'Normal'
2025-08-13 11:47:27 | INFO     | __main__             | _delete_file         | Successfully deleted file: D:\NOPPALIT\History\Saturn_Acc_Logs\IPC1_20250813_114204.csv
2025-08-13 11:47:27 | WARNING  | __main__             | _parse_csv_row       | Failed to parse CSV row: could not convert string to float: 'Normal'
2025-08-13 11:47:27 | INFO     | __main__             | _delete_file         | Successfully deleted file: D:\NOPPALIT\History\Saturn_Acc_Logs\IPC1_20250813_114205.csv
2025-08-13 11:47:27 | WARNING  | __main__             | _parse_csv_row       | Failed to parse CSV row: could not convert string to float: 'Normal'
2025-08-13 11:47:27 | INFO     | __main__             | _delete_file         | Successfully deleted file: D:\NOPPALIT\History\Saturn_Acc_Logs\IPC1_20250813_114206.csv
2025-08-13 11:47:27 | INFO     | __main__             | _delete_file         | Successfully deleted file: D:\NOPPALIT\History\Saturn_Acc_Logs\IPC1_20250813_114207.csv
2025-08-13 11:47:27 | WARNING  | __main__             | _parse_csv_row       | Failed to parse CSV row: could not convert string to float: 'Normal'
2025-08-13 11:47:27 | INFO     | __main__             | _delete_file         | Successfully deleted file: D:\NOPPALIT\History\Saturn_Acc_Logs\IPC1_20250813_114208.csv
2025-08-13 11:47:27 | WARNING  | __main__             | _parse_csv_row       | Failed to parse CSV row: could not convert string to float: 'Normal'
2025-08-13 11:47:27 | INFO     | __main__             | _delete_file         | Successfully deleted file: D:\NOPPALIT\History\Saturn_Acc_Logs\IPC1_20250813_114209.csv
2025-08-13 11:47:27 | WARNING  | __main__             | _parse_csv_row       | Failed to parse CSV row: could not convert string to float: 'Normal'
2025-08-13 11:47:27 | INFO     | __main__             | _delete_file         | Successfully deleted file: D:\NOPPALIT\History\Saturn_Acc_Logs\IPC1_20250813_114211.csv
2025-08-13 11:47:27 | WARNING  | __main__             | _parse_csv_row       | Failed to parse CSV row: could not convert string to float: 'Normal'
2025-08-13 11:47:27 | INFO     | __main__             | _delete_file         | Successfully deleted file: D:\NOPPALIT\History\Saturn_Acc_Logs\IPC1_20250813_114212.csv
2025-08-13 11:47:27 | WARNING  | __main__             | _parse_csv_row       | Failed to parse CSV row: could not convert string to float: 'Normal'
2025-08-13 11:47:27 | INFO     | __main__             | _delete_file         | Successfully deleted file: D:\NOPPALIT\History\Saturn_Acc_Logs\IPC1_20250813_114213.csv
2025-08-13 11:47:27 | WARNING  | __main__             | _parse_csv_row       | Failed to parse CSV row: could not convert string to float: 'Normal'
2025-08-13 11:47:27 | INFO     | __main__             | _delete_file         | Successfully deleted file: D:\NOPPALIT\History\Saturn_Acc_Logs\IPC1_20250813_114214.csv
2025-08-13 11:47:27 | WARNING  | __main__             | _parse_csv_row       | Failed to parse CSV row: could not convert string to float: 'Normal'
2025-08-13 11:47:27 | INFO     | __main__             | _delete_file         | Successfully deleted file: D:\NOPPALIT\History\Saturn_Acc_Logs\IPC1_20250813_114215.csv
2025-08-13 11:47:27 | WARNING  | __main__             | _parse_csv_row       | Failed to parse CSV row: could not convert string to float: 'Normal'
2025-08-13 11:47:27 | INFO     | __main__             | _delete_file         | Successfully deleted file: D:\NOPPALIT\History\Saturn_Acc_Logs\IPC1_20250813_114217.csv
2025-08-13 11:47:27 | WARNING  | __main__             | _parse_csv_row       | Failed to parse CSV row: could not convert string to float: 'Normal'
2025-08-13 11:47:27 | INFO     | __main__             | _delete_file         | Successfully deleted file: D:\NOPPALIT\History\Saturn_Acc_Logs\IPC1_20250813_114218.csv
2025-08-13 11:47:27 | WARNING  | __main__             | _parse_csv_row       | Failed to parse CSV row: could not convert string to float: 'Normal'
2025-08-13 11:47:27 | INFO     | __main__             | _delete_file         | Successfully deleted file: D:\NOPPALIT\History\Saturn_Acc_Logs\IPC1_20250813_114219.csv
2025-08-13 11:47:27 | WARNING  | __main__             | _parse_csv_row       | Failed to parse CSV row: could not convert string to float: 'Normal'
2025-08-13 11:47:27 | INFO     | __main__             | _delete_file         | Successfully deleted file: D:\NOPPALIT\History\Saturn_Acc_Logs\IPC1_20250813_114220.csv
2025-08-13 11:47:27 | WARNING  | __main__             | _parse_csv_row       | Failed to parse CSV row: could not convert string to float: 'Normal'
2025-08-13 11:47:27 | INFO     | __main__             | _delete_file         | Successfully deleted file: D:\NOPPALIT\History\Saturn_Acc_Logs\IPC1_20250813_114221.csv
2025-08-13 11:47:27 | WARNING  | __main__             | _parse_csv_row       | Failed to parse CSV row: could not convert string to float: 'Normal'
2025-08-13 11:47:27 | INFO     | __main__             | _delete_file         | Successfully deleted file: D:\NOPPALIT\History\Saturn_Acc_Logs\IPC1_20250813_114223.csv
2025-08-13 11:47:27 | WARNING  | __main__             | _parse_csv_row       | Failed to parse CSV row: could not convert string to float: 'Normal'
2025-08-13 11:47:27 | INFO     | __main__             | _delete_file         | Successfully deleted file: D:\NOPPALIT\History\Saturn_Acc_Logs\IPC1_20250813_114224.csv
2025-08-13 11:47:27 | WARNING  | __main__             | _parse_csv_row       | Failed to parse CSV row: could not convert string to float: 'Normal'
2025-08-13 11:47:27 | INFO     | __main__             | _delete_file         | Successfully deleted file: D:\NOPPALIT\History\Saturn_Acc_Logs\IPC1_20250813_114225.csv
2025-08-13 11:47:27 | WARNING  | __main__             | _parse_csv_row       | Failed to parse CSV row: could not convert string to float: 'Normal'
2025-08-13 11:47:27 | INFO     | __main__             | _delete_file         | Successfully deleted file: D:\NOPPALIT\History\Saturn_Acc_Logs\IPC1_20250813_114226.csv
2025-08-13 11:47:27 | WARNING  | __main__             | _parse_csv_row       | Failed to parse CSV row: could not convert string to float: 'Normal'
2025-08-13 11:47:27 | INFO     | __main__             | _delete_file         | Successfully deleted file: D:\NOPPALIT\History\Saturn_Acc_Logs\IPC1_20250813_114228.csv
2025-08-13 11:47:27 | WARNING  | __main__             | _parse_csv_row       | Failed to parse CSV row: could not convert string to float: 'Normal'
2025-08-13 11:47:27 | INFO     | __main__             | _delete_file         | Successfully deleted file: D:\NOPPALIT\History\Saturn_Acc_Logs\IPC1_20250813_114229.csv
2025-08-13 11:47:27 | INFO     | __main__             | _delete_file         | Successfully deleted file: D:\NOPPALIT\History\Saturn_Acc_Logs\IPC1_20250813_114230.csv
2025-08-13 11:47:27 | WARNING  | __main__             | _parse_csv_row       | Failed to parse CSV row: could not convert string to float: 'Normal'
2025-08-13 11:47:27 | INFO     | __main__             | _delete_file         | Successfully deleted file: D:\NOPPALIT\History\Saturn_Acc_Logs\IPC1_20250813_114231.csv
2025-08-13 11:47:27 | WARNING  | __main__             | _parse_csv_row       | Failed to parse CSV row: could not convert string to float: 'Normal'
2025-08-13 11:47:27 | INFO     | __main__             | _delete_file         | Successfully deleted file: D:\NOPPALIT\History\Saturn_Acc_Logs\IPC1_20250813_114232.csv
2025-08-13 11:47:27 | WARNING  | __main__             | _parse_csv_row       | Failed to parse CSV row: could not convert string to float: 'Normal'
2025-08-13 11:47:27 | INFO     | __main__             | _delete_file         | Successfully deleted file: D:\NOPPALIT\History\Saturn_Acc_Logs\IPC1_20250813_114233.csv
2025-08-13 11:47:27 | WARNING  | __main__             | _parse_csv_row       | Failed to parse CSV row: could not convert string to float: 'Normal'
2025-08-13 11:47:27 | INFO     | __main__             | _delete_file         | Successfully deleted file: D:\NOPPALIT\History\Saturn_Acc_Logs\IPC1_20250813_114235.csv
2025-08-13 11:47:27 | WARNING  | __main__             | _parse_csv_row       | Failed to parse CSV row: could not convert string to float: 'Normal'
2025-08-13 11:47:27 | INFO     | __main__             | _delete_file         | Successfully deleted file: D:\NOPPALIT\History\Saturn_Acc_Logs\IPC1_20250813_114236.csv
2025-08-13 11:47:27 | WARNING  | __main__             | _parse_csv_row       | Failed to parse CSV row: could not convert string to float: 'Normal'
2025-08-13 11:47:27 | INFO     | __main__             | _delete_file         | Successfully deleted file: D:\NOPPALIT\History\Saturn_Acc_Logs\IPC1_20250813_114237.csv
2025-08-13 11:47:27 | WARNING  | __main__             | _parse_csv_row       | Failed to parse CSV row: could not convert string to float: 'Normal'
2025-08-13 11:47:27 | INFO     | __main__             | _delete_file         | Successfully deleted file: D:\NOPPALIT\History\Saturn_Acc_Logs\IPC1_20250813_114238.csv
2025-08-13 11:47:27 | WARNING  | __main__             | _parse_csv_row       | Failed to parse CSV row: could not convert string to float: 'Normal'
2025-08-13 11:47:27 | INFO     | __main__             | _delete_file         | Successfully deleted file: D:\NOPPALIT\History\Saturn_Acc_Logs\IPC1_20250813_114239.csv
2025-08-13 11:47:27 | WARNING  | __main__             | _parse_csv_row       | Failed to parse CSV row: could not convert string to float: 'Normal'
2025-08-13 11:47:27 | INFO     | __main__             | _delete_file         | Successfully deleted file: D:\NOPPALIT\History\Saturn_Acc_Logs\IPC1_20250813_114240.csv
2025-08-13 11:47:27 | WARNING  | __main__             | _parse_csv_row       | Failed to parse CSV row: could not convert string to float: 'Normal'
2025-08-13 11:47:27 | INFO     | __main__             | _delete_file         | Successfully deleted file: D:\NOPPALIT\History\Saturn_Acc_Logs\IPC1_20250813_114241.csv
2025-08-13 11:47:27 | WARNING  | __main__             | _parse_csv_row       | Failed to parse CSV row: could not convert string to float: 'Normal'
2025-08-13 11:47:27 | INFO     | __main__             | _delete_file         | Successfully deleted file: D:\NOPPALIT\History\Saturn_Acc_Logs\IPC1_20250813_114243.csv
2025-08-13 11:47:27 | WARNING  | __main__             | _parse_csv_row       | Failed to parse CSV row: could not convert string to float: 'Normal'
2025-08-13 11:47:27 | INFO     | __main__             | _delete_file         | Successfully deleted file: D:\NOPPALIT\History\Saturn_Acc_Logs\IPC1_20250813_114244.csv
2025-08-13 11:47:27 | WARNING  | __main__             | _parse_csv_row       | Failed to parse CSV row: could not convert string to float: 'Normal'
2025-08-13 11:47:27 | INFO     | __main__             | _delete_file         | Successfully deleted file: D:\NOPPALIT\History\Saturn_Acc_Logs\IPC1_20250813_114245.csv
2025-08-13 11:47:27 | WARNING  | __main__             | _parse_csv_row       | Failed to parse CSV row: could not convert string to float: 'Normal'
2025-08-13 11:47:27 | INFO     | __main__             | _delete_file         | Successfully deleted file: D:\NOPPALIT\History\Saturn_Acc_Logs\IPC1_20250813_114246.csv
2025-08-13 11:47:27 | WARNING  | __main__             | _parse_csv_row       | Failed to parse CSV row: could not convert string to float: 'Normal'
2025-08-13 11:47:27 | INFO     | __main__             | _delete_file         | Successfully deleted file: D:\NOPPALIT\History\Saturn_Acc_Logs\IPC1_20250813_114247.csv
2025-08-13 11:47:27 | WARNING  | __main__             | _parse_csv_row       | Failed to parse CSV row: could not convert string to float: 'Normal'
2025-08-13 11:47:27 | INFO     | __main__             | _delete_file         | Successfully deleted file: D:\NOPPALIT\History\Saturn_Acc_Logs\IPC1_20250813_114249.csv
2025-08-13 11:47:27 | WARNING  | __main__             | _parse_csv_row       | Failed to parse CSV row: could not convert string to float: 'Normal'
2025-08-13 11:47:27 | INFO     | __main__             | _delete_file         | Successfully deleted file: D:\NOPPALIT\History\Saturn_Acc_Logs\IPC1_20250813_114250.csv
2025-08-13 11:47:27 | WARNING  | __main__             | _parse_csv_row       | Failed to parse CSV row: could not convert string to float: 'Normal'
2025-08-13 11:47:27 | INFO     | __main__             | _delete_file         | Successfully deleted file: D:\NOPPALIT\History\Saturn_Acc_Logs\IPC1_20250813_114251.csv
2025-08-13 11:47:27 | WARNING  | __main__             | _parse_csv_row       | Failed to parse CSV row: could not convert string to float: 'Normal'
2025-08-13 11:47:27 | INFO     | __main__             | _delete_file         | Successfully deleted file: D:\NOPPALIT\History\Saturn_Acc_Logs\IPC1_20250813_114252.csv
2025-08-13 11:47:27 | WARNING  | __main__             | _parse_csv_row       | Failed to parse CSV row: could not convert string to float: 'Normal'
2025-08-13 11:47:27 | INFO     | __main__             | _delete_file         | Successfully deleted file: D:\NOPPALIT\History\Saturn_Acc_Logs\IPC1_20250813_114253.csv
2025-08-13 11:47:27 | WARNING  | __main__             | _parse_csv_row       | Failed to parse CSV row: could not convert string to float: 'Normal'
2025-08-13 11:47:27 | INFO     | __main__             | _delete_file         | Successfully deleted file: D:\NOPPALIT\History\Saturn_Acc_Logs\IPC1_20250813_114254.csv
2025-08-13 11:47:27 | ERROR    | __main__             | get_connection       | Database operation failed: tuple index out of range
2025-08-13 11:47:27 | ERROR    | __main__             | _import_rows_to_db   | Failed to import rows to database: tuple index out of range
2025-08-13 11:47:27 | ERROR    | __main__             | _process_single_csv  | Failed to process CSV file D:\NOPPALIT\History\Saturn_Acc_Logs\offline_results.csv: tuple index out of range
2025-08-13 11:47:27 | ERROR    | __main__             | process_all_csv_files | Failed to process offline_results.csv: tuple index out of range
2025-08-13 11:49:04 | INFO     | __main__             | start                | Service interrupted by user
2025-08-13 11:49:04 | INFO     | __main__             | close                | Connection pool closed
2025-08-13 11:49:04 | INFO     | __main__             | cleanup              | Service cleanup completed
