2025-08-20 16:06:21 | INFO     | __main__             | _load_config         | Configuration loaded from config.yaml
2025-08-20 16:06:21 | INFO     | __main__             | _init_connection_pool | Connection pool initialized successfully
2025-08-20 16:06:21 | INFO     | __main__             | __init__             | CSV source directory: D:\NOPPALIT\History\Saturn_Acc_Logs
2025-08-20 16:06:21 | INFO     | __main__             | __init__             | Export directory: D:\NOPPALIT\History\Saturn_Acc_Logs
2025-08-20 16:06:21 | INFO     | __main__             | init_db              | Database initialized successfully
2025-08-20 16:06:21 | INFO     | __main__             | start                | Starting CSV processing service every 1 minutes...
2025-08-20 16:06:21 | INFO     | __main__             | start                | CSV source directory: D:\NOPPALIT\History\Saturn_Acc_Logs
2025-08-20 16:06:21 | INFO     | __main__             | start                | Delete after export: True
2025-08-20 16:06:21 | INFO     | __main__             | _import_rows_to_db   | Imported 30 rows to database
2025-08-20 16:06:21 | INFO     | __main__             | _delete_file         | Successfully deleted file: D:\NOPPALIT\History\Saturn_Acc_Logs\IPC1_20250820_155941.csv
2025-08-20 16:06:21 | INFO     | __main__             | _import_rows_to_db   | Imported 30 rows to database
2025-08-20 16:06:21 | INFO     | __main__             | _delete_file         | Successfully deleted file: D:\NOPPALIT\History\Saturn_Acc_Logs\IPC1_20250820_160014.csv
2025-08-20 16:06:21 | INFO     | __main__             | _import_rows_to_db   | Imported 30 rows to database
2025-08-20 16:06:21 | INFO     | __main__             | _delete_file         | Successfully deleted file: D:\NOPPALIT\History\Saturn_Acc_Logs\IPC1_20250820_160047.csv
2025-08-20 16:06:21 | INFO     | __main__             | _import_rows_to_db   | Imported 30 rows to database
2025-08-20 16:06:21 | INFO     | __main__             | _delete_file         | Successfully deleted file: D:\NOPPALIT\History\Saturn_Acc_Logs\IPC1_20250820_160225.csv
2025-08-20 16:06:21 | INFO     | __main__             | _import_rows_to_db   | Imported 30 rows to database
2025-08-20 16:06:21 | INFO     | __main__             | _delete_file         | Successfully deleted file: D:\NOPPALIT\History\Saturn_Acc_Logs\IPC1_20250820_160258.csv
2025-08-20 16:06:21 | INFO     | __main__             | _import_rows_to_db   | Imported 30 rows to database
2025-08-20 16:06:21 | INFO     | __main__             | _delete_file         | Successfully deleted file: D:\NOPPALIT\History\Saturn_Acc_Logs\IPC1_20250820_160331.csv
2025-08-20 16:06:21 | INFO     | __main__             | _import_rows_to_db   | Imported 30 rows to database
2025-08-20 16:06:21 | INFO     | __main__             | _delete_file         | Successfully deleted file: D:\NOPPALIT\History\Saturn_Acc_Logs\IPC1_20250820_160404.csv
2025-08-20 16:06:21 | INFO     | __main__             | _import_rows_to_db   | Imported 30 rows to database
2025-08-20 16:06:21 | INFO     | __main__             | _delete_file         | Successfully deleted file: D:\NOPPALIT\History\Saturn_Acc_Logs\IPC1_20250820_160615.csv
2025-08-20 16:06:21 | INFO     | __main__             | _import_rows_to_db   | Imported 30 rows to database
2025-08-20 16:06:21 | INFO     | __main__             | _delete_file         | Successfully deleted file: D:\NOPPALIT\History\Saturn_Acc_Logs\IPC1_20250820_160648.csv
2025-08-20 16:07:21 | INFO     | __main__             | _import_rows_to_db   | Imported 30 rows to database
2025-08-20 16:07:21 | INFO     | __main__             | _delete_file         | Successfully deleted file: D:\NOPPALIT\History\Saturn_Acc_Logs\RP26_20250820_160038.csv
2025-08-20 16:07:21 | INFO     | __main__             | _import_rows_to_db   | Imported 30 rows to database
2025-08-20 16:07:21 | INFO     | __main__             | _delete_file         | Successfully deleted file: D:\NOPPALIT\History\Saturn_Acc_Logs\RP26_20250820_160113.csv
2025-08-20 16:07:21 | INFO     | __main__             | _import_rows_to_db   | Imported 30 rows to database
2025-08-20 16:07:21 | INFO     | __main__             | _delete_file         | Successfully deleted file: D:\NOPPALIT\History\Saturn_Acc_Logs\RP26_20250820_160148.csv
2025-08-20 16:07:21 | INFO     | __main__             | _import_rows_to_db   | Imported 30 rows to database
2025-08-20 16:07:21 | INFO     | __main__             | _delete_file         | Successfully deleted file: D:\NOPPALIT\History\Saturn_Acc_Logs\RP26_20250820_160222.csv
2025-08-20 16:07:21 | INFO     | __main__             | _import_rows_to_db   | Imported 30 rows to database
2025-08-20 16:07:21 | INFO     | __main__             | _delete_file         | Successfully deleted file: D:\NOPPALIT\History\Saturn_Acc_Logs\RP26_20250820_160257.csv
2025-08-20 16:07:21 | INFO     | __main__             | _import_rows_to_db   | Imported 30 rows to database
2025-08-20 16:07:21 | INFO     | __main__             | _delete_file         | Successfully deleted file: D:\NOPPALIT\History\Saturn_Acc_Logs\RP26_20250820_160332.csv
2025-08-20 16:07:21 | INFO     | __main__             | _import_rows_to_db   | Imported 30 rows to database
2025-08-20 16:07:21 | INFO     | __main__             | _delete_file         | Successfully deleted file: D:\NOPPALIT\History\Saturn_Acc_Logs\RP26_20250820_160407.csv
2025-08-20 16:07:21 | INFO     | __main__             | _import_rows_to_db   | Imported 30 rows to database
2025-08-20 16:07:21 | INFO     | __main__             | _delete_file         | Successfully deleted file: D:\NOPPALIT\History\Saturn_Acc_Logs\RP26_20250820_160442.csv
2025-08-20 16:07:21 | INFO     | __main__             | _import_rows_to_db   | Imported 30 rows to database
2025-08-20 16:07:21 | INFO     | __main__             | _delete_file         | Successfully deleted file: D:\NOPPALIT\History\Saturn_Acc_Logs\RP26_20250820_160517.csv
2025-08-20 16:07:21 | INFO     | __main__             | _import_rows_to_db   | Imported 10 rows to database
2025-08-20 16:07:21 | INFO     | __main__             | _delete_file         | Successfully deleted file: D:\NOPPALIT\History\Saturn_Acc_Logs\RPB1_20250820_160021.csv
2025-08-20 16:07:21 | INFO     | __main__             | _import_rows_to_db   | Imported 10 rows to database
2025-08-20 16:07:21 | INFO     | __main__             | _delete_file         | Successfully deleted file: D:\NOPPALIT\History\Saturn_Acc_Logs\RPB1_20250820_160032.csv
2025-08-20 16:07:21 | INFO     | __main__             | _import_rows_to_db   | Imported 10 rows to database
2025-08-20 16:07:21 | INFO     | __main__             | _delete_file         | Successfully deleted file: D:\NOPPALIT\History\Saturn_Acc_Logs\RPB1_20250820_160043.csv
2025-08-20 16:07:21 | INFO     | __main__             | _import_rows_to_db   | Imported 10 rows to database
2025-08-20 16:07:21 | INFO     | __main__             | _delete_file         | Successfully deleted file: D:\NOPPALIT\History\Saturn_Acc_Logs\RPB1_20250820_160054.csv
2025-08-20 16:07:21 | INFO     | __main__             | _import_rows_to_db   | Imported 10 rows to database
2025-08-20 16:07:21 | INFO     | __main__             | _delete_file         | Successfully deleted file: D:\NOPPALIT\History\Saturn_Acc_Logs\RPB1_20250820_160105.csv
2025-08-20 16:07:21 | INFO     | __main__             | _import_rows_to_db   | Imported 10 rows to database
2025-08-20 16:07:21 | INFO     | __main__             | _delete_file         | Successfully deleted file: D:\NOPPALIT\History\Saturn_Acc_Logs\RPB1_20250820_160116.csv
2025-08-20 16:07:21 | INFO     | __main__             | _import_rows_to_db   | Imported 10 rows to database
2025-08-20 16:07:21 | INFO     | __main__             | _delete_file         | Successfully deleted file: D:\NOPPALIT\History\Saturn_Acc_Logs\RPB1_20250820_160127.csv
2025-08-20 16:07:21 | INFO     | __main__             | _import_rows_to_db   | Imported 10 rows to database
2025-08-20 16:07:21 | INFO     | __main__             | _delete_file         | Successfully deleted file: D:\NOPPALIT\History\Saturn_Acc_Logs\RPB1_20250820_160138.csv
2025-08-20 16:07:21 | INFO     | __main__             | _import_rows_to_db   | Imported 10 rows to database
2025-08-20 16:07:21 | INFO     | __main__             | _delete_file         | Successfully deleted file: D:\NOPPALIT\History\Saturn_Acc_Logs\RPB1_20250820_160211.csv
2025-08-20 16:07:21 | INFO     | __main__             | _import_rows_to_db   | Imported 10 rows to database
2025-08-20 16:07:21 | INFO     | __main__             | _delete_file         | Successfully deleted file: D:\NOPPALIT\History\Saturn_Acc_Logs\RPB1_20250820_160222.csv
2025-08-20 16:07:21 | INFO     | __main__             | _import_rows_to_db   | Imported 10 rows to database
2025-08-20 16:07:21 | INFO     | __main__             | _delete_file         | Successfully deleted file: D:\NOPPALIT\History\Saturn_Acc_Logs\RPB1_20250820_160233.csv
2025-08-20 16:07:21 | INFO     | __main__             | _import_rows_to_db   | Imported 10 rows to database
2025-08-20 16:07:21 | INFO     | __main__             | _delete_file         | Successfully deleted file: D:\NOPPALIT\History\Saturn_Acc_Logs\RPB1_20250820_160244.csv
2025-08-20 16:07:21 | INFO     | __main__             | _import_rows_to_db   | Imported 10 rows to database
2025-08-20 16:07:21 | INFO     | __main__             | _delete_file         | Successfully deleted file: D:\NOPPALIT\History\Saturn_Acc_Logs\RPB1_20250820_160255.csv
2025-08-20 16:07:21 | INFO     | __main__             | _import_rows_to_db   | Imported 10 rows to database
2025-08-20 16:07:21 | INFO     | __main__             | _delete_file         | Successfully deleted file: D:\NOPPALIT\History\Saturn_Acc_Logs\RPB1_20250820_160306.csv
2025-08-20 16:07:21 | INFO     | __main__             | _import_rows_to_db   | Imported 10 rows to database
2025-08-20 16:07:21 | INFO     | __main__             | _delete_file         | Successfully deleted file: D:\NOPPALIT\History\Saturn_Acc_Logs\RPB1_20250820_160317.csv
2025-08-20 16:07:21 | INFO     | __main__             | _import_rows_to_db   | Imported 10 rows to database
2025-08-20 16:07:21 | INFO     | __main__             | _delete_file         | Successfully deleted file: D:\NOPPALIT\History\Saturn_Acc_Logs\RPB1_20250820_160328.csv
2025-08-20 16:07:21 | INFO     | __main__             | _import_rows_to_db   | Imported 10 rows to database
2025-08-20 16:07:21 | INFO     | __main__             | _delete_file         | Successfully deleted file: D:\NOPPALIT\History\Saturn_Acc_Logs\RPB1_20250820_160339.csv
2025-08-20 16:07:21 | INFO     | __main__             | _import_rows_to_db   | Imported 10 rows to database
2025-08-20 16:07:21 | INFO     | __main__             | _delete_file         | Successfully deleted file: D:\NOPPALIT\History\Saturn_Acc_Logs\RPB1_20250820_160350.csv
2025-08-20 16:07:21 | INFO     | __main__             | _import_rows_to_db   | Imported 10 rows to database
2025-08-20 16:07:21 | INFO     | __main__             | _delete_file         | Successfully deleted file: D:\NOPPALIT\History\Saturn_Acc_Logs\RPB1_20250820_160401.csv
2025-08-20 16:07:21 | INFO     | __main__             | _import_rows_to_db   | Imported 10 rows to database
2025-08-20 16:07:21 | INFO     | __main__             | _delete_file         | Successfully deleted file: D:\NOPPALIT\History\Saturn_Acc_Logs\RPB1_20250820_160412.csv
2025-08-20 16:07:21 | INFO     | __main__             | _import_rows_to_db   | Imported 10 rows to database
2025-08-20 16:07:21 | INFO     | __main__             | _delete_file         | Successfully deleted file: D:\NOPPALIT\History\Saturn_Acc_Logs\RPB1_20250820_160423.csv
2025-08-20 16:07:21 | INFO     | __main__             | _import_rows_to_db   | Imported 10 rows to database
2025-08-20 16:07:21 | INFO     | __main__             | _delete_file         | Successfully deleted file: D:\NOPPALIT\History\Saturn_Acc_Logs\RPB1_20250820_160434.csv
2025-08-20 16:07:21 | INFO     | __main__             | _import_rows_to_db   | Imported 10 rows to database
2025-08-20 16:07:21 | INFO     | __main__             | _delete_file         | Successfully deleted file: D:\NOPPALIT\History\Saturn_Acc_Logs\RPB1_20250820_160445.csv
2025-08-20 16:07:21 | INFO     | __main__             | _import_rows_to_db   | Imported 10 rows to database
2025-08-20 16:07:21 | INFO     | __main__             | _delete_file         | Successfully deleted file: D:\NOPPALIT\History\Saturn_Acc_Logs\RPB1_20250820_160456.csv
2025-08-20 16:07:21 | INFO     | __main__             | _import_rows_to_db   | Imported 10 rows to database
2025-08-20 16:07:21 | INFO     | __main__             | _delete_file         | Successfully deleted file: D:\NOPPALIT\History\Saturn_Acc_Logs\RPB1_20250820_160507.csv
2025-08-20 16:07:21 | INFO     | __main__             | _import_rows_to_db   | Imported 10 rows to database
2025-08-20 16:07:21 | INFO     | __main__             | _delete_file         | Successfully deleted file: D:\NOPPALIT\History\Saturn_Acc_Logs\RPB1_20250820_160518.csv
2025-08-20 16:07:21 | INFO     | __main__             | _import_rows_to_db   | Imported 10 rows to database
2025-08-20 16:07:21 | INFO     | __main__             | _delete_file         | Successfully deleted file: D:\NOPPALIT\History\Saturn_Acc_Logs\RPB1_20250820_160529.csv
2025-08-20 16:07:21 | INFO     | __main__             | _import_rows_to_db   | Imported 10 rows to database
2025-08-20 16:07:21 | INFO     | __main__             | _delete_file         | Successfully deleted file: D:\NOPPALIT\History\Saturn_Acc_Logs\RPB1_20250820_160708.csv
2025-08-20 16:11:21 | INFO     | __main__             | _import_rows_to_db   | Imported 30 rows to database
2025-08-20 16:11:21 | INFO     | __main__             | _delete_file         | Successfully deleted file: D:\NOPPALIT\History\Saturn_Acc_Logs\IPC1_20250820_160437.csv
2025-08-20 16:11:21 | INFO     | __main__             | _import_rows_to_db   | Imported 30 rows to database
2025-08-20 16:11:21 | INFO     | __main__             | _delete_file         | Successfully deleted file: D:\NOPPALIT\History\Saturn_Acc_Logs\IPC1_20250820_160510.csv
2025-08-20 16:11:21 | INFO     | __main__             | _import_rows_to_db   | Imported 30 rows to database
2025-08-20 16:11:21 | INFO     | __main__             | _delete_file         | Successfully deleted file: D:\NOPPALIT\History\Saturn_Acc_Logs\IPC1_20250820_160542.csv
2025-08-20 16:11:21 | INFO     | __main__             | _import_rows_to_db   | Imported 30 rows to database
2025-08-20 16:11:21 | INFO     | __main__             | _delete_file         | Successfully deleted file: D:\NOPPALIT\History\Saturn_Acc_Logs\IPC1_20250820_160721.csv
2025-08-20 16:11:21 | INFO     | __main__             | _import_rows_to_db   | Imported 30 rows to database
2025-08-20 16:11:21 | INFO     | __main__             | _delete_file         | Successfully deleted file: D:\NOPPALIT\History\Saturn_Acc_Logs\IPC1_20250820_160754.csv
2025-08-20 16:11:21 | INFO     | __main__             | _import_rows_to_db   | Imported 30 rows to database
2025-08-20 16:11:21 | INFO     | __main__             | _delete_file         | Successfully deleted file: D:\NOPPALIT\History\Saturn_Acc_Logs\IPC1_20250820_160827.csv
2025-08-20 16:11:21 | INFO     | __main__             | _import_rows_to_db   | Imported 30 rows to database
2025-08-20 16:11:21 | INFO     | __main__             | _delete_file         | Successfully deleted file: D:\NOPPALIT\History\Saturn_Acc_Logs\IPC1_20250820_160900.csv
2025-08-20 16:11:21 | INFO     | __main__             | _import_rows_to_db   | Imported 30 rows to database
2025-08-20 16:11:21 | INFO     | __main__             | _delete_file         | Successfully deleted file: D:\NOPPALIT\History\Saturn_Acc_Logs\IPC1_20250820_160932.csv
2025-08-20 16:11:21 | INFO     | __main__             | _import_rows_to_db   | Imported 30 rows to database
2025-08-20 16:11:21 | INFO     | __main__             | _delete_file         | Successfully deleted file: D:\NOPPALIT\History\Saturn_Acc_Logs\IPC1_20250820_161144.csv
2025-08-20 16:11:21 | INFO     | __main__             | _import_rows_to_db   | Imported 30 rows to database
2025-08-20 16:11:21 | INFO     | __main__             | _delete_file         | Successfully deleted file: D:\NOPPALIT\History\Saturn_Acc_Logs\IPC1_20250820_161217.csv
2025-08-20 16:12:21 | INFO     | __main__             | _import_rows_to_db   | Imported 30 rows to database
2025-08-20 16:12:21 | INFO     | __main__             | _delete_file         | Successfully deleted file: D:\NOPPALIT\History\Saturn_Acc_Logs\RP26_20250820_160551.csv
2025-08-20 16:12:21 | INFO     | __main__             | _import_rows_to_db   | Imported 30 rows to database
2025-08-20 16:12:21 | INFO     | __main__             | _delete_file         | Successfully deleted file: D:\NOPPALIT\History\Saturn_Acc_Logs\RP26_20250820_160626.csv
2025-08-20 16:12:21 | INFO     | __main__             | _import_rows_to_db   | Imported 30 rows to database
2025-08-20 16:12:21 | INFO     | __main__             | _delete_file         | Successfully deleted file: D:\NOPPALIT\History\Saturn_Acc_Logs\RP26_20250820_160701.csv
2025-08-20 16:12:21 | INFO     | __main__             | _import_rows_to_db   | Imported 30 rows to database
2025-08-20 16:12:21 | INFO     | __main__             | _delete_file         | Successfully deleted file: D:\NOPPALIT\History\Saturn_Acc_Logs\RP26_20250820_160736.csv
2025-08-20 16:12:21 | INFO     | __main__             | _import_rows_to_db   | Imported 30 rows to database
2025-08-20 16:12:21 | INFO     | __main__             | _delete_file         | Successfully deleted file: D:\NOPPALIT\History\Saturn_Acc_Logs\RP26_20250820_160811.csv
2025-08-20 16:12:21 | INFO     | __main__             | _import_rows_to_db   | Imported 30 rows to database
2025-08-20 16:12:21 | INFO     | __main__             | _delete_file         | Successfully deleted file: D:\NOPPALIT\History\Saturn_Acc_Logs\RP26_20250820_160846.csv
2025-08-20 16:12:21 | INFO     | __main__             | _import_rows_to_db   | Imported 30 rows to database
2025-08-20 16:12:21 | INFO     | __main__             | _delete_file         | Successfully deleted file: D:\NOPPALIT\History\Saturn_Acc_Logs\RP26_20250820_160921.csv
2025-08-20 16:12:21 | INFO     | __main__             | _import_rows_to_db   | Imported 30 rows to database
2025-08-20 16:12:21 | INFO     | __main__             | _delete_file         | Successfully deleted file: D:\NOPPALIT\History\Saturn_Acc_Logs\RP26_20250820_160956.csv
2025-08-20 16:12:22 | INFO     | __main__             | _import_rows_to_db   | Imported 10 rows to database
2025-08-20 16:12:22 | INFO     | __main__             | _delete_file         | Successfully deleted file: D:\NOPPALIT\History\Saturn_Acc_Logs\RPB1_20250820_160540.csv
2025-08-20 16:12:22 | INFO     | __main__             | _import_rows_to_db   | Imported 10 rows to database
2025-08-20 16:12:22 | INFO     | __main__             | _delete_file         | Successfully deleted file: D:\NOPPALIT\History\Saturn_Acc_Logs\RPB1_20250820_160551.csv
2025-08-20 16:12:22 | INFO     | __main__             | _import_rows_to_db   | Imported 10 rows to database
2025-08-20 16:12:22 | INFO     | __main__             | _delete_file         | Successfully deleted file: D:\NOPPALIT\History\Saturn_Acc_Logs\RPB1_20250820_160602.csv
2025-08-20 16:12:22 | INFO     | __main__             | _import_rows_to_db   | Imported 10 rows to database
2025-08-20 16:12:22 | INFO     | __main__             | _delete_file         | Successfully deleted file: D:\NOPPALIT\History\Saturn_Acc_Logs\RPB1_20250820_160613.csv
2025-08-20 16:12:22 | INFO     | __main__             | _import_rows_to_db   | Imported 10 rows to database
2025-08-20 16:12:22 | INFO     | __main__             | _delete_file         | Successfully deleted file: D:\NOPPALIT\History\Saturn_Acc_Logs\RPB1_20250820_160624.csv
2025-08-20 16:12:22 | INFO     | __main__             | _import_rows_to_db   | Imported 10 rows to database
2025-08-20 16:12:22 | INFO     | __main__             | _delete_file         | Successfully deleted file: D:\NOPPALIT\History\Saturn_Acc_Logs\RPB1_20250820_160635.csv
2025-08-20 16:12:22 | INFO     | __main__             | _import_rows_to_db   | Imported 10 rows to database
2025-08-20 16:12:22 | INFO     | __main__             | _delete_file         | Successfully deleted file: D:\NOPPALIT\History\Saturn_Acc_Logs\RPB1_20250820_160646.csv
2025-08-20 16:12:22 | INFO     | __main__             | _import_rows_to_db   | Imported 10 rows to database
2025-08-20 16:12:22 | INFO     | __main__             | _delete_file         | Successfully deleted file: D:\NOPPALIT\History\Saturn_Acc_Logs\RPB1_20250820_160657.csv
2025-08-20 16:12:22 | INFO     | __main__             | _import_rows_to_db   | Imported 10 rows to database
2025-08-20 16:12:22 | INFO     | __main__             | _delete_file         | Successfully deleted file: D:\NOPPALIT\History\Saturn_Acc_Logs\RPB1_20250820_160719.csv
2025-08-20 16:13:22 | INFO     | __main__             | _import_rows_to_db   | Imported 10 rows to database
2025-08-20 16:13:22 | INFO     | __main__             | _delete_file         | Successfully deleted file: D:\NOPPALIT\History\Saturn_Acc_Logs\RPB1_20250820_160730.csv
2025-08-20 16:13:22 | INFO     | __main__             | _import_rows_to_db   | Imported 10 rows to database
2025-08-20 16:13:22 | INFO     | __main__             | _delete_file         | Successfully deleted file: D:\NOPPALIT\History\Saturn_Acc_Logs\RPB1_20250820_160741.csv
2025-08-20 16:13:22 | INFO     | __main__             | _import_rows_to_db   | Imported 10 rows to database
2025-08-20 16:13:22 | INFO     | __main__             | _delete_file         | Successfully deleted file: D:\NOPPALIT\History\Saturn_Acc_Logs\RPB1_20250820_160752.csv
2025-08-20 16:13:22 | INFO     | __main__             | _import_rows_to_db   | Imported 10 rows to database
2025-08-20 16:13:22 | INFO     | __main__             | _delete_file         | Successfully deleted file: D:\NOPPALIT\History\Saturn_Acc_Logs\RPB1_20250820_160803.csv
2025-08-20 16:13:22 | INFO     | __main__             | _import_rows_to_db   | Imported 10 rows to database
2025-08-20 16:13:22 | INFO     | __main__             | _delete_file         | Successfully deleted file: D:\NOPPALIT\History\Saturn_Acc_Logs\RPB1_20250820_160814.csv
2025-08-20 16:13:22 | INFO     | __main__             | _import_rows_to_db   | Imported 10 rows to database
2025-08-20 16:13:22 | INFO     | __main__             | _delete_file         | Successfully deleted file: D:\NOPPALIT\History\Saturn_Acc_Logs\RPB1_20250820_160825.csv
2025-08-20 16:13:22 | INFO     | __main__             | _import_rows_to_db   | Imported 10 rows to database
2025-08-20 16:13:22 | INFO     | __main__             | _delete_file         | Successfully deleted file: D:\NOPPALIT\History\Saturn_Acc_Logs\RPB1_20250820_160836.csv
2025-08-20 16:13:22 | INFO     | __main__             | _import_rows_to_db   | Imported 10 rows to database
2025-08-20 16:13:22 | INFO     | __main__             | _delete_file         | Successfully deleted file: D:\NOPPALIT\History\Saturn_Acc_Logs\RPB1_20250820_160847.csv
2025-08-20 16:13:22 | INFO     | __main__             | _import_rows_to_db   | Imported 10 rows to database
2025-08-20 16:13:22 | INFO     | __main__             | _delete_file         | Successfully deleted file: D:\NOPPALIT\History\Saturn_Acc_Logs\RPB1_20250820_160858.csv
2025-08-20 16:13:22 | INFO     | __main__             | _import_rows_to_db   | Imported 10 rows to database
2025-08-20 16:13:22 | INFO     | __main__             | _delete_file         | Successfully deleted file: D:\NOPPALIT\History\Saturn_Acc_Logs\RPB1_20250820_160909.csv
2025-08-20 16:13:22 | INFO     | __main__             | _import_rows_to_db   | Imported 10 rows to database
2025-08-20 16:13:22 | INFO     | __main__             | _delete_file         | Successfully deleted file: D:\NOPPALIT\History\Saturn_Acc_Logs\RPB1_20250820_160920.csv
2025-08-20 16:13:22 | INFO     | __main__             | _import_rows_to_db   | Imported 10 rows to database
2025-08-20 16:13:22 | INFO     | __main__             | _delete_file         | Successfully deleted file: D:\NOPPALIT\History\Saturn_Acc_Logs\RPB1_20250820_160931.csv
2025-08-20 16:13:22 | INFO     | __main__             | _import_rows_to_db   | Imported 10 rows to database
2025-08-20 16:13:22 | INFO     | __main__             | _delete_file         | Successfully deleted file: D:\NOPPALIT\History\Saturn_Acc_Logs\RPB1_20250820_160942.csv
2025-08-20 16:13:22 | INFO     | __main__             | _import_rows_to_db   | Imported 10 rows to database
2025-08-20 16:13:22 | INFO     | __main__             | _delete_file         | Successfully deleted file: D:\NOPPALIT\History\Saturn_Acc_Logs\RPB1_20250820_160953.csv
2025-08-20 16:13:22 | INFO     | __main__             | _import_rows_to_db   | Imported 10 rows to database
2025-08-20 16:13:22 | INFO     | __main__             | _delete_file         | Successfully deleted file: D:\NOPPALIT\History\Saturn_Acc_Logs\RPB1_20250820_161004.csv
2025-08-20 16:13:22 | INFO     | __main__             | _import_rows_to_db   | Imported 10 rows to database
2025-08-20 16:13:22 | INFO     | __main__             | _delete_file         | Successfully deleted file: D:\NOPPALIT\History\Saturn_Acc_Logs\RPB1_20250820_161015.csv
2025-08-20 16:13:22 | INFO     | __main__             | _import_rows_to_db   | Imported 10 rows to database
2025-08-20 16:13:22 | INFO     | __main__             | _delete_file         | Successfully deleted file: D:\NOPPALIT\History\Saturn_Acc_Logs\RPB1_20250820_161026.csv
2025-08-20 16:13:22 | INFO     | __main__             | _import_rows_to_db   | Imported 10 rows to database
2025-08-20 16:13:22 | INFO     | __main__             | _delete_file         | Successfully deleted file: D:\NOPPALIT\History\Saturn_Acc_Logs\RPB1_20250820_161037.csv
2025-08-20 16:13:22 | INFO     | __main__             | _import_rows_to_db   | Imported 10 rows to database
2025-08-20 16:13:22 | INFO     | __main__             | _delete_file         | Successfully deleted file: D:\NOPPALIT\History\Saturn_Acc_Logs\RPB1_20250820_161227.csv
2025-08-20 16:17:22 | INFO     | __main__             | _import_rows_to_db   | Imported 30 rows to database
2025-08-20 16:17:22 | INFO     | __main__             | _delete_file         | Successfully deleted file: D:\NOPPALIT\History\Saturn_Acc_Logs\IPC1_20250820_161005.csv
2025-08-20 16:17:22 | INFO     | __main__             | _import_rows_to_db   | Imported 30 rows to database
2025-08-20 16:17:22 | INFO     | __main__             | _delete_file         | Successfully deleted file: D:\NOPPALIT\History\Saturn_Acc_Logs\IPC1_20250820_161038.csv
2025-08-20 16:17:22 | INFO     | __main__             | _import_rows_to_db   | Imported 30 rows to database
2025-08-20 16:17:22 | INFO     | __main__             | _delete_file         | Successfully deleted file: D:\NOPPALIT\History\Saturn_Acc_Logs\IPC1_20250820_161111.csv
2025-08-20 16:17:22 | INFO     | __main__             | _import_rows_to_db   | Imported 30 rows to database
2025-08-20 16:17:22 | INFO     | __main__             | _delete_file         | Successfully deleted file: D:\NOPPALIT\History\Saturn_Acc_Logs\IPC1_20250820_161250.csv
2025-08-20 16:17:22 | INFO     | __main__             | _import_rows_to_db   | Imported 30 rows to database
2025-08-20 16:17:22 | INFO     | __main__             | _delete_file         | Successfully deleted file: D:\NOPPALIT\History\Saturn_Acc_Logs\IPC1_20250820_161322.csv
2025-08-20 16:17:22 | INFO     | __main__             | _import_rows_to_db   | Imported 30 rows to database
2025-08-20 16:17:22 | INFO     | __main__             | _delete_file         | Successfully deleted file: D:\NOPPALIT\History\Saturn_Acc_Logs\IPC1_20250820_161355.csv
2025-08-20 16:17:22 | INFO     | __main__             | _import_rows_to_db   | Imported 30 rows to database
2025-08-20 16:17:22 | INFO     | __main__             | _delete_file         | Successfully deleted file: D:\NOPPALIT\History\Saturn_Acc_Logs\IPC1_20250820_161428.csv
2025-08-20 16:17:22 | INFO     | __main__             | _import_rows_to_db   | Imported 30 rows to database
2025-08-20 16:17:22 | INFO     | __main__             | _delete_file         | Successfully deleted file: D:\NOPPALIT\History\Saturn_Acc_Logs\IPC1_20250820_161639.csv
2025-08-20 16:17:22 | INFO     | __main__             | _import_rows_to_db   | Imported 30 rows to database
2025-08-20 16:17:22 | INFO     | __main__             | _delete_file         | Successfully deleted file: D:\NOPPALIT\History\Saturn_Acc_Logs\IPC1_20250820_161712.csv
2025-08-20 16:17:22 | INFO     | __main__             | _import_rows_to_db   | Imported 30 rows to database
2025-08-20 16:17:22 | INFO     | __main__             | _delete_file         | Successfully deleted file: D:\NOPPALIT\History\Saturn_Acc_Logs\RP26_20250820_161030.csv
2025-08-20 16:17:22 | INFO     | __main__             | _import_rows_to_db   | Imported 30 rows to database
2025-08-20 16:17:22 | INFO     | __main__             | _delete_file         | Successfully deleted file: D:\NOPPALIT\History\Saturn_Acc_Logs\RP26_20250820_161105.csv
2025-08-20 16:17:22 | INFO     | __main__             | _import_rows_to_db   | Imported 30 rows to database
2025-08-20 16:17:22 | INFO     | __main__             | _delete_file         | Successfully deleted file: D:\NOPPALIT\History\Saturn_Acc_Logs\RP26_20250820_161140.csv
2025-08-20 16:17:22 | INFO     | __main__             | _import_rows_to_db   | Imported 30 rows to database
2025-08-20 16:17:22 | INFO     | __main__             | _delete_file         | Successfully deleted file: D:\NOPPALIT\History\Saturn_Acc_Logs\RP26_20250820_161215.csv
2025-08-20 16:17:22 | INFO     | __main__             | _import_rows_to_db   | Imported 30 rows to database
2025-08-20 16:17:22 | INFO     | __main__             | _delete_file         | Successfully deleted file: D:\NOPPALIT\History\Saturn_Acc_Logs\RP26_20250820_161250.csv
2025-08-20 16:17:22 | INFO     | __main__             | _import_rows_to_db   | Imported 30 rows to database
2025-08-20 16:17:22 | INFO     | __main__             | _delete_file         | Successfully deleted file: D:\NOPPALIT\History\Saturn_Acc_Logs\RP26_20250820_161325.csv
2025-08-20 16:17:22 | INFO     | __main__             | _import_rows_to_db   | Imported 30 rows to database
2025-08-20 16:17:22 | INFO     | __main__             | _delete_file         | Successfully deleted file: D:\NOPPALIT\History\Saturn_Acc_Logs\RP26_20250820_161400.csv
2025-08-20 16:17:22 | INFO     | __main__             | _import_rows_to_db   | Imported 30 rows to database
2025-08-20 16:17:22 | INFO     | __main__             | _delete_file         | Successfully deleted file: D:\NOPPALIT\History\Saturn_Acc_Logs\RP26_20250820_161434.csv
2025-08-20 16:17:22 | INFO     | __main__             | _import_rows_to_db   | Imported 30 rows to database
2025-08-20 16:17:22 | INFO     | __main__             | _delete_file         | Successfully deleted file: D:\NOPPALIT\History\Saturn_Acc_Logs\RP26_20250820_161509.csv
2025-08-20 16:18:22 | INFO     | __main__             | _import_rows_to_db   | Imported 10 rows to database
2025-08-20 16:18:22 | INFO     | __main__             | _delete_file         | Successfully deleted file: D:\NOPPALIT\History\Saturn_Acc_Logs\RPB1_20250820_161048.csv
2025-08-20 16:18:22 | INFO     | __main__             | _import_rows_to_db   | Imported 10 rows to database
2025-08-20 16:18:22 | INFO     | __main__             | _delete_file         | Successfully deleted file: D:\NOPPALIT\History\Saturn_Acc_Logs\RPB1_20250820_161059.csv
2025-08-20 16:18:22 | INFO     | __main__             | _import_rows_to_db   | Imported 10 rows to database
2025-08-20 16:18:22 | INFO     | __main__             | _delete_file         | Successfully deleted file: D:\NOPPALIT\History\Saturn_Acc_Logs\RPB1_20250820_161110.csv
2025-08-20 16:18:22 | INFO     | __main__             | _import_rows_to_db   | Imported 10 rows to database
2025-08-20 16:18:22 | INFO     | __main__             | _delete_file         | Successfully deleted file: D:\NOPPALIT\History\Saturn_Acc_Logs\RPB1_20250820_161121.csv
2025-08-20 16:18:22 | INFO     | __main__             | _import_rows_to_db   | Imported 10 rows to database
2025-08-20 16:18:22 | INFO     | __main__             | _delete_file         | Successfully deleted file: D:\NOPPALIT\History\Saturn_Acc_Logs\RPB1_20250820_161132.csv
2025-08-20 16:18:22 | INFO     | __main__             | _import_rows_to_db   | Imported 10 rows to database
2025-08-20 16:18:22 | INFO     | __main__             | _delete_file         | Successfully deleted file: D:\NOPPALIT\History\Saturn_Acc_Logs\RPB1_20250820_161143.csv
2025-08-20 16:18:22 | INFO     | __main__             | _import_rows_to_db   | Imported 10 rows to database
2025-08-20 16:18:22 | INFO     | __main__             | _delete_file         | Successfully deleted file: D:\NOPPALIT\History\Saturn_Acc_Logs\RPB1_20250820_161154.csv
2025-08-20 16:18:22 | INFO     | __main__             | _import_rows_to_db   | Imported 10 rows to database
2025-08-20 16:18:22 | INFO     | __main__             | _delete_file         | Successfully deleted file: D:\NOPPALIT\History\Saturn_Acc_Logs\RPB1_20250820_161205.csv
2025-08-20 16:18:22 | INFO     | __main__             | _import_rows_to_db   | Imported 10 rows to database
2025-08-20 16:18:22 | INFO     | __main__             | _delete_file         | Successfully deleted file: D:\NOPPALIT\History\Saturn_Acc_Logs\RPB1_20250820_161216.csv
2025-08-20 16:18:22 | INFO     | __main__             | _import_rows_to_db   | Imported 10 rows to database
2025-08-20 16:18:22 | INFO     | __main__             | _delete_file         | Successfully deleted file: D:\NOPPALIT\History\Saturn_Acc_Logs\RPB1_20250820_161238.csv
2025-08-20 16:18:22 | INFO     | __main__             | _import_rows_to_db   | Imported 10 rows to database
2025-08-20 16:18:22 | INFO     | __main__             | _delete_file         | Successfully deleted file: D:\NOPPALIT\History\Saturn_Acc_Logs\RPB1_20250820_161249.csv
2025-08-20 16:18:22 | INFO     | __main__             | _import_rows_to_db   | Imported 10 rows to database
2025-08-20 16:18:22 | INFO     | __main__             | _delete_file         | Successfully deleted file: D:\NOPPALIT\History\Saturn_Acc_Logs\RPB1_20250820_161300.csv
2025-08-20 16:18:22 | INFO     | __main__             | _import_rows_to_db   | Imported 10 rows to database
2025-08-20 16:18:22 | INFO     | __main__             | _delete_file         | Successfully deleted file: D:\NOPPALIT\History\Saturn_Acc_Logs\RPB1_20250820_161311.csv
2025-08-20 16:18:22 | INFO     | __main__             | _import_rows_to_db   | Imported 10 rows to database
2025-08-20 16:18:22 | INFO     | __main__             | _delete_file         | Successfully deleted file: D:\NOPPALIT\History\Saturn_Acc_Logs\RPB1_20250820_161322.csv
2025-08-20 16:18:22 | INFO     | __main__             | _import_rows_to_db   | Imported 10 rows to database
2025-08-20 16:18:22 | INFO     | __main__             | _delete_file         | Successfully deleted file: D:\NOPPALIT\History\Saturn_Acc_Logs\RPB1_20250820_161333.csv
2025-08-20 16:18:22 | INFO     | __main__             | _import_rows_to_db   | Imported 10 rows to database
2025-08-20 16:18:22 | INFO     | __main__             | _delete_file         | Successfully deleted file: D:\NOPPALIT\History\Saturn_Acc_Logs\RPB1_20250820_161344.csv
2025-08-20 16:18:22 | INFO     | __main__             | _import_rows_to_db   | Imported 10 rows to database
2025-08-20 16:18:22 | INFO     | __main__             | _delete_file         | Successfully deleted file: D:\NOPPALIT\History\Saturn_Acc_Logs\RPB1_20250820_161355.csv
2025-08-20 16:18:22 | INFO     | __main__             | _import_rows_to_db   | Imported 10 rows to database
2025-08-20 16:18:22 | INFO     | __main__             | _delete_file         | Successfully deleted file: D:\NOPPALIT\History\Saturn_Acc_Logs\RPB1_20250820_161406.csv
2025-08-20 16:18:22 | INFO     | __main__             | _import_rows_to_db   | Imported 10 rows to database
2025-08-20 16:18:22 | INFO     | __main__             | _delete_file         | Successfully deleted file: D:\NOPPALIT\History\Saturn_Acc_Logs\RPB1_20250820_161417.csv
2025-08-20 16:18:22 | INFO     | __main__             | _import_rows_to_db   | Imported 10 rows to database
2025-08-20 16:18:22 | INFO     | __main__             | _delete_file         | Successfully deleted file: D:\NOPPALIT\History\Saturn_Acc_Logs\RPB1_20250820_161428.csv
2025-08-20 16:18:22 | INFO     | __main__             | _import_rows_to_db   | Imported 10 rows to database
2025-08-20 16:18:22 | INFO     | __main__             | _delete_file         | Successfully deleted file: D:\NOPPALIT\History\Saturn_Acc_Logs\RPB1_20250820_161439.csv
2025-08-20 16:18:22 | INFO     | __main__             | _import_rows_to_db   | Imported 10 rows to database
2025-08-20 16:18:22 | INFO     | __main__             | _delete_file         | Successfully deleted file: D:\NOPPALIT\History\Saturn_Acc_Logs\RPB1_20250820_161450.csv
2025-08-20 16:18:22 | INFO     | __main__             | _import_rows_to_db   | Imported 10 rows to database
2025-08-20 16:18:22 | INFO     | __main__             | _delete_file         | Successfully deleted file: D:\NOPPALIT\History\Saturn_Acc_Logs\RPB1_20250820_161501.csv
2025-08-20 16:18:22 | INFO     | __main__             | _import_rows_to_db   | Imported 10 rows to database
2025-08-20 16:18:22 | INFO     | __main__             | _delete_file         | Successfully deleted file: D:\NOPPALIT\History\Saturn_Acc_Logs\RPB1_20250820_161512.csv
2025-08-20 16:18:22 | INFO     | __main__             | _import_rows_to_db   | Imported 10 rows to database
2025-08-20 16:18:22 | INFO     | __main__             | _delete_file         | Successfully deleted file: D:\NOPPALIT\History\Saturn_Acc_Logs\RPB1_20250820_161523.csv
2025-08-20 16:18:22 | INFO     | __main__             | _import_rows_to_db   | Imported 10 rows to database
2025-08-20 16:18:22 | INFO     | __main__             | _delete_file         | Successfully deleted file: D:\NOPPALIT\History\Saturn_Acc_Logs\RPB1_20250820_161534.csv
2025-08-20 16:18:22 | INFO     | __main__             | _import_rows_to_db   | Imported 10 rows to database
2025-08-20 16:18:22 | INFO     | __main__             | _delete_file         | Successfully deleted file: D:\NOPPALIT\History\Saturn_Acc_Logs\RPB1_20250820_161545.csv
2025-08-20 16:18:22 | INFO     | __main__             | _import_rows_to_db   | Imported 10 rows to database
2025-08-20 16:18:22 | INFO     | __main__             | _delete_file         | Successfully deleted file: D:\NOPPALIT\History\Saturn_Acc_Logs\RPB1_20250820_161556.csv
2025-08-20 16:18:22 | INFO     | __main__             | _import_rows_to_db   | Imported 10 rows to database
2025-08-20 16:18:22 | INFO     | __main__             | _delete_file         | Successfully deleted file: D:\NOPPALIT\History\Saturn_Acc_Logs\RPB1_20250820_161735.csv
2025-08-20 16:22:23 | INFO     | __main__             | _import_rows_to_db   | Imported 30 rows to database
2025-08-20 16:22:23 | INFO     | __main__             | _delete_file         | Successfully deleted file: D:\NOPPALIT\History\Saturn_Acc_Logs\IPC1_20250820_161501.csv
2025-08-20 16:22:23 | INFO     | __main__             | _import_rows_to_db   | Imported 30 rows to database
2025-08-20 16:22:23 | INFO     | __main__             | _delete_file         | Successfully deleted file: D:\NOPPALIT\History\Saturn_Acc_Logs\IPC1_20250820_161534.csv
2025-08-20 16:22:23 | INFO     | __main__             | _import_rows_to_db   | Imported 30 rows to database
2025-08-20 16:22:23 | INFO     | __main__             | _delete_file         | Successfully deleted file: D:\NOPPALIT\History\Saturn_Acc_Logs\IPC1_20250820_161607.csv
2025-08-20 16:22:23 | INFO     | __main__             | _import_rows_to_db   | Imported 30 rows to database
2025-08-20 16:22:23 | INFO     | __main__             | _delete_file         | Successfully deleted file: D:\NOPPALIT\History\Saturn_Acc_Logs\IPC1_20250820_161745.csv
2025-08-20 16:22:23 | INFO     | __main__             | _import_rows_to_db   | Imported 30 rows to database
2025-08-20 16:22:23 | INFO     | __main__             | _delete_file         | Successfully deleted file: D:\NOPPALIT\History\Saturn_Acc_Logs\IPC1_20250820_161818.csv
2025-08-20 16:22:23 | INFO     | __main__             | _import_rows_to_db   | Imported 30 rows to database
2025-08-20 16:22:23 | INFO     | __main__             | _delete_file         | Successfully deleted file: D:\NOPPALIT\History\Saturn_Acc_Logs\IPC1_20250820_161851.csv
2025-08-20 16:22:23 | INFO     | __main__             | _import_rows_to_db   | Imported 30 rows to database
2025-08-20 16:22:23 | INFO     | __main__             | _delete_file         | Successfully deleted file: D:\NOPPALIT\History\Saturn_Acc_Logs\IPC1_20250820_161924.csv
2025-08-20 16:22:23 | INFO     | __main__             | _import_rows_to_db   | Imported 30 rows to database
2025-08-20 16:22:23 | INFO     | __main__             | _delete_file         | Successfully deleted file: D:\NOPPALIT\History\Saturn_Acc_Logs\IPC1_20250820_161956.csv
2025-08-20 16:22:23 | INFO     | __main__             | _import_rows_to_db   | Imported 30 rows to database
2025-08-20 16:22:23 | INFO     | __main__             | _delete_file         | Successfully deleted file: D:\NOPPALIT\History\Saturn_Acc_Logs\IPC1_20250820_162135.csv
2025-08-20 16:22:23 | INFO     | __main__             | _import_rows_to_db   | Imported 30 rows to database
2025-08-20 16:22:23 | INFO     | __main__             | _delete_file         | Successfully deleted file: D:\NOPPALIT\History\Saturn_Acc_Logs\IPC1_20250820_162208.csv
2025-08-20 16:22:23 | INFO     | __main__             | _import_rows_to_db   | Imported 30 rows to database
2025-08-20 16:22:23 | INFO     | __main__             | _delete_file         | Successfully deleted file: D:\NOPPALIT\History\Saturn_Acc_Logs\RP26_20250820_161544.csv
2025-08-20 16:22:23 | INFO     | __main__             | _import_rows_to_db   | Imported 30 rows to database
2025-08-20 16:22:23 | INFO     | __main__             | _delete_file         | Successfully deleted file: D:\NOPPALIT\History\Saturn_Acc_Logs\RP26_20250820_161619.csv
2025-08-20 16:22:23 | INFO     | __main__             | _import_rows_to_db   | Imported 30 rows to database
2025-08-20 16:22:23 | INFO     | __main__             | _delete_file         | Successfully deleted file: D:\NOPPALIT\History\Saturn_Acc_Logs\RP26_20250820_161654.csv
2025-08-20 16:22:23 | INFO     | __main__             | _import_rows_to_db   | Imported 30 rows to database
2025-08-20 16:22:23 | INFO     | __main__             | _delete_file         | Successfully deleted file: D:\NOPPALIT\History\Saturn_Acc_Logs\RP26_20250820_161729.csv
2025-08-20 16:22:23 | INFO     | __main__             | _import_rows_to_db   | Imported 30 rows to database
2025-08-20 16:22:23 | INFO     | __main__             | _delete_file         | Successfully deleted file: D:\NOPPALIT\History\Saturn_Acc_Logs\RP26_20250820_161803.csv
2025-08-20 16:22:23 | INFO     | __main__             | _import_rows_to_db   | Imported 30 rows to database
2025-08-20 16:22:23 | INFO     | __main__             | _delete_file         | Successfully deleted file: D:\NOPPALIT\History\Saturn_Acc_Logs\RP26_20250820_161838.csv
2025-08-20 16:22:25 | INFO     | __main__             | _import_rows_to_db   | Imported 30 rows to database
2025-08-20 16:22:25 | INFO     | __main__             | _delete_file         | Successfully deleted file: D:\NOPPALIT\History\Saturn_Acc_Logs\RP26_20250820_161913.csv
2025-08-20 16:22:25 | INFO     | __main__             | _import_rows_to_db   | Imported 30 rows to database
2025-08-20 16:22:25 | INFO     | __main__             | _delete_file         | Successfully deleted file: D:\NOPPALIT\History\Saturn_Acc_Logs\RP26_20250820_161948.csv
2025-08-20 16:22:25 | INFO     | __main__             | _import_rows_to_db   | Imported 30 rows to database
2025-08-20 16:22:25 | INFO     | __main__             | _delete_file         | Successfully deleted file: D:\NOPPALIT\History\Saturn_Acc_Logs\RP26_20250820_162023.csv
2025-08-20 16:23:25 | INFO     | __main__             | _import_rows_to_db   | Imported 10 rows to database
2025-08-20 16:23:25 | INFO     | __main__             | _delete_file         | Successfully deleted file: D:\NOPPALIT\History\Saturn_Acc_Logs\RPB1_20250820_161607.csv
2025-08-20 16:23:25 | INFO     | __main__             | _import_rows_to_db   | Imported 10 rows to database
2025-08-20 16:23:25 | INFO     | __main__             | _delete_file         | Successfully deleted file: D:\NOPPALIT\History\Saturn_Acc_Logs\RPB1_20250820_161618.csv
2025-08-20 16:23:25 | INFO     | __main__             | _import_rows_to_db   | Imported 10 rows to database
2025-08-20 16:23:25 | INFO     | __main__             | _delete_file         | Successfully deleted file: D:\NOPPALIT\History\Saturn_Acc_Logs\RPB1_20250820_161629.csv
2025-08-20 16:23:25 | INFO     | __main__             | _import_rows_to_db   | Imported 10 rows to database
2025-08-20 16:23:25 | INFO     | __main__             | _delete_file         | Successfully deleted file: D:\NOPPALIT\History\Saturn_Acc_Logs\RPB1_20250820_161640.csv
2025-08-20 16:23:25 | INFO     | __main__             | _import_rows_to_db   | Imported 10 rows to database
2025-08-20 16:23:25 | INFO     | __main__             | _delete_file         | Successfully deleted file: D:\NOPPALIT\History\Saturn_Acc_Logs\RPB1_20250820_161651.csv
2025-08-20 16:23:25 | INFO     | __main__             | _import_rows_to_db   | Imported 10 rows to database
2025-08-20 16:23:25 | INFO     | __main__             | _delete_file         | Successfully deleted file: D:\NOPPALIT\History\Saturn_Acc_Logs\RPB1_20250820_161702.csv
2025-08-20 16:23:25 | INFO     | __main__             | _import_rows_to_db   | Imported 10 rows to database
2025-08-20 16:23:25 | INFO     | __main__             | _delete_file         | Successfully deleted file: D:\NOPPALIT\History\Saturn_Acc_Logs\RPB1_20250820_161713.csv
2025-08-20 16:23:25 | INFO     | __main__             | _import_rows_to_db   | Imported 10 rows to database
2025-08-20 16:23:25 | INFO     | __main__             | _delete_file         | Successfully deleted file: D:\NOPPALIT\History\Saturn_Acc_Logs\RPB1_20250820_161724.csv
2025-08-20 16:23:25 | INFO     | __main__             | _import_rows_to_db   | Imported 10 rows to database
2025-08-20 16:23:25 | INFO     | __main__             | _delete_file         | Successfully deleted file: D:\NOPPALIT\History\Saturn_Acc_Logs\RPB1_20250820_161746.csv
2025-08-20 16:23:25 | INFO     | __main__             | _import_rows_to_db   | Imported 10 rows to database
2025-08-20 16:23:25 | INFO     | __main__             | _delete_file         | Successfully deleted file: D:\NOPPALIT\History\Saturn_Acc_Logs\RPB1_20250820_161757.csv
2025-08-20 16:23:25 | INFO     | __main__             | _import_rows_to_db   | Imported 10 rows to database
2025-08-20 16:23:25 | INFO     | __main__             | _delete_file         | Successfully deleted file: D:\NOPPALIT\History\Saturn_Acc_Logs\RPB1_20250820_161808.csv
2025-08-20 16:23:25 | INFO     | __main__             | _import_rows_to_db   | Imported 10 rows to database
2025-08-20 16:23:25 | INFO     | __main__             | _delete_file         | Successfully deleted file: D:\NOPPALIT\History\Saturn_Acc_Logs\RPB1_20250820_161819.csv
2025-08-20 16:23:25 | INFO     | __main__             | _import_rows_to_db   | Imported 10 rows to database
2025-08-20 16:23:25 | INFO     | __main__             | _delete_file         | Successfully deleted file: D:\NOPPALIT\History\Saturn_Acc_Logs\RPB1_20250820_161830.csv
2025-08-20 16:23:25 | INFO     | __main__             | _import_rows_to_db   | Imported 10 rows to database
2025-08-20 16:23:25 | INFO     | __main__             | _delete_file         | Successfully deleted file: D:\NOPPALIT\History\Saturn_Acc_Logs\RPB1_20250820_161841.csv
2025-08-20 16:23:25 | INFO     | __main__             | _import_rows_to_db   | Imported 10 rows to database
2025-08-20 16:23:25 | INFO     | __main__             | _delete_file         | Successfully deleted file: D:\NOPPALIT\History\Saturn_Acc_Logs\RPB1_20250820_161852.csv
2025-08-20 16:23:25 | INFO     | __main__             | _import_rows_to_db   | Imported 10 rows to database
2025-08-20 16:23:25 | INFO     | __main__             | _delete_file         | Successfully deleted file: D:\NOPPALIT\History\Saturn_Acc_Logs\RPB1_20250820_161903.csv
2025-08-20 16:23:25 | INFO     | __main__             | _import_rows_to_db   | Imported 10 rows to database
2025-08-20 16:23:25 | INFO     | __main__             | _delete_file         | Successfully deleted file: D:\NOPPALIT\History\Saturn_Acc_Logs\RPB1_20250820_161914.csv
2025-08-20 16:23:25 | INFO     | __main__             | _import_rows_to_db   | Imported 10 rows to database
2025-08-20 16:23:25 | INFO     | __main__             | _delete_file         | Successfully deleted file: D:\NOPPALIT\History\Saturn_Acc_Logs\RPB1_20250820_161925.csv
2025-08-20 16:23:25 | INFO     | __main__             | _import_rows_to_db   | Imported 10 rows to database
2025-08-20 16:23:25 | INFO     | __main__             | _delete_file         | Successfully deleted file: D:\NOPPALIT\History\Saturn_Acc_Logs\RPB1_20250820_161936.csv
2025-08-20 16:23:25 | INFO     | __main__             | _import_rows_to_db   | Imported 10 rows to database
2025-08-20 16:23:25 | INFO     | __main__             | _delete_file         | Successfully deleted file: D:\NOPPALIT\History\Saturn_Acc_Logs\RPB1_20250820_161947.csv
2025-08-20 16:23:25 | INFO     | __main__             | _import_rows_to_db   | Imported 10 rows to database
2025-08-20 16:23:25 | INFO     | __main__             | _delete_file         | Successfully deleted file: D:\NOPPALIT\History\Saturn_Acc_Logs\RPB1_20250820_161958.csv
2025-08-20 16:23:25 | INFO     | __main__             | _import_rows_to_db   | Imported 10 rows to database
2025-08-20 16:23:25 | INFO     | __main__             | _delete_file         | Successfully deleted file: D:\NOPPALIT\History\Saturn_Acc_Logs\RPB1_20250820_162009.csv
2025-08-20 16:23:25 | INFO     | __main__             | _import_rows_to_db   | Imported 10 rows to database
2025-08-20 16:23:25 | INFO     | __main__             | _delete_file         | Successfully deleted file: D:\NOPPALIT\History\Saturn_Acc_Logs\RPB1_20250820_162020.csv
2025-08-20 16:23:25 | INFO     | __main__             | _import_rows_to_db   | Imported 10 rows to database
2025-08-20 16:23:25 | INFO     | __main__             | _delete_file         | Successfully deleted file: D:\NOPPALIT\History\Saturn_Acc_Logs\RPB1_20250820_162031.csv
2025-08-20 16:23:25 | INFO     | __main__             | _import_rows_to_db   | Imported 10 rows to database
2025-08-20 16:23:25 | INFO     | __main__             | _delete_file         | Successfully deleted file: D:\NOPPALIT\History\Saturn_Acc_Logs\RPB1_20250820_162042.csv
2025-08-20 16:23:25 | INFO     | __main__             | _import_rows_to_db   | Imported 10 rows to database
2025-08-20 16:23:25 | INFO     | __main__             | _delete_file         | Successfully deleted file: D:\NOPPALIT\History\Saturn_Acc_Logs\RPB1_20250820_162053.csv
2025-08-20 16:23:25 | INFO     | __main__             | _import_rows_to_db   | Imported 10 rows to database
2025-08-20 16:23:25 | INFO     | __main__             | _delete_file         | Successfully deleted file: D:\NOPPALIT\History\Saturn_Acc_Logs\RPB1_20250820_162104.csv
2025-08-20 16:23:25 | INFO     | __main__             | _import_rows_to_db   | Imported 10 rows to database
2025-08-20 16:23:25 | INFO     | __main__             | _delete_file         | Successfully deleted file: D:\NOPPALIT\History\Saturn_Acc_Logs\RPB1_20250820_162254.csv
2025-08-20 16:27:25 | INFO     | __main__             | _import_rows_to_db   | Imported 30 rows to database
2025-08-20 16:27:25 | INFO     | __main__             | _delete_file         | Successfully deleted file: D:\NOPPALIT\History\Saturn_Acc_Logs\IPC1_20250820_162029.csv
2025-08-20 16:27:25 | INFO     | __main__             | _import_rows_to_db   | Imported 30 rows to database
2025-08-20 16:27:25 | INFO     | __main__             | _delete_file         | Successfully deleted file: D:\NOPPALIT\History\Saturn_Acc_Logs\IPC1_20250820_162102.csv
2025-08-20 16:27:25 | INFO     | __main__             | _import_rows_to_db   | Imported 30 rows to database
2025-08-20 16:27:25 | INFO     | __main__             | _delete_file         | Successfully deleted file: D:\NOPPALIT\History\Saturn_Acc_Logs\IPC1_20250820_162241.csv
2025-08-20 16:27:25 | INFO     | __main__             | _import_rows_to_db   | Imported 30 rows to database
2025-08-20 16:27:25 | INFO     | __main__             | _delete_file         | Successfully deleted file: D:\NOPPALIT\History\Saturn_Acc_Logs\IPC1_20250820_162314.csv
2025-08-20 16:27:25 | INFO     | __main__             | _import_rows_to_db   | Imported 30 rows to database
2025-08-20 16:27:25 | INFO     | __main__             | _delete_file         | Successfully deleted file: D:\NOPPALIT\History\Saturn_Acc_Logs\IPC1_20250820_162347.csv
2025-08-20 16:27:25 | INFO     | __main__             | _import_rows_to_db   | Imported 30 rows to database
2025-08-20 16:27:25 | INFO     | __main__             | _delete_file         | Successfully deleted file: D:\NOPPALIT\History\Saturn_Acc_Logs\IPC1_20250820_162420.csv
2025-08-20 16:27:25 | INFO     | __main__             | _import_rows_to_db   | Imported 30 rows to database
2025-08-20 16:27:25 | INFO     | __main__             | _delete_file         | Successfully deleted file: D:\NOPPALIT\History\Saturn_Acc_Logs\IPC1_20250820_162452.csv
2025-08-20 16:27:25 | INFO     | __main__             | _import_rows_to_db   | Imported 30 rows to database
2025-08-20 16:27:25 | INFO     | __main__             | _delete_file         | Successfully deleted file: D:\NOPPALIT\History\Saturn_Acc_Logs\IPC1_20250820_162704.csv
2025-08-20 16:27:25 | INFO     | __main__             | _import_rows_to_db   | Imported 30 rows to database
2025-08-20 16:27:25 | INFO     | __main__             | _delete_file         | Successfully deleted file: D:\NOPPALIT\History\Saturn_Acc_Logs\IPC1_20250820_162737.csv
2025-08-20 16:27:25 | INFO     | __main__             | _import_rows_to_db   | Imported 30 rows to database
2025-08-20 16:27:25 | INFO     | __main__             | _delete_file         | Successfully deleted file: D:\NOPPALIT\History\Saturn_Acc_Logs\RP26_20250820_162057.csv
2025-08-20 16:27:25 | INFO     | __main__             | _import_rows_to_db   | Imported 30 rows to database
2025-08-20 16:27:25 | INFO     | __main__             | _delete_file         | Successfully deleted file: D:\NOPPALIT\History\Saturn_Acc_Logs\RP26_20250820_162132.csv
2025-08-20 16:27:25 | INFO     | __main__             | _import_rows_to_db   | Imported 30 rows to database
2025-08-20 16:27:25 | INFO     | __main__             | _delete_file         | Successfully deleted file: D:\NOPPALIT\History\Saturn_Acc_Logs\RP26_20250820_162207.csv
2025-08-20 16:27:25 | INFO     | __main__             | _import_rows_to_db   | Imported 30 rows to database
2025-08-20 16:27:25 | INFO     | __main__             | _delete_file         | Successfully deleted file: D:\NOPPALIT\History\Saturn_Acc_Logs\RP26_20250820_162241.csv
2025-08-20 16:27:25 | INFO     | __main__             | _import_rows_to_db   | Imported 30 rows to database
2025-08-20 16:27:25 | INFO     | __main__             | _delete_file         | Successfully deleted file: D:\NOPPALIT\History\Saturn_Acc_Logs\RP26_20250820_162316.csv
2025-08-20 16:27:26 | INFO     | __main__             | _import_rows_to_db   | Imported 30 rows to database
2025-08-20 16:27:26 | INFO     | __main__             | _delete_file         | Successfully deleted file: D:\NOPPALIT\History\Saturn_Acc_Logs\RP26_20250820_162351.csv
2025-08-20 16:27:26 | INFO     | __main__             | _import_rows_to_db   | Imported 30 rows to database
2025-08-20 16:27:26 | INFO     | __main__             | _delete_file         | Successfully deleted file: D:\NOPPALIT\History\Saturn_Acc_Logs\RP26_20250820_162426.csv
2025-08-20 16:27:26 | INFO     | __main__             | _import_rows_to_db   | Imported 30 rows to database
2025-08-20 16:27:26 | INFO     | __main__             | _delete_file         | Successfully deleted file: D:\NOPPALIT\History\Saturn_Acc_Logs\RP26_20250820_162500.csv
2025-08-20 16:27:26 | INFO     | __main__             | _import_rows_to_db   | Imported 30 rows to database
2025-08-20 16:27:26 | INFO     | __main__             | _delete_file         | Successfully deleted file: D:\NOPPALIT\History\Saturn_Acc_Logs\RP26_20250820_162535.csv
2025-08-20 16:28:26 | INFO     | __main__             | _import_rows_to_db   | Imported 10 rows to database
2025-08-20 16:28:26 | INFO     | __main__             | _delete_file         | Successfully deleted file: D:\NOPPALIT\History\Saturn_Acc_Logs\RPB1_20250820_162115.csv
2025-08-20 16:28:26 | INFO     | __main__             | _import_rows_to_db   | Imported 10 rows to database
2025-08-20 16:28:26 | INFO     | __main__             | _delete_file         | Successfully deleted file: D:\NOPPALIT\History\Saturn_Acc_Logs\RPB1_20250820_162126.csv
2025-08-20 16:28:26 | INFO     | __main__             | _import_rows_to_db   | Imported 10 rows to database
2025-08-20 16:28:26 | INFO     | __main__             | _delete_file         | Successfully deleted file: D:\NOPPALIT\History\Saturn_Acc_Logs\RPB1_20250820_162137.csv
2025-08-20 16:28:26 | INFO     | __main__             | _import_rows_to_db   | Imported 10 rows to database
2025-08-20 16:28:26 | INFO     | __main__             | _delete_file         | Successfully deleted file: D:\NOPPALIT\History\Saturn_Acc_Logs\RPB1_20250820_162148.csv
2025-08-20 16:28:26 | INFO     | __main__             | _import_rows_to_db   | Imported 10 rows to database
2025-08-20 16:28:26 | INFO     | __main__             | _delete_file         | Successfully deleted file: D:\NOPPALIT\History\Saturn_Acc_Logs\RPB1_20250820_162159.csv
2025-08-20 16:28:26 | INFO     | __main__             | _import_rows_to_db   | Imported 10 rows to database
2025-08-20 16:28:26 | INFO     | __main__             | _delete_file         | Successfully deleted file: D:\NOPPALIT\History\Saturn_Acc_Logs\RPB1_20250820_162210.csv
2025-08-20 16:28:26 | INFO     | __main__             | _import_rows_to_db   | Imported 10 rows to database
2025-08-20 16:28:26 | INFO     | __main__             | _delete_file         | Successfully deleted file: D:\NOPPALIT\History\Saturn_Acc_Logs\RPB1_20250820_162221.csv
2025-08-20 16:28:26 | INFO     | __main__             | _import_rows_to_db   | Imported 10 rows to database
2025-08-20 16:28:26 | INFO     | __main__             | _delete_file         | Successfully deleted file: D:\NOPPALIT\History\Saturn_Acc_Logs\RPB1_20250820_162232.csv
2025-08-20 16:28:26 | INFO     | __main__             | _import_rows_to_db   | Imported 10 rows to database
2025-08-20 16:28:26 | INFO     | __main__             | _delete_file         | Successfully deleted file: D:\NOPPALIT\History\Saturn_Acc_Logs\RPB1_20250820_162243.csv
2025-08-20 16:28:26 | INFO     | __main__             | _import_rows_to_db   | Imported 10 rows to database
2025-08-20 16:28:26 | INFO     | __main__             | _delete_file         | Successfully deleted file: D:\NOPPALIT\History\Saturn_Acc_Logs\RPB1_20250820_162305.csv
2025-08-20 16:28:26 | INFO     | __main__             | _import_rows_to_db   | Imported 10 rows to database
2025-08-20 16:28:26 | INFO     | __main__             | _delete_file         | Successfully deleted file: D:\NOPPALIT\History\Saturn_Acc_Logs\RPB1_20250820_162316.csv
2025-08-20 16:28:26 | INFO     | __main__             | _import_rows_to_db   | Imported 10 rows to database
2025-08-20 16:28:26 | INFO     | __main__             | _delete_file         | Successfully deleted file: D:\NOPPALIT\History\Saturn_Acc_Logs\RPB1_20250820_162327.csv
2025-08-20 16:28:26 | INFO     | __main__             | _import_rows_to_db   | Imported 10 rows to database
2025-08-20 16:28:26 | INFO     | __main__             | _delete_file         | Successfully deleted file: D:\NOPPALIT\History\Saturn_Acc_Logs\RPB1_20250820_162338.csv
2025-08-20 16:28:26 | INFO     | __main__             | _import_rows_to_db   | Imported 10 rows to database
2025-08-20 16:28:26 | INFO     | __main__             | _delete_file         | Successfully deleted file: D:\NOPPALIT\History\Saturn_Acc_Logs\RPB1_20250820_162349.csv
2025-08-20 16:28:26 | INFO     | __main__             | _import_rows_to_db   | Imported 10 rows to database
2025-08-20 16:28:26 | INFO     | __main__             | _delete_file         | Successfully deleted file: D:\NOPPALIT\History\Saturn_Acc_Logs\RPB1_20250820_162400.csv
2025-08-20 16:28:26 | INFO     | __main__             | _import_rows_to_db   | Imported 10 rows to database
2025-08-20 16:28:26 | INFO     | __main__             | _delete_file         | Successfully deleted file: D:\NOPPALIT\History\Saturn_Acc_Logs\RPB1_20250820_162411.csv
2025-08-20 16:28:26 | INFO     | __main__             | _import_rows_to_db   | Imported 10 rows to database
2025-08-20 16:28:26 | INFO     | __main__             | _delete_file         | Successfully deleted file: D:\NOPPALIT\History\Saturn_Acc_Logs\RPB1_20250820_162422.csv
2025-08-20 16:28:26 | INFO     | __main__             | _import_rows_to_db   | Imported 10 rows to database
2025-08-20 16:28:26 | INFO     | __main__             | _delete_file         | Successfully deleted file: D:\NOPPALIT\History\Saturn_Acc_Logs\RPB1_20250820_162433.csv
2025-08-20 16:28:26 | INFO     | __main__             | _import_rows_to_db   | Imported 10 rows to database
2025-08-20 16:28:26 | INFO     | __main__             | _delete_file         | Successfully deleted file: D:\NOPPALIT\History\Saturn_Acc_Logs\RPB1_20250820_162444.csv
2025-08-20 16:28:26 | INFO     | __main__             | _import_rows_to_db   | Imported 10 rows to database
2025-08-20 16:28:26 | INFO     | __main__             | _delete_file         | Successfully deleted file: D:\NOPPALIT\History\Saturn_Acc_Logs\RPB1_20250820_162455.csv
2025-08-20 16:28:26 | INFO     | __main__             | _import_rows_to_db   | Imported 10 rows to database
2025-08-20 16:28:26 | INFO     | __main__             | _delete_file         | Successfully deleted file: D:\NOPPALIT\History\Saturn_Acc_Logs\RPB1_20250820_162506.csv
2025-08-20 16:28:26 | INFO     | __main__             | _import_rows_to_db   | Imported 10 rows to database
2025-08-20 16:28:26 | INFO     | __main__             | _delete_file         | Successfully deleted file: D:\NOPPALIT\History\Saturn_Acc_Logs\RPB1_20250820_162517.csv
2025-08-20 16:28:26 | INFO     | __main__             | _import_rows_to_db   | Imported 10 rows to database
2025-08-20 16:28:26 | INFO     | __main__             | _delete_file         | Successfully deleted file: D:\NOPPALIT\History\Saturn_Acc_Logs\RPB1_20250820_162528.csv
2025-08-20 16:28:26 | INFO     | __main__             | _import_rows_to_db   | Imported 10 rows to database
2025-08-20 16:28:26 | INFO     | __main__             | _delete_file         | Successfully deleted file: D:\NOPPALIT\History\Saturn_Acc_Logs\RPB1_20250820_162539.csv
2025-08-20 16:28:26 | INFO     | __main__             | _import_rows_to_db   | Imported 10 rows to database
2025-08-20 16:28:26 | INFO     | __main__             | _delete_file         | Successfully deleted file: D:\NOPPALIT\History\Saturn_Acc_Logs\RPB1_20250820_162550.csv
2025-08-20 16:28:26 | INFO     | __main__             | _import_rows_to_db   | Imported 10 rows to database
2025-08-20 16:28:26 | INFO     | __main__             | _delete_file         | Successfully deleted file: D:\NOPPALIT\History\Saturn_Acc_Logs\RPB1_20250820_162601.csv
2025-08-20 16:28:26 | INFO     | __main__             | _import_rows_to_db   | Imported 10 rows to database
2025-08-20 16:28:26 | INFO     | __main__             | _delete_file         | Successfully deleted file: D:\NOPPALIT\History\Saturn_Acc_Logs\RPB1_20250820_162612.csv
2025-08-20 16:28:26 | INFO     | __main__             | _import_rows_to_db   | Imported 10 rows to database
2025-08-20 16:28:26 | INFO     | __main__             | _delete_file         | Successfully deleted file: D:\NOPPALIT\History\Saturn_Acc_Logs\RPB1_20250820_162623.csv
2025-08-20 16:28:26 | INFO     | __main__             | _import_rows_to_db   | Imported 10 rows to database
2025-08-20 16:28:26 | INFO     | __main__             | _delete_file         | Successfully deleted file: D:\NOPPALIT\History\Saturn_Acc_Logs\RPB1_20250820_162802.csv
2025-08-20 16:32:26 | INFO     | __main__             | _import_rows_to_db   | Imported 30 rows to database
2025-08-20 16:32:26 | INFO     | __main__             | _delete_file         | Successfully deleted file: D:\NOPPALIT\History\Saturn_Acc_Logs\IPC1_20250820_162525.csv
2025-08-20 16:32:26 | INFO     | __main__             | _import_rows_to_db   | Imported 30 rows to database
2025-08-20 16:32:26 | INFO     | __main__             | _delete_file         | Successfully deleted file: D:\NOPPALIT\History\Saturn_Acc_Logs\IPC1_20250820_162558.csv
2025-08-20 16:32:26 | INFO     | __main__             | _import_rows_to_db   | Imported 30 rows to database
2025-08-20 16:32:26 | INFO     | __main__             | _delete_file         | Successfully deleted file: D:\NOPPALIT\History\Saturn_Acc_Logs\IPC1_20250820_162631.csv
2025-08-20 16:32:26 | INFO     | __main__             | _import_rows_to_db   | Imported 30 rows to database
2025-08-20 16:32:26 | INFO     | __main__             | _delete_file         | Successfully deleted file: D:\NOPPALIT\History\Saturn_Acc_Logs\IPC1_20250820_162809.csv
2025-08-20 16:32:26 | INFO     | __main__             | _import_rows_to_db   | Imported 30 rows to database
2025-08-20 16:32:26 | INFO     | __main__             | _delete_file         | Successfully deleted file: D:\NOPPALIT\History\Saturn_Acc_Logs\IPC1_20250820_162842.csv
2025-08-20 16:32:26 | INFO     | __main__             | _import_rows_to_db   | Imported 30 rows to database
2025-08-20 16:32:26 | INFO     | __main__             | _delete_file         | Successfully deleted file: D:\NOPPALIT\History\Saturn_Acc_Logs\IPC1_20250820_162915.csv
2025-08-20 16:32:26 | INFO     | __main__             | _import_rows_to_db   | Imported 30 rows to database
2025-08-20 16:32:26 | INFO     | __main__             | _delete_file         | Successfully deleted file: D:\NOPPALIT\History\Saturn_Acc_Logs\IPC1_20250820_162948.csv
2025-08-20 16:32:26 | INFO     | __main__             | _import_rows_to_db   | Imported 30 rows to database
2025-08-20 16:32:26 | INFO     | __main__             | _delete_file         | Successfully deleted file: D:\NOPPALIT\History\Saturn_Acc_Logs\IPC1_20250820_163159.csv
2025-08-20 16:32:26 | INFO     | __main__             | _import_rows_to_db   | Imported 30 rows to database
2025-08-20 16:32:26 | INFO     | __main__             | _delete_file         | Successfully deleted file: D:\NOPPALIT\History\Saturn_Acc_Logs\IPC1_20250820_163232.csv
2025-08-20 16:32:26 | INFO     | __main__             | _import_rows_to_db   | Imported 30 rows to database
2025-08-20 16:32:26 | INFO     | __main__             | _delete_file         | Successfully deleted file: D:\NOPPALIT\History\Saturn_Acc_Logs\RP26_20250820_162610.csv
2025-08-20 16:32:26 | INFO     | __main__             | _import_rows_to_db   | Imported 30 rows to database
2025-08-20 16:32:26 | INFO     | __main__             | _delete_file         | Successfully deleted file: D:\NOPPALIT\History\Saturn_Acc_Logs\RP26_20250820_162645.csv
2025-08-20 16:32:26 | INFO     | __main__             | _import_rows_to_db   | Imported 30 rows to database
2025-08-20 16:32:26 | INFO     | __main__             | _delete_file         | Successfully deleted file: D:\NOPPALIT\History\Saturn_Acc_Logs\RP26_20250820_162720.csv
2025-08-20 16:32:26 | INFO     | __main__             | _import_rows_to_db   | Imported 30 rows to database
2025-08-20 16:32:26 | INFO     | __main__             | _delete_file         | Successfully deleted file: D:\NOPPALIT\History\Saturn_Acc_Logs\RP26_20250820_162755.csv
2025-08-20 16:32:26 | INFO     | __main__             | _import_rows_to_db   | Imported 30 rows to database
2025-08-20 16:32:26 | INFO     | __main__             | _delete_file         | Successfully deleted file: D:\NOPPALIT\History\Saturn_Acc_Logs\RP26_20250820_162831.csv
2025-08-20 16:32:26 | INFO     | __main__             | _import_rows_to_db   | Imported 30 rows to database
2025-08-20 16:32:26 | INFO     | __main__             | _delete_file         | Successfully deleted file: D:\NOPPALIT\History\Saturn_Acc_Logs\RP26_20250820_162905.csv
2025-08-20 16:32:26 | INFO     | __main__             | _import_rows_to_db   | Imported 30 rows to database
2025-08-20 16:32:26 | INFO     | __main__             | _delete_file         | Successfully deleted file: D:\NOPPALIT\History\Saturn_Acc_Logs\RP26_20250820_162940.csv
2025-08-20 16:32:26 | INFO     | __main__             | _import_rows_to_db   | Imported 30 rows to database
2025-08-20 16:32:26 | INFO     | __main__             | _delete_file         | Successfully deleted file: D:\NOPPALIT\History\Saturn_Acc_Logs\RP26_20250820_163015.csv
2025-08-20 16:33:26 | INFO     | __main__             | _import_rows_to_db   | Imported 10 rows to database
2025-08-20 16:33:26 | INFO     | __main__             | _delete_file         | Successfully deleted file: D:\NOPPALIT\History\Saturn_Acc_Logs\RPB1_20250820_162634.csv
2025-08-20 16:33:26 | INFO     | __main__             | _import_rows_to_db   | Imported 10 rows to database
2025-08-20 16:33:26 | INFO     | __main__             | _delete_file         | Successfully deleted file: D:\NOPPALIT\History\Saturn_Acc_Logs\RPB1_20250820_162645.csv
2025-08-20 16:33:26 | INFO     | __main__             | _import_rows_to_db   | Imported 10 rows to database
2025-08-20 16:33:26 | INFO     | __main__             | _delete_file         | Successfully deleted file: D:\NOPPALIT\History\Saturn_Acc_Logs\RPB1_20250820_162656.csv
2025-08-20 16:33:26 | INFO     | __main__             | _import_rows_to_db   | Imported 10 rows to database
2025-08-20 16:33:26 | INFO     | __main__             | _delete_file         | Successfully deleted file: D:\NOPPALIT\History\Saturn_Acc_Logs\RPB1_20250820_162707.csv
2025-08-20 16:33:26 | INFO     | __main__             | _import_rows_to_db   | Imported 10 rows to database
2025-08-20 16:33:26 | INFO     | __main__             | _delete_file         | Successfully deleted file: D:\NOPPALIT\History\Saturn_Acc_Logs\RPB1_20250820_162718.csv
2025-08-20 16:33:26 | INFO     | __main__             | _import_rows_to_db   | Imported 10 rows to database
2025-08-20 16:33:26 | INFO     | __main__             | _delete_file         | Successfully deleted file: D:\NOPPALIT\History\Saturn_Acc_Logs\RPB1_20250820_162729.csv
2025-08-20 16:33:26 | INFO     | __main__             | _import_rows_to_db   | Imported 10 rows to database
2025-08-20 16:33:26 | INFO     | __main__             | _delete_file         | Successfully deleted file: D:\NOPPALIT\History\Saturn_Acc_Logs\RPB1_20250820_162740.csv
2025-08-20 16:33:26 | INFO     | __main__             | _import_rows_to_db   | Imported 10 rows to database
2025-08-20 16:33:26 | INFO     | __main__             | _delete_file         | Successfully deleted file: D:\NOPPALIT\History\Saturn_Acc_Logs\RPB1_20250820_162751.csv
2025-08-20 16:33:26 | INFO     | __main__             | _import_rows_to_db   | Imported 10 rows to database
2025-08-20 16:33:26 | INFO     | __main__             | _delete_file         | Successfully deleted file: D:\NOPPALIT\History\Saturn_Acc_Logs\RPB1_20250820_162813.csv
2025-08-20 16:33:26 | INFO     | __main__             | _import_rows_to_db   | Imported 10 rows to database
2025-08-20 16:33:26 | INFO     | __main__             | _delete_file         | Successfully deleted file: D:\NOPPALIT\History\Saturn_Acc_Logs\RPB1_20250820_162824.csv
2025-08-20 16:33:26 | INFO     | __main__             | _import_rows_to_db   | Imported 10 rows to database
2025-08-20 16:33:26 | INFO     | __main__             | _delete_file         | Successfully deleted file: D:\NOPPALIT\History\Saturn_Acc_Logs\RPB1_20250820_162835.csv
2025-08-20 16:33:26 | INFO     | __main__             | _import_rows_to_db   | Imported 10 rows to database
2025-08-20 16:33:26 | INFO     | __main__             | _delete_file         | Successfully deleted file: D:\NOPPALIT\History\Saturn_Acc_Logs\RPB1_20250820_162846.csv
2025-08-20 16:33:26 | INFO     | __main__             | _import_rows_to_db   | Imported 10 rows to database
2025-08-20 16:33:26 | INFO     | __main__             | _delete_file         | Successfully deleted file: D:\NOPPALIT\History\Saturn_Acc_Logs\RPB1_20250820_162857.csv
2025-08-20 16:33:26 | INFO     | __main__             | _import_rows_to_db   | Imported 10 rows to database
2025-08-20 16:33:26 | INFO     | __main__             | _delete_file         | Successfully deleted file: D:\NOPPALIT\History\Saturn_Acc_Logs\RPB1_20250820_162908.csv
2025-08-20 16:33:26 | INFO     | __main__             | _import_rows_to_db   | Imported 10 rows to database
2025-08-20 16:33:26 | INFO     | __main__             | _delete_file         | Successfully deleted file: D:\NOPPALIT\History\Saturn_Acc_Logs\RPB1_20250820_162919.csv
2025-08-20 16:33:26 | INFO     | __main__             | _import_rows_to_db   | Imported 10 rows to database
2025-08-20 16:33:26 | INFO     | __main__             | _delete_file         | Successfully deleted file: D:\NOPPALIT\History\Saturn_Acc_Logs\RPB1_20250820_162930.csv
2025-08-20 16:33:26 | INFO     | __main__             | _import_rows_to_db   | Imported 10 rows to database
2025-08-20 16:33:26 | INFO     | __main__             | _delete_file         | Successfully deleted file: D:\NOPPALIT\History\Saturn_Acc_Logs\RPB1_20250820_162941.csv
2025-08-20 16:33:26 | INFO     | __main__             | _import_rows_to_db   | Imported 10 rows to database
2025-08-20 16:33:26 | INFO     | __main__             | _delete_file         | Successfully deleted file: D:\NOPPALIT\History\Saturn_Acc_Logs\RPB1_20250820_162952.csv
2025-08-20 16:33:26 | INFO     | __main__             | _import_rows_to_db   | Imported 10 rows to database
2025-08-20 16:33:26 | INFO     | __main__             | _delete_file         | Successfully deleted file: D:\NOPPALIT\History\Saturn_Acc_Logs\RPB1_20250820_163003.csv
2025-08-20 16:33:26 | INFO     | __main__             | _import_rows_to_db   | Imported 5 rows to database
2025-08-20 16:33:26 | INFO     | __main__             | _delete_file         | Successfully deleted file: D:\NOPPALIT\History\Saturn_Acc_Logs\RPB1_20250820_163010.csv
2025-08-20 16:35:23 | INFO     | __main__             | start                | Service interrupted by user
2025-08-20 16:35:23 | INFO     | __main__             | close                | Connection pool closed
2025-08-20 16:35:23 | INFO     | __main__             | cleanup              | Service cleanup completed
