2025-08-13 15:44:27 | INFO     | __main__             | _load_config         | Configuration loaded from config.yaml
2025-08-13 15:44:27 | INFO     | __main__             | _init_connection_pool | Connection pool initialized successfully
2025-08-13 15:44:27 | INFO     | __main__             | __init__             | CSV source directory: D:\NOPPALIT\History\Saturn_Acc_Logs
2025-08-13 15:44:27 | INFO     | __main__             | __init__             | Export directory: D:\NOPPALIT\History\Saturn_Acc_Logs
2025-08-13 15:44:27 | INFO     | __main__             | init_db              | Database initialized successfully
2025-08-13 15:44:27 | INFO     | __main__             | start                | Starting CSV processing service every 1 minutes...
2025-08-13 15:44:27 | INFO     | __main__             | start                | CSV source directory: D:\NOPPALIT\History\Saturn_Acc_Logs
2025-08-13 15:44:27 | INFO     | __main__             | start                | Delete after export: True
2025-08-13 15:45:27 | WARNING  | __main__             | _parse_csv_row       | Failed to parse CSV row: could not convert string to float: 'IPC1'
2025-08-13 15:45:27 | WARNING  | __main__             | _parse_csv_row       | Failed to parse CSV row: could not convert string to float: 'IPC1'
2025-08-13 15:45:27 | WARNING  | __main__             | _parse_csv_row       | Failed to parse CSV row: could not convert string to float: 'IPC1'
2025-08-13 15:45:27 | WARNING  | __main__             | _parse_csv_row       | Failed to parse CSV row: could not convert string to float: 'IPC1'
2025-08-13 15:45:27 | WARNING  | __main__             | _parse_csv_row       | Failed to parse CSV row: could not convert string to float: 'IPC1'
2025-08-13 15:45:27 | WARNING  | __main__             | _parse_csv_row       | Failed to parse CSV row: could not convert string to float: 'IPC1'
2025-08-13 15:45:27 | WARNING  | __main__             | _parse_csv_row       | Failed to parse CSV row: could not convert string to float: 'IPC1'
2025-08-13 15:45:27 | WARNING  | __main__             | _parse_csv_row       | Failed to parse CSV row: could not convert string to float: 'IPC1'
2025-08-13 15:45:27 | WARNING  | __main__             | _parse_csv_row       | Failed to parse CSV row: could not convert string to float: 'IPC1'
2025-08-13 15:45:27 | WARNING  | __main__             | _parse_csv_row       | Failed to parse CSV row: could not convert string to float: 'IPC1'
2025-08-13 15:45:27 | INFO     | __main__             | _delete_file         | Successfully deleted file: D:\NOPPALIT\History\Saturn_Acc_Logs\IPC1_20250813_153747.csv
2025-08-13 15:45:27 | WARNING  | __main__             | _parse_csv_row       | Failed to parse CSV row: could not convert string to float: 'IPC1'
2025-08-13 15:45:27 | WARNING  | __main__             | _parse_csv_row       | Failed to parse CSV row: could not convert string to float: 'IPC1'
2025-08-13 15:45:27 | WARNING  | __main__             | _parse_csv_row       | Failed to parse CSV row: could not convert string to float: 'IPC1'
2025-08-13 15:45:27 | WARNING  | __main__             | _parse_csv_row       | Failed to parse CSV row: could not convert string to float: 'IPC1'
2025-08-13 15:45:27 | WARNING  | __main__             | _parse_csv_row       | Failed to parse CSV row: could not convert string to float: 'IPC1'
2025-08-13 15:45:27 | WARNING  | __main__             | _parse_csv_row       | Failed to parse CSV row: could not convert string to float: 'IPC1'
2025-08-13 15:45:27 | WARNING  | __main__             | _parse_csv_row       | Failed to parse CSV row: could not convert string to float: 'IPC1'
2025-08-13 15:45:27 | WARNING  | __main__             | _parse_csv_row       | Failed to parse CSV row: could not convert string to float: 'IPC1'
2025-08-13 15:45:27 | WARNING  | __main__             | _parse_csv_row       | Failed to parse CSV row: could not convert string to float: 'IPC1'
2025-08-13 15:45:27 | WARNING  | __main__             | _parse_csv_row       | Failed to parse CSV row: could not convert string to float: 'IPC1'
2025-08-13 15:45:27 | INFO     | __main__             | _delete_file         | Successfully deleted file: D:\NOPPALIT\History\Saturn_Acc_Logs\IPC1_20250813_153758.csv
2025-08-13 15:45:27 | WARNING  | __main__             | _parse_csv_row       | Failed to parse CSV row: could not convert string to float: 'IPC1'
2025-08-13 15:45:27 | WARNING  | __main__             | _parse_csv_row       | Failed to parse CSV row: could not convert string to float: 'IPC1'
2025-08-13 15:45:27 | WARNING  | __main__             | _parse_csv_row       | Failed to parse CSV row: could not convert string to float: 'IPC1'
2025-08-13 15:45:27 | WARNING  | __main__             | _parse_csv_row       | Failed to parse CSV row: could not convert string to float: 'IPC1'
2025-08-13 15:45:27 | WARNING  | __main__             | _parse_csv_row       | Failed to parse CSV row: could not convert string to float: 'IPC1'
2025-08-13 15:45:27 | WARNING  | __main__             | _parse_csv_row       | Failed to parse CSV row: could not convert string to float: 'IPC1'
2025-08-13 15:45:27 | WARNING  | __main__             | _parse_csv_row       | Failed to parse CSV row: could not convert string to float: 'IPC1'
2025-08-13 15:45:27 | WARNING  | __main__             | _parse_csv_row       | Failed to parse CSV row: could not convert string to float: 'IPC1'
2025-08-13 15:45:27 | WARNING  | __main__             | _parse_csv_row       | Failed to parse CSV row: could not convert string to float: 'IPC1'
2025-08-13 15:45:27 | WARNING  | __main__             | _parse_csv_row       | Failed to parse CSV row: could not convert string to float: 'IPC1'
2025-08-13 15:45:27 | INFO     | __main__             | _delete_file         | Successfully deleted file: D:\NOPPALIT\History\Saturn_Acc_Logs\IPC1_20250813_153809.csv
2025-08-13 15:45:27 | WARNING  | __main__             | _parse_csv_row       | Failed to parse CSV row: could not convert string to float: 'IPC1'
2025-08-13 15:45:27 | WARNING  | __main__             | _parse_csv_row       | Failed to parse CSV row: could not convert string to float: 'IPC1'
2025-08-13 15:45:27 | WARNING  | __main__             | _parse_csv_row       | Failed to parse CSV row: could not convert string to float: 'IPC1'
2025-08-13 15:45:27 | WARNING  | __main__             | _parse_csv_row       | Failed to parse CSV row: could not convert string to float: 'IPC1'
2025-08-13 15:45:27 | WARNING  | __main__             | _parse_csv_row       | Failed to parse CSV row: could not convert string to float: 'IPC1'
2025-08-13 15:45:27 | WARNING  | __main__             | _parse_csv_row       | Failed to parse CSV row: could not convert string to float: 'IPC1'
2025-08-13 15:45:27 | WARNING  | __main__             | _parse_csv_row       | Failed to parse CSV row: could not convert string to float: 'IPC1'
2025-08-13 15:45:27 | WARNING  | __main__             | _parse_csv_row       | Failed to parse CSV row: could not convert string to float: 'IPC1'
2025-08-13 15:45:27 | WARNING  | __main__             | _parse_csv_row       | Failed to parse CSV row: could not convert string to float: 'IPC1'
2025-08-13 15:45:27 | WARNING  | __main__             | _parse_csv_row       | Failed to parse CSV row: could not convert string to float: 'IPC1'
2025-08-13 15:45:27 | INFO     | __main__             | _delete_file         | Successfully deleted file: D:\NOPPALIT\History\Saturn_Acc_Logs\IPC1_20250813_153821.csv
2025-08-13 15:45:27 | WARNING  | __main__             | _parse_csv_row       | Failed to parse CSV row: could not convert string to float: 'IPC1'
2025-08-13 15:45:27 | WARNING  | __main__             | _parse_csv_row       | Failed to parse CSV row: could not convert string to float: 'IPC1'
2025-08-13 15:45:27 | WARNING  | __main__             | _parse_csv_row       | Failed to parse CSV row: could not convert string to float: 'IPC1'
2025-08-13 15:45:27 | WARNING  | __main__             | _parse_csv_row       | Failed to parse CSV row: could not convert string to float: 'IPC1'
2025-08-13 15:45:27 | WARNING  | __main__             | _parse_csv_row       | Failed to parse CSV row: could not convert string to float: 'IPC1'
2025-08-13 15:45:27 | WARNING  | __main__             | _parse_csv_row       | Failed to parse CSV row: could not convert string to float: 'IPC1'
2025-08-13 15:45:27 | WARNING  | __main__             | _parse_csv_row       | Failed to parse CSV row: could not convert string to float: 'IPC1'
2025-08-13 15:45:27 | WARNING  | __main__             | _parse_csv_row       | Failed to parse CSV row: could not convert string to float: 'IPC1'
2025-08-13 15:45:27 | WARNING  | __main__             | _parse_csv_row       | Failed to parse CSV row: could not convert string to float: 'IPC1'
2025-08-13 15:45:27 | WARNING  | __main__             | _parse_csv_row       | Failed to parse CSV row: could not convert string to float: 'IPC1'
2025-08-13 15:45:27 | INFO     | __main__             | _delete_file         | Successfully deleted file: D:\NOPPALIT\History\Saturn_Acc_Logs\IPC1_20250813_153832.csv
2025-08-13 15:45:27 | WARNING  | __main__             | _parse_csv_row       | Failed to parse CSV row: could not convert string to float: 'IPC1'
2025-08-13 15:45:27 | WARNING  | __main__             | _parse_csv_row       | Failed to parse CSV row: could not convert string to float: 'IPC1'
2025-08-13 15:45:27 | WARNING  | __main__             | _parse_csv_row       | Failed to parse CSV row: could not convert string to float: 'IPC1'
2025-08-13 15:45:27 | WARNING  | __main__             | _parse_csv_row       | Failed to parse CSV row: could not convert string to float: 'IPC1'
2025-08-13 15:45:27 | WARNING  | __main__             | _parse_csv_row       | Failed to parse CSV row: could not convert string to float: 'IPC1'
2025-08-13 15:45:27 | WARNING  | __main__             | _parse_csv_row       | Failed to parse CSV row: could not convert string to float: 'IPC1'
2025-08-13 15:45:27 | WARNING  | __main__             | _parse_csv_row       | Failed to parse CSV row: could not convert string to float: 'IPC1'
2025-08-13 15:45:27 | WARNING  | __main__             | _parse_csv_row       | Failed to parse CSV row: could not convert string to float: 'IPC1'
2025-08-13 15:45:27 | WARNING  | __main__             | _parse_csv_row       | Failed to parse CSV row: could not convert string to float: 'IPC1'
2025-08-13 15:45:27 | WARNING  | __main__             | _parse_csv_row       | Failed to parse CSV row: could not convert string to float: 'IPC1'
2025-08-13 15:45:27 | INFO     | __main__             | _delete_file         | Successfully deleted file: D:\NOPPALIT\History\Saturn_Acc_Logs\IPC1_20250813_153843.csv
2025-08-13 15:45:27 | WARNING  | __main__             | _parse_csv_row       | Failed to parse CSV row: could not convert string to float: 'IPC1'
2025-08-13 15:45:27 | WARNING  | __main__             | _parse_csv_row       | Failed to parse CSV row: could not convert string to float: 'IPC1'
2025-08-13 15:45:27 | WARNING  | __main__             | _parse_csv_row       | Failed to parse CSV row: could not convert string to float: 'IPC1'
2025-08-13 15:45:27 | WARNING  | __main__             | _parse_csv_row       | Failed to parse CSV row: could not convert string to float: 'IPC1'
2025-08-13 15:45:27 | WARNING  | __main__             | _parse_csv_row       | Failed to parse CSV row: could not convert string to float: 'IPC1'
2025-08-13 15:45:27 | WARNING  | __main__             | _parse_csv_row       | Failed to parse CSV row: could not convert string to float: 'IPC1'
2025-08-13 15:45:27 | WARNING  | __main__             | _parse_csv_row       | Failed to parse CSV row: could not convert string to float: 'IPC1'
2025-08-13 15:45:27 | WARNING  | __main__             | _parse_csv_row       | Failed to parse CSV row: could not convert string to float: 'IPC1'
2025-08-13 15:45:27 | WARNING  | __main__             | _parse_csv_row       | Failed to parse CSV row: could not convert string to float: 'IPC1'
2025-08-13 15:45:27 | WARNING  | __main__             | _parse_csv_row       | Failed to parse CSV row: could not convert string to float: 'IPC1'
2025-08-13 15:45:27 | INFO     | __main__             | _delete_file         | Successfully deleted file: D:\NOPPALIT\History\Saturn_Acc_Logs\IPC1_20250813_153854.csv
2025-08-13 15:45:27 | WARNING  | __main__             | _parse_csv_row       | Failed to parse CSV row: could not convert string to float: 'IPC1'
2025-08-13 15:45:27 | WARNING  | __main__             | _parse_csv_row       | Failed to parse CSV row: could not convert string to float: 'IPC1'
2025-08-13 15:45:27 | WARNING  | __main__             | _parse_csv_row       | Failed to parse CSV row: could not convert string to float: 'IPC1'
2025-08-13 15:45:27 | WARNING  | __main__             | _parse_csv_row       | Failed to parse CSV row: could not convert string to float: 'IPC1'
2025-08-13 15:45:27 | WARNING  | __main__             | _parse_csv_row       | Failed to parse CSV row: could not convert string to float: 'IPC1'
2025-08-13 15:45:27 | WARNING  | __main__             | _parse_csv_row       | Failed to parse CSV row: could not convert string to float: 'IPC1'
2025-08-13 15:45:27 | WARNING  | __main__             | _parse_csv_row       | Failed to parse CSV row: could not convert string to float: 'IPC1'
2025-08-13 15:45:27 | WARNING  | __main__             | _parse_csv_row       | Failed to parse CSV row: could not convert string to float: 'IPC1'
2025-08-13 15:45:27 | WARNING  | __main__             | _parse_csv_row       | Failed to parse CSV row: could not convert string to float: 'IPC1'
2025-08-13 15:45:27 | WARNING  | __main__             | _parse_csv_row       | Failed to parse CSV row: could not convert string to float: 'IPC1'
2025-08-13 15:45:27 | INFO     | __main__             | _delete_file         | Successfully deleted file: D:\NOPPALIT\History\Saturn_Acc_Logs\IPC1_20250813_153905.csv
2025-08-13 15:45:27 | WARNING  | __main__             | _parse_csv_row       | Failed to parse CSV row: could not convert string to float: 'IPC1'
2025-08-13 15:45:27 | WARNING  | __main__             | _parse_csv_row       | Failed to parse CSV row: could not convert string to float: 'IPC1'
2025-08-13 15:45:27 | WARNING  | __main__             | _parse_csv_row       | Failed to parse CSV row: could not convert string to float: 'IPC1'
2025-08-13 15:45:27 | WARNING  | __main__             | _parse_csv_row       | Failed to parse CSV row: could not convert string to float: 'IPC1'
2025-08-13 15:45:27 | WARNING  | __main__             | _parse_csv_row       | Failed to parse CSV row: could not convert string to float: 'IPC1'
2025-08-13 15:45:27 | WARNING  | __main__             | _parse_csv_row       | Failed to parse CSV row: could not convert string to float: 'IPC1'
2025-08-13 15:45:27 | WARNING  | __main__             | _parse_csv_row       | Failed to parse CSV row: could not convert string to float: 'IPC1'
2025-08-13 15:45:27 | WARNING  | __main__             | _parse_csv_row       | Failed to parse CSV row: could not convert string to float: 'IPC1'
2025-08-13 15:45:27 | WARNING  | __main__             | _parse_csv_row       | Failed to parse CSV row: could not convert string to float: 'IPC1'
2025-08-13 15:45:27 | WARNING  | __main__             | _parse_csv_row       | Failed to parse CSV row: could not convert string to float: 'IPC1'
2025-08-13 15:45:27 | INFO     | __main__             | _delete_file         | Successfully deleted file: D:\NOPPALIT\History\Saturn_Acc_Logs\IPC1_20250813_154023.csv
2025-08-13 15:45:27 | WARNING  | __main__             | _parse_csv_row       | Failed to parse CSV row: could not convert string to float: 'IPC1'
2025-08-13 15:45:27 | WARNING  | __main__             | _parse_csv_row       | Failed to parse CSV row: could not convert string to float: 'IPC1'
2025-08-13 15:45:27 | WARNING  | __main__             | _parse_csv_row       | Failed to parse CSV row: could not convert string to float: 'IPC1'
2025-08-13 15:45:27 | WARNING  | __main__             | _parse_csv_row       | Failed to parse CSV row: could not convert string to float: 'IPC1'
2025-08-13 15:45:27 | WARNING  | __main__             | _parse_csv_row       | Failed to parse CSV row: could not convert string to float: 'IPC1'
2025-08-13 15:45:27 | WARNING  | __main__             | _parse_csv_row       | Failed to parse CSV row: could not convert string to float: 'IPC1'
2025-08-13 15:45:27 | WARNING  | __main__             | _parse_csv_row       | Failed to parse CSV row: could not convert string to float: 'IPC1'
2025-08-13 15:45:27 | WARNING  | __main__             | _parse_csv_row       | Failed to parse CSV row: could not convert string to float: 'IPC1'
2025-08-13 15:45:27 | WARNING  | __main__             | _parse_csv_row       | Failed to parse CSV row: could not convert string to float: 'IPC1'
2025-08-13 15:45:27 | WARNING  | __main__             | _parse_csv_row       | Failed to parse CSV row: could not convert string to float: 'IPC1'
2025-08-13 15:45:27 | INFO     | __main__             | _delete_file         | Successfully deleted file: D:\NOPPALIT\History\Saturn_Acc_Logs\IPC1_20250813_154034.csv
2025-08-13 15:45:27 | WARNING  | __main__             | _parse_csv_row       | Failed to parse CSV row: could not convert string to float: 'IPC1'
2025-08-13 15:45:27 | WARNING  | __main__             | _parse_csv_row       | Failed to parse CSV row: could not convert string to float: 'IPC1'
2025-08-13 15:45:27 | WARNING  | __main__             | _parse_csv_row       | Failed to parse CSV row: could not convert string to float: 'IPC1'
2025-08-13 15:45:27 | WARNING  | __main__             | _parse_csv_row       | Failed to parse CSV row: could not convert string to float: 'IPC1'
2025-08-13 15:45:27 | WARNING  | __main__             | _parse_csv_row       | Failed to parse CSV row: could not convert string to float: 'IPC1'
2025-08-13 15:45:27 | WARNING  | __main__             | _parse_csv_row       | Failed to parse CSV row: could not convert string to float: 'IPC1'
2025-08-13 15:45:27 | WARNING  | __main__             | _parse_csv_row       | Failed to parse CSV row: could not convert string to float: 'IPC1'
2025-08-13 15:45:27 | WARNING  | __main__             | _parse_csv_row       | Failed to parse CSV row: could not convert string to float: 'IPC1'
2025-08-13 15:45:27 | WARNING  | __main__             | _parse_csv_row       | Failed to parse CSV row: could not convert string to float: 'IPC1'
2025-08-13 15:45:27 | WARNING  | __main__             | _parse_csv_row       | Failed to parse CSV row: could not convert string to float: 'IPC1'
2025-08-13 15:45:27 | INFO     | __main__             | _delete_file         | Successfully deleted file: D:\NOPPALIT\History\Saturn_Acc_Logs\IPC1_20250813_154045.csv
2025-08-13 15:45:27 | WARNING  | __main__             | _parse_csv_row       | Failed to parse CSV row: could not convert string to float: 'IPC1'
2025-08-13 15:45:27 | WARNING  | __main__             | _parse_csv_row       | Failed to parse CSV row: could not convert string to float: 'IPC1'
2025-08-13 15:45:27 | WARNING  | __main__             | _parse_csv_row       | Failed to parse CSV row: could not convert string to float: 'IPC1'
2025-08-13 15:45:27 | WARNING  | __main__             | _parse_csv_row       | Failed to parse CSV row: could not convert string to float: 'IPC1'
2025-08-13 15:45:27 | WARNING  | __main__             | _parse_csv_row       | Failed to parse CSV row: could not convert string to float: 'IPC1'
2025-08-13 15:45:27 | WARNING  | __main__             | _parse_csv_row       | Failed to parse CSV row: could not convert string to float: 'IPC1'
2025-08-13 15:45:27 | WARNING  | __main__             | _parse_csv_row       | Failed to parse CSV row: could not convert string to float: 'IPC1'
2025-08-13 15:45:27 | WARNING  | __main__             | _parse_csv_row       | Failed to parse CSV row: could not convert string to float: 'IPC1'
2025-08-13 15:45:27 | WARNING  | __main__             | _parse_csv_row       | Failed to parse CSV row: could not convert string to float: 'IPC1'
2025-08-13 15:45:27 | WARNING  | __main__             | _parse_csv_row       | Failed to parse CSV row: could not convert string to float: 'IPC1'
2025-08-13 15:45:27 | INFO     | __main__             | _delete_file         | Successfully deleted file: D:\NOPPALIT\History\Saturn_Acc_Logs\IPC1_20250813_154056.csv
2025-08-13 15:45:27 | WARNING  | __main__             | _parse_csv_row       | Failed to parse CSV row: could not convert string to float: 'IPC1'
2025-08-13 15:45:27 | WARNING  | __main__             | _parse_csv_row       | Failed to parse CSV row: could not convert string to float: 'IPC1'
2025-08-13 15:45:27 | WARNING  | __main__             | _parse_csv_row       | Failed to parse CSV row: could not convert string to float: 'IPC1'
2025-08-13 15:45:27 | WARNING  | __main__             | _parse_csv_row       | Failed to parse CSV row: could not convert string to float: 'IPC1'
2025-08-13 15:45:27 | WARNING  | __main__             | _parse_csv_row       | Failed to parse CSV row: could not convert string to float: 'IPC1'
2025-08-13 15:45:27 | WARNING  | __main__             | _parse_csv_row       | Failed to parse CSV row: could not convert string to float: 'IPC1'
2025-08-13 15:45:27 | WARNING  | __main__             | _parse_csv_row       | Failed to parse CSV row: could not convert string to float: 'IPC1'
2025-08-13 15:45:27 | WARNING  | __main__             | _parse_csv_row       | Failed to parse CSV row: could not convert string to float: 'IPC1'
2025-08-13 15:45:27 | WARNING  | __main__             | _parse_csv_row       | Failed to parse CSV row: could not convert string to float: 'IPC1'
2025-08-13 15:45:27 | WARNING  | __main__             | _parse_csv_row       | Failed to parse CSV row: could not convert string to float: 'IPC1'
2025-08-13 15:45:27 | INFO     | __main__             | _delete_file         | Successfully deleted file: D:\NOPPALIT\History\Saturn_Acc_Logs\IPC1_20250813_154107.csv
2025-08-13 15:45:27 | WARNING  | __main__             | _parse_csv_row       | Failed to parse CSV row: could not convert string to float: 'IPC1'
2025-08-13 15:45:27 | WARNING  | __main__             | _parse_csv_row       | Failed to parse CSV row: could not convert string to float: 'IPC1'
2025-08-13 15:45:27 | WARNING  | __main__             | _parse_csv_row       | Failed to parse CSV row: could not convert string to float: 'IPC1'
2025-08-13 15:45:27 | WARNING  | __main__             | _parse_csv_row       | Failed to parse CSV row: could not convert string to float: 'IPC1'
2025-08-13 15:45:27 | WARNING  | __main__             | _parse_csv_row       | Failed to parse CSV row: could not convert string to float: 'IPC1'
2025-08-13 15:45:27 | WARNING  | __main__             | _parse_csv_row       | Failed to parse CSV row: could not convert string to float: 'IPC1'
2025-08-13 15:45:27 | WARNING  | __main__             | _parse_csv_row       | Failed to parse CSV row: could not convert string to float: 'IPC1'
2025-08-13 15:45:27 | WARNING  | __main__             | _parse_csv_row       | Failed to parse CSV row: could not convert string to float: 'IPC1'
2025-08-13 15:45:27 | WARNING  | __main__             | _parse_csv_row       | Failed to parse CSV row: could not convert string to float: 'IPC1'
2025-08-13 15:45:27 | WARNING  | __main__             | _parse_csv_row       | Failed to parse CSV row: could not convert string to float: 'IPC1'
2025-08-13 15:45:27 | INFO     | __main__             | _delete_file         | Successfully deleted file: D:\NOPPALIT\History\Saturn_Acc_Logs\IPC1_20250813_154118.csv
2025-08-13 15:45:27 | WARNING  | __main__             | _parse_csv_row       | Failed to parse CSV row: could not convert string to float: 'IPC1'
2025-08-13 15:45:27 | WARNING  | __main__             | _parse_csv_row       | Failed to parse CSV row: could not convert string to float: 'IPC1'
2025-08-13 15:45:27 | WARNING  | __main__             | _parse_csv_row       | Failed to parse CSV row: could not convert string to float: 'IPC1'
2025-08-13 15:45:27 | WARNING  | __main__             | _parse_csv_row       | Failed to parse CSV row: could not convert string to float: 'IPC1'
2025-08-13 15:45:27 | WARNING  | __main__             | _parse_csv_row       | Failed to parse CSV row: could not convert string to float: 'IPC1'
2025-08-13 15:45:27 | WARNING  | __main__             | _parse_csv_row       | Failed to parse CSV row: could not convert string to float: 'IPC1'
2025-08-13 15:45:27 | WARNING  | __main__             | _parse_csv_row       | Failed to parse CSV row: could not convert string to float: 'IPC1'
2025-08-13 15:45:27 | WARNING  | __main__             | _parse_csv_row       | Failed to parse CSV row: could not convert string to float: 'IPC1'
2025-08-13 15:45:27 | WARNING  | __main__             | _parse_csv_row       | Failed to parse CSV row: could not convert string to float: 'IPC1'
2025-08-13 15:45:27 | WARNING  | __main__             | _parse_csv_row       | Failed to parse CSV row: could not convert string to float: 'IPC1'
2025-08-13 15:45:27 | INFO     | __main__             | _delete_file         | Successfully deleted file: D:\NOPPALIT\History\Saturn_Acc_Logs\IPC1_20250813_154129.csv
2025-08-13 15:45:27 | WARNING  | __main__             | _parse_csv_row       | Failed to parse CSV row: could not convert string to float: 'IPC1'
2025-08-13 15:45:27 | WARNING  | __main__             | _parse_csv_row       | Failed to parse CSV row: could not convert string to float: 'IPC1'
2025-08-13 15:45:27 | WARNING  | __main__             | _parse_csv_row       | Failed to parse CSV row: could not convert string to float: 'IPC1'
2025-08-13 15:45:27 | WARNING  | __main__             | _parse_csv_row       | Failed to parse CSV row: could not convert string to float: 'IPC1'
2025-08-13 15:45:27 | WARNING  | __main__             | _parse_csv_row       | Failed to parse CSV row: could not convert string to float: 'IPC1'
2025-08-13 15:45:27 | WARNING  | __main__             | _parse_csv_row       | Failed to parse CSV row: could not convert string to float: 'IPC1'
2025-08-13 15:45:27 | WARNING  | __main__             | _parse_csv_row       | Failed to parse CSV row: could not convert string to float: 'IPC1'
2025-08-13 15:45:27 | WARNING  | __main__             | _parse_csv_row       | Failed to parse CSV row: could not convert string to float: 'IPC1'
2025-08-13 15:45:27 | WARNING  | __main__             | _parse_csv_row       | Failed to parse CSV row: could not convert string to float: 'IPC1'
2025-08-13 15:45:27 | WARNING  | __main__             | _parse_csv_row       | Failed to parse CSV row: could not convert string to float: 'IPC1'
2025-08-13 15:45:27 | INFO     | __main__             | _delete_file         | Successfully deleted file: D:\NOPPALIT\History\Saturn_Acc_Logs\IPC1_20250813_154140.csv
2025-08-13 15:45:27 | WARNING  | __main__             | _parse_csv_row       | Failed to parse CSV row: could not convert string to float: 'IPC1'
2025-08-13 15:45:27 | WARNING  | __main__             | _parse_csv_row       | Failed to parse CSV row: could not convert string to float: 'IPC1'
2025-08-13 15:45:27 | WARNING  | __main__             | _parse_csv_row       | Failed to parse CSV row: could not convert string to float: 'IPC1'
2025-08-13 15:45:27 | WARNING  | __main__             | _parse_csv_row       | Failed to parse CSV row: could not convert string to float: 'IPC1'
2025-08-13 15:45:27 | WARNING  | __main__             | _parse_csv_row       | Failed to parse CSV row: could not convert string to float: 'IPC1'
2025-08-13 15:45:27 | WARNING  | __main__             | _parse_csv_row       | Failed to parse CSV row: could not convert string to float: 'IPC1'
2025-08-13 15:45:27 | WARNING  | __main__             | _parse_csv_row       | Failed to parse CSV row: could not convert string to float: 'IPC1'
2025-08-13 15:45:27 | WARNING  | __main__             | _parse_csv_row       | Failed to parse CSV row: could not convert string to float: 'IPC1'
2025-08-13 15:45:27 | WARNING  | __main__             | _parse_csv_row       | Failed to parse CSV row: could not convert string to float: 'IPC1'
2025-08-13 15:45:27 | WARNING  | __main__             | _parse_csv_row       | Failed to parse CSV row: could not convert string to float: 'IPC1'
2025-08-13 15:45:27 | INFO     | __main__             | _delete_file         | Successfully deleted file: D:\NOPPALIT\History\Saturn_Acc_Logs\IPC1_20250813_154151.csv
2025-08-13 15:45:27 | WARNING  | __main__             | _parse_csv_row       | Failed to parse CSV row: could not convert string to float: 'IPC1'
2025-08-13 15:45:27 | WARNING  | __main__             | _parse_csv_row       | Failed to parse CSV row: could not convert string to float: 'IPC1'
2025-08-13 15:45:27 | WARNING  | __main__             | _parse_csv_row       | Failed to parse CSV row: could not convert string to float: 'IPC1'
2025-08-13 15:45:27 | WARNING  | __main__             | _parse_csv_row       | Failed to parse CSV row: could not convert string to float: 'IPC1'
2025-08-13 15:45:27 | WARNING  | __main__             | _parse_csv_row       | Failed to parse CSV row: could not convert string to float: 'IPC1'
2025-08-13 15:45:27 | WARNING  | __main__             | _parse_csv_row       | Failed to parse CSV row: could not convert string to float: 'IPC1'
2025-08-13 15:45:27 | WARNING  | __main__             | _parse_csv_row       | Failed to parse CSV row: could not convert string to float: 'IPC1'
2025-08-13 15:45:27 | WARNING  | __main__             | _parse_csv_row       | Failed to parse CSV row: could not convert string to float: 'IPC1'
2025-08-13 15:45:27 | WARNING  | __main__             | _parse_csv_row       | Failed to parse CSV row: could not convert string to float: 'IPC1'
2025-08-13 15:45:27 | WARNING  | __main__             | _parse_csv_row       | Failed to parse CSV row: could not convert string to float: 'IPC1'
2025-08-13 15:45:27 | INFO     | __main__             | _delete_file         | Successfully deleted file: D:\NOPPALIT\History\Saturn_Acc_Logs\IPC1_20250813_154202.csv
2025-08-13 15:45:27 | WARNING  | __main__             | _parse_csv_row       | Failed to parse CSV row: could not convert string to float: 'IPC1'
2025-08-13 15:45:27 | WARNING  | __main__             | _parse_csv_row       | Failed to parse CSV row: could not convert string to float: 'IPC1'
2025-08-13 15:45:27 | WARNING  | __main__             | _parse_csv_row       | Failed to parse CSV row: could not convert string to float: 'IPC1'
2025-08-13 15:45:27 | WARNING  | __main__             | _parse_csv_row       | Failed to parse CSV row: could not convert string to float: 'IPC1'
2025-08-13 15:45:27 | WARNING  | __main__             | _parse_csv_row       | Failed to parse CSV row: could not convert string to float: 'IPC1'
2025-08-13 15:45:27 | WARNING  | __main__             | _parse_csv_row       | Failed to parse CSV row: could not convert string to float: 'IPC1'
2025-08-13 15:45:27 | WARNING  | __main__             | _parse_csv_row       | Failed to parse CSV row: could not convert string to float: 'IPC1'
2025-08-13 15:45:27 | WARNING  | __main__             | _parse_csv_row       | Failed to parse CSV row: could not convert string to float: 'IPC1'
2025-08-13 15:45:27 | WARNING  | __main__             | _parse_csv_row       | Failed to parse CSV row: could not convert string to float: 'IPC1'
2025-08-13 15:45:27 | WARNING  | __main__             | _parse_csv_row       | Failed to parse CSV row: could not convert string to float: 'IPC1'
2025-08-13 15:45:27 | INFO     | __main__             | _delete_file         | Successfully deleted file: D:\NOPPALIT\History\Saturn_Acc_Logs\IPC1_20250813_154213.csv
2025-08-13 15:45:27 | WARNING  | __main__             | _parse_csv_row       | Failed to parse CSV row: could not convert string to float: 'IPC1'
2025-08-13 15:45:27 | WARNING  | __main__             | _parse_csv_row       | Failed to parse CSV row: could not convert string to float: 'IPC1'
2025-08-13 15:45:27 | WARNING  | __main__             | _parse_csv_row       | Failed to parse CSV row: could not convert string to float: 'IPC1'
2025-08-13 15:45:27 | WARNING  | __main__             | _parse_csv_row       | Failed to parse CSV row: could not convert string to float: 'IPC1'
2025-08-13 15:45:27 | WARNING  | __main__             | _parse_csv_row       | Failed to parse CSV row: could not convert string to float: 'IPC1'
2025-08-13 15:45:27 | WARNING  | __main__             | _parse_csv_row       | Failed to parse CSV row: could not convert string to float: 'IPC1'
2025-08-13 15:45:27 | WARNING  | __main__             | _parse_csv_row       | Failed to parse CSV row: could not convert string to float: 'IPC1'
2025-08-13 15:45:27 | WARNING  | __main__             | _parse_csv_row       | Failed to parse CSV row: could not convert string to float: 'IPC1'
2025-08-13 15:45:27 | WARNING  | __main__             | _parse_csv_row       | Failed to parse CSV row: could not convert string to float: 'IPC1'
2025-08-13 15:45:27 | WARNING  | __main__             | _parse_csv_row       | Failed to parse CSV row: could not convert string to float: 'IPC1'
2025-08-13 15:45:27 | INFO     | __main__             | _delete_file         | Successfully deleted file: D:\NOPPALIT\History\Saturn_Acc_Logs\IPC1_20250813_154225.csv
2025-08-13 15:45:27 | WARNING  | __main__             | _parse_csv_row       | Failed to parse CSV row: could not convert string to float: 'IPC1'
2025-08-13 15:45:27 | WARNING  | __main__             | _parse_csv_row       | Failed to parse CSV row: could not convert string to float: 'IPC1'
2025-08-13 15:45:27 | WARNING  | __main__             | _parse_csv_row       | Failed to parse CSV row: could not convert string to float: 'IPC1'
2025-08-13 15:45:27 | WARNING  | __main__             | _parse_csv_row       | Failed to parse CSV row: could not convert string to float: 'IPC1'
2025-08-13 15:45:27 | WARNING  | __main__             | _parse_csv_row       | Failed to parse CSV row: could not convert string to float: 'IPC1'
2025-08-13 15:45:27 | WARNING  | __main__             | _parse_csv_row       | Failed to parse CSV row: could not convert string to float: 'IPC1'
2025-08-13 15:45:27 | WARNING  | __main__             | _parse_csv_row       | Failed to parse CSV row: could not convert string to float: 'IPC1'
2025-08-13 15:45:27 | WARNING  | __main__             | _parse_csv_row       | Failed to parse CSV row: could not convert string to float: 'IPC1'
2025-08-13 15:45:27 | WARNING  | __main__             | _parse_csv_row       | Failed to parse CSV row: could not convert string to float: 'IPC1'
2025-08-13 15:45:27 | WARNING  | __main__             | _parse_csv_row       | Failed to parse CSV row: could not convert string to float: 'IPC1'
2025-08-13 15:45:27 | INFO     | __main__             | _delete_file         | Successfully deleted file: D:\NOPPALIT\History\Saturn_Acc_Logs\IPC1_20250813_154236.csv
2025-08-13 15:45:27 | WARNING  | __main__             | _parse_csv_row       | Failed to parse CSV row: could not convert string to float: 'IPC1'
2025-08-13 15:45:27 | WARNING  | __main__             | _parse_csv_row       | Failed to parse CSV row: could not convert string to float: 'IPC1'
2025-08-13 15:45:27 | WARNING  | __main__             | _parse_csv_row       | Failed to parse CSV row: could not convert string to float: 'IPC1'
2025-08-13 15:45:27 | WARNING  | __main__             | _parse_csv_row       | Failed to parse CSV row: could not convert string to float: 'IPC1'
2025-08-13 15:45:27 | WARNING  | __main__             | _parse_csv_row       | Failed to parse CSV row: could not convert string to float: 'IPC1'
2025-08-13 15:45:27 | WARNING  | __main__             | _parse_csv_row       | Failed to parse CSV row: could not convert string to float: 'IPC1'
2025-08-13 15:45:27 | WARNING  | __main__             | _parse_csv_row       | Failed to parse CSV row: could not convert string to float: 'IPC1'
2025-08-13 15:45:27 | WARNING  | __main__             | _parse_csv_row       | Failed to parse CSV row: could not convert string to float: 'IPC1'
2025-08-13 15:45:27 | WARNING  | __main__             | _parse_csv_row       | Failed to parse CSV row: could not convert string to float: 'IPC1'
2025-08-13 15:45:27 | WARNING  | __main__             | _parse_csv_row       | Failed to parse CSV row: could not convert string to float: 'IPC1'
2025-08-13 15:45:27 | INFO     | __main__             | _delete_file         | Successfully deleted file: D:\NOPPALIT\History\Saturn_Acc_Logs\IPC1_20250813_154247.csv
2025-08-13 15:45:27 | WARNING  | __main__             | _parse_csv_row       | Failed to parse CSV row: could not convert string to float: 'IPC1'
2025-08-13 15:45:27 | WARNING  | __main__             | _parse_csv_row       | Failed to parse CSV row: could not convert string to float: 'IPC1'
2025-08-13 15:45:27 | WARNING  | __main__             | _parse_csv_row       | Failed to parse CSV row: could not convert string to float: 'IPC1'
2025-08-13 15:45:27 | WARNING  | __main__             | _parse_csv_row       | Failed to parse CSV row: could not convert string to float: 'IPC1'
2025-08-13 15:45:27 | WARNING  | __main__             | _parse_csv_row       | Failed to parse CSV row: could not convert string to float: 'IPC1'
2025-08-13 15:45:27 | WARNING  | __main__             | _parse_csv_row       | Failed to parse CSV row: could not convert string to float: 'IPC1'
2025-08-13 15:45:27 | WARNING  | __main__             | _parse_csv_row       | Failed to parse CSV row: could not convert string to float: 'IPC1'
2025-08-13 15:45:27 | WARNING  | __main__             | _parse_csv_row       | Failed to parse CSV row: could not convert string to float: 'IPC1'
2025-08-13 15:45:27 | WARNING  | __main__             | _parse_csv_row       | Failed to parse CSV row: could not convert string to float: 'IPC1'
2025-08-13 15:45:27 | WARNING  | __main__             | _parse_csv_row       | Failed to parse CSV row: could not convert string to float: 'IPC1'
2025-08-13 15:45:27 | INFO     | __main__             | _delete_file         | Successfully deleted file: D:\NOPPALIT\History\Saturn_Acc_Logs\IPC1_20250813_154258.csv
2025-08-13 15:45:27 | WARNING  | __main__             | _parse_csv_row       | Failed to parse CSV row: could not convert string to float: 'IPC1'
2025-08-13 15:45:27 | WARNING  | __main__             | _parse_csv_row       | Failed to parse CSV row: could not convert string to float: 'IPC1'
2025-08-13 15:45:27 | WARNING  | __main__             | _parse_csv_row       | Failed to parse CSV row: could not convert string to float: 'IPC1'
2025-08-13 15:45:27 | WARNING  | __main__             | _parse_csv_row       | Failed to parse CSV row: could not convert string to float: 'IPC1'
2025-08-13 15:45:27 | WARNING  | __main__             | _parse_csv_row       | Failed to parse CSV row: could not convert string to float: 'IPC1'
2025-08-13 15:45:27 | WARNING  | __main__             | _parse_csv_row       | Failed to parse CSV row: could not convert string to float: 'IPC1'
2025-08-13 15:45:27 | WARNING  | __main__             | _parse_csv_row       | Failed to parse CSV row: could not convert string to float: 'IPC1'
2025-08-13 15:45:27 | WARNING  | __main__             | _parse_csv_row       | Failed to parse CSV row: could not convert string to float: 'IPC1'
2025-08-13 15:45:27 | WARNING  | __main__             | _parse_csv_row       | Failed to parse CSV row: could not convert string to float: 'IPC1'
2025-08-13 15:45:27 | WARNING  | __main__             | _parse_csv_row       | Failed to parse CSV row: could not convert string to float: 'IPC1'
2025-08-13 15:45:27 | INFO     | __main__             | _delete_file         | Successfully deleted file: D:\NOPPALIT\History\Saturn_Acc_Logs\IPC1_20250813_154439.csv
2025-08-13 15:45:27 | WARNING  | __main__             | _parse_csv_row       | Failed to parse CSV row: could not convert string to float: 'IPC1'
2025-08-13 15:45:27 | WARNING  | __main__             | _parse_csv_row       | Failed to parse CSV row: could not convert string to float: 'IPC1'
2025-08-13 15:45:27 | WARNING  | __main__             | _parse_csv_row       | Failed to parse CSV row: could not convert string to float: 'IPC1'
2025-08-13 15:45:27 | WARNING  | __main__             | _parse_csv_row       | Failed to parse CSV row: could not convert string to float: 'IPC1'
2025-08-13 15:45:27 | WARNING  | __main__             | _parse_csv_row       | Failed to parse CSV row: could not convert string to float: 'IPC1'
2025-08-13 15:45:27 | WARNING  | __main__             | _parse_csv_row       | Failed to parse CSV row: could not convert string to float: 'IPC1'
2025-08-13 15:45:27 | WARNING  | __main__             | _parse_csv_row       | Failed to parse CSV row: could not convert string to float: 'IPC1'
2025-08-13 15:45:27 | WARNING  | __main__             | _parse_csv_row       | Failed to parse CSV row: could not convert string to float: 'IPC1'
2025-08-13 15:45:27 | WARNING  | __main__             | _parse_csv_row       | Failed to parse CSV row: could not convert string to float: 'IPC1'
2025-08-13 15:45:27 | WARNING  | __main__             | _parse_csv_row       | Failed to parse CSV row: could not convert string to float: 'IPC1'
2025-08-13 15:45:27 | INFO     | __main__             | _delete_file         | Successfully deleted file: D:\NOPPALIT\History\Saturn_Acc_Logs\IPC1_20250813_154450.csv
2025-08-13 15:45:27 | WARNING  | __main__             | _parse_csv_row       | Failed to parse CSV row: could not convert string to float: 'IPC1'
2025-08-13 15:45:27 | WARNING  | __main__             | _parse_csv_row       | Failed to parse CSV row: could not convert string to float: 'IPC1'
2025-08-13 15:45:27 | WARNING  | __main__             | _parse_csv_row       | Failed to parse CSV row: could not convert string to float: 'IPC1'
2025-08-13 15:45:27 | WARNING  | __main__             | _parse_csv_row       | Failed to parse CSV row: could not convert string to float: 'IPC1'
2025-08-13 15:45:27 | WARNING  | __main__             | _parse_csv_row       | Failed to parse CSV row: could not convert string to float: 'IPC1'
2025-08-13 15:45:27 | WARNING  | __main__             | _parse_csv_row       | Failed to parse CSV row: could not convert string to float: 'IPC1'
2025-08-13 15:45:27 | WARNING  | __main__             | _parse_csv_row       | Failed to parse CSV row: could not convert string to float: 'IPC1'
2025-08-13 15:45:27 | WARNING  | __main__             | _parse_csv_row       | Failed to parse CSV row: could not convert string to float: 'IPC1'
2025-08-13 15:45:27 | WARNING  | __main__             | _parse_csv_row       | Failed to parse CSV row: could not convert string to float: 'IPC1'
2025-08-13 15:45:27 | WARNING  | __main__             | _parse_csv_row       | Failed to parse CSV row: could not convert string to float: 'IPC1'
2025-08-13 15:45:27 | INFO     | __main__             | _delete_file         | Successfully deleted file: D:\NOPPALIT\History\Saturn_Acc_Logs\IPC1_20250813_154501.csv
2025-08-13 15:45:27 | WARNING  | __main__             | _parse_csv_row       | Failed to parse CSV row: could not convert string to float: 'IPC1'
2025-08-13 15:45:27 | WARNING  | __main__             | _parse_csv_row       | Failed to parse CSV row: could not convert string to float: 'IPC1'
2025-08-13 15:45:27 | WARNING  | __main__             | _parse_csv_row       | Failed to parse CSV row: could not convert string to float: 'IPC1'
2025-08-13 15:45:27 | WARNING  | __main__             | _parse_csv_row       | Failed to parse CSV row: could not convert string to float: 'IPC1'
2025-08-13 15:45:27 | WARNING  | __main__             | _parse_csv_row       | Failed to parse CSV row: could not convert string to float: 'IPC1'
2025-08-13 15:45:27 | WARNING  | __main__             | _parse_csv_row       | Failed to parse CSV row: could not convert string to float: 'IPC1'
2025-08-13 15:45:27 | WARNING  | __main__             | _parse_csv_row       | Failed to parse CSV row: could not convert string to float: 'IPC1'
2025-08-13 15:45:27 | WARNING  | __main__             | _parse_csv_row       | Failed to parse CSV row: could not convert string to float: 'IPC1'
2025-08-13 15:45:27 | WARNING  | __main__             | _parse_csv_row       | Failed to parse CSV row: could not convert string to float: 'IPC1'
2025-08-13 15:45:27 | WARNING  | __main__             | _parse_csv_row       | Failed to parse CSV row: could not convert string to float: 'IPC1'
2025-08-13 15:45:27 | INFO     | __main__             | _delete_file         | Successfully deleted file: D:\NOPPALIT\History\Saturn_Acc_Logs\IPC1_20250813_154512.csv
2025-08-13 15:45:27 | WARNING  | __main__             | _parse_csv_row       | Failed to parse CSV row: could not convert string to float: 'IPC1'
2025-08-13 15:45:27 | WARNING  | __main__             | _parse_csv_row       | Failed to parse CSV row: could not convert string to float: 'IPC1'
2025-08-13 15:45:27 | WARNING  | __main__             | _parse_csv_row       | Failed to parse CSV row: could not convert string to float: 'IPC1'
2025-08-13 15:45:27 | WARNING  | __main__             | _parse_csv_row       | Failed to parse CSV row: could not convert string to float: 'IPC1'
2025-08-13 15:45:27 | WARNING  | __main__             | _parse_csv_row       | Failed to parse CSV row: could not convert string to float: 'IPC1'
2025-08-13 15:45:27 | WARNING  | __main__             | _parse_csv_row       | Failed to parse CSV row: could not convert string to float: 'IPC1'
2025-08-13 15:45:27 | WARNING  | __main__             | _parse_csv_row       | Failed to parse CSV row: could not convert string to float: 'IPC1'
2025-08-13 15:45:27 | WARNING  | __main__             | _parse_csv_row       | Failed to parse CSV row: could not convert string to float: 'IPC1'
2025-08-13 15:45:27 | WARNING  | __main__             | _parse_csv_row       | Failed to parse CSV row: could not convert string to float: 'IPC1'
2025-08-13 15:45:27 | WARNING  | __main__             | _parse_csv_row       | Failed to parse CSV row: could not convert string to float: 'IPC1'
2025-08-13 15:45:27 | INFO     | __main__             | _delete_file         | Successfully deleted file: D:\NOPPALIT\History\Saturn_Acc_Logs\IPC1_20250813_154523.csv
2025-08-13 15:46:35 | INFO     | __main__             | start                | Service interrupted by user
2025-08-13 15:46:35 | INFO     | __main__             | close                | Connection pool closed
2025-08-13 15:46:35 | INFO     | __main__             | cleanup              | Service cleanup completed
