2025-08-13 16:32:27 | INFO     | __main__             | _load_config         | Configuration loaded from config.yaml
2025-08-13 16:32:27 | INFO     | __main__             | _init_connection_pool | Connection pool initialized successfully
2025-08-13 16:32:27 | INFO     | __main__             | __init__             | CSV source directory: D:\NOPPALIT\History\Saturn_Acc_Logs
2025-08-13 16:32:27 | INFO     | __main__             | __init__             | Export directory: D:\NOPPALIT\History\Saturn_Acc_Logs
2025-08-13 16:32:27 | INFO     | __main__             | init_db              | Database initialized successfully
2025-08-13 16:32:27 | INFO     | __main__             | start                | Starting CSV processing service every 1 minutes...
2025-08-13 16:32:27 | INFO     | __main__             | start                | CSV source directory: D:\NOPPALIT\History\Saturn_Acc_Logs
2025-08-13 16:32:27 | INFO     | __main__             | start                | Delete after export: True
2025-08-13 16:32:27 | WARNING  | __main__             | _parse_csv_row       | Failed to parse CSV row: could not convert string to float: 'IPC1'
2025-08-13 16:32:27 | WARNING  | __main__             | _parse_csv_row       | Failed to parse CSV row: could not convert string to float: 'IPC1'
2025-08-13 16:32:27 | WARNING  | __main__             | _parse_csv_row       | Failed to parse CSV row: could not convert string to float: 'IPC1'
2025-08-13 16:32:27 | WARNING  | __main__             | _parse_csv_row       | Failed to parse CSV row: could not convert string to float: 'IPC1'
2025-08-13 16:32:27 | WARNING  | __main__             | _parse_csv_row       | Failed to parse CSV row: could not convert string to float: 'IPC1'
2025-08-13 16:32:27 | WARNING  | __main__             | _parse_csv_row       | Failed to parse CSV row: could not convert string to float: 'IPC1'
2025-08-13 16:32:27 | WARNING  | __main__             | _parse_csv_row       | Failed to parse CSV row: could not convert string to float: 'IPC1'
2025-08-13 16:32:27 | WARNING  | __main__             | _parse_csv_row       | Failed to parse CSV row: could not convert string to float: 'IPC1'
2025-08-13 16:32:27 | WARNING  | __main__             | _parse_csv_row       | Failed to parse CSV row: could not convert string to float: 'IPC1'
2025-08-13 16:32:27 | WARNING  | __main__             | _parse_csv_row       | Failed to parse CSV row: could not convert string to float: 'IPC1'
2025-08-13 16:32:27 | INFO     | __main__             | _delete_file         | Successfully deleted file: D:\NOPPALIT\History\Saturn_Acc_Logs\IPC1_20250813_162502.csv
2025-08-13 16:32:27 | WARNING  | __main__             | _parse_csv_row       | Failed to parse CSV row: could not convert string to float: 'IPC1'
2025-08-13 16:32:27 | WARNING  | __main__             | _parse_csv_row       | Failed to parse CSV row: could not convert string to float: 'IPC1'
2025-08-13 16:32:27 | WARNING  | __main__             | _parse_csv_row       | Failed to parse CSV row: could not convert string to float: 'IPC1'
2025-08-13 16:32:27 | WARNING  | __main__             | _parse_csv_row       | Failed to parse CSV row: could not convert string to float: 'IPC1'
2025-08-13 16:32:27 | WARNING  | __main__             | _parse_csv_row       | Failed to parse CSV row: could not convert string to float: 'IPC1'
2025-08-13 16:32:27 | WARNING  | __main__             | _parse_csv_row       | Failed to parse CSV row: could not convert string to float: 'IPC1'
2025-08-13 16:32:27 | WARNING  | __main__             | _parse_csv_row       | Failed to parse CSV row: could not convert string to float: 'IPC1'
2025-08-13 16:32:27 | WARNING  | __main__             | _parse_csv_row       | Failed to parse CSV row: could not convert string to float: 'IPC1'
2025-08-13 16:32:27 | WARNING  | __main__             | _parse_csv_row       | Failed to parse CSV row: could not convert string to float: 'IPC1'
2025-08-13 16:32:27 | WARNING  | __main__             | _parse_csv_row       | Failed to parse CSV row: could not convert string to float: 'IPC1'
2025-08-13 16:32:27 | INFO     | __main__             | _delete_file         | Successfully deleted file: D:\NOPPALIT\History\Saturn_Acc_Logs\IPC1_20250813_162513.csv
2025-08-13 16:32:27 | WARNING  | __main__             | _parse_csv_row       | Failed to parse CSV row: could not convert string to float: 'IPC1'
2025-08-13 16:32:27 | WARNING  | __main__             | _parse_csv_row       | Failed to parse CSV row: could not convert string to float: 'IPC1'
2025-08-13 16:32:27 | WARNING  | __main__             | _parse_csv_row       | Failed to parse CSV row: could not convert string to float: 'IPC1'
2025-08-13 16:32:27 | WARNING  | __main__             | _parse_csv_row       | Failed to parse CSV row: could not convert string to float: 'IPC1'
2025-08-13 16:32:27 | WARNING  | __main__             | _parse_csv_row       | Failed to parse CSV row: could not convert string to float: 'IPC1'
2025-08-13 16:32:27 | WARNING  | __main__             | _parse_csv_row       | Failed to parse CSV row: could not convert string to float: 'IPC1'
2025-08-13 16:32:27 | WARNING  | __main__             | _parse_csv_row       | Failed to parse CSV row: could not convert string to float: 'IPC1'
2025-08-13 16:32:27 | WARNING  | __main__             | _parse_csv_row       | Failed to parse CSV row: could not convert string to float: 'IPC1'
2025-08-13 16:32:27 | WARNING  | __main__             | _parse_csv_row       | Failed to parse CSV row: could not convert string to float: 'IPC1'
2025-08-13 16:32:27 | WARNING  | __main__             | _parse_csv_row       | Failed to parse CSV row: could not convert string to float: 'IPC1'
2025-08-13 16:32:27 | INFO     | __main__             | _delete_file         | Successfully deleted file: D:\NOPPALIT\History\Saturn_Acc_Logs\IPC1_20250813_162524.csv
2025-08-13 16:32:27 | WARNING  | __main__             | _parse_csv_row       | Failed to parse CSV row: could not convert string to float: 'IPC1'
2025-08-13 16:32:27 | WARNING  | __main__             | _parse_csv_row       | Failed to parse CSV row: could not convert string to float: 'IPC1'
2025-08-13 16:32:27 | WARNING  | __main__             | _parse_csv_row       | Failed to parse CSV row: could not convert string to float: 'IPC1'
2025-08-13 16:32:27 | WARNING  | __main__             | _parse_csv_row       | Failed to parse CSV row: could not convert string to float: 'IPC1'
2025-08-13 16:32:27 | WARNING  | __main__             | _parse_csv_row       | Failed to parse CSV row: could not convert string to float: 'IPC1'
2025-08-13 16:32:27 | WARNING  | __main__             | _parse_csv_row       | Failed to parse CSV row: could not convert string to float: 'IPC1'
2025-08-13 16:32:27 | WARNING  | __main__             | _parse_csv_row       | Failed to parse CSV row: could not convert string to float: 'IPC1'
2025-08-13 16:32:27 | WARNING  | __main__             | _parse_csv_row       | Failed to parse CSV row: could not convert string to float: 'IPC1'
2025-08-13 16:32:27 | WARNING  | __main__             | _parse_csv_row       | Failed to parse CSV row: could not convert string to float: 'IPC1'
2025-08-13 16:32:27 | WARNING  | __main__             | _parse_csv_row       | Failed to parse CSV row: could not convert string to float: 'IPC1'
2025-08-13 16:32:27 | INFO     | __main__             | _delete_file         | Successfully deleted file: D:\NOPPALIT\History\Saturn_Acc_Logs\IPC1_20250813_162536.csv
2025-08-13 16:32:27 | WARNING  | __main__             | _parse_csv_row       | Failed to parse CSV row: could not convert string to float: 'IPC1'
2025-08-13 16:32:27 | WARNING  | __main__             | _parse_csv_row       | Failed to parse CSV row: could not convert string to float: 'IPC1'
2025-08-13 16:32:27 | WARNING  | __main__             | _parse_csv_row       | Failed to parse CSV row: could not convert string to float: 'IPC1'
2025-08-13 16:32:27 | WARNING  | __main__             | _parse_csv_row       | Failed to parse CSV row: could not convert string to float: 'IPC1'
2025-08-13 16:32:27 | WARNING  | __main__             | _parse_csv_row       | Failed to parse CSV row: could not convert string to float: 'IPC1'
2025-08-13 16:32:27 | WARNING  | __main__             | _parse_csv_row       | Failed to parse CSV row: could not convert string to float: 'IPC1'
2025-08-13 16:32:27 | WARNING  | __main__             | _parse_csv_row       | Failed to parse CSV row: could not convert string to float: 'IPC1'
2025-08-13 16:32:27 | WARNING  | __main__             | _parse_csv_row       | Failed to parse CSV row: could not convert string to float: 'IPC1'
2025-08-13 16:32:27 | WARNING  | __main__             | _parse_csv_row       | Failed to parse CSV row: could not convert string to float: 'IPC1'
2025-08-13 16:32:27 | WARNING  | __main__             | _parse_csv_row       | Failed to parse CSV row: could not convert string to float: 'IPC1'
2025-08-13 16:32:27 | INFO     | __main__             | _delete_file         | Successfully deleted file: D:\NOPPALIT\History\Saturn_Acc_Logs\IPC1_20250813_162546.csv
2025-08-13 16:32:27 | WARNING  | __main__             | _parse_csv_row       | Failed to parse CSV row: could not convert string to float: 'IPC1'
2025-08-13 16:32:27 | WARNING  | __main__             | _parse_csv_row       | Failed to parse CSV row: could not convert string to float: 'IPC1'
2025-08-13 16:32:27 | WARNING  | __main__             | _parse_csv_row       | Failed to parse CSV row: could not convert string to float: 'IPC1'
2025-08-13 16:32:27 | WARNING  | __main__             | _parse_csv_row       | Failed to parse CSV row: could not convert string to float: 'IPC1'
2025-08-13 16:32:27 | WARNING  | __main__             | _parse_csv_row       | Failed to parse CSV row: could not convert string to float: 'IPC1'
2025-08-13 16:32:27 | WARNING  | __main__             | _parse_csv_row       | Failed to parse CSV row: could not convert string to float: 'IPC1'
2025-08-13 16:32:27 | WARNING  | __main__             | _parse_csv_row       | Failed to parse CSV row: could not convert string to float: 'IPC1'
2025-08-13 16:32:27 | WARNING  | __main__             | _parse_csv_row       | Failed to parse CSV row: could not convert string to float: 'IPC1'
2025-08-13 16:32:27 | WARNING  | __main__             | _parse_csv_row       | Failed to parse CSV row: could not convert string to float: 'IPC1'
2025-08-13 16:32:27 | WARNING  | __main__             | _parse_csv_row       | Failed to parse CSV row: could not convert string to float: 'IPC1'
2025-08-13 16:32:27 | INFO     | __main__             | _delete_file         | Successfully deleted file: D:\NOPPALIT\History\Saturn_Acc_Logs\IPC1_20250813_162558.csv
2025-08-13 16:32:27 | WARNING  | __main__             | _parse_csv_row       | Failed to parse CSV row: could not convert string to float: 'IPC1'
2025-08-13 16:32:27 | WARNING  | __main__             | _parse_csv_row       | Failed to parse CSV row: could not convert string to float: 'IPC1'
2025-08-13 16:32:27 | WARNING  | __main__             | _parse_csv_row       | Failed to parse CSV row: could not convert string to float: 'IPC1'
2025-08-13 16:32:27 | WARNING  | __main__             | _parse_csv_row       | Failed to parse CSV row: could not convert string to float: 'IPC1'
2025-08-13 16:32:27 | WARNING  | __main__             | _parse_csv_row       | Failed to parse CSV row: could not convert string to float: 'IPC1'
2025-08-13 16:32:27 | WARNING  | __main__             | _parse_csv_row       | Failed to parse CSV row: could not convert string to float: 'IPC1'
2025-08-13 16:32:27 | WARNING  | __main__             | _parse_csv_row       | Failed to parse CSV row: could not convert string to float: 'IPC1'
2025-08-13 16:32:27 | WARNING  | __main__             | _parse_csv_row       | Failed to parse CSV row: could not convert string to float: 'IPC1'
2025-08-13 16:32:27 | WARNING  | __main__             | _parse_csv_row       | Failed to parse CSV row: could not convert string to float: 'IPC1'
2025-08-13 16:32:27 | WARNING  | __main__             | _parse_csv_row       | Failed to parse CSV row: could not convert string to float: 'IPC1'
2025-08-13 16:32:27 | INFO     | __main__             | _delete_file         | Successfully deleted file: D:\NOPPALIT\History\Saturn_Acc_Logs\IPC1_20250813_162609.csv
2025-08-13 16:32:27 | WARNING  | __main__             | _parse_csv_row       | Failed to parse CSV row: could not convert string to float: 'IPC1'
2025-08-13 16:32:27 | WARNING  | __main__             | _parse_csv_row       | Failed to parse CSV row: could not convert string to float: 'IPC1'
2025-08-13 16:32:27 | WARNING  | __main__             | _parse_csv_row       | Failed to parse CSV row: could not convert string to float: 'IPC1'
2025-08-13 16:32:27 | WARNING  | __main__             | _parse_csv_row       | Failed to parse CSV row: could not convert string to float: 'IPC1'
2025-08-13 16:32:27 | WARNING  | __main__             | _parse_csv_row       | Failed to parse CSV row: could not convert string to float: 'IPC1'
2025-08-13 16:32:27 | WARNING  | __main__             | _parse_csv_row       | Failed to parse CSV row: could not convert string to float: 'IPC1'
2025-08-13 16:32:27 | WARNING  | __main__             | _parse_csv_row       | Failed to parse CSV row: could not convert string to float: 'IPC1'
2025-08-13 16:32:27 | WARNING  | __main__             | _parse_csv_row       | Failed to parse CSV row: could not convert string to float: 'IPC1'
2025-08-13 16:32:27 | WARNING  | __main__             | _parse_csv_row       | Failed to parse CSV row: could not convert string to float: 'IPC1'
2025-08-13 16:32:27 | WARNING  | __main__             | _parse_csv_row       | Failed to parse CSV row: could not convert string to float: 'IPC1'
2025-08-13 16:32:27 | INFO     | __main__             | _delete_file         | Successfully deleted file: D:\NOPPALIT\History\Saturn_Acc_Logs\IPC1_20250813_162620.csv
2025-08-13 16:32:27 | WARNING  | __main__             | _parse_csv_row       | Failed to parse CSV row: could not convert string to float: 'IPC1'
2025-08-13 16:32:27 | WARNING  | __main__             | _parse_csv_row       | Failed to parse CSV row: could not convert string to float: 'IPC1'
2025-08-13 16:32:27 | WARNING  | __main__             | _parse_csv_row       | Failed to parse CSV row: could not convert string to float: 'IPC1'
2025-08-13 16:32:27 | WARNING  | __main__             | _parse_csv_row       | Failed to parse CSV row: could not convert string to float: 'IPC1'
2025-08-13 16:32:27 | WARNING  | __main__             | _parse_csv_row       | Failed to parse CSV row: could not convert string to float: 'IPC1'
2025-08-13 16:32:27 | WARNING  | __main__             | _parse_csv_row       | Failed to parse CSV row: could not convert string to float: 'IPC1'
2025-08-13 16:32:27 | WARNING  | __main__             | _parse_csv_row       | Failed to parse CSV row: could not convert string to float: 'IPC1'
2025-08-13 16:32:27 | WARNING  | __main__             | _parse_csv_row       | Failed to parse CSV row: could not convert string to float: 'IPC1'
2025-08-13 16:32:27 | WARNING  | __main__             | _parse_csv_row       | Failed to parse CSV row: could not convert string to float: 'IPC1'
2025-08-13 16:32:27 | WARNING  | __main__             | _parse_csv_row       | Failed to parse CSV row: could not convert string to float: 'IPC1'
2025-08-13 16:32:27 | INFO     | __main__             | _delete_file         | Successfully deleted file: D:\NOPPALIT\History\Saturn_Acc_Logs\IPC1_20250813_162631.csv
2025-08-13 16:32:27 | WARNING  | __main__             | _parse_csv_row       | Failed to parse CSV row: could not convert string to float: 'IPC1'
2025-08-13 16:32:27 | WARNING  | __main__             | _parse_csv_row       | Failed to parse CSV row: could not convert string to float: 'IPC1'
2025-08-13 16:32:27 | WARNING  | __main__             | _parse_csv_row       | Failed to parse CSV row: could not convert string to float: 'IPC1'
2025-08-13 16:32:27 | WARNING  | __main__             | _parse_csv_row       | Failed to parse CSV row: could not convert string to float: 'IPC1'
2025-08-13 16:32:27 | WARNING  | __main__             | _parse_csv_row       | Failed to parse CSV row: could not convert string to float: 'IPC1'
2025-08-13 16:32:27 | WARNING  | __main__             | _parse_csv_row       | Failed to parse CSV row: could not convert string to float: 'IPC1'
2025-08-13 16:32:27 | WARNING  | __main__             | _parse_csv_row       | Failed to parse CSV row: could not convert string to float: 'IPC1'
2025-08-13 16:32:27 | WARNING  | __main__             | _parse_csv_row       | Failed to parse CSV row: could not convert string to float: 'IPC1'
2025-08-13 16:32:27 | WARNING  | __main__             | _parse_csv_row       | Failed to parse CSV row: could not convert string to float: 'IPC1'
2025-08-13 16:32:27 | WARNING  | __main__             | _parse_csv_row       | Failed to parse CSV row: could not convert string to float: 'IPC1'
2025-08-13 16:32:27 | INFO     | __main__             | _delete_file         | Successfully deleted file: D:\NOPPALIT\History\Saturn_Acc_Logs\IPC1_20250813_162737.csv
2025-08-13 16:32:27 | WARNING  | __main__             | _parse_csv_row       | Failed to parse CSV row: could not convert string to float: 'IPC1'
2025-08-13 16:32:27 | WARNING  | __main__             | _parse_csv_row       | Failed to parse CSV row: could not convert string to float: 'IPC1'
2025-08-13 16:32:27 | WARNING  | __main__             | _parse_csv_row       | Failed to parse CSV row: could not convert string to float: 'IPC1'
2025-08-13 16:32:27 | WARNING  | __main__             | _parse_csv_row       | Failed to parse CSV row: could not convert string to float: 'IPC1'
2025-08-13 16:32:27 | WARNING  | __main__             | _parse_csv_row       | Failed to parse CSV row: could not convert string to float: 'IPC1'
2025-08-13 16:32:27 | WARNING  | __main__             | _parse_csv_row       | Failed to parse CSV row: could not convert string to float: 'IPC1'
2025-08-13 16:32:27 | WARNING  | __main__             | _parse_csv_row       | Failed to parse CSV row: could not convert string to float: 'IPC1'
2025-08-13 16:32:27 | WARNING  | __main__             | _parse_csv_row       | Failed to parse CSV row: could not convert string to float: 'IPC1'
2025-08-13 16:32:27 | WARNING  | __main__             | _parse_csv_row       | Failed to parse CSV row: could not convert string to float: 'IPC1'
2025-08-13 16:32:27 | WARNING  | __main__             | _parse_csv_row       | Failed to parse CSV row: could not convert string to float: 'IPC1'
2025-08-13 16:32:27 | INFO     | __main__             | _delete_file         | Successfully deleted file: D:\NOPPALIT\History\Saturn_Acc_Logs\IPC1_20250813_162749.csv
2025-08-13 16:32:27 | WARNING  | __main__             | _parse_csv_row       | Failed to parse CSV row: could not convert string to float: 'IPC1'
2025-08-13 16:32:27 | WARNING  | __main__             | _parse_csv_row       | Failed to parse CSV row: could not convert string to float: 'IPC1'
2025-08-13 16:32:27 | WARNING  | __main__             | _parse_csv_row       | Failed to parse CSV row: could not convert string to float: 'IPC1'
2025-08-13 16:32:27 | WARNING  | __main__             | _parse_csv_row       | Failed to parse CSV row: could not convert string to float: 'IPC1'
2025-08-13 16:32:27 | WARNING  | __main__             | _parse_csv_row       | Failed to parse CSV row: could not convert string to float: 'IPC1'
2025-08-13 16:32:27 | WARNING  | __main__             | _parse_csv_row       | Failed to parse CSV row: could not convert string to float: 'IPC1'
2025-08-13 16:32:27 | WARNING  | __main__             | _parse_csv_row       | Failed to parse CSV row: could not convert string to float: 'IPC1'
2025-08-13 16:32:27 | WARNING  | __main__             | _parse_csv_row       | Failed to parse CSV row: could not convert string to float: 'IPC1'
2025-08-13 16:32:27 | WARNING  | __main__             | _parse_csv_row       | Failed to parse CSV row: could not convert string to float: 'IPC1'
2025-08-13 16:32:27 | WARNING  | __main__             | _parse_csv_row       | Failed to parse CSV row: could not convert string to float: 'IPC1'
2025-08-13 16:32:27 | INFO     | __main__             | _delete_file         | Successfully deleted file: D:\NOPPALIT\History\Saturn_Acc_Logs\IPC1_20250813_162800.csv
2025-08-13 16:32:27 | WARNING  | __main__             | _parse_csv_row       | Failed to parse CSV row: could not convert string to float: 'IPC1'
2025-08-13 16:32:27 | WARNING  | __main__             | _parse_csv_row       | Failed to parse CSV row: could not convert string to float: 'IPC1'
2025-08-13 16:32:27 | WARNING  | __main__             | _parse_csv_row       | Failed to parse CSV row: could not convert string to float: 'IPC1'
2025-08-13 16:32:27 | WARNING  | __main__             | _parse_csv_row       | Failed to parse CSV row: could not convert string to float: 'IPC1'
2025-08-13 16:32:27 | WARNING  | __main__             | _parse_csv_row       | Failed to parse CSV row: could not convert string to float: 'IPC1'
2025-08-13 16:32:27 | WARNING  | __main__             | _parse_csv_row       | Failed to parse CSV row: could not convert string to float: 'IPC1'
2025-08-13 16:32:27 | WARNING  | __main__             | _parse_csv_row       | Failed to parse CSV row: could not convert string to float: 'IPC1'
2025-08-13 16:32:27 | WARNING  | __main__             | _parse_csv_row       | Failed to parse CSV row: could not convert string to float: 'IPC1'
2025-08-13 16:32:27 | WARNING  | __main__             | _parse_csv_row       | Failed to parse CSV row: could not convert string to float: 'IPC1'
2025-08-13 16:32:27 | WARNING  | __main__             | _parse_csv_row       | Failed to parse CSV row: could not convert string to float: 'IPC1'
2025-08-13 16:32:27 | INFO     | __main__             | _delete_file         | Successfully deleted file: D:\NOPPALIT\History\Saturn_Acc_Logs\IPC1_20250813_162811.csv
2025-08-13 16:32:27 | WARNING  | __main__             | _parse_csv_row       | Failed to parse CSV row: could not convert string to float: 'IPC1'
2025-08-13 16:32:27 | WARNING  | __main__             | _parse_csv_row       | Failed to parse CSV row: could not convert string to float: 'IPC1'
2025-08-13 16:32:27 | WARNING  | __main__             | _parse_csv_row       | Failed to parse CSV row: could not convert string to float: 'IPC1'
2025-08-13 16:32:27 | WARNING  | __main__             | _parse_csv_row       | Failed to parse CSV row: could not convert string to float: 'IPC1'
2025-08-13 16:32:27 | WARNING  | __main__             | _parse_csv_row       | Failed to parse CSV row: could not convert string to float: 'IPC1'
2025-08-13 16:32:27 | WARNING  | __main__             | _parse_csv_row       | Failed to parse CSV row: could not convert string to float: 'IPC1'
2025-08-13 16:32:27 | WARNING  | __main__             | _parse_csv_row       | Failed to parse CSV row: could not convert string to float: 'IPC1'
2025-08-13 16:32:27 | WARNING  | __main__             | _parse_csv_row       | Failed to parse CSV row: could not convert string to float: 'IPC1'
2025-08-13 16:32:27 | WARNING  | __main__             | _parse_csv_row       | Failed to parse CSV row: could not convert string to float: 'IPC1'
2025-08-13 16:32:27 | WARNING  | __main__             | _parse_csv_row       | Failed to parse CSV row: could not convert string to float: 'IPC1'
2025-08-13 16:32:27 | INFO     | __main__             | _delete_file         | Successfully deleted file: D:\NOPPALIT\History\Saturn_Acc_Logs\IPC1_20250813_162822.csv
2025-08-13 16:32:27 | WARNING  | __main__             | _parse_csv_row       | Failed to parse CSV row: could not convert string to float: 'IPC1'
2025-08-13 16:32:27 | WARNING  | __main__             | _parse_csv_row       | Failed to parse CSV row: could not convert string to float: 'IPC1'
2025-08-13 16:32:27 | WARNING  | __main__             | _parse_csv_row       | Failed to parse CSV row: could not convert string to float: 'IPC1'
2025-08-13 16:32:27 | WARNING  | __main__             | _parse_csv_row       | Failed to parse CSV row: could not convert string to float: 'IPC1'
2025-08-13 16:32:27 | WARNING  | __main__             | _parse_csv_row       | Failed to parse CSV row: could not convert string to float: 'IPC1'
2025-08-13 16:32:27 | WARNING  | __main__             | _parse_csv_row       | Failed to parse CSV row: could not convert string to float: 'IPC1'
2025-08-13 16:32:27 | WARNING  | __main__             | _parse_csv_row       | Failed to parse CSV row: could not convert string to float: 'IPC1'
2025-08-13 16:32:27 | WARNING  | __main__             | _parse_csv_row       | Failed to parse CSV row: could not convert string to float: 'IPC1'
2025-08-13 16:32:27 | WARNING  | __main__             | _parse_csv_row       | Failed to parse CSV row: could not convert string to float: 'IPC1'
2025-08-13 16:32:27 | WARNING  | __main__             | _parse_csv_row       | Failed to parse CSV row: could not convert string to float: 'IPC1'
2025-08-13 16:32:27 | INFO     | __main__             | _delete_file         | Successfully deleted file: D:\NOPPALIT\History\Saturn_Acc_Logs\IPC1_20250813_162834.csv
2025-08-13 16:32:27 | WARNING  | __main__             | _parse_csv_row       | Failed to parse CSV row: could not convert string to float: 'IPC1'
2025-08-13 16:32:27 | WARNING  | __main__             | _parse_csv_row       | Failed to parse CSV row: could not convert string to float: 'IPC1'
2025-08-13 16:32:27 | WARNING  | __main__             | _parse_csv_row       | Failed to parse CSV row: could not convert string to float: 'IPC1'
2025-08-13 16:32:27 | WARNING  | __main__             | _parse_csv_row       | Failed to parse CSV row: could not convert string to float: 'IPC1'
2025-08-13 16:32:27 | WARNING  | __main__             | _parse_csv_row       | Failed to parse CSV row: could not convert string to float: 'IPC1'
2025-08-13 16:32:27 | WARNING  | __main__             | _parse_csv_row       | Failed to parse CSV row: could not convert string to float: 'IPC1'
2025-08-13 16:32:27 | WARNING  | __main__             | _parse_csv_row       | Failed to parse CSV row: could not convert string to float: 'IPC1'
2025-08-13 16:32:27 | WARNING  | __main__             | _parse_csv_row       | Failed to parse CSV row: could not convert string to float: 'IPC1'
2025-08-13 16:32:27 | WARNING  | __main__             | _parse_csv_row       | Failed to parse CSV row: could not convert string to float: 'IPC1'
2025-08-13 16:32:27 | WARNING  | __main__             | _parse_csv_row       | Failed to parse CSV row: could not convert string to float: 'IPC1'
2025-08-13 16:32:27 | INFO     | __main__             | _delete_file         | Successfully deleted file: D:\NOPPALIT\History\Saturn_Acc_Logs\IPC1_20250813_162845.csv
2025-08-13 16:32:27 | WARNING  | __main__             | _parse_csv_row       | Failed to parse CSV row: could not convert string to float: 'IPC1'
2025-08-13 16:32:27 | WARNING  | __main__             | _parse_csv_row       | Failed to parse CSV row: could not convert string to float: 'IPC1'
2025-08-13 16:32:27 | WARNING  | __main__             | _parse_csv_row       | Failed to parse CSV row: could not convert string to float: 'IPC1'
2025-08-13 16:32:27 | WARNING  | __main__             | _parse_csv_row       | Failed to parse CSV row: could not convert string to float: 'IPC1'
2025-08-13 16:32:27 | WARNING  | __main__             | _parse_csv_row       | Failed to parse CSV row: could not convert string to float: 'IPC1'
2025-08-13 16:32:27 | WARNING  | __main__             | _parse_csv_row       | Failed to parse CSV row: could not convert string to float: 'IPC1'
2025-08-13 16:32:27 | WARNING  | __main__             | _parse_csv_row       | Failed to parse CSV row: could not convert string to float: 'IPC1'
2025-08-13 16:32:27 | WARNING  | __main__             | _parse_csv_row       | Failed to parse CSV row: could not convert string to float: 'IPC1'
2025-08-13 16:32:27 | WARNING  | __main__             | _parse_csv_row       | Failed to parse CSV row: could not convert string to float: 'IPC1'
2025-08-13 16:32:27 | WARNING  | __main__             | _parse_csv_row       | Failed to parse CSV row: could not convert string to float: 'IPC1'
2025-08-13 16:32:27 | INFO     | __main__             | _delete_file         | Successfully deleted file: D:\NOPPALIT\History\Saturn_Acc_Logs\IPC1_20250813_162856.csv
2025-08-13 16:32:27 | WARNING  | __main__             | _parse_csv_row       | Failed to parse CSV row: could not convert string to float: 'IPC1'
2025-08-13 16:32:27 | WARNING  | __main__             | _parse_csv_row       | Failed to parse CSV row: could not convert string to float: 'IPC1'
2025-08-13 16:32:27 | WARNING  | __main__             | _parse_csv_row       | Failed to parse CSV row: could not convert string to float: 'IPC1'
2025-08-13 16:32:27 | WARNING  | __main__             | _parse_csv_row       | Failed to parse CSV row: could not convert string to float: 'IPC1'
2025-08-13 16:32:27 | WARNING  | __main__             | _parse_csv_row       | Failed to parse CSV row: could not convert string to float: 'IPC1'
2025-08-13 16:32:27 | WARNING  | __main__             | _parse_csv_row       | Failed to parse CSV row: could not convert string to float: 'IPC1'
2025-08-13 16:32:27 | WARNING  | __main__             | _parse_csv_row       | Failed to parse CSV row: could not convert string to float: 'IPC1'
2025-08-13 16:32:27 | WARNING  | __main__             | _parse_csv_row       | Failed to parse CSV row: could not convert string to float: 'IPC1'
2025-08-13 16:32:27 | WARNING  | __main__             | _parse_csv_row       | Failed to parse CSV row: could not convert string to float: 'IPC1'
2025-08-13 16:32:27 | WARNING  | __main__             | _parse_csv_row       | Failed to parse CSV row: could not convert string to float: 'IPC1'
2025-08-13 16:32:27 | INFO     | __main__             | _delete_file         | Successfully deleted file: D:\NOPPALIT\History\Saturn_Acc_Logs\IPC1_20250813_162907.csv
2025-08-13 16:32:27 | WARNING  | __main__             | _parse_csv_row       | Failed to parse CSV row: could not convert string to float: 'IPC1'
2025-08-13 16:32:27 | WARNING  | __main__             | _parse_csv_row       | Failed to parse CSV row: could not convert string to float: 'IPC1'
2025-08-13 16:32:27 | WARNING  | __main__             | _parse_csv_row       | Failed to parse CSV row: could not convert string to float: 'IPC1'
2025-08-13 16:32:27 | WARNING  | __main__             | _parse_csv_row       | Failed to parse CSV row: could not convert string to float: 'IPC1'
2025-08-13 16:32:27 | WARNING  | __main__             | _parse_csv_row       | Failed to parse CSV row: could not convert string to float: 'IPC1'
2025-08-13 16:32:27 | WARNING  | __main__             | _parse_csv_row       | Failed to parse CSV row: could not convert string to float: 'IPC1'
2025-08-13 16:32:27 | WARNING  | __main__             | _parse_csv_row       | Failed to parse CSV row: could not convert string to float: 'IPC1'
2025-08-13 16:32:27 | WARNING  | __main__             | _parse_csv_row       | Failed to parse CSV row: could not convert string to float: 'IPC1'
2025-08-13 16:32:27 | WARNING  | __main__             | _parse_csv_row       | Failed to parse CSV row: could not convert string to float: 'IPC1'
2025-08-13 16:32:27 | WARNING  | __main__             | _parse_csv_row       | Failed to parse CSV row: could not convert string to float: 'IPC1'
2025-08-13 16:32:27 | INFO     | __main__             | _delete_file         | Successfully deleted file: D:\NOPPALIT\History\Saturn_Acc_Logs\IPC1_20250813_162918.csv
2025-08-13 16:32:27 | WARNING  | __main__             | _parse_csv_row       | Failed to parse CSV row: could not convert string to float: 'IPC1'
2025-08-13 16:32:27 | WARNING  | __main__             | _parse_csv_row       | Failed to parse CSV row: could not convert string to float: 'IPC1'
2025-08-13 16:32:27 | WARNING  | __main__             | _parse_csv_row       | Failed to parse CSV row: could not convert string to float: 'IPC1'
2025-08-13 16:32:27 | WARNING  | __main__             | _parse_csv_row       | Failed to parse CSV row: could not convert string to float: 'IPC1'
2025-08-13 16:32:27 | WARNING  | __main__             | _parse_csv_row       | Failed to parse CSV row: could not convert string to float: 'IPC1'
2025-08-13 16:32:27 | WARNING  | __main__             | _parse_csv_row       | Failed to parse CSV row: could not convert string to float: 'IPC1'
2025-08-13 16:32:27 | WARNING  | __main__             | _parse_csv_row       | Failed to parse CSV row: could not convert string to float: 'IPC1'
2025-08-13 16:32:27 | WARNING  | __main__             | _parse_csv_row       | Failed to parse CSV row: could not convert string to float: 'IPC1'
2025-08-13 16:32:27 | WARNING  | __main__             | _parse_csv_row       | Failed to parse CSV row: could not convert string to float: 'IPC1'
2025-08-13 16:32:27 | WARNING  | __main__             | _parse_csv_row       | Failed to parse CSV row: could not convert string to float: 'IPC1'
2025-08-13 16:32:27 | INFO     | __main__             | _delete_file         | Successfully deleted file: D:\NOPPALIT\History\Saturn_Acc_Logs\IPC1_20250813_162929.csv
2025-08-13 16:32:27 | WARNING  | __main__             | _parse_csv_row       | Failed to parse CSV row: could not convert string to float: 'IPC1'
2025-08-13 16:32:27 | WARNING  | __main__             | _parse_csv_row       | Failed to parse CSV row: could not convert string to float: 'IPC1'
2025-08-13 16:32:27 | WARNING  | __main__             | _parse_csv_row       | Failed to parse CSV row: could not convert string to float: 'IPC1'
2025-08-13 16:32:27 | WARNING  | __main__             | _parse_csv_row       | Failed to parse CSV row: could not convert string to float: 'IPC1'
2025-08-13 16:32:27 | WARNING  | __main__             | _parse_csv_row       | Failed to parse CSV row: could not convert string to float: 'IPC1'
2025-08-13 16:32:27 | WARNING  | __main__             | _parse_csv_row       | Failed to parse CSV row: could not convert string to float: 'IPC1'
2025-08-13 16:32:27 | WARNING  | __main__             | _parse_csv_row       | Failed to parse CSV row: could not convert string to float: 'IPC1'
2025-08-13 16:32:27 | WARNING  | __main__             | _parse_csv_row       | Failed to parse CSV row: could not convert string to float: 'IPC1'
2025-08-13 16:32:27 | WARNING  | __main__             | _parse_csv_row       | Failed to parse CSV row: could not convert string to float: 'IPC1'
2025-08-13 16:32:27 | WARNING  | __main__             | _parse_csv_row       | Failed to parse CSV row: could not convert string to float: 'IPC1'
2025-08-13 16:32:27 | INFO     | __main__             | _delete_file         | Successfully deleted file: D:\NOPPALIT\History\Saturn_Acc_Logs\IPC1_20250813_162940.csv
2025-08-13 16:32:27 | WARNING  | __main__             | _parse_csv_row       | Failed to parse CSV row: could not convert string to float: 'IPC1'
2025-08-13 16:32:27 | WARNING  | __main__             | _parse_csv_row       | Failed to parse CSV row: could not convert string to float: 'IPC1'
2025-08-13 16:32:27 | WARNING  | __main__             | _parse_csv_row       | Failed to parse CSV row: could not convert string to float: 'IPC1'
2025-08-13 16:32:27 | WARNING  | __main__             | _parse_csv_row       | Failed to parse CSV row: could not convert string to float: 'IPC1'
2025-08-13 16:32:27 | WARNING  | __main__             | _parse_csv_row       | Failed to parse CSV row: could not convert string to float: 'IPC1'
2025-08-13 16:32:27 | WARNING  | __main__             | _parse_csv_row       | Failed to parse CSV row: could not convert string to float: 'IPC1'
2025-08-13 16:32:27 | WARNING  | __main__             | _parse_csv_row       | Failed to parse CSV row: could not convert string to float: 'IPC1'
2025-08-13 16:32:27 | WARNING  | __main__             | _parse_csv_row       | Failed to parse CSV row: could not convert string to float: 'IPC1'
2025-08-13 16:32:27 | WARNING  | __main__             | _parse_csv_row       | Failed to parse CSV row: could not convert string to float: 'IPC1'
2025-08-13 16:32:27 | WARNING  | __main__             | _parse_csv_row       | Failed to parse CSV row: could not convert string to float: 'IPC1'
2025-08-13 16:32:27 | INFO     | __main__             | _delete_file         | Successfully deleted file: D:\NOPPALIT\History\Saturn_Acc_Logs\IPC1_20250813_162952.csv
2025-08-13 16:32:27 | WARNING  | __main__             | _parse_csv_row       | Failed to parse CSV row: could not convert string to float: 'IPC1'
2025-08-13 16:32:27 | WARNING  | __main__             | _parse_csv_row       | Failed to parse CSV row: could not convert string to float: 'IPC1'
2025-08-13 16:32:27 | WARNING  | __main__             | _parse_csv_row       | Failed to parse CSV row: could not convert string to float: 'IPC1'
2025-08-13 16:32:27 | WARNING  | __main__             | _parse_csv_row       | Failed to parse CSV row: could not convert string to float: 'IPC1'
2025-08-13 16:32:27 | WARNING  | __main__             | _parse_csv_row       | Failed to parse CSV row: could not convert string to float: 'IPC1'
2025-08-13 16:32:27 | WARNING  | __main__             | _parse_csv_row       | Failed to parse CSV row: could not convert string to float: 'IPC1'
2025-08-13 16:32:27 | WARNING  | __main__             | _parse_csv_row       | Failed to parse CSV row: could not convert string to float: 'IPC1'
2025-08-13 16:32:27 | WARNING  | __main__             | _parse_csv_row       | Failed to parse CSV row: could not convert string to float: 'IPC1'
2025-08-13 16:32:27 | WARNING  | __main__             | _parse_csv_row       | Failed to parse CSV row: could not convert string to float: 'IPC1'
2025-08-13 16:32:27 | WARNING  | __main__             | _parse_csv_row       | Failed to parse CSV row: could not convert string to float: 'IPC1'
2025-08-13 16:32:27 | INFO     | __main__             | _delete_file         | Successfully deleted file: D:\NOPPALIT\History\Saturn_Acc_Logs\IPC1_20250813_163003.csv
2025-08-13 16:32:27 | WARNING  | __main__             | _parse_csv_row       | Failed to parse CSV row: could not convert string to float: 'IPC1'
2025-08-13 16:32:27 | WARNING  | __main__             | _parse_csv_row       | Failed to parse CSV row: could not convert string to float: 'IPC1'
2025-08-13 16:32:27 | WARNING  | __main__             | _parse_csv_row       | Failed to parse CSV row: could not convert string to float: 'IPC1'
2025-08-13 16:32:27 | WARNING  | __main__             | _parse_csv_row       | Failed to parse CSV row: could not convert string to float: 'IPC1'
2025-08-13 16:32:27 | WARNING  | __main__             | _parse_csv_row       | Failed to parse CSV row: could not convert string to float: 'IPC1'
2025-08-13 16:32:27 | WARNING  | __main__             | _parse_csv_row       | Failed to parse CSV row: could not convert string to float: 'IPC1'
2025-08-13 16:32:27 | WARNING  | __main__             | _parse_csv_row       | Failed to parse CSV row: could not convert string to float: 'IPC1'
2025-08-13 16:32:27 | WARNING  | __main__             | _parse_csv_row       | Failed to parse CSV row: could not convert string to float: 'IPC1'
2025-08-13 16:32:27 | WARNING  | __main__             | _parse_csv_row       | Failed to parse CSV row: could not convert string to float: 'IPC1'
2025-08-13 16:32:27 | WARNING  | __main__             | _parse_csv_row       | Failed to parse CSV row: could not convert string to float: 'IPC1'
2025-08-13 16:32:27 | INFO     | __main__             | _delete_file         | Successfully deleted file: D:\NOPPALIT\History\Saturn_Acc_Logs\IPC1_20250813_163014.csv
2025-08-13 16:32:27 | WARNING  | __main__             | _parse_csv_row       | Failed to parse CSV row: could not convert string to float: 'IPC1'
2025-08-13 16:32:27 | WARNING  | __main__             | _parse_csv_row       | Failed to parse CSV row: could not convert string to float: 'IPC1'
2025-08-13 16:32:27 | WARNING  | __main__             | _parse_csv_row       | Failed to parse CSV row: could not convert string to float: 'IPC1'
2025-08-13 16:32:27 | WARNING  | __main__             | _parse_csv_row       | Failed to parse CSV row: could not convert string to float: 'IPC1'
2025-08-13 16:32:27 | WARNING  | __main__             | _parse_csv_row       | Failed to parse CSV row: could not convert string to float: 'IPC1'
2025-08-13 16:32:27 | WARNING  | __main__             | _parse_csv_row       | Failed to parse CSV row: could not convert string to float: 'IPC1'
2025-08-13 16:32:27 | WARNING  | __main__             | _parse_csv_row       | Failed to parse CSV row: could not convert string to float: 'IPC1'
2025-08-13 16:32:27 | WARNING  | __main__             | _parse_csv_row       | Failed to parse CSV row: could not convert string to float: 'IPC1'
2025-08-13 16:32:27 | WARNING  | __main__             | _parse_csv_row       | Failed to parse CSV row: could not convert string to float: 'IPC1'
2025-08-13 16:32:27 | WARNING  | __main__             | _parse_csv_row       | Failed to parse CSV row: could not convert string to float: 'IPC1'
2025-08-13 16:32:27 | INFO     | __main__             | _delete_file         | Successfully deleted file: D:\NOPPALIT\History\Saturn_Acc_Logs\IPC1_20250813_163154.csv
2025-08-13 16:32:27 | WARNING  | __main__             | _parse_csv_row       | Failed to parse CSV row: could not convert string to float: 'IPC1'
2025-08-13 16:32:27 | WARNING  | __main__             | _parse_csv_row       | Failed to parse CSV row: could not convert string to float: 'IPC1'
2025-08-13 16:32:27 | WARNING  | __main__             | _parse_csv_row       | Failed to parse CSV row: could not convert string to float: 'IPC1'
2025-08-13 16:32:27 | WARNING  | __main__             | _parse_csv_row       | Failed to parse CSV row: could not convert string to float: 'IPC1'
2025-08-13 16:32:27 | WARNING  | __main__             | _parse_csv_row       | Failed to parse CSV row: could not convert string to float: 'IPC1'
2025-08-13 16:32:27 | WARNING  | __main__             | _parse_csv_row       | Failed to parse CSV row: could not convert string to float: 'IPC1'
2025-08-13 16:32:27 | WARNING  | __main__             | _parse_csv_row       | Failed to parse CSV row: could not convert string to float: 'IPC1'
2025-08-13 16:32:27 | WARNING  | __main__             | _parse_csv_row       | Failed to parse CSV row: could not convert string to float: 'IPC1'
2025-08-13 16:32:27 | WARNING  | __main__             | _parse_csv_row       | Failed to parse CSV row: could not convert string to float: 'IPC1'
2025-08-13 16:32:27 | WARNING  | __main__             | _parse_csv_row       | Failed to parse CSV row: could not convert string to float: 'IPC1'
2025-08-13 16:32:27 | INFO     | __main__             | _delete_file         | Successfully deleted file: D:\NOPPALIT\History\Saturn_Acc_Logs\IPC1_20250813_163205.csv
2025-08-13 16:32:27 | WARNING  | __main__             | _parse_csv_row       | Failed to parse CSV row: could not convert string to float: 'IPC1'
2025-08-13 16:32:27 | WARNING  | __main__             | _parse_csv_row       | Failed to parse CSV row: could not convert string to float: 'IPC1'
2025-08-13 16:32:27 | WARNING  | __main__             | _parse_csv_row       | Failed to parse CSV row: could not convert string to float: 'IPC1'
2025-08-13 16:32:27 | WARNING  | __main__             | _parse_csv_row       | Failed to parse CSV row: could not convert string to float: 'IPC1'
2025-08-13 16:32:27 | WARNING  | __main__             | _parse_csv_row       | Failed to parse CSV row: could not convert string to float: 'IPC1'
2025-08-13 16:32:27 | WARNING  | __main__             | _parse_csv_row       | Failed to parse CSV row: could not convert string to float: 'IPC1'
2025-08-13 16:32:27 | WARNING  | __main__             | _parse_csv_row       | Failed to parse CSV row: could not convert string to float: 'IPC1'
2025-08-13 16:32:27 | WARNING  | __main__             | _parse_csv_row       | Failed to parse CSV row: could not convert string to float: 'IPC1'
2025-08-13 16:32:27 | WARNING  | __main__             | _parse_csv_row       | Failed to parse CSV row: could not convert string to float: 'IPC1'
2025-08-13 16:32:27 | WARNING  | __main__             | _parse_csv_row       | Failed to parse CSV row: could not convert string to float: 'IPC1'
2025-08-13 16:32:27 | INFO     | __main__             | _delete_file         | Successfully deleted file: D:\NOPPALIT\History\Saturn_Acc_Logs\IPC1_20250813_163216.csv
2025-08-13 16:32:27 | WARNING  | __main__             | _parse_csv_row       | Failed to parse CSV row: could not convert string to float: 'IPC1'
2025-08-13 16:32:27 | WARNING  | __main__             | _parse_csv_row       | Failed to parse CSV row: could not convert string to float: 'IPC1'
2025-08-13 16:32:27 | WARNING  | __main__             | _parse_csv_row       | Failed to parse CSV row: could not convert string to float: 'IPC1'
2025-08-13 16:32:27 | WARNING  | __main__             | _parse_csv_row       | Failed to parse CSV row: could not convert string to float: 'IPC1'
2025-08-13 16:32:27 | WARNING  | __main__             | _parse_csv_row       | Failed to parse CSV row: could not convert string to float: 'IPC1'
2025-08-13 16:32:27 | WARNING  | __main__             | _parse_csv_row       | Failed to parse CSV row: could not convert string to float: 'IPC1'
2025-08-13 16:32:27 | WARNING  | __main__             | _parse_csv_row       | Failed to parse CSV row: could not convert string to float: 'IPC1'
2025-08-13 16:32:27 | WARNING  | __main__             | _parse_csv_row       | Failed to parse CSV row: could not convert string to float: 'IPC1'
2025-08-13 16:32:27 | WARNING  | __main__             | _parse_csv_row       | Failed to parse CSV row: could not convert string to float: 'IPC1'
2025-08-13 16:32:27 | WARNING  | __main__             | _parse_csv_row       | Failed to parse CSV row: could not convert string to float: 'IPC1'
2025-08-13 16:32:27 | INFO     | __main__             | _delete_file         | Successfully deleted file: D:\NOPPALIT\History\Saturn_Acc_Logs\IPC1_20250813_163227.csv
2025-08-13 16:32:27 | WARNING  | __main__             | _parse_csv_row       | Failed to parse CSV row: could not convert string to float: 'IPC1'
2025-08-13 16:32:27 | WARNING  | __main__             | _parse_csv_row       | Failed to parse CSV row: could not convert string to float: 'IPC1'
2025-08-13 16:32:27 | WARNING  | __main__             | _parse_csv_row       | Failed to parse CSV row: could not convert string to float: 'IPC1'
2025-08-13 16:32:27 | WARNING  | __main__             | _parse_csv_row       | Failed to parse CSV row: could not convert string to float: 'IPC1'
2025-08-13 16:32:27 | WARNING  | __main__             | _parse_csv_row       | Failed to parse CSV row: could not convert string to float: 'IPC1'
2025-08-13 16:32:27 | WARNING  | __main__             | _parse_csv_row       | Failed to parse CSV row: could not convert string to float: 'IPC1'
2025-08-13 16:32:27 | WARNING  | __main__             | _parse_csv_row       | Failed to parse CSV row: could not convert string to float: 'IPC1'
2025-08-13 16:32:27 | WARNING  | __main__             | _parse_csv_row       | Failed to parse CSV row: could not convert string to float: 'IPC1'
2025-08-13 16:32:27 | WARNING  | __main__             | _parse_csv_row       | Failed to parse CSV row: could not convert string to float: 'IPC1'
2025-08-13 16:32:27 | WARNING  | __main__             | _parse_csv_row       | Failed to parse CSV row: could not convert string to float: 'IPC1'
2025-08-13 16:32:27 | INFO     | __main__             | _delete_file         | Successfully deleted file: D:\NOPPALIT\History\Saturn_Acc_Logs\IPC1_20250813_163239.csv
2025-08-13 16:34:14 | INFO     | __main__             | start                | Service interrupted by user
2025-08-13 16:34:14 | INFO     | __main__             | close                | Connection pool closed
2025-08-13 16:34:14 | INFO     | __main__             | cleanup              | Service cleanup completed
