2025-08-13 15:42:52 | INFO     | __main__             | _load_config         | Configuration loaded from config.yaml
2025-08-13 15:42:53 | INFO     | __main__             | _init_connection_pool | Connection pool initialized successfully
2025-08-13 15:42:53 | INFO     | __main__             | __init__             | CSV source directory: D:\NOPPALIT\History\Saturn_Acc_Logs
2025-08-13 15:42:53 | INFO     | __main__             | __init__             | Export directory: D:\NOPPALIT\History\Saturn_Acc_Logs
2025-08-13 15:42:53 | INFO     | __main__             | init_db              | Database initialized successfully
2025-08-13 15:42:53 | INFO     | __main__             | start                | Starting CSV processing service every 1 minutes...
2025-08-13 15:42:53 | INFO     | __main__             | start                | CSV source directory: D:\NOPPALIT\History\Saturn_Acc_Logs
2025-08-13 15:42:53 | INFO     | __main__             | start                | Delete after export: True
2025-08-13 15:43:53 | WARNING  | __main__             | _parse_csv_row       | Failed to parse CSV row: could not convert string to float: 'RPB1'
2025-08-13 15:43:53 | WARNING  | __main__             | _parse_csv_row       | Failed to parse CSV row: could not convert string to float: 'RPB1'
2025-08-13 15:43:53 | WARNING  | __main__             | _parse_csv_row       | Failed to parse CSV row: could not convert string to float: 'RPB1'
2025-08-13 15:43:53 | WARNING  | __main__             | _parse_csv_row       | Failed to parse CSV row: could not convert string to float: 'RPB1'
2025-08-13 15:43:53 | WARNING  | __main__             | _parse_csv_row       | Failed to parse CSV row: could not convert string to float: 'RPB1'
2025-08-13 15:43:53 | WARNING  | __main__             | _parse_csv_row       | Failed to parse CSV row: could not convert string to float: 'RPB1'
2025-08-13 15:43:53 | WARNING  | __main__             | _parse_csv_row       | Failed to parse CSV row: could not convert string to float: 'RPB1'
2025-08-13 15:43:53 | WARNING  | __main__             | _parse_csv_row       | Failed to parse CSV row: could not convert string to float: 'RPB1'
2025-08-13 15:43:53 | WARNING  | __main__             | _parse_csv_row       | Failed to parse CSV row: could not convert string to float: 'RPB1'
2025-08-13 15:43:53 | WARNING  | __main__             | _parse_csv_row       | Failed to parse CSV row: could not convert string to float: 'RPB1'
2025-08-13 15:43:53 | INFO     | __main__             | _delete_file         | Successfully deleted file: D:\NOPPALIT\History\Saturn_Acc_Logs\RPB1_20250813_153700.csv
2025-08-13 15:43:53 | WARNING  | __main__             | _parse_csv_row       | Failed to parse CSV row: could not convert string to float: 'RPB1'
2025-08-13 15:43:53 | WARNING  | __main__             | _parse_csv_row       | Failed to parse CSV row: could not convert string to float: 'RPB1'
2025-08-13 15:43:53 | WARNING  | __main__             | _parse_csv_row       | Failed to parse CSV row: could not convert string to float: 'RPB1'
2025-08-13 15:43:53 | WARNING  | __main__             | _parse_csv_row       | Failed to parse CSV row: could not convert string to float: 'RPB1'
2025-08-13 15:43:53 | WARNING  | __main__             | _parse_csv_row       | Failed to parse CSV row: could not convert string to float: 'RPB1'
2025-08-13 15:43:53 | WARNING  | __main__             | _parse_csv_row       | Failed to parse CSV row: could not convert string to float: 'RPB1'
2025-08-13 15:43:53 | WARNING  | __main__             | _parse_csv_row       | Failed to parse CSV row: could not convert string to float: 'RPB1'
2025-08-13 15:43:53 | WARNING  | __main__             | _parse_csv_row       | Failed to parse CSV row: could not convert string to float: 'RPB1'
2025-08-13 15:43:53 | WARNING  | __main__             | _parse_csv_row       | Failed to parse CSV row: could not convert string to float: 'RPB1'
2025-08-13 15:43:53 | WARNING  | __main__             | _parse_csv_row       | Failed to parse CSV row: could not convert string to float: 'RPB1'
2025-08-13 15:43:53 | INFO     | __main__             | _delete_file         | Successfully deleted file: D:\NOPPALIT\History\Saturn_Acc_Logs\RPB1_20250813_153711.csv
2025-08-13 15:43:53 | WARNING  | __main__             | _parse_csv_row       | Failed to parse CSV row: could not convert string to float: 'RPB1'
2025-08-13 15:43:53 | WARNING  | __main__             | _parse_csv_row       | Failed to parse CSV row: could not convert string to float: 'RPB1'
2025-08-13 15:43:53 | WARNING  | __main__             | _parse_csv_row       | Failed to parse CSV row: could not convert string to float: 'RPB1'
2025-08-13 15:43:53 | WARNING  | __main__             | _parse_csv_row       | Failed to parse CSV row: could not convert string to float: 'RPB1'
2025-08-13 15:43:53 | WARNING  | __main__             | _parse_csv_row       | Failed to parse CSV row: could not convert string to float: 'RPB1'
2025-08-13 15:43:53 | WARNING  | __main__             | _parse_csv_row       | Failed to parse CSV row: could not convert string to float: 'RPB1'
2025-08-13 15:43:53 | WARNING  | __main__             | _parse_csv_row       | Failed to parse CSV row: could not convert string to float: 'RPB1'
2025-08-13 15:43:53 | WARNING  | __main__             | _parse_csv_row       | Failed to parse CSV row: could not convert string to float: 'RPB1'
2025-08-13 15:43:53 | WARNING  | __main__             | _parse_csv_row       | Failed to parse CSV row: could not convert string to float: 'RPB1'
2025-08-13 15:43:53 | WARNING  | __main__             | _parse_csv_row       | Failed to parse CSV row: could not convert string to float: 'RPB1'
2025-08-13 15:43:53 | INFO     | __main__             | _delete_file         | Successfully deleted file: D:\NOPPALIT\History\Saturn_Acc_Logs\RPB1_20250813_153722.csv
2025-08-13 15:43:53 | WARNING  | __main__             | _parse_csv_row       | Failed to parse CSV row: could not convert string to float: 'RPB1'
2025-08-13 15:43:53 | WARNING  | __main__             | _parse_csv_row       | Failed to parse CSV row: could not convert string to float: 'RPB1'
2025-08-13 15:43:53 | WARNING  | __main__             | _parse_csv_row       | Failed to parse CSV row: could not convert string to float: 'RPB1'
2025-08-13 15:43:53 | WARNING  | __main__             | _parse_csv_row       | Failed to parse CSV row: could not convert string to float: 'RPB1'
2025-08-13 15:43:53 | WARNING  | __main__             | _parse_csv_row       | Failed to parse CSV row: could not convert string to float: 'RPB1'
2025-08-13 15:43:53 | WARNING  | __main__             | _parse_csv_row       | Failed to parse CSV row: could not convert string to float: 'RPB1'
2025-08-13 15:43:53 | WARNING  | __main__             | _parse_csv_row       | Failed to parse CSV row: could not convert string to float: 'RPB1'
2025-08-13 15:43:53 | WARNING  | __main__             | _parse_csv_row       | Failed to parse CSV row: could not convert string to float: 'RPB1'
2025-08-13 15:43:53 | WARNING  | __main__             | _parse_csv_row       | Failed to parse CSV row: could not convert string to float: 'RPB1'
2025-08-13 15:43:53 | WARNING  | __main__             | _parse_csv_row       | Failed to parse CSV row: could not convert string to float: 'RPB1'
2025-08-13 15:43:53 | INFO     | __main__             | _delete_file         | Successfully deleted file: D:\NOPPALIT\History\Saturn_Acc_Logs\RPB1_20250813_153733.csv
2025-08-13 15:43:53 | WARNING  | __main__             | _parse_csv_row       | Failed to parse CSV row: could not convert string to float: 'RPB1'
2025-08-13 15:43:53 | WARNING  | __main__             | _parse_csv_row       | Failed to parse CSV row: could not convert string to float: 'RPB1'
2025-08-13 15:43:53 | WARNING  | __main__             | _parse_csv_row       | Failed to parse CSV row: could not convert string to float: 'RPB1'
2025-08-13 15:43:53 | WARNING  | __main__             | _parse_csv_row       | Failed to parse CSV row: could not convert string to float: 'RPB1'
2025-08-13 15:43:53 | WARNING  | __main__             | _parse_csv_row       | Failed to parse CSV row: could not convert string to float: 'RPB1'
2025-08-13 15:43:53 | WARNING  | __main__             | _parse_csv_row       | Failed to parse CSV row: could not convert string to float: 'RPB1'
2025-08-13 15:43:53 | WARNING  | __main__             | _parse_csv_row       | Failed to parse CSV row: could not convert string to float: 'RPB1'
2025-08-13 15:43:53 | WARNING  | __main__             | _parse_csv_row       | Failed to parse CSV row: could not convert string to float: 'RPB1'
2025-08-13 15:43:53 | WARNING  | __main__             | _parse_csv_row       | Failed to parse CSV row: could not convert string to float: 'RPB1'
2025-08-13 15:43:53 | WARNING  | __main__             | _parse_csv_row       | Failed to parse CSV row: could not convert string to float: 'RPB1'
2025-08-13 15:43:53 | INFO     | __main__             | _delete_file         | Successfully deleted file: D:\NOPPALIT\History\Saturn_Acc_Logs\RPB1_20250813_153744.csv
2025-08-13 15:43:53 | WARNING  | __main__             | _parse_csv_row       | Failed to parse CSV row: could not convert string to float: 'RPB1'
2025-08-13 15:43:53 | WARNING  | __main__             | _parse_csv_row       | Failed to parse CSV row: could not convert string to float: 'RPB1'
2025-08-13 15:43:53 | WARNING  | __main__             | _parse_csv_row       | Failed to parse CSV row: could not convert string to float: 'RPB1'
2025-08-13 15:43:53 | WARNING  | __main__             | _parse_csv_row       | Failed to parse CSV row: could not convert string to float: 'RPB1'
2025-08-13 15:43:53 | WARNING  | __main__             | _parse_csv_row       | Failed to parse CSV row: could not convert string to float: 'RPB1'
2025-08-13 15:43:53 | WARNING  | __main__             | _parse_csv_row       | Failed to parse CSV row: could not convert string to float: 'RPB1'
2025-08-13 15:43:53 | WARNING  | __main__             | _parse_csv_row       | Failed to parse CSV row: could not convert string to float: 'RPB1'
2025-08-13 15:43:53 | WARNING  | __main__             | _parse_csv_row       | Failed to parse CSV row: could not convert string to float: 'RPB1'
2025-08-13 15:43:53 | WARNING  | __main__             | _parse_csv_row       | Failed to parse CSV row: could not convert string to float: 'RPB1'
2025-08-13 15:43:53 | WARNING  | __main__             | _parse_csv_row       | Failed to parse CSV row: could not convert string to float: 'RPB1'
2025-08-13 15:43:53 | INFO     | __main__             | _delete_file         | Successfully deleted file: D:\NOPPALIT\History\Saturn_Acc_Logs\RPB1_20250813_153755.csv
2025-08-13 15:43:53 | WARNING  | __main__             | _parse_csv_row       | Failed to parse CSV row: could not convert string to float: 'RPB1'
2025-08-13 15:43:53 | WARNING  | __main__             | _parse_csv_row       | Failed to parse CSV row: could not convert string to float: 'RPB1'
2025-08-13 15:43:53 | WARNING  | __main__             | _parse_csv_row       | Failed to parse CSV row: could not convert string to float: 'RPB1'
2025-08-13 15:43:53 | WARNING  | __main__             | _parse_csv_row       | Failed to parse CSV row: could not convert string to float: 'RPB1'
2025-08-13 15:43:53 | WARNING  | __main__             | _parse_csv_row       | Failed to parse CSV row: could not convert string to float: 'RPB1'
2025-08-13 15:43:53 | WARNING  | __main__             | _parse_csv_row       | Failed to parse CSV row: could not convert string to float: 'RPB1'
2025-08-13 15:43:53 | WARNING  | __main__             | _parse_csv_row       | Failed to parse CSV row: could not convert string to float: 'RPB1'
2025-08-13 15:43:53 | WARNING  | __main__             | _parse_csv_row       | Failed to parse CSV row: could not convert string to float: 'RPB1'
2025-08-13 15:43:53 | WARNING  | __main__             | _parse_csv_row       | Failed to parse CSV row: could not convert string to float: 'RPB1'
2025-08-13 15:43:53 | WARNING  | __main__             | _parse_csv_row       | Failed to parse CSV row: could not convert string to float: 'RPB1'
2025-08-13 15:43:53 | INFO     | __main__             | _delete_file         | Successfully deleted file: D:\NOPPALIT\History\Saturn_Acc_Logs\RPB1_20250813_153806.csv
2025-08-13 15:43:53 | WARNING  | __main__             | _parse_csv_row       | Failed to parse CSV row: could not convert string to float: 'RPB1'
2025-08-13 15:43:53 | WARNING  | __main__             | _parse_csv_row       | Failed to parse CSV row: could not convert string to float: 'RPB1'
2025-08-13 15:43:53 | WARNING  | __main__             | _parse_csv_row       | Failed to parse CSV row: could not convert string to float: 'RPB1'
2025-08-13 15:43:53 | WARNING  | __main__             | _parse_csv_row       | Failed to parse CSV row: could not convert string to float: 'RPB1'
2025-08-13 15:43:53 | WARNING  | __main__             | _parse_csv_row       | Failed to parse CSV row: could not convert string to float: 'RPB1'
2025-08-13 15:43:53 | WARNING  | __main__             | _parse_csv_row       | Failed to parse CSV row: could not convert string to float: 'RPB1'
2025-08-13 15:43:53 | WARNING  | __main__             | _parse_csv_row       | Failed to parse CSV row: could not convert string to float: 'RPB1'
2025-08-13 15:43:53 | WARNING  | __main__             | _parse_csv_row       | Failed to parse CSV row: could not convert string to float: 'RPB1'
2025-08-13 15:43:53 | WARNING  | __main__             | _parse_csv_row       | Failed to parse CSV row: could not convert string to float: 'RPB1'
2025-08-13 15:43:53 | WARNING  | __main__             | _parse_csv_row       | Failed to parse CSV row: could not convert string to float: 'RPB1'
2025-08-13 15:43:53 | INFO     | __main__             | _delete_file         | Successfully deleted file: D:\NOPPALIT\History\Saturn_Acc_Logs\RPB1_20250813_153817.csv
2025-08-13 15:43:53 | WARNING  | __main__             | _parse_csv_row       | Failed to parse CSV row: could not convert string to float: 'RPB1'
2025-08-13 15:43:53 | WARNING  | __main__             | _parse_csv_row       | Failed to parse CSV row: could not convert string to float: 'RPB1'
2025-08-13 15:43:53 | WARNING  | __main__             | _parse_csv_row       | Failed to parse CSV row: could not convert string to float: 'RPB1'
2025-08-13 15:43:53 | WARNING  | __main__             | _parse_csv_row       | Failed to parse CSV row: could not convert string to float: 'RPB1'
2025-08-13 15:43:53 | WARNING  | __main__             | _parse_csv_row       | Failed to parse CSV row: could not convert string to float: 'RPB1'
2025-08-13 15:43:53 | WARNING  | __main__             | _parse_csv_row       | Failed to parse CSV row: could not convert string to float: 'RPB1'
2025-08-13 15:43:53 | WARNING  | __main__             | _parse_csv_row       | Failed to parse CSV row: could not convert string to float: 'RPB1'
2025-08-13 15:43:53 | WARNING  | __main__             | _parse_csv_row       | Failed to parse CSV row: could not convert string to float: 'RPB1'
2025-08-13 15:43:53 | WARNING  | __main__             | _parse_csv_row       | Failed to parse CSV row: could not convert string to float: 'RPB1'
2025-08-13 15:43:53 | WARNING  | __main__             | _parse_csv_row       | Failed to parse CSV row: could not convert string to float: 'RPB1'
2025-08-13 15:43:53 | INFO     | __main__             | _delete_file         | Successfully deleted file: D:\NOPPALIT\History\Saturn_Acc_Logs\RPB1_20250813_153828.csv
2025-08-13 15:43:53 | WARNING  | __main__             | _parse_csv_row       | Failed to parse CSV row: could not convert string to float: 'RPB1'
2025-08-13 15:43:53 | WARNING  | __main__             | _parse_csv_row       | Failed to parse CSV row: could not convert string to float: 'RPB1'
2025-08-13 15:43:53 | WARNING  | __main__             | _parse_csv_row       | Failed to parse CSV row: could not convert string to float: 'RPB1'
2025-08-13 15:43:53 | WARNING  | __main__             | _parse_csv_row       | Failed to parse CSV row: could not convert string to float: 'RPB1'
2025-08-13 15:43:53 | WARNING  | __main__             | _parse_csv_row       | Failed to parse CSV row: could not convert string to float: 'RPB1'
2025-08-13 15:43:53 | WARNING  | __main__             | _parse_csv_row       | Failed to parse CSV row: could not convert string to float: 'RPB1'
2025-08-13 15:43:53 | WARNING  | __main__             | _parse_csv_row       | Failed to parse CSV row: could not convert string to float: 'RPB1'
2025-08-13 15:43:53 | WARNING  | __main__             | _parse_csv_row       | Failed to parse CSV row: could not convert string to float: 'RPB1'
2025-08-13 15:43:53 | WARNING  | __main__             | _parse_csv_row       | Failed to parse CSV row: could not convert string to float: 'RPB1'
2025-08-13 15:43:53 | WARNING  | __main__             | _parse_csv_row       | Failed to parse CSV row: could not convert string to float: 'RPB1'
2025-08-13 15:43:53 | INFO     | __main__             | _delete_file         | Successfully deleted file: D:\NOPPALIT\History\Saturn_Acc_Logs\RPB1_20250813_153839.csv
2025-08-13 15:43:53 | WARNING  | __main__             | _parse_csv_row       | Failed to parse CSV row: could not convert string to float: 'RPB1'
2025-08-13 15:43:53 | WARNING  | __main__             | _parse_csv_row       | Failed to parse CSV row: could not convert string to float: 'RPB1'
2025-08-13 15:43:53 | WARNING  | __main__             | _parse_csv_row       | Failed to parse CSV row: could not convert string to float: 'RPB1'
2025-08-13 15:43:53 | WARNING  | __main__             | _parse_csv_row       | Failed to parse CSV row: could not convert string to float: 'RPB1'
2025-08-13 15:43:53 | WARNING  | __main__             | _parse_csv_row       | Failed to parse CSV row: could not convert string to float: 'RPB1'
2025-08-13 15:43:53 | WARNING  | __main__             | _parse_csv_row       | Failed to parse CSV row: could not convert string to float: 'RPB1'
2025-08-13 15:43:53 | WARNING  | __main__             | _parse_csv_row       | Failed to parse CSV row: could not convert string to float: 'RPB1'
2025-08-13 15:43:53 | WARNING  | __main__             | _parse_csv_row       | Failed to parse CSV row: could not convert string to float: 'RPB1'
2025-08-13 15:43:53 | WARNING  | __main__             | _parse_csv_row       | Failed to parse CSV row: could not convert string to float: 'RPB1'
2025-08-13 15:43:53 | WARNING  | __main__             | _parse_csv_row       | Failed to parse CSV row: could not convert string to float: 'RPB1'
2025-08-13 15:43:53 | INFO     | __main__             | _delete_file         | Successfully deleted file: D:\NOPPALIT\History\Saturn_Acc_Logs\RPB1_20250813_153850.csv
2025-08-13 15:43:53 | WARNING  | __main__             | _parse_csv_row       | Failed to parse CSV row: could not convert string to float: 'RPB1'
2025-08-13 15:43:53 | WARNING  | __main__             | _parse_csv_row       | Failed to parse CSV row: could not convert string to float: 'RPB1'
2025-08-13 15:43:53 | WARNING  | __main__             | _parse_csv_row       | Failed to parse CSV row: could not convert string to float: 'RPB1'
2025-08-13 15:43:53 | WARNING  | __main__             | _parse_csv_row       | Failed to parse CSV row: could not convert string to float: 'RPB1'
2025-08-13 15:43:53 | WARNING  | __main__             | _parse_csv_row       | Failed to parse CSV row: could not convert string to float: 'RPB1'
2025-08-13 15:43:53 | WARNING  | __main__             | _parse_csv_row       | Failed to parse CSV row: could not convert string to float: 'RPB1'
2025-08-13 15:43:53 | WARNING  | __main__             | _parse_csv_row       | Failed to parse CSV row: could not convert string to float: 'RPB1'
2025-08-13 15:43:53 | WARNING  | __main__             | _parse_csv_row       | Failed to parse CSV row: could not convert string to float: 'RPB1'
2025-08-13 15:43:53 | WARNING  | __main__             | _parse_csv_row       | Failed to parse CSV row: could not convert string to float: 'RPB1'
2025-08-13 15:43:53 | WARNING  | __main__             | _parse_csv_row       | Failed to parse CSV row: could not convert string to float: 'RPB1'
2025-08-13 15:43:53 | INFO     | __main__             | _delete_file         | Successfully deleted file: D:\NOPPALIT\History\Saturn_Acc_Logs\RPB1_20250813_153902.csv
2025-08-13 15:43:53 | WARNING  | __main__             | _parse_csv_row       | Failed to parse CSV row: could not convert string to float: 'RPB1'
2025-08-13 15:43:53 | WARNING  | __main__             | _parse_csv_row       | Failed to parse CSV row: could not convert string to float: 'RPB1'
2025-08-13 15:43:53 | WARNING  | __main__             | _parse_csv_row       | Failed to parse CSV row: could not convert string to float: 'RPB1'
2025-08-13 15:43:53 | WARNING  | __main__             | _parse_csv_row       | Failed to parse CSV row: could not convert string to float: 'RPB1'
2025-08-13 15:43:53 | WARNING  | __main__             | _parse_csv_row       | Failed to parse CSV row: could not convert string to float: 'RPB1'
2025-08-13 15:43:53 | WARNING  | __main__             | _parse_csv_row       | Failed to parse CSV row: could not convert string to float: 'RPB1'
2025-08-13 15:43:53 | WARNING  | __main__             | _parse_csv_row       | Failed to parse CSV row: could not convert string to float: 'RPB1'
2025-08-13 15:43:53 | WARNING  | __main__             | _parse_csv_row       | Failed to parse CSV row: could not convert string to float: 'RPB1'
2025-08-13 15:43:53 | WARNING  | __main__             | _parse_csv_row       | Failed to parse CSV row: could not convert string to float: 'RPB1'
2025-08-13 15:43:53 | WARNING  | __main__             | _parse_csv_row       | Failed to parse CSV row: could not convert string to float: 'RPB1'
2025-08-13 15:43:53 | INFO     | __main__             | _delete_file         | Successfully deleted file: D:\NOPPALIT\History\Saturn_Acc_Logs\RPB1_20250813_153913.csv
2025-08-13 15:43:53 | WARNING  | __main__             | _parse_csv_row       | Failed to parse CSV row: could not convert string to float: 'RPB1'
2025-08-13 15:43:53 | WARNING  | __main__             | _parse_csv_row       | Failed to parse CSV row: could not convert string to float: 'RPB1'
2025-08-13 15:43:53 | WARNING  | __main__             | _parse_csv_row       | Failed to parse CSV row: could not convert string to float: 'RPB1'
2025-08-13 15:43:53 | WARNING  | __main__             | _parse_csv_row       | Failed to parse CSV row: could not convert string to float: 'RPB1'
2025-08-13 15:43:53 | WARNING  | __main__             | _parse_csv_row       | Failed to parse CSV row: could not convert string to float: 'RPB1'
2025-08-13 15:43:53 | WARNING  | __main__             | _parse_csv_row       | Failed to parse CSV row: could not convert string to float: 'RPB1'
2025-08-13 15:43:53 | WARNING  | __main__             | _parse_csv_row       | Failed to parse CSV row: could not convert string to float: 'RPB1'
2025-08-13 15:43:53 | WARNING  | __main__             | _parse_csv_row       | Failed to parse CSV row: could not convert string to float: 'RPB1'
2025-08-13 15:43:53 | WARNING  | __main__             | _parse_csv_row       | Failed to parse CSV row: could not convert string to float: 'RPB1'
2025-08-13 15:43:53 | WARNING  | __main__             | _parse_csv_row       | Failed to parse CSV row: could not convert string to float: 'RPB1'
2025-08-13 15:43:53 | INFO     | __main__             | _delete_file         | Successfully deleted file: D:\NOPPALIT\History\Saturn_Acc_Logs\RPB1_20250813_153924.csv
2025-08-13 15:43:53 | WARNING  | __main__             | _parse_csv_row       | Failed to parse CSV row: could not convert string to float: 'RPB1'
2025-08-13 15:43:53 | WARNING  | __main__             | _parse_csv_row       | Failed to parse CSV row: could not convert string to float: 'RPB1'
2025-08-13 15:43:53 | WARNING  | __main__             | _parse_csv_row       | Failed to parse CSV row: could not convert string to float: 'RPB1'
2025-08-13 15:43:53 | WARNING  | __main__             | _parse_csv_row       | Failed to parse CSV row: could not convert string to float: 'RPB1'
2025-08-13 15:43:53 | WARNING  | __main__             | _parse_csv_row       | Failed to parse CSV row: could not convert string to float: 'RPB1'
2025-08-13 15:43:53 | WARNING  | __main__             | _parse_csv_row       | Failed to parse CSV row: could not convert string to float: 'RPB1'
2025-08-13 15:43:53 | WARNING  | __main__             | _parse_csv_row       | Failed to parse CSV row: could not convert string to float: 'RPB1'
2025-08-13 15:43:53 | WARNING  | __main__             | _parse_csv_row       | Failed to parse CSV row: could not convert string to float: 'RPB1'
2025-08-13 15:43:53 | WARNING  | __main__             | _parse_csv_row       | Failed to parse CSV row: could not convert string to float: 'RPB1'
2025-08-13 15:43:53 | WARNING  | __main__             | _parse_csv_row       | Failed to parse CSV row: could not convert string to float: 'RPB1'
2025-08-13 15:43:53 | INFO     | __main__             | _delete_file         | Successfully deleted file: D:\NOPPALIT\History\Saturn_Acc_Logs\RPB1_20250813_153935.csv
2025-08-13 15:43:53 | WARNING  | __main__             | _parse_csv_row       | Failed to parse CSV row: could not convert string to float: 'RPB1'
2025-08-13 15:43:53 | WARNING  | __main__             | _parse_csv_row       | Failed to parse CSV row: could not convert string to float: 'RPB1'
2025-08-13 15:43:53 | WARNING  | __main__             | _parse_csv_row       | Failed to parse CSV row: could not convert string to float: 'RPB1'
2025-08-13 15:43:53 | WARNING  | __main__             | _parse_csv_row       | Failed to parse CSV row: could not convert string to float: 'RPB1'
2025-08-13 15:43:53 | WARNING  | __main__             | _parse_csv_row       | Failed to parse CSV row: could not convert string to float: 'RPB1'
2025-08-13 15:43:53 | WARNING  | __main__             | _parse_csv_row       | Failed to parse CSV row: could not convert string to float: 'RPB1'
2025-08-13 15:43:53 | WARNING  | __main__             | _parse_csv_row       | Failed to parse CSV row: could not convert string to float: 'RPB1'
2025-08-13 15:43:53 | WARNING  | __main__             | _parse_csv_row       | Failed to parse CSV row: could not convert string to float: 'RPB1'
2025-08-13 15:43:53 | WARNING  | __main__             | _parse_csv_row       | Failed to parse CSV row: could not convert string to float: 'RPB1'
2025-08-13 15:43:53 | WARNING  | __main__             | _parse_csv_row       | Failed to parse CSV row: could not convert string to float: 'RPB1'
2025-08-13 15:43:53 | INFO     | __main__             | _delete_file         | Successfully deleted file: D:\NOPPALIT\History\Saturn_Acc_Logs\RPB1_20250813_153946.csv
2025-08-13 15:43:53 | WARNING  | __main__             | _parse_csv_row       | Failed to parse CSV row: could not convert string to float: 'RPB1'
2025-08-13 15:43:53 | WARNING  | __main__             | _parse_csv_row       | Failed to parse CSV row: could not convert string to float: 'RPB1'
2025-08-13 15:43:53 | WARNING  | __main__             | _parse_csv_row       | Failed to parse CSV row: could not convert string to float: 'RPB1'
2025-08-13 15:43:53 | WARNING  | __main__             | _parse_csv_row       | Failed to parse CSV row: could not convert string to float: 'RPB1'
2025-08-13 15:43:53 | WARNING  | __main__             | _parse_csv_row       | Failed to parse CSV row: could not convert string to float: 'RPB1'
2025-08-13 15:43:53 | WARNING  | __main__             | _parse_csv_row       | Failed to parse CSV row: could not convert string to float: 'RPB1'
2025-08-13 15:43:53 | WARNING  | __main__             | _parse_csv_row       | Failed to parse CSV row: could not convert string to float: 'RPB1'
2025-08-13 15:43:53 | WARNING  | __main__             | _parse_csv_row       | Failed to parse CSV row: could not convert string to float: 'RPB1'
2025-08-13 15:43:53 | WARNING  | __main__             | _parse_csv_row       | Failed to parse CSV row: could not convert string to float: 'RPB1'
2025-08-13 15:43:53 | WARNING  | __main__             | _parse_csv_row       | Failed to parse CSV row: could not convert string to float: 'RPB1'
2025-08-13 15:43:53 | INFO     | __main__             | _delete_file         | Successfully deleted file: D:\NOPPALIT\History\Saturn_Acc_Logs\RPB1_20250813_153957.csv
2025-08-13 15:43:53 | WARNING  | __main__             | _parse_csv_row       | Failed to parse CSV row: could not convert string to float: 'RPB1'
2025-08-13 15:43:53 | WARNING  | __main__             | _parse_csv_row       | Failed to parse CSV row: could not convert string to float: 'RPB1'
2025-08-13 15:43:53 | WARNING  | __main__             | _parse_csv_row       | Failed to parse CSV row: could not convert string to float: 'RPB1'
2025-08-13 15:43:53 | WARNING  | __main__             | _parse_csv_row       | Failed to parse CSV row: could not convert string to float: 'RPB1'
2025-08-13 15:43:53 | WARNING  | __main__             | _parse_csv_row       | Failed to parse CSV row: could not convert string to float: 'RPB1'
2025-08-13 15:43:53 | WARNING  | __main__             | _parse_csv_row       | Failed to parse CSV row: could not convert string to float: 'RPB1'
2025-08-13 15:43:53 | WARNING  | __main__             | _parse_csv_row       | Failed to parse CSV row: could not convert string to float: 'RPB1'
2025-08-13 15:43:53 | WARNING  | __main__             | _parse_csv_row       | Failed to parse CSV row: could not convert string to float: 'RPB1'
2025-08-13 15:43:53 | WARNING  | __main__             | _parse_csv_row       | Failed to parse CSV row: could not convert string to float: 'RPB1'
2025-08-13 15:43:53 | WARNING  | __main__             | _parse_csv_row       | Failed to parse CSV row: could not convert string to float: 'RPB1'
2025-08-13 15:43:53 | INFO     | __main__             | _delete_file         | Successfully deleted file: D:\NOPPALIT\History\Saturn_Acc_Logs\RPB1_20250813_154008.csv
2025-08-13 15:43:53 | WARNING  | __main__             | _parse_csv_row       | Failed to parse CSV row: could not convert string to float: 'RPB1'
2025-08-13 15:43:53 | WARNING  | __main__             | _parse_csv_row       | Failed to parse CSV row: could not convert string to float: 'RPB1'
2025-08-13 15:43:53 | WARNING  | __main__             | _parse_csv_row       | Failed to parse CSV row: could not convert string to float: 'RPB1'
2025-08-13 15:43:53 | WARNING  | __main__             | _parse_csv_row       | Failed to parse CSV row: could not convert string to float: 'RPB1'
2025-08-13 15:43:53 | WARNING  | __main__             | _parse_csv_row       | Failed to parse CSV row: could not convert string to float: 'RPB1'
2025-08-13 15:43:53 | WARNING  | __main__             | _parse_csv_row       | Failed to parse CSV row: could not convert string to float: 'RPB1'
2025-08-13 15:43:53 | WARNING  | __main__             | _parse_csv_row       | Failed to parse CSV row: could not convert string to float: 'RPB1'
2025-08-13 15:43:53 | WARNING  | __main__             | _parse_csv_row       | Failed to parse CSV row: could not convert string to float: 'RPB1'
2025-08-13 15:43:53 | WARNING  | __main__             | _parse_csv_row       | Failed to parse CSV row: could not convert string to float: 'RPB1'
2025-08-13 15:43:53 | WARNING  | __main__             | _parse_csv_row       | Failed to parse CSV row: could not convert string to float: 'RPB1'
2025-08-13 15:43:53 | INFO     | __main__             | _delete_file         | Successfully deleted file: D:\NOPPALIT\History\Saturn_Acc_Logs\RPB1_20250813_154020.csv
2025-08-13 15:43:53 | WARNING  | __main__             | _parse_csv_row       | Failed to parse CSV row: could not convert string to float: 'RPB1'
2025-08-13 15:43:53 | WARNING  | __main__             | _parse_csv_row       | Failed to parse CSV row: could not convert string to float: 'RPB1'
2025-08-13 15:43:53 | WARNING  | __main__             | _parse_csv_row       | Failed to parse CSV row: could not convert string to float: 'RPB1'
2025-08-13 15:43:53 | WARNING  | __main__             | _parse_csv_row       | Failed to parse CSV row: could not convert string to float: 'RPB1'
2025-08-13 15:43:53 | WARNING  | __main__             | _parse_csv_row       | Failed to parse CSV row: could not convert string to float: 'RPB1'
2025-08-13 15:43:53 | WARNING  | __main__             | _parse_csv_row       | Failed to parse CSV row: could not convert string to float: 'RPB1'
2025-08-13 15:43:53 | WARNING  | __main__             | _parse_csv_row       | Failed to parse CSV row: could not convert string to float: 'RPB1'
2025-08-13 15:43:53 | WARNING  | __main__             | _parse_csv_row       | Failed to parse CSV row: could not convert string to float: 'RPB1'
2025-08-13 15:43:53 | WARNING  | __main__             | _parse_csv_row       | Failed to parse CSV row: could not convert string to float: 'RPB1'
2025-08-13 15:43:53 | WARNING  | __main__             | _parse_csv_row       | Failed to parse CSV row: could not convert string to float: 'RPB1'
2025-08-13 15:43:53 | INFO     | __main__             | _delete_file         | Successfully deleted file: D:\NOPPALIT\History\Saturn_Acc_Logs\RPB1_20250813_154031.csv
2025-08-13 15:43:53 | WARNING  | __main__             | _parse_csv_row       | Failed to parse CSV row: could not convert string to float: 'RPB1'
2025-08-13 15:43:53 | WARNING  | __main__             | _parse_csv_row       | Failed to parse CSV row: could not convert string to float: 'RPB1'
2025-08-13 15:43:53 | WARNING  | __main__             | _parse_csv_row       | Failed to parse CSV row: could not convert string to float: 'RPB1'
2025-08-13 15:43:53 | WARNING  | __main__             | _parse_csv_row       | Failed to parse CSV row: could not convert string to float: 'RPB1'
2025-08-13 15:43:53 | WARNING  | __main__             | _parse_csv_row       | Failed to parse CSV row: could not convert string to float: 'RPB1'
2025-08-13 15:43:53 | WARNING  | __main__             | _parse_csv_row       | Failed to parse CSV row: could not convert string to float: 'RPB1'
2025-08-13 15:43:53 | WARNING  | __main__             | _parse_csv_row       | Failed to parse CSV row: could not convert string to float: 'RPB1'
2025-08-13 15:43:53 | WARNING  | __main__             | _parse_csv_row       | Failed to parse CSV row: could not convert string to float: 'RPB1'
2025-08-13 15:43:53 | WARNING  | __main__             | _parse_csv_row       | Failed to parse CSV row: could not convert string to float: 'RPB1'
2025-08-13 15:43:53 | WARNING  | __main__             | _parse_csv_row       | Failed to parse CSV row: could not convert string to float: 'RPB1'
2025-08-13 15:43:53 | INFO     | __main__             | _delete_file         | Successfully deleted file: D:\NOPPALIT\History\Saturn_Acc_Logs\RPB1_20250813_154041.csv
2025-08-13 15:43:53 | WARNING  | __main__             | _parse_csv_row       | Failed to parse CSV row: could not convert string to float: 'RPB1'
2025-08-13 15:43:53 | WARNING  | __main__             | _parse_csv_row       | Failed to parse CSV row: could not convert string to float: 'RPB1'
2025-08-13 15:43:53 | WARNING  | __main__             | _parse_csv_row       | Failed to parse CSV row: could not convert string to float: 'RPB1'
2025-08-13 15:43:53 | WARNING  | __main__             | _parse_csv_row       | Failed to parse CSV row: could not convert string to float: 'RPB1'
2025-08-13 15:43:53 | WARNING  | __main__             | _parse_csv_row       | Failed to parse CSV row: could not convert string to float: 'RPB1'
2025-08-13 15:43:53 | WARNING  | __main__             | _parse_csv_row       | Failed to parse CSV row: could not convert string to float: 'RPB1'
2025-08-13 15:43:53 | WARNING  | __main__             | _parse_csv_row       | Failed to parse CSV row: could not convert string to float: 'RPB1'
2025-08-13 15:43:53 | WARNING  | __main__             | _parse_csv_row       | Failed to parse CSV row: could not convert string to float: 'RPB1'
2025-08-13 15:43:53 | WARNING  | __main__             | _parse_csv_row       | Failed to parse CSV row: could not convert string to float: 'RPB1'
2025-08-13 15:43:53 | WARNING  | __main__             | _parse_csv_row       | Failed to parse CSV row: could not convert string to float: 'RPB1'
2025-08-13 15:43:53 | INFO     | __main__             | _delete_file         | Successfully deleted file: D:\NOPPALIT\History\Saturn_Acc_Logs\RPB1_20250813_154052.csv
2025-08-13 15:43:53 | WARNING  | __main__             | _parse_csv_row       | Failed to parse CSV row: could not convert string to float: 'RPB1'
2025-08-13 15:43:53 | WARNING  | __main__             | _parse_csv_row       | Failed to parse CSV row: could not convert string to float: 'RPB1'
2025-08-13 15:43:53 | WARNING  | __main__             | _parse_csv_row       | Failed to parse CSV row: could not convert string to float: 'RPB1'
2025-08-13 15:43:53 | WARNING  | __main__             | _parse_csv_row       | Failed to parse CSV row: could not convert string to float: 'RPB1'
2025-08-13 15:43:53 | WARNING  | __main__             | _parse_csv_row       | Failed to parse CSV row: could not convert string to float: 'RPB1'
2025-08-13 15:43:53 | WARNING  | __main__             | _parse_csv_row       | Failed to parse CSV row: could not convert string to float: 'RPB1'
2025-08-13 15:43:53 | WARNING  | __main__             | _parse_csv_row       | Failed to parse CSV row: could not convert string to float: 'RPB1'
2025-08-13 15:43:53 | WARNING  | __main__             | _parse_csv_row       | Failed to parse CSV row: could not convert string to float: 'RPB1'
2025-08-13 15:43:53 | WARNING  | __main__             | _parse_csv_row       | Failed to parse CSV row: could not convert string to float: 'RPB1'
2025-08-13 15:43:53 | WARNING  | __main__             | _parse_csv_row       | Failed to parse CSV row: could not convert string to float: 'RPB1'
2025-08-13 15:43:53 | INFO     | __main__             | _delete_file         | Successfully deleted file: D:\NOPPALIT\History\Saturn_Acc_Logs\RPB1_20250813_154104.csv
2025-08-13 15:43:53 | WARNING  | __main__             | _parse_csv_row       | Failed to parse CSV row: could not convert string to float: 'RPB1'
2025-08-13 15:43:53 | WARNING  | __main__             | _parse_csv_row       | Failed to parse CSV row: could not convert string to float: 'RPB1'
2025-08-13 15:43:53 | WARNING  | __main__             | _parse_csv_row       | Failed to parse CSV row: could not convert string to float: 'RPB1'
2025-08-13 15:43:53 | WARNING  | __main__             | _parse_csv_row       | Failed to parse CSV row: could not convert string to float: 'RPB1'
2025-08-13 15:43:53 | WARNING  | __main__             | _parse_csv_row       | Failed to parse CSV row: could not convert string to float: 'RPB1'
2025-08-13 15:43:53 | WARNING  | __main__             | _parse_csv_row       | Failed to parse CSV row: could not convert string to float: 'RPB1'
2025-08-13 15:43:53 | WARNING  | __main__             | _parse_csv_row       | Failed to parse CSV row: could not convert string to float: 'RPB1'
2025-08-13 15:43:53 | WARNING  | __main__             | _parse_csv_row       | Failed to parse CSV row: could not convert string to float: 'RPB1'
2025-08-13 15:43:53 | WARNING  | __main__             | _parse_csv_row       | Failed to parse CSV row: could not convert string to float: 'RPB1'
2025-08-13 15:43:53 | WARNING  | __main__             | _parse_csv_row       | Failed to parse CSV row: could not convert string to float: 'RPB1'
2025-08-13 15:43:53 | INFO     | __main__             | _delete_file         | Successfully deleted file: D:\NOPPALIT\History\Saturn_Acc_Logs\RPB1_20250813_154115.csv
2025-08-13 15:43:53 | WARNING  | __main__             | _parse_csv_row       | Failed to parse CSV row: could not convert string to float: 'RPB1'
2025-08-13 15:43:53 | WARNING  | __main__             | _parse_csv_row       | Failed to parse CSV row: could not convert string to float: 'RPB1'
2025-08-13 15:43:53 | WARNING  | __main__             | _parse_csv_row       | Failed to parse CSV row: could not convert string to float: 'RPB1'
2025-08-13 15:43:53 | WARNING  | __main__             | _parse_csv_row       | Failed to parse CSV row: could not convert string to float: 'RPB1'
2025-08-13 15:43:53 | WARNING  | __main__             | _parse_csv_row       | Failed to parse CSV row: could not convert string to float: 'RPB1'
2025-08-13 15:43:53 | WARNING  | __main__             | _parse_csv_row       | Failed to parse CSV row: could not convert string to float: 'RPB1'
2025-08-13 15:43:53 | WARNING  | __main__             | _parse_csv_row       | Failed to parse CSV row: could not convert string to float: 'RPB1'
2025-08-13 15:43:53 | WARNING  | __main__             | _parse_csv_row       | Failed to parse CSV row: could not convert string to float: 'RPB1'
2025-08-13 15:43:53 | WARNING  | __main__             | _parse_csv_row       | Failed to parse CSV row: could not convert string to float: 'RPB1'
2025-08-13 15:43:53 | WARNING  | __main__             | _parse_csv_row       | Failed to parse CSV row: could not convert string to float: 'RPB1'
2025-08-13 15:43:53 | INFO     | __main__             | _delete_file         | Successfully deleted file: D:\NOPPALIT\History\Saturn_Acc_Logs\RPB1_20250813_154126.csv
2025-08-13 15:43:53 | WARNING  | __main__             | _parse_csv_row       | Failed to parse CSV row: could not convert string to float: 'RPB1'
2025-08-13 15:43:53 | WARNING  | __main__             | _parse_csv_row       | Failed to parse CSV row: could not convert string to float: 'RPB1'
2025-08-13 15:43:53 | WARNING  | __main__             | _parse_csv_row       | Failed to parse CSV row: could not convert string to float: 'RPB1'
2025-08-13 15:43:53 | WARNING  | __main__             | _parse_csv_row       | Failed to parse CSV row: could not convert string to float: 'RPB1'
2025-08-13 15:43:53 | WARNING  | __main__             | _parse_csv_row       | Failed to parse CSV row: could not convert string to float: 'RPB1'
2025-08-13 15:43:53 | WARNING  | __main__             | _parse_csv_row       | Failed to parse CSV row: could not convert string to float: 'RPB1'
2025-08-13 15:43:53 | WARNING  | __main__             | _parse_csv_row       | Failed to parse CSV row: could not convert string to float: 'RPB1'
2025-08-13 15:43:53 | WARNING  | __main__             | _parse_csv_row       | Failed to parse CSV row: could not convert string to float: 'RPB1'
2025-08-13 15:43:53 | WARNING  | __main__             | _parse_csv_row       | Failed to parse CSV row: could not convert string to float: 'RPB1'
2025-08-13 15:43:53 | WARNING  | __main__             | _parse_csv_row       | Failed to parse CSV row: could not convert string to float: 'RPB1'
2025-08-13 15:43:53 | INFO     | __main__             | _delete_file         | Successfully deleted file: D:\NOPPALIT\History\Saturn_Acc_Logs\RPB1_20250813_154138.csv
2025-08-13 15:43:53 | WARNING  | __main__             | _parse_csv_row       | Failed to parse CSV row: could not convert string to float: 'RPB1'
2025-08-13 15:43:53 | WARNING  | __main__             | _parse_csv_row       | Failed to parse CSV row: could not convert string to float: 'RPB1'
2025-08-13 15:43:53 | WARNING  | __main__             | _parse_csv_row       | Failed to parse CSV row: could not convert string to float: 'RPB1'
2025-08-13 15:43:53 | WARNING  | __main__             | _parse_csv_row       | Failed to parse CSV row: could not convert string to float: 'RPB1'
2025-08-13 15:43:53 | WARNING  | __main__             | _parse_csv_row       | Failed to parse CSV row: could not convert string to float: 'RPB1'
2025-08-13 15:43:53 | WARNING  | __main__             | _parse_csv_row       | Failed to parse CSV row: could not convert string to float: 'RPB1'
2025-08-13 15:43:53 | WARNING  | __main__             | _parse_csv_row       | Failed to parse CSV row: could not convert string to float: 'RPB1'
2025-08-13 15:43:53 | WARNING  | __main__             | _parse_csv_row       | Failed to parse CSV row: could not convert string to float: 'RPB1'
2025-08-13 15:43:53 | WARNING  | __main__             | _parse_csv_row       | Failed to parse CSV row: could not convert string to float: 'RPB1'
2025-08-13 15:43:53 | WARNING  | __main__             | _parse_csv_row       | Failed to parse CSV row: could not convert string to float: 'RPB1'
2025-08-13 15:43:53 | INFO     | __main__             | _delete_file         | Successfully deleted file: D:\NOPPALIT\History\Saturn_Acc_Logs\RPB1_20250813_154149.csv
2025-08-13 15:43:53 | WARNING  | __main__             | _parse_csv_row       | Failed to parse CSV row: could not convert string to float: 'RPB1'
2025-08-13 15:43:53 | WARNING  | __main__             | _parse_csv_row       | Failed to parse CSV row: could not convert string to float: 'RPB1'
2025-08-13 15:43:53 | WARNING  | __main__             | _parse_csv_row       | Failed to parse CSV row: could not convert string to float: 'RPB1'
2025-08-13 15:43:53 | WARNING  | __main__             | _parse_csv_row       | Failed to parse CSV row: could not convert string to float: 'RPB1'
2025-08-13 15:43:53 | WARNING  | __main__             | _parse_csv_row       | Failed to parse CSV row: could not convert string to float: 'RPB1'
2025-08-13 15:43:53 | WARNING  | __main__             | _parse_csv_row       | Failed to parse CSV row: could not convert string to float: 'RPB1'
2025-08-13 15:43:53 | WARNING  | __main__             | _parse_csv_row       | Failed to parse CSV row: could not convert string to float: 'RPB1'
2025-08-13 15:43:53 | WARNING  | __main__             | _parse_csv_row       | Failed to parse CSV row: could not convert string to float: 'RPB1'
2025-08-13 15:43:53 | WARNING  | __main__             | _parse_csv_row       | Failed to parse CSV row: could not convert string to float: 'RPB1'
2025-08-13 15:43:53 | WARNING  | __main__             | _parse_csv_row       | Failed to parse CSV row: could not convert string to float: 'RPB1'
2025-08-13 15:43:53 | INFO     | __main__             | _delete_file         | Successfully deleted file: D:\NOPPALIT\History\Saturn_Acc_Logs\RPB1_20250813_154200.csv
2025-08-13 15:43:53 | WARNING  | __main__             | _parse_csv_row       | Failed to parse CSV row: could not convert string to float: 'RPB1'
2025-08-13 15:43:53 | WARNING  | __main__             | _parse_csv_row       | Failed to parse CSV row: could not convert string to float: 'RPB1'
2025-08-13 15:43:53 | WARNING  | __main__             | _parse_csv_row       | Failed to parse CSV row: could not convert string to float: 'RPB1'
2025-08-13 15:43:53 | WARNING  | __main__             | _parse_csv_row       | Failed to parse CSV row: could not convert string to float: 'RPB1'
2025-08-13 15:43:53 | WARNING  | __main__             | _parse_csv_row       | Failed to parse CSV row: could not convert string to float: 'RPB1'
2025-08-13 15:43:53 | WARNING  | __main__             | _parse_csv_row       | Failed to parse CSV row: could not convert string to float: 'RPB1'
2025-08-13 15:43:53 | WARNING  | __main__             | _parse_csv_row       | Failed to parse CSV row: could not convert string to float: 'RPB1'
2025-08-13 15:43:53 | WARNING  | __main__             | _parse_csv_row       | Failed to parse CSV row: could not convert string to float: 'RPB1'
2025-08-13 15:43:53 | WARNING  | __main__             | _parse_csv_row       | Failed to parse CSV row: could not convert string to float: 'RPB1'
2025-08-13 15:43:53 | WARNING  | __main__             | _parse_csv_row       | Failed to parse CSV row: could not convert string to float: 'RPB1'
2025-08-13 15:43:53 | INFO     | __main__             | _delete_file         | Successfully deleted file: D:\NOPPALIT\History\Saturn_Acc_Logs\RPB1_20250813_154340.csv
2025-08-13 15:44:18 | INFO     | __main__             | start                | Service interrupted by user
2025-08-13 15:44:18 | INFO     | __main__             | close                | Connection pool closed
2025-08-13 15:44:18 | INFO     | __main__             | cleanup              | Service cleanup completed
