2025-08-05 23:24:27,020 INFO: Starting monitoring
2025-08-05 23:24:27,023 INFO: Serial port opened successfully on attempt 1
2025-08-05 23:24:27,024 INFO: Rotated log: C:\Users\noppa\Downloads\coop_proj\vm2\Logs\IPC1_20250805_232427.csv
2025-08-05 23:25:03,492 INFO: window_000.wav: elevator NORMAL dB=44.8
2025-08-05 23:25:03,658 INFO: window_001.wav: shuttle NORMAL dB=45.1
2025-08-05 23:25:03,782 INFO: window_002.wav: elevator NORMAL dB=41.6
2025-08-05 23:25:03,909 INFO: window_003.wav: environment NORMAL dB=37.8
2025-08-05 23:25:04,059 INFO: window_004.wav: environment NORMAL dB=39.2
2025-08-05 23:25:04,224 INFO: window_005.wav: environment NORMAL dB=39.0
2025-08-05 23:25:04,384 INFO: window_006.wav: elevator NORMAL dB=37.2
2025-08-05 23:25:04,534 INFO: window_007.wav: elevator NORMAL dB=38.8
2025-08-05 23:25:04,697 INFO: window_008.wav: environment NORMAL dB=39.3
2025-08-05 23:25:04,817 INFO: window_009.wav: elevator NORMAL dB=39.5
2025-08-05 23:25:04,935 INFO: window_010.wav: environment NORMAL dB=40.1
2025-08-05 23:25:05,066 INFO: window_011.wav: environment NORMAL dB=39.6
2025-08-05 23:25:05,188 INFO: window_012.wav: environment NORMAL dB=36.7
2025-08-05 23:25:05,299 INFO: window_013.wav: elevator NORMAL dB=38.5
2025-08-05 23:25:05,435 INFO: window_014.wav: environment NORMAL dB=37.6
2025-08-05 23:25:05,547 INFO: window_015.wav: elevator NORMAL dB=39.2
2025-08-05 23:25:05,691 INFO: window_016.wav: environment NORMAL dB=43.3
2025-08-05 23:25:05,840 INFO: window_017.wav: gripper NORMAL dB=43.8
2025-08-05 23:25:05,986 INFO: window_018.wav: environment NORMAL dB=42.4
2025-08-05 23:25:06,123 INFO: window_019.wav: elevator NORMAL dB=37.8
2025-08-05 23:25:06,273 INFO: window_020.wav: elevator NORMAL dB=37.9
2025-08-05 23:25:06,410 INFO: window_021.wav: elevator NORMAL dB=38.1
2025-08-05 23:25:06,545 INFO: window_022.wav: elevator NORMAL dB=36.2
2025-08-05 23:25:06,678 INFO: window_023.wav: environment NORMAL dB=38.2
2025-08-05 23:25:06,836 INFO: window_024.wav: environment NORMAL dB=36.4
2025-08-05 23:25:06,962 INFO: window_025.wav: environment NORMAL dB=37.5
2025-08-05 23:25:07,084 INFO: window_026.wav: environment NORMAL dB=37.4
2025-08-05 23:25:07,214 INFO: window_027.wav: environment NORMAL dB=37.4
2025-08-05 23:25:07,358 INFO: window_028.wav: environment NORMAL dB=38.1
2025-08-05 23:25:07,491 INFO: window_029.wav: environment NORMAL dB=48.1
2025-08-05 23:25:38,146 INFO: window_000.wav: environment NORMAL dB=47.8
2025-08-05 23:25:38,274 INFO: window_001.wav: elevator NORMAL dB=41.3
2025-08-05 23:25:38,486 INFO: window_002.wav: elevator NORMAL dB=37.3
2025-08-05 23:25:38,783 INFO: window_003.wav: elevator NORMAL dB=41.7
2025-08-05 23:25:38,999 INFO: window_004.wav: elevator NORMAL dB=42.6
2025-08-05 23:25:39,124 INFO: window_005.wav: environment NORMAL dB=38.7
2025-08-05 23:25:39,266 INFO: window_006.wav: environment NORMAL dB=37.8
2025-08-05 23:25:39,412 INFO: window_007.wav: environment NORMAL dB=42.9
2025-08-05 23:25:39,550 INFO: window_008.wav: environment NORMAL dB=42.8
2025-08-05 23:25:39,671 INFO: window_009.wav: elevator NORMAL dB=37.4
2025-08-05 23:25:39,824 INFO: window_010.wav: environment NORMAL dB=36.8
2025-08-05 23:25:39,992 INFO: window_011.wav: elevator NORMAL dB=38.0
2025-08-05 23:25:40,116 INFO: window_012.wav: elevator NORMAL dB=35.8
2025-08-05 23:25:40,250 INFO: window_013.wav: elevator NORMAL dB=37.0
2025-08-05 23:25:40,398 INFO: window_014.wav: elevator NORMAL dB=35.8
2025-08-05 23:25:40,530 INFO: window_015.wav: elevator NORMAL dB=38.0
2025-08-05 23:25:40,675 INFO: window_016.wav: elevator NORMAL dB=36.2
2025-08-05 23:25:40,803 INFO: window_017.wav: elevator NORMAL dB=39.0
2025-08-05 23:25:40,955 INFO: window_018.wav: environment NORMAL dB=44.4
2025-08-05 23:25:41,075 INFO: window_019.wav: environment NORMAL dB=44.2
2025-08-05 23:25:41,219 INFO: window_020.wav: elevator NORMAL dB=38.4
2025-08-05 23:25:41,348 INFO: window_021.wav: environment NORMAL dB=40.6
2025-08-05 23:25:41,477 INFO: window_022.wav: elevator NORMAL dB=39.0
2025-08-05 23:25:41,623 INFO: window_023.wav: environment NORMAL dB=41.1
2025-08-05 23:25:41,750 INFO: window_024.wav: elevator NORMAL dB=41.2
2025-08-05 23:25:41,870 INFO: window_025.wav: gripper NORMAL dB=38.6
2025-08-05 23:25:42,014 INFO: window_026.wav: elevator NORMAL dB=38.2
2025-08-05 23:25:42,137 INFO: window_027.wav: gripper NORMAL dB=38.0
2025-08-05 23:25:42,262 INFO: window_028.wav: environment NORMAL dB=37.4
2025-08-05 23:25:42,404 INFO: window_029.wav: environment NORMAL dB=38.2
2025-08-05 23:26:13,134 INFO: window_000.wav: environment ANOMALY dB=46.2
2025-08-05 23:26:13,280 INFO: window_001.wav: environment NORMAL dB=47.0
2025-08-05 23:26:13,415 INFO: window_002.wav: environment NORMAL dB=43.0
2025-08-05 23:26:13,556 INFO: window_003.wav: environment NORMAL dB=39.0
2025-08-05 23:26:13,704 INFO: window_004.wav: elevator NORMAL dB=42.4
2025-08-05 23:26:13,859 INFO: window_005.wav: elevator NORMAL dB=44.0
2025-08-05 23:26:13,978 INFO: window_006.wav: elevator NORMAL dB=38.2
2025-08-05 23:26:14,118 INFO: window_007.wav: environment NORMAL dB=39.0
2025-08-05 23:26:14,245 INFO: window_008.wav: environment NORMAL dB=38.8
2025-08-05 23:26:14,379 INFO: window_009.wav: environment NORMAL dB=38.6
2025-08-05 23:26:14,522 INFO: window_010.wav: environment NORMAL dB=40.6
2025-08-05 23:26:14,717 INFO: window_011.wav: elevator NORMAL dB=38.1
2025-08-05 23:26:14,895 INFO: window_012.wav: elevator NORMAL dB=37.7
2025-08-05 23:26:15,114 INFO: window_013.wav: environment NORMAL dB=40.0
2025-08-05 23:26:15,294 INFO: window_014.wav: elevator NORMAL dB=41.0
2025-08-05 23:26:15,422 INFO: window_015.wav: elevator NORMAL dB=43.1
2025-08-05 23:26:15,564 INFO: window_016.wav: elevator NORMAL dB=38.8
2025-08-05 23:26:15,692 INFO: window_017.wav: elevator NORMAL dB=39.9
2025-08-05 23:26:15,821 INFO: window_018.wav: environment NORMAL dB=37.9
2025-08-05 23:26:15,966 INFO: window_019.wav: environment NORMAL dB=37.5
2025-08-05 23:26:16,104 INFO: window_020.wav: environment NORMAL dB=38.0
2025-08-05 23:26:16,228 INFO: window_021.wav: environment NORMAL dB=40.7
2025-08-05 23:26:16,350 INFO: window_022.wav: elevator NORMAL dB=37.9
2025-08-05 23:26:16,482 INFO: window_023.wav: elevator NORMAL dB=38.8
2025-08-05 23:26:16,606 INFO: window_024.wav: environment ANOMALY dB=47.5
2025-08-05 23:26:16,759 INFO: window_025.wav: environment NORMAL dB=47.8
2025-08-05 23:26:16,884 INFO: window_026.wav: environment NORMAL dB=39.0
2025-08-05 23:26:17,016 INFO: window_027.wav: environment NORMAL dB=38.0
2025-08-05 23:26:17,149 INFO: window_028.wav: elevator NORMAL dB=37.9
2025-08-05 23:26:17,279 INFO: window_029.wav: elevator NORMAL dB=37.8
2025-08-05 23:26:48,029 INFO: window_000.wav: environment ANOMALY dB=46.7
2025-08-05 23:26:48,139 INFO: window_001.wav: environment NORMAL dB=47.5
2025-08-05 23:26:48,283 INFO: window_002.wav: environment NORMAL dB=42.4
2025-08-05 23:26:48,418 INFO: window_003.wav: elevator ANOMALY dB=57.1
2025-08-05 23:26:48,537 INFO: window_004.wav: elevator ANOMALY dB=57.2
2025-08-05 23:26:48,660 INFO: window_005.wav: environment NORMAL dB=47.1
2025-08-05 23:26:48,801 INFO: window_006.wav: elevator NORMAL dB=44.2
2025-08-05 23:26:48,932 INFO: window_007.wav: elevator NORMAL dB=38.8
2025-08-05 23:26:49,094 INFO: window_008.wav: elevator NORMAL dB=37.7
2025-08-05 23:26:49,247 INFO: window_009.wav: elevator NORMAL dB=42.1
2025-08-05 23:26:49,383 INFO: window_010.wav: elevator NORMAL dB=44.0
2025-08-05 23:26:49,536 INFO: window_011.wav: elevator NORMAL dB=39.1
2025-08-05 23:26:49,685 INFO: window_012.wav: elevator NORMAL dB=39.8
2025-08-05 23:26:49,825 INFO: window_013.wav: elevator NORMAL dB=46.2
2025-08-05 23:26:49,961 INFO: window_014.wav: elevator NORMAL dB=46.5
2025-08-05 23:26:50,092 INFO: window_015.wav: elevator NORMAL dB=47.0
2025-08-05 23:26:50,232 INFO: window_016.wav: gripper NORMAL dB=46.9
2025-08-05 23:26:50,367 INFO: window_017.wav: elevator NORMAL dB=43.7
2025-08-05 23:26:50,500 INFO: window_018.wav: shuttle ANOMALY dB=46.5
2025-08-05 23:26:50,643 INFO: window_019.wav: elevator NORMAL dB=41.0
2025-08-05 23:26:50,775 INFO: window_020.wav: environment NORMAL dB=41.2
2025-08-05 23:26:50,915 INFO: window_021.wav: shuttle ANOMALY dB=57.2
2025-08-05 23:26:51,040 INFO: window_022.wav: gripper NORMAL dB=63.0
2025-08-05 23:26:51,177 INFO: window_023.wav: gripper NORMAL dB=63.3
2025-08-05 23:26:51,295 INFO: window_024.wav: environment NORMAL dB=50.4
2025-08-05 23:26:51,416 INFO: window_025.wav: environment ANOMALY dB=66.4
2025-08-05 23:26:51,528 INFO: window_026.wav: elevator ANOMALY dB=66.6
2025-08-05 23:26:51,661 INFO: window_027.wav: elevator ANOMALY dB=63.6
2025-08-05 23:26:51,789 INFO: window_028.wav: elevator ANOMALY dB=51.3
2025-08-05 23:26:51,918 INFO: window_029.wav: elevator ANOMALY dB=51.4
2025-08-05 23:27:22,646 INFO: window_000.wav: elevator ANOMALY dB=72.6
2025-08-05 23:27:22,775 INFO: window_001.wav: elevator ANOMALY dB=72.8
2025-08-05 23:27:22,905 INFO: window_002.wav: elevator ANOMALY dB=44.0
2025-08-05 23:27:23,033 INFO: window_003.wav: elevator ANOMALY dB=44.7
2025-08-05 23:27:23,146 INFO: window_004.wav: elevator ANOMALY dB=42.4
2025-08-05 23:27:23,269 INFO: window_005.wav: elevator NORMAL dB=43.8
2025-08-05 23:27:23,391 INFO: window_006.wav: elevator NORMAL dB=38.8
2025-08-05 23:27:23,517 INFO: window_007.wav: elevator NORMAL dB=38.1
2025-08-05 23:27:23,643 INFO: window_008.wav: elevator NORMAL dB=40.9
2025-08-05 23:27:23,774 INFO: window_009.wav: elevator NORMAL dB=38.0
2025-08-05 23:27:23,903 INFO: window_010.wav: environment NORMAL dB=37.9
2025-08-05 23:27:24,023 INFO: window_011.wav: elevator NORMAL dB=38.7
2025-08-05 23:27:24,145 INFO: window_012.wav: elevator NORMAL dB=39.7
2025-08-05 23:27:24,264 INFO: window_013.wav: elevator NORMAL dB=39.5
2025-08-05 23:27:24,392 INFO: window_014.wav: gripper NORMAL dB=38.7
2025-08-05 23:27:24,525 INFO: window_015.wav: environment NORMAL dB=38.8
2025-08-05 23:27:24,649 INFO: window_016.wav: gripper NORMAL dB=36.5
2025-08-05 23:27:24,786 INFO: window_017.wav: gripper NORMAL dB=36.7
2025-08-05 23:27:24,915 INFO: window_018.wav: elevator NORMAL dB=37.3
2025-08-05 23:27:25,041 INFO: window_019.wav: elevator NORMAL dB=37.6
2025-08-05 23:27:25,165 INFO: window_020.wav: elevator NORMAL dB=38.5
2025-08-05 23:27:25,294 INFO: window_021.wav: gripper NORMAL dB=39.5
2025-08-05 23:27:25,422 INFO: window_022.wav: elevator NORMAL dB=38.3
2025-08-05 23:27:25,545 INFO: window_023.wav: gripper NORMAL dB=38.7
2025-08-05 23:27:25,680 INFO: window_024.wav: elevator NORMAL dB=38.9
2025-08-05 23:27:25,839 INFO: window_025.wav: elevator NORMAL dB=36.6
2025-08-05 23:27:25,984 INFO: window_026.wav: elevator NORMAL dB=37.9
2025-08-05 23:27:26,126 INFO: window_027.wav: elevator NORMAL dB=36.9
2025-08-05 23:27:26,266 INFO: window_028.wav: elevator NORMAL dB=41.6
2025-08-05 23:27:26,387 INFO: window_029.wav: elevator NORMAL dB=40.4
2025-08-05 23:27:57,064 INFO: window_000.wav: gripper NORMAL dB=71.3
2025-08-05 23:27:57,187 INFO: window_001.wav: gripper NORMAL dB=71.4
2025-08-05 23:27:57,316 INFO: window_002.wav: elevator NORMAL dB=37.1
2025-08-05 23:27:57,440 INFO: window_003.wav: elevator NORMAL dB=39.0
2025-08-05 23:27:57,566 INFO: window_004.wav: elevator NORMAL dB=40.0
2025-08-05 23:27:57,683 INFO: window_005.wav: environment NORMAL dB=39.4
2025-08-05 23:27:57,807 INFO: window_006.wav: elevator NORMAL dB=41.4
2025-08-05 23:27:57,936 INFO: window_007.wav: elevator NORMAL dB=37.9
2025-08-05 23:27:58,078 INFO: window_008.wav: elevator NORMAL dB=39.3
2025-08-05 23:27:58,221 INFO: window_009.wav: elevator NORMAL dB=41.0
2025-08-05 23:27:58,376 INFO: window_010.wav: gripper NORMAL dB=37.6
2025-08-05 23:27:58,506 INFO: window_011.wav: environment NORMAL dB=43.6
2025-08-05 23:27:58,666 INFO: window_012.wav: elevator NORMAL dB=43.2
2025-08-05 23:27:58,802 INFO: window_013.wav: elevator NORMAL dB=45.6
2025-08-05 23:27:58,925 INFO: window_014.wav: elevator NORMAL dB=46.3
2025-08-05 23:27:59,052 INFO: window_015.wav: elevator NORMAL dB=41.4
2025-08-05 23:27:59,182 INFO: window_016.wav: elevator NORMAL dB=43.0
2025-08-05 23:27:59,304 INFO: window_017.wav: environment NORMAL dB=39.8
2025-08-05 23:27:59,440 INFO: window_018.wav: shuttle NORMAL dB=41.2
2025-08-05 23:27:59,566 INFO: window_019.wav: elevator NORMAL dB=38.8
2025-08-05 23:27:59,689 INFO: window_020.wav: gripper NORMAL dB=38.9
2025-08-05 23:27:59,813 INFO: window_021.wav: environment NORMAL dB=38.3
2025-08-05 23:27:59,941 INFO: window_022.wav: elevator NORMAL dB=37.9
2025-08-05 23:28:00,069 INFO: window_023.wav: elevator NORMAL dB=39.2
2025-08-05 23:28:00,233 INFO: window_024.wav: elevator NORMAL dB=39.7
2025-08-05 23:28:00,365 INFO: window_025.wav: elevator NORMAL dB=39.2
2025-08-05 23:28:00,495 INFO: window_026.wav: elevator NORMAL dB=40.6
2025-08-05 23:28:00,633 INFO: window_027.wav: gripper NORMAL dB=41.3
2025-08-05 23:28:00,759 INFO: window_028.wav: elevator NORMAL dB=38.6
2025-08-05 23:28:00,876 INFO: window_029.wav: elevator NORMAL dB=40.4
2025-08-05 23:28:00,903 INFO: Rotated log: C:\Users\noppa\Downloads\coop_proj\vm2\Logs\IPC1_20250805_232800.csv
2025-08-05 23:28:31,610 INFO: window_000.wav: gripper NORMAL dB=70.0
2025-08-05 23:28:31,788 INFO: window_001.wav: elevator NORMAL dB=70.2
2025-08-05 23:28:31,932 INFO: window_002.wav: elevator NORMAL dB=42.5
2025-08-05 23:28:32,108 INFO: window_003.wav: environment NORMAL dB=43.8
2025-08-05 23:28:32,261 INFO: window_004.wav: elevator NORMAL dB=44.0
2025-08-05 23:28:32,385 INFO: window_005.wav: elevator NORMAL dB=38.5
2025-08-05 23:28:32,539 INFO: window_006.wav: elevator NORMAL dB=37.9
2025-08-05 23:28:32,674 INFO: window_007.wav: elevator ANOMALY dB=48.3
2025-08-05 23:28:32,799 INFO: window_008.wav: shuttle ANOMALY dB=48.3
2025-08-05 23:28:32,915 INFO: window_009.wav: elevator NORMAL dB=39.3
2025-08-05 23:28:33,033 INFO: window_010.wav: elevator NORMAL dB=40.0
2025-08-05 23:28:33,154 INFO: window_011.wav: elevator NORMAL dB=43.7
2025-08-05 23:28:33,279 INFO: window_012.wav: environment NORMAL dB=43.8
2025-08-05 23:28:33,413 INFO: window_013.wav: elevator NORMAL dB=38.8
2025-08-05 23:28:33,544 INFO: window_014.wav: elevator NORMAL dB=41.7
2025-08-05 23:28:33,678 INFO: window_015.wav: elevator NORMAL dB=39.8
2025-08-05 23:28:33,815 INFO: window_016.wav: environment NORMAL dB=42.3
2025-08-05 23:28:33,942 INFO: window_017.wav: gripper NORMAL dB=43.1
2025-08-05 23:28:34,072 INFO: window_018.wav: elevator NORMAL dB=42.0
2025-08-05 23:28:34,203 INFO: window_019.wav: elevator NORMAL dB=42.7
2025-08-05 23:28:34,331 INFO: window_020.wav: elevator NORMAL dB=42.5
2025-08-05 23:28:34,458 INFO: window_021.wav: elevator NORMAL dB=44.9
2025-08-05 23:28:34,616 INFO: window_022.wav: elevator NORMAL dB=39.2
2025-08-05 23:28:34,738 INFO: window_023.wav: gripper NORMAL dB=36.9
2025-08-05 23:28:34,870 INFO: window_024.wav: environment NORMAL dB=38.8
2025-08-05 23:28:34,999 INFO: window_025.wav: elevator NORMAL dB=39.9
2025-08-05 23:28:35,129 INFO: window_026.wav: gripper NORMAL dB=40.4
2025-08-05 23:28:35,250 INFO: window_027.wav: elevator NORMAL dB=39.8
2025-08-05 23:28:35,387 INFO: window_028.wav: gripper NORMAL dB=40.2
2025-08-05 23:28:35,519 INFO: window_029.wav: elevator NORMAL dB=44.7
2025-08-05 23:29:06,268 INFO: window_000.wav: gripper NORMAL dB=73.0
2025-08-05 23:29:06,388 INFO: window_001.wav: elevator NORMAL dB=73.2
2025-08-05 23:29:06,494 INFO: window_002.wav: elevator NORMAL dB=39.2
2025-08-05 23:29:06,607 INFO: window_003.wav: elevator NORMAL dB=47.0
2025-08-05 23:29:06,694 INFO: window_004.wav: elevator NORMAL dB=46.6
2025-08-05 23:29:06,786 INFO: window_005.wav: gripper NORMAL dB=43.1
2025-08-05 23:29:06,897 INFO: window_006.wav: elevator NORMAL dB=38.6
2025-08-05 23:29:07,012 INFO: window_007.wav: elevator NORMAL dB=37.1
2025-08-05 23:29:07,130 INFO: window_008.wav: elevator NORMAL dB=36.8
2025-08-05 23:29:07,240 INFO: window_009.wav: elevator ANOMALY dB=47.6
2025-08-05 23:29:07,351 INFO: window_010.wav: environment ANOMALY dB=47.6
2025-08-05 23:29:07,466 INFO: window_011.wav: elevator NORMAL dB=36.5
2025-08-05 23:29:07,571 INFO: window_012.wav: gripper NORMAL dB=64.8
2025-08-05 23:29:07,687 INFO: window_013.wav: gripper NORMAL dB=37.8
2025-08-05 23:29:07,788 INFO: window_014.wav: gripper NORMAL dB=37.7
2025-08-05 23:29:07,887 INFO: window_015.wav: elevator NORMAL dB=37.5
2025-08-05 23:29:07,999 INFO: window_016.wav: environment ANOMALY dB=47.6
2025-08-05 23:29:08,110 INFO: window_017.wav: environment ANOMALY dB=47.5
2025-08-05 23:29:08,217 INFO: window_018.wav: gripper NORMAL dB=38.6
2025-08-05 23:29:08,326 INFO: window_019.wav: elevator ANOMALY dB=60.1
2025-08-05 23:29:08,435 INFO: window_020.wav: elevator ANOMALY dB=60.4
2025-08-05 23:29:08,547 INFO: window_021.wav: environment NORMAL dB=38.9
2025-08-05 23:29:08,645 INFO: window_022.wav: environment NORMAL dB=49.3
2025-08-05 23:29:08,765 INFO: window_023.wav: environment NORMAL dB=50.0
2025-08-05 23:29:08,870 INFO: window_024.wav: elevator NORMAL dB=38.7
2025-08-05 23:29:08,983 INFO: window_025.wav: environment NORMAL dB=39.3
2025-08-05 23:29:09,093 INFO: window_026.wav: environment NORMAL dB=37.6
2025-08-05 23:29:09,211 INFO: window_027.wav: elevator NORMAL dB=46.2
2025-08-05 23:29:09,328 INFO: window_028.wav: gripper NORMAL dB=72.3
2025-08-05 23:29:09,441 INFO: window_029.wav: elevator NORMAL dB=43.6
2025-08-05 23:39:05,824 INFO: Shutting down
2025-08-05 23:39:05,932 INFO: Serial closed
2025-08-05 23:39:12,834 INFO: Starting monitoring
2025-08-05 23:39:12,838 INFO: Serial port opened successfully on attempt 1
2025-08-05 23:39:12,848 INFO: Rotated log: C:\Users\noppa\Downloads\coop_proj\vm2\Logs\IPC1_20250805_233912.csv
2025-08-05 23:39:49,012 INFO: window_000.wav: environment NORMAL dB=49.0
2025-08-05 23:39:49,140 INFO: window_001.wav: environment NORMAL dB=48.4
2025-08-05 23:39:49,266 INFO: window_002.wav: environment NORMAL dB=44.9
2025-08-05 23:39:49,407 INFO: window_003.wav: environment NORMAL dB=53.1
2025-08-05 23:39:49,533 INFO: window_004.wav: environment NORMAL dB=53.4
2025-08-05 23:39:49,666 INFO: window_005.wav: environment NORMAL dB=49.0
2025-08-05 23:39:49,788 INFO: window_006.wav: environment NORMAL dB=42.9
2025-08-05 23:39:49,926 INFO: window_007.wav: environment NORMAL dB=50.9
2025-08-05 23:39:50,050 INFO: window_008.wav: environment NORMAL dB=53.4
2025-08-05 23:39:50,172 INFO: window_009.wav: gripper NORMAL dB=53.9
2025-08-05 23:39:50,312 INFO: window_010.wav: gripper NORMAL dB=56.5
2025-08-05 23:39:50,456 INFO: window_011.wav: environment NORMAL dB=56.6
2025-08-05 23:39:50,594 INFO: window_012.wav: environment NORMAL dB=51.4
2025-08-05 23:39:50,902 INFO: window_013.wav: elevator NORMAL dB=39.6
2025-08-05 23:39:51,203 INFO: window_014.wav: environment NORMAL dB=36.3
2025-08-05 23:39:51,490 INFO: window_015.wav: environment NORMAL dB=51.6
2025-08-05 23:39:51,647 INFO: window_016.wav: gripper NORMAL dB=52.0
2025-08-05 23:39:51,806 INFO: window_017.wav: environment NORMAL dB=43.6
2025-08-05 23:39:51,948 INFO: window_018.wav: environment NORMAL dB=42.6
2025-08-05 23:39:52,088 INFO: window_019.wav: elevator NORMAL dB=52.3
2025-08-05 23:39:52,230 INFO: window_020.wav: elevator NORMAL dB=52.2
2025-08-05 23:39:52,365 INFO: window_021.wav: environment NORMAL dB=48.7
2025-08-05 23:39:52,525 INFO: window_022.wav: environment NORMAL dB=47.8
2025-08-05 23:39:52,693 INFO: window_023.wav: environment NORMAL dB=44.9
2025-08-05 23:39:52,816 INFO: window_024.wav: environment NORMAL dB=39.0
2025-08-05 23:39:52,939 INFO: window_025.wav: environment NORMAL dB=44.0
2025-08-05 23:39:53,083 INFO: window_026.wav: environment NORMAL dB=44.2
2025-08-05 23:39:53,252 INFO: window_027.wav: environment NORMAL dB=50.2
2025-08-05 23:39:53,389 INFO: window_028.wav: environment NORMAL dB=50.8
2025-08-05 23:39:53,533 INFO: window_029.wav: environment NORMAL dB=43.4
2025-08-05 23:40:24,252 INFO: window_000.wav: environment NORMAL dB=43.6
2025-08-05 23:40:24,372 INFO: window_001.wav: environment NORMAL dB=41.4
2025-08-05 23:40:24,513 INFO: window_002.wav: environment NORMAL dB=41.9
2025-08-05 23:40:24,665 INFO: window_003.wav: environment NORMAL dB=44.0
2025-08-05 23:40:24,820 INFO: window_004.wav: environment NORMAL dB=39.0
2025-08-05 23:40:24,959 INFO: window_005.wav: environment NORMAL dB=38.0
2025-08-05 23:40:25,092 INFO: window_006.wav: environment NORMAL dB=42.2
2025-08-05 23:40:25,225 INFO: window_007.wav: environment NORMAL dB=47.5
2025-08-05 23:40:25,366 INFO: window_008.wav: environment NORMAL dB=48.7
2025-08-05 23:40:25,509 INFO: window_009.wav: environment NORMAL dB=48.5
2025-08-05 23:40:25,649 INFO: window_010.wav: environment NORMAL dB=48.8
2025-08-05 23:40:25,768 INFO: window_011.wav: environment NORMAL dB=48.9
2025-08-05 23:40:25,890 INFO: window_012.wav: environment NORMAL dB=42.8
2025-08-05 23:40:26,044 INFO: window_013.wav: environment NORMAL dB=43.1
2025-08-05 23:40:26,189 INFO: window_014.wav: environment NORMAL dB=48.7
2025-08-05 23:40:26,321 INFO: window_015.wav: environment NORMAL dB=49.7
2025-08-05 23:40:26,457 INFO: window_016.wav: environment NORMAL dB=46.2
2025-08-05 23:40:26,587 INFO: window_017.wav: environment NORMAL dB=54.6
2025-08-05 23:40:26,712 INFO: window_018.wav: gripper NORMAL dB=55.1
2025-08-05 23:40:26,837 INFO: window_019.wav: gripper NORMAL dB=52.8
2025-08-05 23:40:26,966 INFO: window_020.wav: gripper NORMAL dB=54.2
2025-08-05 23:40:27,096 INFO: window_021.wav: environment NORMAL dB=48.5
2025-08-05 23:40:27,224 INFO: window_022.wav: environment NORMAL dB=47.9
2025-08-05 23:40:27,358 INFO: window_023.wav: environment NORMAL dB=56.6
2025-08-05 23:40:27,494 INFO: window_024.wav: gripper NORMAL dB=57.2
2025-08-05 23:40:27,613 INFO: window_025.wav: environment NORMAL dB=53.6
2025-08-05 23:40:27,743 INFO: window_026.wav: environment NORMAL dB=50.2
2025-08-05 23:40:27,865 INFO: window_027.wav: gripper NORMAL dB=39.0
2025-08-05 23:40:27,995 INFO: window_028.wav: environment NORMAL dB=42.1
2025-08-05 23:40:28,136 INFO: window_029.wav: environment NORMAL dB=43.7
2025-08-05 23:40:58,949 INFO: window_000.wav: elevator NORMAL dB=70.6
2025-08-05 23:40:59,104 INFO: window_001.wav: elevator NORMAL dB=70.8
2025-08-05 23:40:59,277 INFO: window_002.wav: environment NORMAL dB=46.8
2025-08-05 23:40:59,478 INFO: window_003.wav: elevator NORMAL dB=46.4
2025-08-05 23:40:59,630 INFO: window_004.wav: environment NORMAL dB=43.1
2025-08-05 23:40:59,776 INFO: window_005.wav: environment NORMAL dB=36.0
2025-08-05 23:40:59,964 INFO: window_006.wav: environment NORMAL dB=43.5
2025-08-05 23:41:00,120 INFO: window_007.wav: environment NORMAL dB=45.5
2025-08-05 23:41:00,283 INFO: window_008.wav: shuttle NORMAL dB=53.7
2025-08-05 23:41:00,445 INFO: window_009.wav: environment NORMAL dB=56.5
2025-08-05 23:41:00,671 INFO: window_010.wav: environment NORMAL dB=58.1
2025-08-05 23:41:00,885 INFO: window_011.wav: environment NORMAL dB=53.3
2025-08-05 23:41:01,082 INFO: window_012.wav: environment NORMAL dB=55.7
2025-08-05 23:41:01,224 INFO: window_013.wav: environment NORMAL dB=56.1
2025-08-05 23:41:01,401 INFO: window_014.wav: environment NORMAL dB=45.0
2025-08-05 23:41:01,593 INFO: window_015.wav: environment NORMAL dB=41.7
2025-08-05 23:41:01,796 INFO: window_016.wav: environment NORMAL dB=51.7
2025-08-05 23:41:01,970 INFO: window_017.wav: environment NORMAL dB=52.1
2025-08-05 23:41:02,145 INFO: window_018.wav: environment NORMAL dB=44.5
2025-08-05 23:41:02,313 INFO: window_019.wav: environment NORMAL dB=43.0
2025-08-05 23:41:02,456 INFO: window_020.wav: elevator NORMAL dB=47.0
2025-08-05 23:41:02,589 INFO: window_021.wav: environment NORMAL dB=47.1
2025-08-05 23:41:02,724 INFO: window_022.wav: environment NORMAL dB=49.8
2025-08-05 23:41:02,860 INFO: window_023.wav: environment NORMAL dB=50.3
2025-08-05 23:41:03,005 INFO: window_024.wav: environment NORMAL dB=51.1
2025-08-05 23:41:03,166 INFO: window_025.wav: environment NORMAL dB=46.9
2025-08-05 23:41:03,329 INFO: window_026.wav: environment NORMAL dB=46.6
2025-08-05 23:41:03,517 INFO: window_027.wav: environment NORMAL dB=49.4
2025-08-05 23:41:03,718 INFO: window_028.wav: environment NORMAL dB=50.0
2025-08-05 23:41:04,046 INFO: window_029.wav: elevator NORMAL dB=47.9
2025-08-05 23:41:34,747 INFO: window_000.wav: environment NORMAL dB=37.5
2025-08-05 23:41:34,917 INFO: window_001.wav: gripper NORMAL dB=55.4
2025-08-05 23:41:35,103 INFO: window_002.wav: elevator NORMAL dB=54.7
2025-08-05 23:41:35,238 INFO: window_003.wav: environment NORMAL dB=55.3
2025-08-05 23:41:35,356 INFO: window_004.wav: environment NORMAL dB=48.7
2025-08-05 23:41:35,510 INFO: window_005.wav: elevator NORMAL dB=56.9
2025-08-05 23:41:35,644 INFO: window_006.wav: elevator NORMAL dB=56.5
2025-08-05 23:41:35,784 INFO: window_007.wav: environment NORMAL dB=48.4
2025-08-05 23:41:35,946 INFO: window_008.wav: environment NORMAL dB=40.2
2025-08-05 23:41:36,115 INFO: window_009.wav: environment NORMAL dB=44.3
2025-08-05 23:41:36,274 INFO: window_010.wav: elevator NORMAL dB=48.9
2025-08-05 23:41:36,440 INFO: window_011.wav: environment NORMAL dB=48.9
2025-08-05 23:41:36,586 INFO: window_012.wav: environment NORMAL dB=48.4
2025-08-05 23:41:36,736 INFO: window_013.wav: environment NORMAL dB=51.3
2025-08-05 23:41:36,884 INFO: window_014.wav: environment NORMAL dB=50.3
2025-08-05 23:41:37,028 INFO: window_015.wav: environment NORMAL dB=50.9
2025-08-05 23:41:37,164 INFO: window_016.wav: environment NORMAL dB=48.9
2025-08-05 23:41:37,308 INFO: window_017.wav: environment NORMAL dB=49.7
2025-08-05 23:41:37,459 INFO: window_018.wav: elevator NORMAL dB=39.6
2025-08-05 23:41:37,606 INFO: window_019.wav: environment NORMAL dB=37.9
2025-08-05 23:41:37,761 INFO: window_020.wav: environment NORMAL dB=38.0
2025-08-05 23:41:37,902 INFO: window_021.wav: environment NORMAL dB=49.1
2025-08-05 23:41:38,057 INFO: window_022.wav: environment NORMAL dB=49.3
2025-08-05 23:41:38,201 INFO: window_023.wav: environment NORMAL dB=39.1
2025-08-05 23:41:38,326 INFO: window_024.wav: environment NORMAL dB=37.3
2025-08-05 23:41:38,480 INFO: window_025.wav: environment NORMAL dB=36.4
2025-08-05 23:41:38,615 INFO: window_026.wav: environment NORMAL dB=39.3
2025-08-05 23:41:38,771 INFO: window_027.wav: environment NORMAL dB=52.9
2025-08-05 23:41:38,915 INFO: window_028.wav: environment NORMAL dB=52.7
2025-08-05 23:41:39,052 INFO: window_029.wav: environment NORMAL dB=45.9
2025-08-05 23:42:09,786 INFO: window_000.wav: gripper ANOMALY dB=47.2
2025-08-05 23:42:09,934 INFO: window_001.wav: environment NORMAL dB=51.3
2025-08-05 23:42:10,077 INFO: window_002.wav: environment NORMAL dB=51.7
2025-08-05 23:42:10,220 INFO: window_003.wav: environment NORMAL dB=40.0
2025-08-05 23:42:10,341 INFO: window_004.wav: environment NORMAL dB=46.4
2025-08-05 23:42:10,469 INFO: window_005.wav: environment NORMAL dB=54.9
2025-08-05 23:42:10,597 INFO: window_006.wav: environment NORMAL dB=53.7
2025-08-05 23:42:10,721 INFO: window_007.wav: environment NORMAL dB=47.9
2025-08-05 23:42:10,859 INFO: window_008.wav: environment NORMAL dB=36.5
2025-08-05 23:42:10,997 INFO: window_009.wav: environment NORMAL dB=37.0
2025-08-05 23:42:11,146 INFO: window_010.wav: environment NORMAL dB=44.1
2025-08-05 23:42:11,299 INFO: window_011.wav: environment NORMAL dB=48.8
2025-08-05 23:42:11,440 INFO: window_012.wav: elevator NORMAL dB=48.9
2025-08-05 23:42:11,594 INFO: window_013.wav: gripper ANOMALY dB=43.7
2025-08-05 23:42:11,726 INFO: window_014.wav: environment ANOMALY dB=51.5
2025-08-05 23:42:11,865 INFO: window_015.wav: environment ANOMALY dB=51.8
2025-08-05 23:42:11,998 INFO: window_016.wav: gripper ANOMALY dB=44.3
2025-08-05 23:42:12,130 INFO: window_017.wav: environment NORMAL dB=42.6
2025-08-05 23:42:12,251 INFO: window_018.wav: environment ANOMALY dB=47.7
2025-08-05 23:42:12,375 INFO: window_019.wav: environment ANOMALY dB=47.8
2025-08-05 23:42:12,505 INFO: window_020.wav: gripper ANOMALY dB=47.3
2025-08-05 23:42:12,624 INFO: window_021.wav: elevator ANOMALY dB=59.9
2025-08-05 23:42:12,739 INFO: window_022.wav: elevator ANOMALY dB=59.9
2025-08-05 23:42:12,866 INFO: window_023.wav: environment ANOMALY dB=49.0
2025-08-05 23:42:12,990 INFO: window_024.wav: environment NORMAL dB=49.8
2025-08-05 23:42:13,114 INFO: window_025.wav: gripper ANOMALY dB=53.4
2025-08-05 23:42:13,243 INFO: window_026.wav: environment NORMAL dB=54.1
2025-08-05 23:42:13,371 INFO: window_027.wav: environment NORMAL dB=42.4
2025-08-05 23:42:13,492 INFO: window_028.wav: environment NORMAL dB=55.9
2025-08-05 23:42:13,613 INFO: window_029.wav: environment NORMAL dB=55.9
2025-08-05 23:42:45,280 INFO: window_000.wav: gripper NORMAL dB=68.6
2025-08-05 23:42:45,430 INFO: window_001.wav: gripper NORMAL dB=68.7
2025-08-05 23:42:45,582 INFO: window_002.wav: environment NORMAL dB=49.6
2025-08-05 23:42:45,730 INFO: window_003.wav: environment NORMAL dB=56.1
2025-08-05 23:42:45,871 INFO: window_004.wav: environment NORMAL dB=60.9
2025-08-05 23:42:46,008 INFO: window_005.wav: environment NORMAL dB=61.1
2025-08-05 23:42:46,133 INFO: window_006.wav: elevator NORMAL dB=49.2
2025-08-05 23:42:46,280 INFO: window_007.wav: shuttle NORMAL dB=48.7
2025-08-05 23:42:46,437 INFO: window_008.wav: environment NORMAL dB=57.1
2025-08-05 23:42:46,587 INFO: window_009.wav: elevator NORMAL dB=57.5
2025-08-05 23:42:46,738 INFO: window_010.wav: environment NORMAL dB=51.2
2025-08-05 23:42:46,872 INFO: window_011.wav: elevator ANOMALY dB=53.6
2025-08-05 23:42:47,016 INFO: window_012.wav: elevator ANOMALY dB=53.8
2025-08-05 23:42:47,147 INFO: window_013.wav: environment NORMAL dB=37.4
2025-08-05 23:42:47,281 INFO: window_014.wav: gripper NORMAL dB=73.7
2025-08-05 23:42:47,413 INFO: window_015.wav: gripper NORMAL dB=73.9
2025-08-05 23:42:47,610 INFO: window_016.wav: environment NORMAL dB=38.1
2025-08-05 23:42:47,737 INFO: window_017.wav: environment NORMAL dB=38.1
2025-08-05 23:42:47,887 INFO: window_018.wav: environment NORMAL dB=37.2
2025-08-05 23:42:48,044 INFO: window_019.wav: gripper NORMAL dB=38.5
2025-08-05 23:42:48,193 INFO: window_020.wav: environment NORMAL dB=38.3
2025-08-05 23:42:48,337 INFO: window_021.wav: environment NORMAL dB=39.7
2025-08-05 23:42:48,498 INFO: window_022.wav: environment NORMAL dB=40.3
2025-08-05 23:42:48,692 INFO: window_023.wav: environment NORMAL dB=37.5
2025-08-05 23:42:48,883 INFO: window_024.wav: environment NORMAL dB=35.1
2025-08-05 23:42:49,050 INFO: window_025.wav: environment NORMAL dB=39.0
2025-08-05 23:42:49,208 INFO: window_026.wav: environment NORMAL dB=40.4
2025-08-05 23:42:49,355 INFO: window_027.wav: environment NORMAL dB=42.3
2025-08-05 23:42:49,498 INFO: window_028.wav: environment ANOMALY dB=48.7
2025-08-05 23:42:49,646 INFO: window_029.wav: environment NORMAL dB=38.6
2025-08-05 23:42:49,757 INFO: Rotated log: C:\Users\noppa\Downloads\coop_proj\vm2\Logs\IPC1_20250805_234249.csv
2025-08-05 23:43:20,475 INFO: window_000.wav: gripper NORMAL dB=73.2
2025-08-05 23:43:20,607 INFO: window_001.wav: gripper NORMAL dB=73.2
2025-08-05 23:43:20,739 INFO: window_002.wav: environment NORMAL dB=39.2
2025-08-05 23:43:20,867 INFO: window_003.wav: environment NORMAL dB=36.8
2025-08-05 23:43:21,004 INFO: window_004.wav: environment NORMAL dB=37.5
2025-08-05 23:43:21,128 INFO: window_005.wav: gripper NORMAL dB=38.7
2025-08-05 23:43:21,243 INFO: window_006.wav: gripper NORMAL dB=37.0
2025-08-05 23:43:21,366 INFO: window_007.wav: elevator NORMAL dB=41.2
2025-08-05 23:43:21,490 INFO: window_008.wav: environment NORMAL dB=44.1
2025-08-05 23:43:21,619 INFO: window_009.wav: environment NORMAL dB=44.2
2025-08-05 23:43:21,749 INFO: window_010.wav: environment NORMAL dB=44.9
2025-08-05 23:43:21,886 INFO: window_011.wav: elevator NORMAL dB=38.0
2025-08-05 23:43:22,024 INFO: window_012.wav: elevator NORMAL dB=39.5
2025-08-05 23:43:22,161 INFO: window_013.wav: environment NORMAL dB=38.3
2025-08-05 23:43:22,285 INFO: window_014.wav: elevator NORMAL dB=39.2
2025-08-05 23:43:22,412 INFO: window_015.wav: environment NORMAL dB=41.6
2025-08-05 23:43:22,535 INFO: window_016.wav: environment NORMAL dB=42.8
2025-08-05 23:43:22,663 INFO: window_017.wav: environment NORMAL dB=41.8
2025-08-05 23:43:22,791 INFO: window_018.wav: environment NORMAL dB=38.5
2025-08-05 23:43:22,910 INFO: window_019.wav: environment NORMAL dB=37.4
2025-08-05 23:43:23,033 INFO: window_020.wav: environment NORMAL dB=37.8
2025-08-05 23:43:23,174 INFO: window_021.wav: environment NORMAL dB=37.7
2025-08-05 23:43:23,328 INFO: window_022.wav: environment NORMAL dB=36.7
2025-08-05 23:43:23,472 INFO: window_023.wav: environment NORMAL dB=37.6
2025-08-05 23:43:23,591 INFO: window_024.wav: environment NORMAL dB=38.1
2025-08-05 23:43:23,711 INFO: window_025.wav: environment NORMAL dB=38.8
2025-08-05 23:43:23,841 INFO: window_026.wav: elevator NORMAL dB=37.0
2025-08-05 23:43:23,972 INFO: window_027.wav: environment NORMAL dB=36.8
2025-08-05 23:43:24,111 INFO: window_028.wav: environment NORMAL dB=37.1
2025-08-05 23:43:24,241 INFO: window_029.wav: environment NORMAL dB=37.0
2025-08-05 23:43:55,012 INFO: window_000.wav: environment NORMAL dB=47.6
2025-08-05 23:43:55,128 INFO: window_001.wav: environment NORMAL dB=48.2
2025-08-05 23:43:55,247 INFO: window_002.wav: environment NORMAL dB=38.4
2025-08-05 23:43:55,385 INFO: window_003.wav: environment NORMAL dB=37.6
2025-08-05 23:43:55,507 INFO: window_004.wav: environment NORMAL dB=72.9
2025-08-05 23:43:55,628 INFO: window_005.wav: environment NORMAL dB=73.0
2025-08-05 23:43:55,747 INFO: window_006.wav: elevator NORMAL dB=37.8
2025-08-05 23:43:55,877 INFO: window_007.wav: environment NORMAL dB=39.3
2025-08-05 23:43:55,996 INFO: window_008.wav: environment NORMAL dB=39.2
2025-08-05 23:43:56,127 INFO: window_009.wav: environment NORMAL dB=36.8
2025-08-05 23:43:56,284 INFO: window_010.wav: environment NORMAL dB=37.3
2025-08-05 23:43:56,515 INFO: window_011.wav: environment NORMAL dB=37.8
2025-08-05 23:43:56,674 INFO: window_012.wav: environment NORMAL dB=38.3
2025-08-05 23:43:56,862 INFO: window_013.wav: environment NORMAL dB=39.5
2025-08-05 23:43:57,021 INFO: window_014.wav: elevator NORMAL dB=38.4
2025-08-05 23:43:57,200 INFO: window_015.wav: environment NORMAL dB=39.6
2025-08-05 23:43:57,399 INFO: window_016.wav: elevator ANOMALY dB=49.7
2025-08-05 23:43:57,570 INFO: window_017.wav: environment NORMAL dB=50.0
2025-08-05 23:43:57,726 INFO: window_018.wav: environment NORMAL dB=44.0
2025-08-05 23:43:57,889 INFO: window_019.wav: environment NORMAL dB=45.0
2025-08-05 23:43:58,057 INFO: window_020.wav: environment NORMAL dB=38.6
2025-08-05 23:43:58,238 INFO: window_021.wav: environment NORMAL dB=38.0
2025-08-05 23:43:58,415 INFO: window_022.wav: environment NORMAL dB=38.2
2025-08-05 23:43:58,582 INFO: window_023.wav: environment NORMAL dB=39.8
2025-08-05 23:43:58,734 INFO: window_024.wav: environment NORMAL dB=38.9
2025-08-05 23:43:58,889 INFO: window_025.wav: environment NORMAL dB=37.7
2025-08-05 23:43:59,058 INFO: window_026.wav: elevator NORMAL dB=37.9
2025-08-05 23:43:59,237 INFO: window_027.wav: environment NORMAL dB=37.8
2025-08-05 23:43:59,374 INFO: window_028.wav: environment NORMAL dB=71.0
2025-08-05 23:43:59,520 INFO: window_029.wav: environment NORMAL dB=71.0
2025-08-05 23:44:30,285 INFO: window_000.wav: environment NORMAL dB=55.2
2025-08-05 23:44:30,457 INFO: window_001.wav: environment NORMAL dB=39.3
2025-08-05 23:44:30,622 INFO: window_002.wav: environment NORMAL dB=37.8
2025-08-05 23:44:30,825 INFO: window_003.wav: environment NORMAL dB=36.9
2025-08-05 23:44:31,021 INFO: window_004.wav: environment NORMAL dB=36.2
2025-08-05 23:44:31,179 INFO: window_005.wav: gripper NORMAL dB=41.5
2025-08-05 23:44:31,332 INFO: window_006.wav: environment NORMAL dB=43.4
2025-08-05 23:44:31,507 INFO: window_007.wav: environment NORMAL dB=44.6
2025-08-05 23:44:31,674 INFO: window_008.wav: environment NORMAL dB=37.3
2025-08-05 23:44:31,850 INFO: window_009.wav: environment NORMAL dB=39.4
2025-08-05 23:44:32,031 INFO: window_010.wav: environment NORMAL dB=39.1
2025-08-05 23:44:32,181 INFO: window_011.wav: environment NORMAL dB=42.1
2025-08-05 23:44:32,322 INFO: window_012.wav: environment NORMAL dB=37.3
2025-08-05 23:44:32,469 INFO: window_013.wav: environment NORMAL dB=72.4
2025-08-05 23:44:32,619 INFO: window_014.wav: environment NORMAL dB=72.5
2025-08-05 23:44:32,783 INFO: window_015.wav: environment NORMAL dB=38.9
2025-08-05 23:44:32,946 INFO: window_016.wav: environment NORMAL dB=41.1
2025-08-05 23:44:33,102 INFO: window_017.wav: environment NORMAL dB=37.7
2025-08-05 23:44:33,298 INFO: window_018.wav: environment NORMAL dB=38.0
2025-08-05 23:44:33,437 INFO: window_019.wav: environment NORMAL dB=38.3
2025-08-05 23:44:33,567 INFO: window_020.wav: environment NORMAL dB=36.3
2025-08-05 23:44:33,726 INFO: window_021.wav: environment NORMAL dB=37.3
2025-08-05 23:44:33,865 INFO: window_022.wav: environment NORMAL dB=37.2
2025-08-05 23:44:34,022 INFO: window_023.wav: environment NORMAL dB=37.9
2025-08-05 23:44:34,170 INFO: window_024.wav: environment NORMAL dB=36.5
2025-08-05 23:44:34,295 INFO: window_025.wav: environment NORMAL dB=36.9
2025-08-05 23:44:34,430 INFO: window_026.wav: environment NORMAL dB=38.0
2025-08-05 23:44:34,554 INFO: window_027.wav: environment NORMAL dB=37.3
2025-08-05 23:44:34,677 INFO: window_028.wav: elevator NORMAL dB=38.2
2025-08-05 23:44:34,796 INFO: window_029.wav: environment NORMAL dB=40.2
2025-08-05 23:45:05,589 INFO: window_000.wav: elevator NORMAL dB=70.1
2025-08-05 23:45:05,714 INFO: window_001.wav: environment NORMAL dB=70.4
2025-08-05 23:45:05,828 INFO: window_002.wav: environment NORMAL dB=46.3
2025-08-05 23:45:05,946 INFO: window_003.wav: environment NORMAL dB=47.0
2025-08-05 23:45:06,075 INFO: window_004.wav: environment NORMAL dB=42.0
2025-08-05 23:45:06,193 INFO: window_005.wav: environment NORMAL dB=38.3
2025-08-05 23:45:06,316 INFO: window_006.wav: environment NORMAL dB=37.4
2025-08-05 23:45:06,451 INFO: window_007.wav: environment NORMAL dB=40.3
2025-08-05 23:45:06,596 INFO: window_008.wav: elevator NORMAL dB=37.7
2025-08-05 23:45:06,758 INFO: window_009.wav: environment NORMAL dB=53.8
2025-08-05 23:45:06,891 INFO: window_010.wav: shuttle ANOMALY dB=67.6
2025-08-05 23:45:07,025 INFO: window_011.wav: shuttle NORMAL dB=67.8
2025-08-05 23:45:07,165 INFO: window_012.wav: environment NORMAL dB=48.1
2025-08-05 23:45:07,295 INFO: window_013.wav: elevator NORMAL dB=48.6
2025-08-05 23:45:07,431 INFO: window_014.wav: environment NORMAL dB=37.2
2025-08-05 23:45:07,565 INFO: window_015.wav: environment NORMAL dB=39.7
2025-08-05 23:45:07,691 INFO: window_016.wav: environment NORMAL dB=40.4
2025-08-05 23:45:07,856 INFO: window_017.wav: environment NORMAL dB=40.8
2025-08-05 23:45:07,991 INFO: window_018.wav: environment NORMAL dB=46.5
2025-08-05 23:45:08,114 INFO: window_019.wav: environment NORMAL dB=47.1
2025-08-05 23:45:08,238 INFO: window_020.wav: environment NORMAL dB=37.2
2025-08-05 23:45:08,356 INFO: window_021.wav: environment NORMAL dB=39.0
2025-08-05 23:45:08,480 INFO: window_022.wav: elevator NORMAL dB=43.1
2025-08-05 23:45:08,601 INFO: window_023.wav: gripper NORMAL dB=47.1
2025-08-05 23:45:08,744 INFO: window_024.wav: gripper NORMAL dB=47.0
2025-08-05 23:45:08,905 INFO: window_025.wav: environment NORMAL dB=38.3
2025-08-05 23:45:09,042 INFO: window_026.wav: elevator NORMAL dB=39.0
2025-08-05 23:45:09,182 INFO: window_027.wav: environment NORMAL dB=39.2
2025-08-05 23:45:09,319 INFO: window_028.wav: environment NORMAL dB=37.2
2025-08-05 23:45:09,448 INFO: window_029.wav: elevator NORMAL dB=40.4
2025-08-05 23:45:40,257 INFO: window_000.wav: shuttle ANOMALY dB=47.8
2025-08-05 23:45:40,441 INFO: window_001.wav: environment ANOMALY dB=48.4
2025-08-05 23:45:40,637 INFO: window_002.wav: environment NORMAL dB=38.2
2025-08-05 23:45:40,854 INFO: window_003.wav: environment NORMAL dB=36.5
2025-08-05 23:45:41,021 INFO: window_004.wav: environment NORMAL dB=39.0
2025-08-05 23:45:41,172 INFO: window_005.wav: environment NORMAL dB=38.5
2025-08-05 23:45:41,341 INFO: window_006.wav: environment NORMAL dB=38.6
2025-08-05 23:45:41,584 INFO: window_007.wav: environment NORMAL dB=39.1
2025-08-05 23:45:41,777 INFO: window_008.wav: environment NORMAL dB=39.9
2025-08-05 23:45:42,003 INFO: window_009.wav: shuttle NORMAL dB=38.9
2025-08-05 23:45:42,203 INFO: window_010.wav: environment NORMAL dB=39.8
2025-08-05 23:45:42,395 INFO: window_011.wav: environment NORMAL dB=46.6
2025-08-05 23:45:42,574 INFO: window_012.wav: environment NORMAL dB=46.2
2025-08-05 23:45:42,762 INFO: window_013.wav: elevator NORMAL dB=40.2
2025-08-05 23:45:42,955 INFO: window_014.wav: elevator NORMAL dB=39.5
2025-08-05 23:45:43,128 INFO: window_015.wav: shuttle NORMAL dB=43.0
2025-08-05 23:45:43,296 INFO: window_016.wav: shuttle NORMAL dB=49.9
2025-08-05 23:45:43,493 INFO: window_017.wav: environment NORMAL dB=50.9
2025-08-05 23:45:43,685 INFO: window_018.wav: environment NORMAL dB=42.2
2025-08-05 23:45:43,882 INFO: window_019.wav: environment NORMAL dB=39.9
2025-08-05 23:45:44,065 INFO: window_020.wav: environment NORMAL dB=37.5
2025-08-05 23:45:44,249 INFO: window_021.wav: environment NORMAL dB=41.1
2025-08-05 23:45:44,411 INFO: window_022.wav: environment NORMAL dB=42.1
2025-08-05 23:45:44,646 INFO: window_023.wav: environment NORMAL dB=36.7
2025-08-05 23:45:44,869 INFO: window_024.wav: environment NORMAL dB=43.3
2025-08-05 23:45:45,085 INFO: window_025.wav: gripper ANOMALY dB=53.0
2025-08-05 23:45:45,251 INFO: window_026.wav: gripper ANOMALY dB=54.2
2025-08-05 23:45:45,422 INFO: window_027.wav: environment ANOMALY dB=40.0
2025-08-05 23:45:45,594 INFO: window_028.wav: environment NORMAL dB=40.1
2025-08-05 23:45:45,769 INFO: window_029.wav: environment NORMAL dB=41.5
2025-08-05 23:46:16,539 INFO: window_000.wav: environment NORMAL dB=71.9
2025-08-05 23:46:16,773 INFO: window_001.wav: environment ANOMALY dB=72.0
2025-08-05 23:46:17,036 INFO: window_002.wav: environment ANOMALY dB=38.7
2025-08-05 23:46:17,288 INFO: window_003.wav: environment NORMAL dB=47.3
2025-08-05 23:46:17,491 INFO: window_004.wav: environment NORMAL dB=48.2
2025-08-05 23:46:17,754 INFO: window_005.wav: environment NORMAL dB=40.6
2025-08-05 23:46:17,995 INFO: window_006.wav: environment NORMAL dB=41.9
2025-08-05 23:46:18,191 INFO: window_007.wav: environment NORMAL dB=39.3
2025-08-05 23:46:18,412 INFO: window_008.wav: shuttle NORMAL dB=40.9
2025-08-05 23:46:18,612 INFO: window_009.wav: elevator NORMAL dB=40.0
2025-08-05 23:46:18,803 INFO: window_010.wav: environment NORMAL dB=41.2
2025-08-05 23:46:18,971 INFO: window_011.wav: environment NORMAL dB=37.7
2025-08-05 23:46:19,126 INFO: window_012.wav: elevator NORMAL dB=38.5
2025-08-05 23:46:19,283 INFO: window_013.wav: elevator NORMAL dB=39.6
2025-08-05 23:46:19,453 INFO: window_014.wav: environment NORMAL dB=42.2
2025-08-05 23:46:19,609 INFO: window_015.wav: environment NORMAL dB=42.7
2025-08-05 23:46:19,768 INFO: window_016.wav: elevator NORMAL dB=37.5
2025-08-05 23:46:19,946 INFO: window_017.wav: environment NORMAL dB=47.4
2025-08-05 23:46:20,128 INFO: window_018.wav: elevator NORMAL dB=48.1
2025-08-05 23:46:20,300 INFO: window_019.wav: elevator NORMAL dB=39.2
2025-08-05 23:46:20,458 INFO: window_020.wav: environment NORMAL dB=37.3
2025-08-05 23:46:20,634 INFO: window_021.wav: environment NORMAL dB=39.0
2025-08-05 23:46:20,786 INFO: window_022.wav: environment NORMAL dB=38.2
2025-08-05 23:46:20,957 INFO: window_023.wav: environment NORMAL dB=39.8
2025-08-05 23:46:21,123 INFO: window_024.wav: environment NORMAL dB=39.0
2025-08-05 23:46:21,316 INFO: window_025.wav: environment NORMAL dB=38.7
2025-08-05 23:46:21,514 INFO: window_026.wav: environment NORMAL dB=39.8
2025-08-05 23:46:21,677 INFO: window_027.wav: environment NORMAL dB=39.5
2025-08-05 23:46:21,892 INFO: window_028.wav: environment NORMAL dB=39.0
2025-08-05 23:46:22,069 INFO: window_029.wav: environment NORMAL dB=38.2
2025-08-05 23:46:22,189 INFO: Rotated log: C:\Users\noppa\Downloads\coop_proj\vm2\Logs\IPC1_20250805_234622.csv
2025-08-05 23:46:52,992 INFO: window_000.wav: elevator NORMAL dB=70.8
2025-08-05 23:46:53,177 INFO: window_001.wav: elevator NORMAL dB=70.9
2025-08-05 23:46:53,392 INFO: window_002.wav: environment NORMAL dB=44.2
2025-08-05 23:46:53,633 INFO: window_003.wav: environment NORMAL dB=51.3
2025-08-05 23:46:53,792 INFO: window_004.wav: environment NORMAL dB=51.5
2025-08-05 23:46:53,987 INFO: window_005.wav: environment NORMAL dB=41.2
2025-08-05 23:46:54,190 INFO: window_006.wav: environment NORMAL dB=38.1
2025-08-05 23:46:54,391 INFO: window_007.wav: environment NORMAL dB=37.7
2025-08-05 23:46:54,615 INFO: window_008.wav: environment NORMAL dB=38.9
2025-08-05 23:46:54,872 INFO: window_009.wav: environment NORMAL dB=37.1
2025-08-05 23:46:55,061 INFO: window_010.wav: environment NORMAL dB=38.5
2025-08-05 23:46:55,233 INFO: window_011.wav: environment NORMAL dB=39.8
2025-08-05 23:46:55,400 INFO: window_012.wav: environment NORMAL dB=40.6
2025-08-05 23:46:55,579 INFO: window_013.wav: elevator NORMAL dB=37.8
2025-08-05 23:46:55,744 INFO: window_014.wav: environment NORMAL dB=37.6
2025-08-05 23:46:55,926 INFO: window_015.wav: environment NORMAL dB=36.8
2025-08-05 23:46:56,092 INFO: window_016.wav: environment NORMAL dB=36.4
2025-08-05 23:46:56,271 INFO: window_017.wav: environment NORMAL dB=35.9
2025-08-05 23:46:56,439 INFO: window_018.wav: environment NORMAL dB=36.6
2025-08-05 23:46:56,608 INFO: window_019.wav: environment NORMAL dB=35.9
2025-08-05 23:46:56,793 INFO: window_020.wav: environment NORMAL dB=37.4
2025-08-05 23:46:56,967 INFO: window_021.wav: gripper NORMAL dB=38.8
2025-08-05 23:46:57,143 INFO: window_022.wav: environment NORMAL dB=38.9
2025-08-05 23:46:57,324 INFO: window_023.wav: environment NORMAL dB=41.2
2025-08-05 23:46:57,486 INFO: window_024.wav: environment NORMAL dB=54.4
2025-08-05 23:46:57,674 INFO: window_025.wav: environment NORMAL dB=54.6
2025-08-05 23:46:57,845 INFO: window_026.wav: environment NORMAL dB=36.0
2025-08-05 23:46:58,021 INFO: window_027.wav: environment NORMAL dB=35.7
2025-08-05 23:46:58,194 INFO: window_028.wav: environment NORMAL dB=37.7
2025-08-05 23:46:58,342 INFO: window_029.wav: environment NORMAL dB=48.1
2025-08-05 23:47:29,144 INFO: window_000.wav: gripper NORMAL dB=73.0
2025-08-05 23:47:29,352 INFO: window_001.wav: elevator NORMAL dB=73.1
2025-08-05 23:47:29,539 INFO: window_002.wav: environment NORMAL dB=36.7
2025-08-05 23:47:29,771 INFO: window_003.wav: environment NORMAL dB=39.2
2025-08-05 23:47:29,960 INFO: window_004.wav: environment NORMAL dB=41.0
2025-08-05 23:47:30,140 INFO: window_005.wav: environment NORMAL dB=38.9
2025-08-05 23:47:30,341 INFO: window_006.wav: environment NORMAL dB=36.9
2025-08-05 23:47:30,526 INFO: window_007.wav: environment NORMAL dB=47.3
2025-08-05 23:47:30,709 INFO: window_008.wav: environment NORMAL dB=48.0
2025-08-05 23:47:30,920 INFO: window_009.wav: environment NORMAL dB=40.8
2025-08-05 23:47:31,108 INFO: window_010.wav: environment NORMAL dB=35.7
2025-08-05 23:47:31,278 INFO: window_011.wav: environment NORMAL dB=37.8
2025-08-05 23:47:31,462 INFO: window_012.wav: environment NORMAL dB=36.9
2025-08-05 23:47:31,682 INFO: window_013.wav: environment NORMAL dB=38.6
2025-08-05 23:47:31,868 INFO: window_014.wav: environment NORMAL dB=42.1
2025-08-05 23:47:32,044 INFO: window_015.wav: elevator NORMAL dB=43.9
2025-08-05 23:47:32,214 INFO: window_016.wav: environment NORMAL dB=35.6
2025-08-05 23:47:32,403 INFO: window_017.wav: elevator NORMAL dB=38.0
2025-08-05 23:47:32,620 INFO: window_018.wav: environment NORMAL dB=37.0
2025-08-05 23:47:32,828 INFO: window_019.wav: environment NORMAL dB=37.3
2025-08-05 23:47:33,032 INFO: window_020.wav: environment NORMAL dB=40.3
2025-08-05 23:47:33,219 INFO: window_021.wav: environment NORMAL dB=37.0
2025-08-05 23:47:33,412 INFO: window_022.wav: environment NORMAL dB=46.1
2025-08-05 23:47:33,618 INFO: window_023.wav: environment NORMAL dB=47.3
2025-08-05 23:47:33,815 INFO: window_024.wav: environment NORMAL dB=37.4
2025-08-05 23:47:33,974 INFO: window_025.wav: environment NORMAL dB=35.9
2025-08-05 23:47:34,141 INFO: window_026.wav: environment NORMAL dB=37.2
2025-08-05 23:47:34,316 INFO: window_027.wav: environment NORMAL dB=39.2
2025-08-05 23:47:34,467 INFO: window_028.wav: environment NORMAL dB=36.7
2025-08-05 23:47:34,616 INFO: window_029.wav: environment NORMAL dB=38.9
2025-08-05 23:48:05,559 INFO: window_000.wav: elevator NORMAL dB=66.2
2025-08-05 23:48:05,721 INFO: window_001.wav: elevator NORMAL dB=66.3
2025-08-05 23:48:05,891 INFO: window_002.wav: elevator NORMAL dB=43.7
2025-08-05 23:48:06,073 INFO: window_003.wav: environment NORMAL dB=36.4
2025-08-05 23:48:06,273 INFO: window_004.wav: environment NORMAL dB=38.1
2025-08-05 23:48:06,468 INFO: window_005.wav: environment NORMAL dB=37.9
2025-08-05 23:48:06,697 INFO: window_006.wav: environment NORMAL dB=34.9
2025-08-05 23:48:06,911 INFO: window_007.wav: environment NORMAL dB=38.4
2025-08-05 23:48:07,116 INFO: window_008.wav: environment NORMAL dB=40.1
2025-08-05 23:48:07,314 INFO: window_009.wav: environment NORMAL dB=41.5
2025-08-05 23:48:07,488 INFO: window_010.wav: environment NORMAL dB=40.0
2025-08-05 23:48:07,643 INFO: window_011.wav: environment NORMAL dB=38.2
2025-08-05 23:48:07,825 INFO: window_012.wav: environment NORMAL dB=38.9
2025-08-05 23:48:08,009 INFO: window_013.wav: gripper NORMAL dB=70.2
2025-08-05 23:48:08,230 INFO: window_014.wav: shuttle NORMAL dB=70.2
2025-08-05 23:48:08,396 INFO: window_015.wav: environment ANOMALY dB=52.3
2025-08-05 23:48:08,586 INFO: window_016.wav: environment NORMAL dB=35.3
2025-08-05 23:48:08,802 INFO: window_017.wav: gripper NORMAL dB=38.7
2025-08-05 23:48:08,985 INFO: window_018.wav: environment NORMAL dB=38.9
2025-08-05 23:48:09,173 INFO: window_019.wav: elevator NORMAL dB=38.1
2025-08-05 23:48:09,356 INFO: window_020.wav: elevator NORMAL dB=40.0
2025-08-05 23:48:09,577 INFO: window_021.wav: elevator NORMAL dB=39.8
2025-08-05 23:48:09,746 INFO: window_022.wav: environment NORMAL dB=37.9
2025-08-05 23:48:09,935 INFO: window_023.wav: environment NORMAL dB=37.8
2025-08-05 23:48:10,098 INFO: window_024.wav: environment NORMAL dB=37.5
2025-08-05 23:48:10,277 INFO: window_025.wav: environment NORMAL dB=39.2
2025-08-05 23:48:10,447 INFO: window_026.wav: environment NORMAL dB=39.3
2025-08-05 23:48:10,604 INFO: window_027.wav: elevator NORMAL dB=40.8
2025-08-05 23:48:10,765 INFO: window_028.wav: environment NORMAL dB=38.4
2025-08-05 23:48:10,952 INFO: window_029.wav: environment NORMAL dB=39.2
