2025-08-11 08:46:49,564 - __main__ - ERROR - Failed to initialize connection pool: ThreadedConnectionPool.__init__() missing 2 required positional arguments: 'minconn' and 'maxconn'
2025-08-11 08:46:49,565 - __main__ - ERROR - Failed to start service: ThreadedConnectionPool.__init__() missing 2 required positional arguments: 'minconn' and 'maxconn'
2025-08-11 08:48:12,167 - __main__ - ERROR - Failed to initialize connection pool: ThreadedConnectionPool.__init__() missing 2 required positional arguments: 'minconn' and 'maxconn'
2025-08-11 08:48:12,168 - __main__ - ERROR - Failed to start service: ThreadedConnectionPool.__init__() missing 2 required positional arguments: 'minconn' and 'maxconn'
2025-08-11 08:49:45,395 - __main__ - INFO - Connection pool initialized successfully
2025-08-11 08:49:46,374 - __main__ - INFO - Database initialized successfully
2025-08-11 08:49:46,376 - __main__ - INFO - Starting data rotation service every 5 minutes...
2025-08-11 08:49:46,376 - __main__ - INFO - Export directory: D:\NOPPALIT\History\Saturn_Acc_Logs
2025-08-11 08:49:48,782 - __main__ - INFO - Exported 224542 rows to D:\NOPPALIT\History\Saturn_Acc_Logs\export_20250811_014947.csv
2025-08-11 08:49:48,783 - __main__ - INFO - Deleted 224542 rows older than 5 minutes
2025-08-11 08:54:48,837 - __main__ - INFO - Exported 214 rows to D:\NOPPALIT\History\Saturn_Acc_Logs\export_20250811_015448.csv
2025-08-11 08:54:48,838 - __main__ - INFO - Deleted 214 rows older than 5 minutes
2025-08-11 08:59:48,848 - __main__ - INFO - Exported 163 rows to D:\NOPPALIT\History\Saturn_Acc_Logs\export_20250811_015948.csv
2025-08-11 08:59:48,849 - __main__ - INFO - Deleted 163 rows older than 5 minutes
2025-08-11 09:04:48,859 - __main__ - INFO - Exported 162 rows to D:\NOPPALIT\History\Saturn_Acc_Logs\export_20250811_020448.csv
2025-08-11 09:04:48,860 - __main__ - INFO - Deleted 162 rows older than 5 minutes
2025-08-11 10:18:22,377 - __main__ - INFO - Connection pool initialized successfully
2025-08-11 10:18:22,411 - __main__ - INFO - Database initialized successfully
2025-08-11 10:18:22,411 - __main__ - INFO - Starting data rotation service every 5 minutes...
2025-08-11 10:18:22,412 - __main__ - INFO - Export directory: D:\NOPPALIT\History\Saturn_Acc_Logs
2025-08-11 10:18:22,466 - __main__ - INFO - Exported 2522 rows to D:\NOPPALIT\History\Saturn_Acc_Logs\export_20250811_031822.csv
2025-08-11 10:18:22,467 - __main__ - INFO - Deleted 2522 rows older than 5 minutes
2025-08-11 10:23:22,478 - __main__ - INFO - Exported 161 rows to D:\NOPPALIT\History\Saturn_Acc_Logs\export_20250811_032322.csv
2025-08-11 10:28:15,770 - __main__ - INFO - Deleted 161 rows older than 5 minutes
2025-08-11 10:28:20,249 - __main__ - INFO - Service interrupted by user
2025-08-11 10:28:20,250 - __main__ - INFO - Connection pool closed
2025-08-11 10:28:20,251 - __main__ - INFO - Service cleanup completed
2025-08-11 10:28:39,203 - export_sql - INFO - Connection pool initialized successfully
2025-08-11 10:28:39,216 - export_sql - INFO - Database initialized successfully
2025-08-11 10:28:39,227 - export_sql - INFO - Exported 180 rows to D:\NOPPALIT\History\Saturn_Acc_Logs\export_20250811_032839.sql
2025-08-11 10:28:39,228 - export_sql - INFO - Deleted 180 rows older than 5 minutes from database
2025-08-11 10:28:39,229 - export_sql - INFO - Successfully deleted file: D:\NOPPALIT\History\Saturn_Acc_Logs\export_20250811_032839.sql
2025-08-11 10:28:39,229 - export_sql - INFO - Deleted exported file: D:\NOPPALIT\History\Saturn_Acc_Logs\export_20250811_032839.sql
2025-08-11 10:28:53,770 - __main__ - INFO - Connection pool initialized successfully
2025-08-11 10:28:53,778 - __main__ - INFO - Database initialized successfully
2025-08-11 10:28:53,779 - __main__ - INFO - Starting data rotation service every 5 minutes...
2025-08-11 10:28:53,779 - __main__ - INFO - Export directory: D:\NOPPALIT\History\Saturn_Acc_Logs
2025-08-11 10:28:53,780 - __main__ - INFO - Delete after export: True
2025-08-11 10:28:53,787 - __main__ - INFO - No rows to export
2025-08-11 10:33:53,802 - __main__ - INFO - Exported 166 rows to D:\NOPPALIT\History\Saturn_Acc_Logs\export_20250811_033353.sql
2025-08-11 10:33:53,803 - __main__ - INFO - Deleted 166 rows older than 5 minutes from database
2025-08-11 10:33:53,803 - __main__ - INFO - Successfully deleted file: D:\NOPPALIT\History\Saturn_Acc_Logs\export_20250811_033353.sql
2025-08-11 10:33:53,804 - __main__ - INFO - Deleted exported file: D:\NOPPALIT\History\Saturn_Acc_Logs\export_20250811_033353.sql
2025-08-11 10:38:53,814 - __main__ - INFO - Exported 160 rows to D:\NOPPALIT\History\Saturn_Acc_Logs\export_20250811_033853.sql
2025-08-11 11:07:19,755 - __main__ - INFO - Deleted 160 rows older than 5 minutes from database
2025-08-11 11:07:19,837 - __main__ - INFO - Successfully deleted file: D:\NOPPALIT\History\Saturn_Acc_Logs\export_20250811_033853.sql
2025-08-11 11:07:19,837 - __main__ - INFO - Deleted exported file: D:\NOPPALIT\History\Saturn_Acc_Logs\export_20250811_033853.sql
2025-08-11 11:12:20,185 - __main__ - INFO - Exported 1072 rows to D:\NOPPALIT\History\Saturn_Acc_Logs\export_20250811_041220.sql
2025-08-11 11:18:13,135 - __main__ - INFO - Deleted 1072 rows older than 5 minutes from database
2025-08-11 11:18:13,138 - __main__ - INFO - Successfully deleted file: D:\NOPPALIT\History\Saturn_Acc_Logs\export_20250811_041220.sql
2025-08-11 11:18:13,138 - __main__ - INFO - Deleted exported file: D:\NOPPALIT\History\Saturn_Acc_Logs\export_20250811_041220.sql
2025-08-11 11:18:14,992 - __main__ - INFO - Service interrupted by user
2025-08-11 11:18:14,998 - __main__ - INFO - Connection pool closed
2025-08-11 11:18:15,011 - __main__ - INFO - Service cleanup completed
